#
# There is insufficient memory for the Java Runtime Environment to continue.
# Native memory allocation (malloc) failed to allocate 1521536 bytes for Chunk::new
# Possible reasons:
#   The system is out of physical RAM or swap space
#   The process is running with CompressedOops enabled, and the Java Heap may be blocking the growth of the native heap
# Possible solutions:
#   Reduce memory load on the system
#   Increase physical memory or swap space
#   Check if swap backing store is full
#   Decrease Java heap size (-Xmx/-Xms)
#   Decrease number of Java threads
#   Decrease Java thread stack sizes (-Xss)
#   Set larger code cache with -XX:ReservedCodeCacheSize=
#   JVM is running with Unscaled Compressed Oops mode in which the Java heap is
#     placed in the first 4GB address space. The Java Heap base address is the
#     maximum limit for the native heap growth. Please use -XX:HeapBaseMinAddress
#     to set the Java Heap base and to place the Java Heap above 4GB virtual address.
# This output file may be truncated or incomplete.
#
#  Out of Memory Error (src/hotspot/share/memory/arena.cpp:197), pid=43724, tid=27824
#
# JRE version: OpenJDK Runtime Environment (11.0.15) (build 11.0.15+0-b2043.56-9505619)
# Java VM: OpenJDK 64-Bit Server VM (11.0.15+0-b2043.56-9505619, mixed mode, tiered, compressed oops, g1 gc, windows-amd64)
# No core dump will be written. Minidumps are not enabled by default on client versions of Windows
#

---------------  S U M M A R Y ------------

Command Line: --add-opens=java.base/java.util=ALL-UNNAMED --add-opens=java.base/java.lang=ALL-UNNAMED --add-opens=java.base/java.lang.invoke=ALL-UNNAMED --add-opens=java.base/java.util=ALL-UNNAMED --add-opens=java.prefs/java.util.prefs=ALL-UNNAMED --add-opens=java.prefs/java.util.prefs=ALL-UNNAMED --add-opens=java.base/java.nio.charset=ALL-UNNAMED --add-opens=java.base/java.net=ALL-UNNAMED --add-opens=java.base/java.util.concurrent.atomic=ALL-UNNAMED -Xmx2048m -Dfile.encoding=UTF-8 -Duser.country=US -Duser.language=en -Duser.variant org.gradle.launcher.daemon.bootstrap.GradleDaemon 7.2

Host: AMD Ryzen 7 3750H with Radeon Vega Mobile Gfx  , 8 cores, 13G,  Windows 11 , 64 bit Build 22621 (10.0.22621.1344)
Time: Fri Apr 14 19:30:39 2023 India Standard Time elapsed time: 24.788392 seconds (0d 0h 0m 24s)

---------------  T H R E A D  ---------------

Current thread (0x000001e6fa576000):  JavaThread "C2 CompilerThread0" daemon [_thread_in_native, id=27824, stack(0x000000a3cb300000,0x000000a3cb400000)]


Current CompileTask:
C2:  24788 5459       4       groovyjarjarantlr4.v4.runtime.atn.PredictionContext::getCachedContext (297 bytes)

Stack: [0x000000a3cb300000,0x000000a3cb400000]
Native frames: (J=compiled Java code, j=interpreted, Vv=VM code, C=native code)
V  [jvm.dll+0x64135a]
V  [jvm.dll+0x7d39f9]
V  [jvm.dll+0x7d51b9]
V  [jvm.dll+0x7d58a3]
V  [jvm.dll+0x2691c5]
V  [jvm.dll+0xc1a5c]
V  [jvm.dll+0xc200c]
V  [jvm.dll+0x2da2c2]
V  [jvm.dll+0x54cad9]
V  [jvm.dll+0x220c9d]
V  [jvm.dll+0x223024]
V  [jvm.dll+0x220384]
V  [jvm.dll+0x19e851]
V  [jvm.dll+0x230479]
V  [jvm.dll+0x22e5ef]
V  [jvm.dll+0x794de1]
V  [jvm.dll+0x78dc24]
V  [jvm.dll+0x6400f6]
C  [ucrtbase.dll+0x29363]
C  [KERNEL32.DLL+0x126bd]
C  [ntdll.dll+0x5a9f8]


---------------  P R O C E S S  ---------------

Threads class SMR info:
_java_thread_list=0x000001e690febc40, length=41, elements={
0x000001e6ee811000, 0x000001e6fa512000, 0x000001e6fa513000, 0x000001e6fa56f800,
0x000001e6fa570000, 0x000001e6fa573800, 0x000001e6fa576000, 0x000001e6fa57f000,
0x000001e6fa589000, 0x000001e6fa6e7800, 0x000001e6fc0fe000, 0x000001e6fc712000,
0x000001e6fa7b8000, 0x000001e6fda0b800, 0x000001e6fd9eb800, 0x000001e6fc0be800,
0x000001e6fc4cd800, 0x000001e6fb447800, 0x000001e6fd37e800, 0x000001e6fc70e000,
0x000001e6fc710800, 0x000001e6fc70f000, 0x000001e6fc70f800, 0x000001e6fd858000,
0x000001e6fd85a800, 0x000001e6fd854800, 0x000001e6fd85b000, 0x000001e6fd855800,
0x000001e6fd858800, 0x000001e6fd856800, 0x000001e6fd857000, 0x000001e6fd859800,
0x000001e6fe2b4000, 0x000001e6fe2ae800, 0x000001e6fe2af000, 0x000001e6fe2b3800,
0x000001e6fe2b5000, 0x000001e6fe2b1000, 0x000001e6fe2b8000, 0x000001e6fdb7d000,
0x000001e6fdb7c000
}

Java Threads: ( => current thread )
  0x000001e6ee811000 JavaThread "main" [_thread_blocked, id=45408, stack(0x000000a3ca700000,0x000000a3ca800000)]
  0x000001e6fa512000 JavaThread "Reference Handler" daemon [_thread_blocked, id=15012, stack(0x000000a3cae00000,0x000000a3caf00000)]
  0x000001e6fa513000 JavaThread "Finalizer" daemon [_thread_blocked, id=46356, stack(0x000000a3caf00000,0x000000a3cb000000)]
  0x000001e6fa56f800 JavaThread "Signal Dispatcher" daemon [_thread_blocked, id=39512, stack(0x000000a3cb000000,0x000000a3cb100000)]
  0x000001e6fa570000 JavaThread "Attach Listener" daemon [_thread_blocked, id=45468, stack(0x000000a3cb100000,0x000000a3cb200000)]
  0x000001e6fa573800 JavaThread "Service Thread" daemon [_thread_blocked, id=42036, stack(0x000000a3cb200000,0x000000a3cb300000)]
=>0x000001e6fa576000 JavaThread "C2 CompilerThread0" daemon [_thread_in_native, id=27824, stack(0x000000a3cb300000,0x000000a3cb400000)]
  0x000001e6fa57f000 JavaThread "C1 CompilerThread0" daemon [_thread_blocked, id=35420, stack(0x000000a3cb400000,0x000000a3cb500000)]
  0x000001e6fa589000 JavaThread "Sweeper thread" daemon [_thread_blocked, id=44928, stack(0x000000a3cb500000,0x000000a3cb600000)]
  0x000001e6fa6e7800 JavaThread "Common-Cleaner" daemon [_thread_blocked, id=31800, stack(0x000000a3cb600000,0x000000a3cb700000)]
  0x000001e6fc0fe000 JavaThread "Daemon health stats" [_thread_blocked, id=41564, stack(0x000000a3cbe00000,0x000000a3cbf00000)]
  0x000001e6fc712000 JavaThread "Incoming local TCP Connector on port 50861" [_thread_in_native, id=36900, stack(0x000000a3cb800000,0x000000a3cb900000)]
  0x000001e6fa7b8000 JavaThread "Daemon periodic checks" [_thread_blocked, id=46288, stack(0x000000a3cbd00000,0x000000a3cbe00000)]
  0x000001e6fda0b800 JavaThread "Daemon" [_thread_blocked, id=21592, stack(0x000000a3cbf00000,0x000000a3cc000000)]
  0x000001e6fd9eb800 JavaThread "Handler for socket connection from /127.0.0.1:50861 to /127.0.0.1:50862" [_thread_in_native, id=26696, stack(0x000000a3cc000000,0x000000a3cc100000)]
  0x000001e6fc0be800 JavaThread "Cancel handler" [_thread_blocked, id=44880, stack(0x000000a3cc100000,0x000000a3cc200000)]
  0x000001e6fc4cd800 JavaThread "Daemon worker" [_thread_in_Java, id=36252, stack(0x000000a3cc200000,0x000000a3cc300000)]
  0x000001e6fb447800 JavaThread "Asynchronous log dispatcher for DefaultDaemonConnection: socket connection from /127.0.0.1:50861 to /127.0.0.1:50862" [_thread_blocked, id=29280, stack(0x000000a3cc300000,0x000000a3cc400000)]
  0x000001e6fd37e800 JavaThread "Stdin handler" [_thread_blocked, id=41120, stack(0x000000a3cc400000,0x000000a3cc500000)]
  0x000001e6fc70e000 JavaThread "Daemon client event forwarder" [_thread_blocked, id=5528, stack(0x000000a3cc500000,0x000000a3cc600000)]
  0x000001e6fc710800 JavaThread "Cache worker for journal cache (E:\caches\journal-1)" [_thread_blocked, id=1108, stack(0x000000a3cc600000,0x000000a3cc700000)]
  0x000001e6fc70f000 JavaThread "File lock request listener" [_thread_in_native, id=40876, stack(0x000000a3cc700000,0x000000a3cc800000)]
  0x000001e6fc70f800 JavaThread "Cache worker for file hash cache (E:\caches\7.2\fileHashes)" [_thread_blocked, id=26072, stack(0x000000a3cc800000,0x000000a3cc900000)]
  0x000001e6fd858000 JavaThread "Cache worker for file hash cache (E:\RoyalEnfield3\.gradle\7.2\fileHashes)" [_thread_blocked, id=29316, stack(0x000000a3cce00000,0x000000a3ccf00000)]
  0x000001e6fd85a800 JavaThread "File watcher server" daemon [_thread_in_native, id=46212, stack(0x000000a3ccf00000,0x000000a3cd000000)]
  0x000001e6fd854800 JavaThread "File watcher consumer" daemon [_thread_blocked, id=38256, stack(0x000000a3cd000000,0x000000a3cd100000)]
  0x000001e6fd85b000 JavaThread "jar transforms" [_thread_blocked, id=33488, stack(0x000000a3cd100000,0x000000a3cd200000)]
  0x000001e6fd855800 JavaThread "jar transforms Thread 2" [_thread_blocked, id=39228, stack(0x000000a3cd200000,0x000000a3cd300000)]
  0x000001e6fd858800 JavaThread "jar transforms Thread 3" [_thread_blocked, id=38196, stack(0x000000a3cd300000,0x000000a3cd400000)]
  0x000001e6fd856800 JavaThread "jar transforms Thread 4" [_thread_blocked, id=42376, stack(0x000000a3cd400000,0x000000a3cd500000)]
  0x000001e6fd857000 JavaThread "jar transforms Thread 5" [_thread_blocked, id=45164, stack(0x000000a3cd500000,0x000000a3cd600000)]
  0x000001e6fd859800 JavaThread "jar transforms Thread 6" [_thread_blocked, id=5544, stack(0x000000a3cd600000,0x000000a3cd700000)]
  0x000001e6fe2b4000 JavaThread "jar transforms Thread 7" [_thread_blocked, id=36364, stack(0x000000a3cd700000,0x000000a3cd800000)]
  0x000001e6fe2ae800 JavaThread "jar transforms Thread 8" [_thread_blocked, id=44924, stack(0x000000a3cd800000,0x000000a3cd900000)]
  0x000001e6fe2af000 JavaThread "Cache worker for checksums cache (E:\RoyalEnfield3\.gradle\checksums)" [_thread_blocked, id=28800, stack(0x000000a3cda00000,0x000000a3cdb00000)]
  0x000001e6fe2b3800 JavaThread "Cache worker for cache directory md-supplier (E:\caches\7.2\md-supplier)" [_thread_blocked, id=35424, stack(0x000000a3cdb00000,0x000000a3cdc00000)]
  0x000001e6fe2b5000 JavaThread "Cache worker for cache directory md-rule (E:\caches\7.2\md-rule)" [_thread_blocked, id=43172, stack(0x000000a3cdc00000,0x000000a3cdd00000)]
  0x000001e6fe2b1000 JavaThread "Cache worker for execution history cache (E:\caches\7.2\executionHistory)" [_thread_blocked, id=18680, stack(0x000000a3cdd00000,0x000000a3cde00000)]
  0x000001e6fe2b8000 JavaThread "Cache worker for file content cache (E:\caches\7.2\fileContent)" [_thread_blocked, id=42740, stack(0x000000a3cde00000,0x000000a3cdf00000)]
  0x000001e6fdb7d000 JavaThread "C2 CompilerThread1" daemon [_thread_in_native, id=25736, stack(0x000000a3ccd00000,0x000000a3cce00000)]
  0x000001e6fdb7c000 JavaThread "C2 CompilerThread2" daemon [_thread_in_native, id=36876, stack(0x000000a3cd900000,0x000000a3cda00000)]

Other Threads:
  0x000001e6fa50d800 VMThread "VM Thread" [stack: 0x000000a3cad00000,0x000000a3cae00000] [id=40932]
  0x000001e6fa71d000 WatcherThread [stack: 0x000000a3cb700000,0x000000a3cb800000] [id=41912]
  0x000001e6ee82b800 GCTaskThread "GC Thread#0" [stack: 0x000000a3ca800000,0x000000a3ca900000] [id=33068]
  0x000001e6fb3b1800 GCTaskThread "GC Thread#1" [stack: 0x000000a3cb900000,0x000000a3cba00000] [id=36664]
  0x000001e6faf09000 GCTaskThread "GC Thread#2" [stack: 0x000000a3cba00000,0x000000a3cbb00000] [id=11536]
  0x000001e6fb6d7000 GCTaskThread "GC Thread#3" [stack: 0x000000a3cbb00000,0x000000a3cbc00000] [id=33976]
  0x000001e6fb52d000 GCTaskThread "GC Thread#4" [stack: 0x000000a3cbc00000,0x000000a3cbd00000] [id=30296]
  0x000001e6fd2e2000 GCTaskThread "GC Thread#5" [stack: 0x000000a3cc900000,0x000000a3cca00000] [id=34036]
  0x000001e6fc8f0000 GCTaskThread "GC Thread#6" [stack: 0x000000a3cca00000,0x000000a3ccb00000] [id=46440]
  0x000001e6fb66d800 GCTaskThread "GC Thread#7" [stack: 0x000000a3ccb00000,0x000000a3ccc00000] [id=41464]
  0x000001e6ee85c800 ConcurrentGCThread "G1 Main Marker" [stack: 0x000000a3ca900000,0x000000a3caa00000] [id=20016]
  0x000001e6ee85f000 ConcurrentGCThread "G1 Conc#0" [stack: 0x000000a3caa00000,0x000000a3cab00000] [id=46172]
  0x000001e6fb904000 ConcurrentGCThread "G1 Conc#1" [stack: 0x000000a3ccc00000,0x000000a3ccd00000] [id=37800]
  0x000001e6f9b54800 ConcurrentGCThread "G1 Refine#0" [stack: 0x000000a3cab00000,0x000000a3cac00000] [id=28112]
  0x000001e6f9b55800 ConcurrentGCThread "G1 Young RemSet Sampling" [stack: 0x000000a3cac00000,0x000000a3cad00000] [id=13832]

Threads with active compile tasks:
C2 CompilerThread0    24804 5459       4       groovyjarjarantlr4.v4.runtime.atn.PredictionContext::getCachedContext (297 bytes)
C2 CompilerThread1    24804 5521       4       groovyjarjarantlr4.v4.runtime.atn.ParserATNSimulator::closure (784 bytes)
C2 CompilerThread2    24804 5327       4       groovyjarjarantlr4.v4.runtime.atn.PredictionContext::join (569 bytes)

VM state:not at safepoint (normal execution)

VM Mutex/Monitor currently owned by a thread: None

Heap address: 0x0000000080000000, size: 2048 MB, Compressed Oops mode: 32-bit
Narrow klass base: 0x0000000000000000, Narrow klass shift: 3
Compressed class space size: 1073741824 Address: 0x0000000100000000

Heap:
 garbage-first heap   total 408576K, used 264686K [0x0000000080000000, 0x0000000100000000)
  region size 1024K, 158 young (161792K), 5 survivors (5120K)
 Metaspace       used 46399K, capacity 47573K, committed 47720K, reserved 1091584K
  class space    used 5922K, capacity 6377K, committed 6400K, reserved 1048576K
Heap Regions: E=young(eden), S=young(survivor), O=old, HS=humongous(starts), HC=humongous(continues), CS=collection set, F=free, A=archive, TAMS=top-at-mark-start (previous, next)
|   0|0x0000000080000000, 0x0000000080100000, 0x0000000080100000|100%| O|  |TAMS 0x0000000080100000, 0x0000000080000000| Untracked 
|   1|0x0000000080100000, 0x0000000080200000, 0x0000000080200000|100%| O|  |TAMS 0x0000000080200000, 0x0000000080100000| Untracked 
|   2|0x0000000080200000, 0x0000000080300000, 0x0000000080300000|100%| O|  |TAMS 0x0000000080300000, 0x0000000080200000| Untracked 
|   3|0x0000000080300000, 0x0000000080400000, 0x0000000080400000|100%|HS|  |TAMS 0x0000000080400000, 0x0000000080300000| Complete 
|   4|0x0000000080400000, 0x0000000080500000, 0x0000000080500000|100%|HC|  |TAMS 0x0000000080500000, 0x0000000080400000| Complete 
|   5|0x0000000080500000, 0x0000000080600000, 0x0000000080600000|100%|HC|  |TAMS 0x0000000080600000, 0x0000000080500000| Complete 
|   6|0x0000000080600000, 0x0000000080700000, 0x0000000080700000|100%| O|  |TAMS 0x0000000080700000, 0x0000000080600000| Untracked 
|   7|0x0000000080700000, 0x0000000080800000, 0x0000000080800000|100%| O|  |TAMS 0x0000000080800000, 0x0000000080700000| Untracked 
|   8|0x0000000080800000, 0x0000000080900000, 0x0000000080900000|100%| O|  |TAMS 0x0000000080900000, 0x0000000080800000| Untracked 
|   9|0x0000000080900000, 0x0000000080a00000, 0x0000000080a00000|100%| O|  |TAMS 0x0000000080a00000, 0x0000000080900000| Untracked 
|  10|0x0000000080a00000, 0x0000000080b00000, 0x0000000080b00000|100%| O|  |TAMS 0x0000000080b00000, 0x0000000080a00000| Untracked 
|  11|0x0000000080b00000, 0x0000000080c00000, 0x0000000080c00000|100%| O|  |TAMS 0x0000000080c00000, 0x0000000080b00000| Untracked 
|  12|0x0000000080c00000, 0x0000000080d00000, 0x0000000080d00000|100%| O|  |TAMS 0x0000000080d00000, 0x0000000080c00000| Untracked 
|  13|0x0000000080d00000, 0x0000000080e00000, 0x0000000080e00000|100%| O|  |TAMS 0x0000000080e00000, 0x0000000080d00000| Untracked 
|  14|0x0000000080e00000, 0x0000000080f00000, 0x0000000080f00000|100%| O|  |TAMS 0x0000000080f00000, 0x0000000080e00000| Untracked 
|  15|0x0000000080f00000, 0x0000000081000000, 0x0000000081000000|100%| O|  |TAMS 0x0000000081000000, 0x0000000080f00000| Untracked 
|  16|0x0000000081000000, 0x0000000081100000, 0x0000000081100000|100%| O|  |TAMS 0x0000000081100000, 0x0000000081000000| Untracked 
|  17|0x0000000081100000, 0x0000000081200000, 0x0000000081200000|100%|HS|  |TAMS 0x0000000081200000, 0x0000000081100000| Complete 
|  18|0x0000000081200000, 0x0000000081300000, 0x0000000081300000|100%|HC|  |TAMS 0x0000000081300000, 0x0000000081200000| Complete 
|  19|0x0000000081300000, 0x0000000081400000, 0x0000000081400000|100%|HS|  |TAMS 0x0000000081400000, 0x0000000081300000| Complete 
|  20|0x0000000081400000, 0x0000000081500000, 0x0000000081500000|100%|HC|  |TAMS 0x0000000081500000, 0x0000000081400000| Complete 
|  21|0x0000000081500000, 0x0000000081600000, 0x0000000081600000|100%|HC|  |TAMS 0x0000000081600000, 0x0000000081500000| Complete 
|  22|0x0000000081600000, 0x0000000081700000, 0x0000000081700000|100%|HS|  |TAMS 0x0000000081700000, 0x0000000081600000| Complete 
|  23|0x0000000081700000, 0x0000000081800000, 0x0000000081800000|100%|HC|  |TAMS 0x0000000081800000, 0x0000000081700000| Complete 
|  24|0x0000000081800000, 0x0000000081900000, 0x0000000081900000|100%|HC|  |TAMS 0x0000000081900000, 0x0000000081800000| Complete 
|  25|0x0000000081900000, 0x0000000081a00000, 0x0000000081a00000|100%|HS|  |TAMS 0x0000000081a00000, 0x0000000081900000| Complete 
|  26|0x0000000081a00000, 0x0000000081b00000, 0x0000000081b00000|100%|HC|  |TAMS 0x0000000081b00000, 0x0000000081a00000| Complete 
|  27|0x0000000081b00000, 0x0000000081c00000, 0x0000000081c00000|100%|HS|  |TAMS 0x0000000081c00000, 0x0000000081b00000| Complete 
|  28|0x0000000081c00000, 0x0000000081d00000, 0x0000000081d00000|100%|HC|  |TAMS 0x0000000081d00000, 0x0000000081c00000| Complete 
|  29|0x0000000081d00000, 0x0000000081e00000, 0x0000000081e00000|100%|HC|  |TAMS 0x0000000081e00000, 0x0000000081d00000| Complete 
|  30|0x0000000081e00000, 0x0000000081f00000, 0x0000000081f00000|100%|HC|  |TAMS 0x0000000081f00000, 0x0000000081e00000| Complete 
|  31|0x0000000081f00000, 0x0000000082000000, 0x0000000082000000|100%|HC|  |TAMS 0x0000000082000000, 0x0000000081f00000| Complete 
|  32|0x0000000082000000, 0x0000000082100000, 0x0000000082100000|100%|HS|  |TAMS 0x0000000082100000, 0x0000000082000000| Complete 
|  33|0x0000000082100000, 0x0000000082200000, 0x0000000082200000|100%|HC|  |TAMS 0x0000000082200000, 0x0000000082100000| Complete 
|  34|0x0000000082200000, 0x0000000082300000, 0x0000000082300000|100%|HC|  |TAMS 0x0000000082300000, 0x0000000082200000| Complete 
|  35|0x0000000082300000, 0x0000000082400000, 0x0000000082400000|100%|HC|  |TAMS 0x0000000082400000, 0x0000000082300000| Complete 
|  36|0x0000000082400000, 0x0000000082500000, 0x0000000082500000|100%|HC|  |TAMS 0x0000000082500000, 0x0000000082400000| Complete 
|  37|0x0000000082500000, 0x0000000082600000, 0x0000000082600000|100%|HC|  |TAMS 0x0000000082600000, 0x0000000082500000| Complete 
|  38|0x0000000082600000, 0x0000000082700000, 0x0000000082700000|100%|HC|  |TAMS 0x0000000082700000, 0x0000000082600000| Complete 
|  39|0x0000000082700000, 0x0000000082800000, 0x0000000082800000|100%|HC|  |TAMS 0x0000000082800000, 0x0000000082700000| Complete 
|  40|0x0000000082800000, 0x0000000082900000, 0x0000000082900000|100%|HC|  |TAMS 0x0000000082900000, 0x0000000082800000| Complete 
|  41|0x0000000082900000, 0x0000000082a00000, 0x0000000082a00000|100%|HC|  |TAMS 0x0000000082a00000, 0x0000000082900000| Complete 
|  42|0x0000000082a00000, 0x0000000082b00000, 0x0000000082b00000|100%|HS|  |TAMS 0x0000000082b00000, 0x0000000082a00000| Complete 
|  43|0x0000000082b00000, 0x0000000082c00000, 0x0000000082c00000|100%|HC|  |TAMS 0x0000000082c00000, 0x0000000082b00000| Complete 
|  44|0x0000000082c00000, 0x0000000082d00000, 0x0000000082d00000|100%| O|  |TAMS 0x0000000082c00000, 0x0000000082c00000| Untracked 
|  45|0x0000000082d00000, 0x0000000082e00000, 0x0000000082e00000|100%| O|  |TAMS 0x0000000082d00000, 0x0000000082d00000| Untracked 
|  46|0x0000000082e00000, 0x0000000082f00000, 0x0000000082f00000|100%| O|  |TAMS 0x0000000082e00000, 0x0000000082e00000| Untracked 
|  47|0x0000000082f00000, 0x0000000083000000, 0x0000000083000000|100%| O|  |TAMS 0x0000000082f00000, 0x0000000082f00000| Untracked 
|  48|0x0000000083000000, 0x0000000083100000, 0x0000000083100000|100%| O|  |TAMS 0x0000000083000000, 0x0000000083000000| Untracked 
|  49|0x0000000083100000, 0x0000000083200000, 0x0000000083200000|100%| O|  |TAMS 0x0000000083100000, 0x0000000083100000| Untracked 
|  50|0x0000000083200000, 0x0000000083300000, 0x0000000083300000|100%| O|  |TAMS 0x0000000083200000, 0x0000000083200000| Untracked 
|  51|0x0000000083300000, 0x0000000083400000, 0x0000000083400000|100%| O|  |TAMS 0x0000000083300000, 0x0000000083300000| Untracked 
|  52|0x0000000083400000, 0x0000000083500000, 0x0000000083500000|100%| O|  |TAMS 0x0000000083400000, 0x0000000083400000| Untracked 
|  53|0x0000000083500000, 0x0000000083600000, 0x0000000083600000|100%|HS|  |TAMS 0x0000000083500000, 0x0000000083500000| Complete 
|  54|0x0000000083600000, 0x0000000083700000, 0x0000000083700000|100%| O|  |TAMS 0x0000000083600000, 0x0000000083600000| Untracked 
|  55|0x0000000083700000, 0x0000000083800000, 0x0000000083800000|100%| O|  |TAMS 0x0000000083700000, 0x0000000083700000| Untracked 
|  56|0x0000000083800000, 0x0000000083900000, 0x0000000083900000|100%| O|  |TAMS 0x0000000083800000, 0x0000000083800000| Untracked 
|  57|0x0000000083900000, 0x0000000083a00000, 0x0000000083a00000|100%| O|  |TAMS 0x0000000083900000, 0x0000000083900000| Untracked 
|  58|0x0000000083a00000, 0x0000000083b00000, 0x0000000083b00000|100%| O|  |TAMS 0x0000000083a00000, 0x0000000083a00000| Untracked 
|  59|0x0000000083b00000, 0x0000000083c00000, 0x0000000083c00000|100%| O|  |TAMS 0x0000000083c00000, 0x0000000083b00000| Untracked 
|  60|0x0000000083c00000, 0x0000000083d00000, 0x0000000083d00000|100%| O|  |TAMS 0x0000000083d00000, 0x0000000083c00000| Untracked 
|  61|0x0000000083d00000, 0x0000000083e00000, 0x0000000083e00000|100%| O|  |TAMS 0x0000000083e00000, 0x0000000083d00000| Untracked 
|  62|0x0000000083e00000, 0x0000000083f00000, 0x0000000083f00000|100%| O|  |TAMS 0x0000000083f00000, 0x0000000083e00000| Untracked 
|  63|0x0000000083f00000, 0x0000000084000000, 0x0000000084000000|100%| O|  |TAMS 0x0000000084000000, 0x0000000083f00000| Untracked 
|  64|0x0000000084000000, 0x0000000084100000, 0x0000000084100000|100%| O|  |TAMS 0x0000000084100000, 0x0000000084000000| Untracked 
|  65|0x0000000084100000, 0x0000000084200000, 0x0000000084200000|100%| O|  |TAMS 0x0000000084200000, 0x0000000084100000| Untracked 
|  66|0x0000000084200000, 0x0000000084300000, 0x0000000084300000|100%| O|  |TAMS 0x0000000084300000, 0x0000000084200000| Untracked 
|  67|0x0000000084300000, 0x0000000084400000, 0x0000000084400000|100%| O|  |TAMS 0x0000000084381600, 0x0000000084300000| Untracked 
|  68|0x0000000084400000, 0x0000000084500000, 0x0000000084500000|100%|HS|  |TAMS 0x0000000084400000, 0x0000000084400000| Complete 
|  69|0x0000000084500000, 0x0000000084600000, 0x0000000084600000|100%|HC|  |TAMS 0x0000000084500000, 0x0000000084500000| Complete 
|  70|0x0000000084600000, 0x0000000084600000, 0x0000000084700000|  0%| F|  |TAMS 0x0000000084600000, 0x0000000084600000| Untracked 
|  71|0x0000000084700000, 0x0000000084800000, 0x0000000084800000|100%| O|  |TAMS 0x0000000084700000, 0x0000000084700000| Untracked 
|  72|0x0000000084800000, 0x0000000084827a00, 0x0000000084900000| 15%| O|  |TAMS 0x0000000084800000, 0x0000000084800000| Untracked 
|  73|0x0000000084900000, 0x0000000084a00000, 0x0000000084a00000|100%|HS|  |TAMS 0x0000000084900000, 0x0000000084900000| Complete 
|  74|0x0000000084a00000, 0x0000000084b00000, 0x0000000084b00000|100%|HC|  |TAMS 0x0000000084a00000, 0x0000000084a00000| Complete 
|  75|0x0000000084b00000, 0x0000000084c00000, 0x0000000084c00000|100%|HC|  |TAMS 0x0000000084b00000, 0x0000000084b00000| Complete 
|  76|0x0000000084c00000, 0x0000000084d00000, 0x0000000084d00000|100%|HS|  |TAMS 0x0000000084c00000, 0x0000000084c00000| Complete 
|  77|0x0000000084d00000, 0x0000000084e00000, 0x0000000084e00000|100%|HC|  |TAMS 0x0000000084d00000, 0x0000000084d00000| Complete 
|  78|0x0000000084e00000, 0x0000000084f00000, 0x0000000084f00000|100%| O|  |TAMS 0x0000000084e00000, 0x0000000084e00000| Untracked 
|  79|0x0000000084f00000, 0x0000000085000000, 0x0000000085000000|100%| O|  |TAMS 0x0000000084f00000, 0x0000000084f00000| Untracked 
|  80|0x0000000085000000, 0x0000000085100000, 0x0000000085100000|100%| O|  |TAMS 0x0000000085000000, 0x0000000085000000| Untracked 
|  81|0x0000000085100000, 0x0000000085200000, 0x0000000085200000|100%| O|  |TAMS 0x0000000085100000, 0x0000000085100000| Untracked 
|  82|0x0000000085200000, 0x0000000085300000, 0x0000000085300000|100%| O|  |TAMS 0x0000000085200000, 0x0000000085200000| Untracked 
|  83|0x0000000085300000, 0x0000000085400000, 0x0000000085400000|100%| O|  |TAMS 0x0000000085300000, 0x0000000085300000| Untracked 
|  84|0x0000000085400000, 0x0000000085500000, 0x0000000085500000|100%| O|  |TAMS 0x0000000085400000, 0x0000000085400000| Untracked 
|  85|0x0000000085500000, 0x0000000085600000, 0x0000000085600000|100%| O|  |TAMS 0x0000000085500000, 0x0000000085500000| Untracked 
|  86|0x0000000085600000, 0x0000000085700000, 0x0000000085700000|100%|HS|  |TAMS 0x0000000085600000, 0x0000000085600000| Complete 
|  87|0x0000000085700000, 0x0000000085800000, 0x0000000085800000|100%|HC|  |TAMS 0x0000000085700000, 0x0000000085700000| Complete 
|  88|0x0000000085800000, 0x0000000085900000, 0x0000000085900000|100%|HC|  |TAMS 0x0000000085800000, 0x0000000085800000| Complete 
|  89|0x0000000085900000, 0x0000000085a00000, 0x0000000085a00000|100%|HC|  |TAMS 0x0000000085900000, 0x0000000085900000| Complete 
|  90|0x0000000085a00000, 0x0000000085b00000, 0x0000000085b00000|100%|HC|  |TAMS 0x0000000085a00000, 0x0000000085a00000| Complete 
|  91|0x0000000085b00000, 0x0000000085c00000, 0x0000000085c00000|100%|HC|  |TAMS 0x0000000085b00000, 0x0000000085b00000| Complete 
|  92|0x0000000085c00000, 0x0000000085d00000, 0x0000000085d00000|100%|HC|  |TAMS 0x0000000085c00000, 0x0000000085c00000| Complete 
|  93|0x0000000085d00000, 0x0000000085e00000, 0x0000000085e00000|100%|HC|  |TAMS 0x0000000085d00000, 0x0000000085d00000| Complete 
|  94|0x0000000085e00000, 0x0000000085f00000, 0x0000000085f00000|100%|HC|  |TAMS 0x0000000085e00000, 0x0000000085e00000| Complete 
|  95|0x0000000085f00000, 0x0000000086000000, 0x0000000086000000|100%|HC|  |TAMS 0x0000000085f00000, 0x0000000085f00000| Complete 
|  96|0x0000000086000000, 0x0000000086100000, 0x0000000086100000|100%| O|  |TAMS 0x0000000086000000, 0x0000000086000000| Untracked 
|  97|0x0000000086100000, 0x0000000086100000, 0x0000000086200000|  0%| F|  |TAMS 0x0000000086100000, 0x0000000086100000| Untracked 
|  98|0x0000000086200000, 0x0000000086200000, 0x0000000086300000|  0%| F|  |TAMS 0x0000000086200000, 0x0000000086200000| Untracked 
|  99|0x0000000086300000, 0x0000000086400000, 0x0000000086400000|100%| O|  |TAMS 0x0000000086300000, 0x0000000086300000| Untracked 
| 100|0x0000000086400000, 0x0000000086500000, 0x0000000086500000|100%| O|  |TAMS 0x0000000086400000, 0x0000000086400000| Untracked 
| 101|0x0000000086500000, 0x0000000086600000, 0x0000000086600000|100%|HS|  |TAMS 0x0000000086500000, 0x0000000086500000| Complete 
| 102|0x0000000086600000, 0x0000000086700000, 0x0000000086700000|100%|HC|  |TAMS 0x0000000086600000, 0x0000000086600000| Complete 
| 103|0x0000000086700000, 0x0000000086800000, 0x0000000086800000|100%|HC|  |TAMS 0x0000000086700000, 0x0000000086700000| Complete 
| 104|0x0000000086800000, 0x0000000086900000, 0x0000000086900000|100%|HS|  |TAMS 0x0000000086800000, 0x0000000086800000| Complete 
| 105|0x0000000086900000, 0x0000000086a00000, 0x0000000086a00000|100%|HC|  |TAMS 0x0000000086900000, 0x0000000086900000| Complete 
| 106|0x0000000086a00000, 0x0000000086b00000, 0x0000000086b00000|100%|HC|  |TAMS 0x0000000086a00000, 0x0000000086a00000| Complete 
| 107|0x0000000086b00000, 0x0000000086b00000, 0x0000000086c00000|  0%| F|  |TAMS 0x0000000086b00000, 0x0000000086b00000| Untracked 
| 108|0x0000000086c00000, 0x0000000086c00000, 0x0000000086d00000|  0%| F|  |TAMS 0x0000000086c00000, 0x0000000086c00000| Untracked 
| 109|0x0000000086d00000, 0x0000000086d00000, 0x0000000086e00000|  0%| F|  |TAMS 0x0000000086d00000, 0x0000000086d00000| Untracked 
| 110|0x0000000086e00000, 0x0000000086e00000, 0x0000000086f00000|  0%| F|  |TAMS 0x0000000086e00000, 0x0000000086e00000| Untracked 
| 111|0x0000000086f00000, 0x0000000086f00000, 0x0000000087000000|  0%| F|  |TAMS 0x0000000086f00000, 0x0000000086f00000| Untracked 
| 112|0x0000000087000000, 0x0000000087000000, 0x0000000087100000|  0%| F|  |TAMS 0x0000000087000000, 0x0000000087000000| Untracked 
| 113|0x0000000087100000, 0x0000000087100000, 0x0000000087200000|  0%| F|  |TAMS 0x0000000087100000, 0x0000000087100000| Untracked 
| 114|0x0000000087200000, 0x0000000087200000, 0x0000000087300000|  0%| F|  |TAMS 0x0000000087200000, 0x0000000087200000| Untracked 
| 115|0x0000000087300000, 0x0000000087300000, 0x0000000087400000|  0%| F|  |TAMS 0x0000000087300000, 0x0000000087300000| Untracked 
| 116|0x0000000087400000, 0x0000000087400000, 0x0000000087500000|  0%| F|  |TAMS 0x0000000087400000, 0x0000000087400000| Untracked 
| 117|0x0000000087500000, 0x0000000087500000, 0x0000000087600000|  0%| F|  |TAMS 0x0000000087500000, 0x0000000087500000| Untracked 
| 118|0x0000000087600000, 0x0000000087600000, 0x0000000087700000|  0%| F|  |TAMS 0x0000000087600000, 0x0000000087600000| Untracked 
| 119|0x0000000087700000, 0x0000000087700000, 0x0000000087800000|  0%| F|  |TAMS 0x0000000087700000, 0x0000000087700000| Untracked 
| 120|0x0000000087800000, 0x0000000087800000, 0x0000000087900000|  0%| F|  |TAMS 0x0000000087800000, 0x0000000087800000| Untracked 
| 121|0x0000000087900000, 0x0000000087900000, 0x0000000087a00000|  0%| F|  |TAMS 0x0000000087900000, 0x0000000087900000| Untracked 
| 122|0x0000000087a00000, 0x0000000087a00000, 0x0000000087b00000|  0%| F|  |TAMS 0x0000000087a00000, 0x0000000087a00000| Untracked 
| 123|0x0000000087b00000, 0x0000000087b00000, 0x0000000087c00000|  0%| F|  |TAMS 0x0000000087b00000, 0x0000000087b00000| Untracked 
| 124|0x0000000087c00000, 0x0000000087c00000, 0x0000000087d00000|  0%| F|  |TAMS 0x0000000087c00000, 0x0000000087c00000| Untracked 
| 125|0x0000000087d00000, 0x0000000087d00000, 0x0000000087e00000|  0%| F|  |TAMS 0x0000000087d00000, 0x0000000087d00000| Untracked 
| 126|0x0000000087e00000, 0x0000000087e00000, 0x0000000087f00000|  0%| F|  |TAMS 0x0000000087e00000, 0x0000000087e00000| Untracked 
| 127|0x0000000087f00000, 0x0000000087f00000, 0x0000000088000000|  0%| F|  |TAMS 0x0000000087f00000, 0x0000000087f00000| Untracked 
| 128|0x0000000088000000, 0x0000000088000000, 0x0000000088100000|  0%| F|  |TAMS 0x0000000088000000, 0x0000000088000000| Untracked 
| 129|0x0000000088100000, 0x0000000088100000, 0x0000000088200000|  0%| F|  |TAMS 0x0000000088100000, 0x0000000088100000| Untracked 
| 130|0x0000000088200000, 0x0000000088200000, 0x0000000088300000|  0%| F|  |TAMS 0x0000000088200000, 0x0000000088200000| Untracked 
| 131|0x0000000088300000, 0x0000000088300000, 0x0000000088400000|  0%| F|  |TAMS 0x0000000088300000, 0x0000000088300000| Untracked 
| 132|0x0000000088400000, 0x0000000088400000, 0x0000000088500000|  0%| F|  |TAMS 0x0000000088400000, 0x0000000088400000| Untracked 
| 133|0x0000000088500000, 0x0000000088500000, 0x0000000088600000|  0%| F|  |TAMS 0x0000000088500000, 0x0000000088500000| Untracked 
| 134|0x0000000088600000, 0x0000000088600000, 0x0000000088700000|  0%| F|  |TAMS 0x0000000088600000, 0x0000000088600000| Untracked 
| 135|0x0000000088700000, 0x0000000088700000, 0x0000000088800000|  0%| F|  |TAMS 0x0000000088700000, 0x0000000088700000| Untracked 
| 136|0x0000000088800000, 0x0000000088800000, 0x0000000088900000|  0%| F|  |TAMS 0x0000000088800000, 0x0000000088800000| Untracked 
| 137|0x0000000088900000, 0x0000000088900000, 0x0000000088a00000|  0%| F|  |TAMS 0x0000000088900000, 0x0000000088900000| Untracked 
| 138|0x0000000088a00000, 0x0000000088a00000, 0x0000000088b00000|  0%| F|  |TAMS 0x0000000088a00000, 0x0000000088a00000| Untracked 
| 139|0x0000000088b00000, 0x0000000088b00000, 0x0000000088c00000|  0%| F|  |TAMS 0x0000000088b00000, 0x0000000088b00000| Untracked 
| 140|0x0000000088c00000, 0x0000000088c00000, 0x0000000088d00000|  0%| F|  |TAMS 0x0000000088c00000, 0x0000000088c00000| Untracked 
| 141|0x0000000088d00000, 0x0000000088d00000, 0x0000000088e00000|  0%| F|  |TAMS 0x0000000088d00000, 0x0000000088d00000| Untracked 
| 142|0x0000000088e00000, 0x0000000088e00000, 0x0000000088f00000|  0%| F|  |TAMS 0x0000000088e00000, 0x0000000088e00000| Untracked 
| 143|0x0000000088f00000, 0x0000000088f00000, 0x0000000089000000|  0%| F|  |TAMS 0x0000000088f00000, 0x0000000088f00000| Untracked 
| 144|0x0000000089000000, 0x0000000089000000, 0x0000000089100000|  0%| F|  |TAMS 0x0000000089000000, 0x0000000089000000| Untracked 
| 145|0x0000000089100000, 0x0000000089100000, 0x0000000089200000|  0%| F|  |TAMS 0x0000000089100000, 0x0000000089100000| Untracked 
| 146|0x0000000089200000, 0x0000000089200000, 0x0000000089300000|  0%| F|  |TAMS 0x0000000089200000, 0x0000000089200000| Untracked 
| 147|0x0000000089300000, 0x0000000089300000, 0x0000000089400000|  0%| F|  |TAMS 0x0000000089300000, 0x0000000089300000| Untracked 
| 148|0x0000000089400000, 0x0000000089400000, 0x0000000089500000|  0%| F|  |TAMS 0x0000000089400000, 0x0000000089400000| Untracked 
| 149|0x0000000089500000, 0x0000000089500000, 0x0000000089600000|  0%| F|  |TAMS 0x0000000089500000, 0x0000000089500000| Untracked 
| 150|0x0000000089600000, 0x0000000089600000, 0x0000000089700000|  0%| F|  |TAMS 0x0000000089600000, 0x0000000089600000| Untracked 
| 151|0x0000000089700000, 0x0000000089700000, 0x0000000089800000|  0%| F|  |TAMS 0x0000000089700000, 0x0000000089700000| Untracked 
| 152|0x0000000089800000, 0x0000000089800000, 0x0000000089900000|  0%| F|  |TAMS 0x0000000089800000, 0x0000000089800000| Untracked 
| 153|0x0000000089900000, 0x0000000089900000, 0x0000000089a00000|  0%| F|  |TAMS 0x0000000089900000, 0x0000000089900000| Untracked 
| 154|0x0000000089a00000, 0x0000000089a00000, 0x0000000089b00000|  0%| F|  |TAMS 0x0000000089a00000, 0x0000000089a00000| Untracked 
| 155|0x0000000089b00000, 0x0000000089b00000, 0x0000000089c00000|  0%| F|  |TAMS 0x0000000089b00000, 0x0000000089b00000| Untracked 
| 156|0x0000000089c00000, 0x0000000089c00000, 0x0000000089d00000|  0%| F|  |TAMS 0x0000000089c00000, 0x0000000089c00000| Untracked 
| 157|0x0000000089d00000, 0x0000000089d00000, 0x0000000089e00000|  0%| F|  |TAMS 0x0000000089d00000, 0x0000000089d00000| Untracked 
| 158|0x0000000089e00000, 0x0000000089e00000, 0x0000000089f00000|  0%| F|  |TAMS 0x0000000089e00000, 0x0000000089e00000| Untracked 
| 159|0x0000000089f00000, 0x0000000089f00000, 0x000000008a000000|  0%| F|  |TAMS 0x0000000089f00000, 0x0000000089f00000| Untracked 
| 160|0x000000008a000000, 0x000000008a0540f0, 0x000000008a100000| 32%| S|CS|TAMS 0x000000008a000000, 0x000000008a000000| Complete 
| 161|0x000000008a100000, 0x000000008a200000, 0x000000008a200000|100%| S|CS|TAMS 0x000000008a100000, 0x000000008a100000| Complete 
| 162|0x000000008a200000, 0x000000008a300000, 0x000000008a300000|100%| S|CS|TAMS 0x000000008a200000, 0x000000008a200000| Complete 
| 163|0x000000008a300000, 0x000000008a400000, 0x000000008a400000|100%| S|CS|TAMS 0x000000008a300000, 0x000000008a300000| Complete 
| 164|0x000000008a400000, 0x000000008a500000, 0x000000008a500000|100%| S|CS|TAMS 0x000000008a400000, 0x000000008a400000| Complete 
| 165|0x000000008a500000, 0x000000008a500000, 0x000000008a600000|  0%| F|  |TAMS 0x000000008a500000, 0x000000008a500000| Untracked 
| 166|0x000000008a600000, 0x000000008a600000, 0x000000008a700000|  0%| F|  |TAMS 0x000000008a600000, 0x000000008a600000| Untracked 
| 167|0x000000008a700000, 0x000000008a700000, 0x000000008a800000|  0%| F|  |TAMS 0x000000008a700000, 0x000000008a700000| Untracked 
| 168|0x000000008a800000, 0x000000008a800000, 0x000000008a900000|  0%| F|  |TAMS 0x000000008a800000, 0x000000008a800000| Untracked 
| 169|0x000000008a900000, 0x000000008a900000, 0x000000008aa00000|  0%| F|  |TAMS 0x000000008a900000, 0x000000008a900000| Untracked 
| 170|0x000000008aa00000, 0x000000008aa00000, 0x000000008ab00000|  0%| F|  |TAMS 0x000000008aa00000, 0x000000008aa00000| Untracked 
| 171|0x000000008ab00000, 0x000000008ab00000, 0x000000008ac00000|  0%| F|  |TAMS 0x000000008ab00000, 0x000000008ab00000| Untracked 
| 172|0x000000008ac00000, 0x000000008ac00000, 0x000000008ad00000|  0%| F|  |TAMS 0x000000008ac00000, 0x000000008ac00000| Untracked 
| 173|0x000000008ad00000, 0x000000008ad00000, 0x000000008ae00000|  0%| F|  |TAMS 0x000000008ad00000, 0x000000008ad00000| Untracked 
| 174|0x000000008ae00000, 0x000000008ae00000, 0x000000008af00000|  0%| F|  |TAMS 0x000000008ae00000, 0x000000008ae00000| Untracked 
| 175|0x000000008af00000, 0x000000008af00000, 0x000000008b000000|  0%| F|  |TAMS 0x000000008af00000, 0x000000008af00000| Untracked 
| 176|0x000000008b000000, 0x000000008b000000, 0x000000008b100000|  0%| F|  |TAMS 0x000000008b000000, 0x000000008b000000| Untracked 
| 177|0x000000008b100000, 0x000000008b100000, 0x000000008b200000|  0%| F|  |TAMS 0x000000008b100000, 0x000000008b100000| Untracked 
| 178|0x000000008b200000, 0x000000008b200000, 0x000000008b300000|  0%| F|  |TAMS 0x000000008b200000, 0x000000008b200000| Untracked 
| 179|0x000000008b300000, 0x000000008b300000, 0x000000008b400000|  0%| F|  |TAMS 0x000000008b300000, 0x000000008b300000| Untracked 
| 180|0x000000008b400000, 0x000000008b400000, 0x000000008b500000|  0%| F|  |TAMS 0x000000008b400000, 0x000000008b400000| Untracked 
| 181|0x000000008b500000, 0x000000008b500000, 0x000000008b600000|  0%| F|  |TAMS 0x000000008b500000, 0x000000008b500000| Untracked 
| 182|0x000000008b600000, 0x000000008b600000, 0x000000008b700000|  0%| F|  |TAMS 0x000000008b600000, 0x000000008b600000| Untracked 
| 183|0x000000008b700000, 0x000000008b700000, 0x000000008b800000|  0%| F|  |TAMS 0x000000008b700000, 0x000000008b700000| Untracked 
| 184|0x000000008b800000, 0x000000008b800000, 0x000000008b900000|  0%| F|  |TAMS 0x000000008b800000, 0x000000008b800000| Untracked 
| 185|0x000000008b900000, 0x000000008b900000, 0x000000008ba00000|  0%| F|  |TAMS 0x000000008b900000, 0x000000008b900000| Untracked 
| 186|0x000000008ba00000, 0x000000008ba00000, 0x000000008bb00000|  0%| F|  |TAMS 0x000000008ba00000, 0x000000008ba00000| Untracked 
| 187|0x000000008bb00000, 0x000000008bb00000, 0x000000008bc00000|  0%| F|  |TAMS 0x000000008bb00000, 0x000000008bb00000| Untracked 
| 188|0x000000008bc00000, 0x000000008bc00000, 0x000000008bd00000|  0%| F|  |TAMS 0x000000008bc00000, 0x000000008bc00000| Untracked 
| 189|0x000000008bd00000, 0x000000008bd00000, 0x000000008be00000|  0%| F|  |TAMS 0x000000008bd00000, 0x000000008bd00000| Untracked 
| 190|0x000000008be00000, 0x000000008be00000, 0x000000008bf00000|  0%| F|  |TAMS 0x000000008be00000, 0x000000008be00000| Untracked 
| 191|0x000000008bf00000, 0x000000008bf00000, 0x000000008c000000|  0%| F|  |TAMS 0x000000008bf00000, 0x000000008bf00000| Untracked 
| 192|0x000000008c000000, 0x000000008c000000, 0x000000008c100000|  0%| F|  |TAMS 0x000000008c000000, 0x000000008c000000| Untracked 
| 193|0x000000008c100000, 0x000000008c100000, 0x000000008c200000|  0%| F|  |TAMS 0x000000008c100000, 0x000000008c100000| Untracked 
| 194|0x000000008c200000, 0x000000008c200000, 0x000000008c300000|  0%| F|  |TAMS 0x000000008c200000, 0x000000008c200000| Untracked 
| 195|0x000000008c300000, 0x000000008c300000, 0x000000008c400000|  0%| F|  |TAMS 0x000000008c300000, 0x000000008c300000| Untracked 
| 196|0x000000008c400000, 0x000000008c400000, 0x000000008c500000|  0%| F|  |TAMS 0x000000008c400000, 0x000000008c400000| Untracked 
| 197|0x000000008c500000, 0x000000008c500000, 0x000000008c600000|  0%| F|  |TAMS 0x000000008c500000, 0x000000008c500000| Untracked 
| 198|0x000000008c600000, 0x000000008c600000, 0x000000008c700000|  0%| F|  |TAMS 0x000000008c600000, 0x000000008c600000| Untracked 
| 199|0x000000008c700000, 0x000000008c700000, 0x000000008c800000|  0%| F|  |TAMS 0x000000008c700000, 0x000000008c700000| Untracked 
| 200|0x000000008c800000, 0x000000008c800000, 0x000000008c900000|  0%| F|  |TAMS 0x000000008c800000, 0x000000008c800000| Untracked 
| 201|0x000000008c900000, 0x000000008c900000, 0x000000008ca00000|  0%| F|  |TAMS 0x000000008c900000, 0x000000008c900000| Untracked 
| 202|0x000000008ca00000, 0x000000008ca00000, 0x000000008cb00000|  0%| F|  |TAMS 0x000000008ca00000, 0x000000008ca00000| Untracked 
| 203|0x000000008cb00000, 0x000000008cb00000, 0x000000008cc00000|  0%| F|  |TAMS 0x000000008cb00000, 0x000000008cb00000| Untracked 
| 204|0x000000008cc00000, 0x000000008cc00000, 0x000000008cd00000|  0%| F|  |TAMS 0x000000008cc00000, 0x000000008cc00000| Untracked 
| 205|0x000000008cd00000, 0x000000008cd00000, 0x000000008ce00000|  0%| F|  |TAMS 0x000000008cd00000, 0x000000008cd00000| Untracked 
| 206|0x000000008ce00000, 0x000000008ce00000, 0x000000008cf00000|  0%| F|  |TAMS 0x000000008ce00000, 0x000000008ce00000| Untracked 
| 207|0x000000008cf00000, 0x000000008cf00000, 0x000000008d000000|  0%| F|  |TAMS 0x000000008cf00000, 0x000000008cf00000| Untracked 
| 208|0x000000008d000000, 0x000000008d000000, 0x000000008d100000|  0%| F|  |TAMS 0x000000008d000000, 0x000000008d000000| Untracked 
| 209|0x000000008d100000, 0x000000008d100000, 0x000000008d200000|  0%| F|  |TAMS 0x000000008d100000, 0x000000008d100000| Untracked 
| 210|0x000000008d200000, 0x000000008d200000, 0x000000008d300000|  0%| F|  |TAMS 0x000000008d200000, 0x000000008d200000| Untracked 
| 211|0x000000008d300000, 0x000000008d300000, 0x000000008d400000|  0%| F|  |TAMS 0x000000008d300000, 0x000000008d300000| Untracked 
| 212|0x000000008d400000, 0x000000008d400000, 0x000000008d500000|  0%| F|  |TAMS 0x000000008d400000, 0x000000008d400000| Untracked 
| 213|0x000000008d500000, 0x000000008d500000, 0x000000008d600000|  0%| F|  |TAMS 0x000000008d500000, 0x000000008d500000| Untracked 
| 214|0x000000008d600000, 0x000000008d600000, 0x000000008d700000|  0%| F|  |TAMS 0x000000008d600000, 0x000000008d600000| Untracked 
| 215|0x000000008d700000, 0x000000008d700000, 0x000000008d800000|  0%| F|  |TAMS 0x000000008d700000, 0x000000008d700000| Untracked 
| 216|0x000000008d800000, 0x000000008d800000, 0x000000008d900000|  0%| F|  |TAMS 0x000000008d800000, 0x000000008d800000| Untracked 
| 217|0x000000008d900000, 0x000000008d900000, 0x000000008da00000|  0%| F|  |TAMS 0x000000008d900000, 0x000000008d900000| Untracked 
| 218|0x000000008da00000, 0x000000008da00000, 0x000000008db00000|  0%| F|  |TAMS 0x000000008da00000, 0x000000008da00000| Untracked 
| 219|0x000000008db00000, 0x000000008db00000, 0x000000008dc00000|  0%| F|  |TAMS 0x000000008db00000, 0x000000008db00000| Untracked 
| 220|0x000000008dc00000, 0x000000008dc00000, 0x000000008dd00000|  0%| F|  |TAMS 0x000000008dc00000, 0x000000008dc00000| Untracked 
| 221|0x000000008dd00000, 0x000000008dd00000, 0x000000008de00000|  0%| F|  |TAMS 0x000000008dd00000, 0x000000008dd00000| Untracked 
| 222|0x000000008de00000, 0x000000008de00000, 0x000000008df00000|  0%| F|  |TAMS 0x000000008de00000, 0x000000008de00000| Untracked 
| 223|0x000000008df00000, 0x000000008df00000, 0x000000008e000000|  0%| F|  |TAMS 0x000000008df00000, 0x000000008df00000| Untracked 
| 224|0x000000008e000000, 0x000000008e000000, 0x000000008e100000|  0%| F|  |TAMS 0x000000008e000000, 0x000000008e000000| Untracked 
| 225|0x000000008e100000, 0x000000008e100000, 0x000000008e200000|  0%| F|  |TAMS 0x000000008e100000, 0x000000008e100000| Untracked 
| 226|0x000000008e200000, 0x000000008e200000, 0x000000008e300000|  0%| F|  |TAMS 0x000000008e200000, 0x000000008e200000| Untracked 
| 227|0x000000008e300000, 0x000000008e300000, 0x000000008e400000|  0%| F|  |TAMS 0x000000008e300000, 0x000000008e300000| Untracked 
| 228|0x000000008e400000, 0x000000008e400000, 0x000000008e500000|  0%| F|  |TAMS 0x000000008e400000, 0x000000008e400000| Untracked 
| 229|0x000000008e500000, 0x000000008e500000, 0x000000008e600000|  0%| F|  |TAMS 0x000000008e500000, 0x000000008e500000| Untracked 
| 230|0x000000008e600000, 0x000000008e600000, 0x000000008e700000|  0%| F|  |TAMS 0x000000008e600000, 0x000000008e600000| Untracked 
| 231|0x000000008e700000, 0x000000008e700000, 0x000000008e800000|  0%| F|  |TAMS 0x000000008e700000, 0x000000008e700000| Untracked 
| 232|0x000000008e800000, 0x000000008e800000, 0x000000008e900000|  0%| F|  |TAMS 0x000000008e800000, 0x000000008e800000| Untracked 
| 233|0x000000008e900000, 0x000000008e900000, 0x000000008ea00000|  0%| F|  |TAMS 0x000000008e900000, 0x000000008e900000| Untracked 
| 234|0x000000008ea00000, 0x000000008ea00000, 0x000000008eb00000|  0%| F|  |TAMS 0x000000008ea00000, 0x000000008ea00000| Untracked 
| 235|0x000000008eb00000, 0x000000008eb00000, 0x000000008ec00000|  0%| F|  |TAMS 0x000000008eb00000, 0x000000008eb00000| Untracked 
| 236|0x000000008ec00000, 0x000000008ec00000, 0x000000008ed00000|  0%| F|  |TAMS 0x000000008ec00000, 0x000000008ec00000| Untracked 
| 237|0x000000008ed00000, 0x000000008ed00000, 0x000000008ee00000|  0%| F|  |TAMS 0x000000008ed00000, 0x000000008ed00000| Untracked 
| 238|0x000000008ee00000, 0x000000008ee00000, 0x000000008ef00000|  0%| F|  |TAMS 0x000000008ee00000, 0x000000008ee00000| Untracked 
| 239|0x000000008ef00000, 0x000000008ef00000, 0x000000008f000000|  0%| F|  |TAMS 0x000000008ef00000, 0x000000008ef00000| Untracked 
| 240|0x000000008f000000, 0x000000008f000000, 0x000000008f100000|  0%| F|  |TAMS 0x000000008f000000, 0x000000008f000000| Untracked 
| 241|0x000000008f100000, 0x000000008f100000, 0x000000008f200000|  0%| F|  |TAMS 0x000000008f100000, 0x000000008f100000| Untracked 
| 242|0x000000008f200000, 0x000000008f200000, 0x000000008f300000|  0%| F|  |TAMS 0x000000008f200000, 0x000000008f200000| Untracked 
| 243|0x000000008f300000, 0x000000008f300000, 0x000000008f400000|  0%| F|  |TAMS 0x000000008f300000, 0x000000008f300000| Untracked 
| 244|0x000000008f400000, 0x000000008f400000, 0x000000008f500000|  0%| F|  |TAMS 0x000000008f400000, 0x000000008f400000| Untracked 
| 245|0x000000008f500000, 0x000000008f600000, 0x000000008f600000|100%| E|  |TAMS 0x000000008f500000, 0x000000008f500000| Complete 
| 246|0x000000008f600000, 0x000000008f700000, 0x000000008f700000|100%| E|CS|TAMS 0x000000008f600000, 0x000000008f600000| Complete 
| 247|0x000000008f700000, 0x000000008f800000, 0x000000008f800000|100%| E|CS|TAMS 0x000000008f700000, 0x000000008f700000| Complete 
| 248|0x000000008f800000, 0x000000008f900000, 0x000000008f900000|100%| E|CS|TAMS 0x000000008f800000, 0x000000008f800000| Complete 
| 249|0x000000008f900000, 0x000000008fa00000, 0x000000008fa00000|100%| E|CS|TAMS 0x000000008f900000, 0x000000008f900000| Complete 
| 250|0x000000008fa00000, 0x000000008fb00000, 0x000000008fb00000|100%| E|CS|TAMS 0x000000008fa00000, 0x000000008fa00000| Complete 
| 251|0x000000008fb00000, 0x000000008fc00000, 0x000000008fc00000|100%| E|CS|TAMS 0x000000008fb00000, 0x000000008fb00000| Complete 
| 252|0x000000008fc00000, 0x000000008fd00000, 0x000000008fd00000|100%| E|CS|TAMS 0x000000008fc00000, 0x000000008fc00000| Complete 
| 253|0x000000008fd00000, 0x000000008fe00000, 0x000000008fe00000|100%| E|CS|TAMS 0x000000008fd00000, 0x000000008fd00000| Complete 
| 254|0x000000008fe00000, 0x000000008ff00000, 0x000000008ff00000|100%| E|CS|TAMS 0x000000008fe00000, 0x000000008fe00000| Complete 
| 255|0x000000008ff00000, 0x0000000090000000, 0x0000000090000000|100%| E|CS|TAMS 0x000000008ff00000, 0x000000008ff00000| Complete 
| 256|0x0000000090000000, 0x0000000090100000, 0x0000000090100000|100%| E|CS|TAMS 0x0000000090000000, 0x0000000090000000| Complete 
| 257|0x0000000090100000, 0x0000000090200000, 0x0000000090200000|100%| E|CS|TAMS 0x0000000090100000, 0x0000000090100000| Complete 
| 258|0x0000000090200000, 0x0000000090300000, 0x0000000090300000|100%| E|CS|TAMS 0x0000000090200000, 0x0000000090200000| Complete 
| 259|0x0000000090300000, 0x0000000090400000, 0x0000000090400000|100%| E|CS|TAMS 0x0000000090300000, 0x0000000090300000| Complete 
| 260|0x0000000090400000, 0x0000000090500000, 0x0000000090500000|100%| E|CS|TAMS 0x0000000090400000, 0x0000000090400000| Complete 
| 261|0x0000000090500000, 0x0000000090600000, 0x0000000090600000|100%| E|CS|TAMS 0x0000000090500000, 0x0000000090500000| Complete 
| 262|0x0000000090600000, 0x0000000090700000, 0x0000000090700000|100%| E|CS|TAMS 0x0000000090600000, 0x0000000090600000| Complete 
| 263|0x0000000090700000, 0x0000000090800000, 0x0000000090800000|100%| E|CS|TAMS 0x0000000090700000, 0x0000000090700000| Complete 
| 264|0x0000000090800000, 0x0000000090900000, 0x0000000090900000|100%| E|CS|TAMS 0x0000000090800000, 0x0000000090800000| Complete 
| 265|0x0000000090900000, 0x0000000090a00000, 0x0000000090a00000|100%| E|CS|TAMS 0x0000000090900000, 0x0000000090900000| Complete 
| 266|0x0000000090a00000, 0x0000000090b00000, 0x0000000090b00000|100%| E|CS|TAMS 0x0000000090a00000, 0x0000000090a00000| Complete 
| 267|0x0000000090b00000, 0x0000000090c00000, 0x0000000090c00000|100%| E|CS|TAMS 0x0000000090b00000, 0x0000000090b00000| Complete 
| 268|0x0000000090c00000, 0x0000000090d00000, 0x0000000090d00000|100%| E|CS|TAMS 0x0000000090c00000, 0x0000000090c00000| Complete 
| 269|0x0000000090d00000, 0x0000000090e00000, 0x0000000090e00000|100%| E|CS|TAMS 0x0000000090d00000, 0x0000000090d00000| Complete 
| 270|0x0000000090e00000, 0x0000000090f00000, 0x0000000090f00000|100%| E|CS|TAMS 0x0000000090e00000, 0x0000000090e00000| Complete 
| 271|0x0000000090f00000, 0x0000000091000000, 0x0000000091000000|100%| E|CS|TAMS 0x0000000090f00000, 0x0000000090f00000| Complete 
| 272|0x0000000091000000, 0x0000000091100000, 0x0000000091100000|100%| E|CS|TAMS 0x0000000091000000, 0x0000000091000000| Complete 
| 273|0x0000000091100000, 0x0000000091200000, 0x0000000091200000|100%| E|CS|TAMS 0x0000000091100000, 0x0000000091100000| Complete 
| 274|0x0000000091200000, 0x0000000091300000, 0x0000000091300000|100%| E|CS|TAMS 0x0000000091200000, 0x0000000091200000| Complete 
| 275|0x0000000091300000, 0x0000000091400000, 0x0000000091400000|100%| E|CS|TAMS 0x0000000091300000, 0x0000000091300000| Complete 
| 276|0x0000000091400000, 0x0000000091500000, 0x0000000091500000|100%| E|CS|TAMS 0x0000000091400000, 0x0000000091400000| Complete 
| 277|0x0000000091500000, 0x0000000091600000, 0x0000000091600000|100%| E|CS|TAMS 0x0000000091500000, 0x0000000091500000| Complete 
| 278|0x0000000091600000, 0x0000000091700000, 0x0000000091700000|100%| E|CS|TAMS 0x0000000091600000, 0x0000000091600000| Complete 
| 279|0x0000000091700000, 0x0000000091800000, 0x0000000091800000|100%| E|CS|TAMS 0x0000000091700000, 0x0000000091700000| Complete 
| 280|0x0000000091800000, 0x0000000091900000, 0x0000000091900000|100%| E|CS|TAMS 0x0000000091800000, 0x0000000091800000| Complete 
| 281|0x0000000091900000, 0x0000000091a00000, 0x0000000091a00000|100%| E|CS|TAMS 0x0000000091900000, 0x0000000091900000| Complete 
| 282|0x0000000091a00000, 0x0000000091b00000, 0x0000000091b00000|100%| E|CS|TAMS 0x0000000091a00000, 0x0000000091a00000| Complete 
| 283|0x0000000091b00000, 0x0000000091c00000, 0x0000000091c00000|100%| E|CS|TAMS 0x0000000091b00000, 0x0000000091b00000| Complete 
| 284|0x0000000091c00000, 0x0000000091d00000, 0x0000000091d00000|100%| E|CS|TAMS 0x0000000091c00000, 0x0000000091c00000| Complete 
| 285|0x0000000091d00000, 0x0000000091e00000, 0x0000000091e00000|100%| E|CS|TAMS 0x0000000091d00000, 0x0000000091d00000| Complete 
| 286|0x0000000091e00000, 0x0000000091f00000, 0x0000000091f00000|100%| E|CS|TAMS 0x0000000091e00000, 0x0000000091e00000| Complete 
| 287|0x0000000091f00000, 0x0000000092000000, 0x0000000092000000|100%| E|CS|TAMS 0x0000000091f00000, 0x0000000091f00000| Complete 
| 288|0x0000000092000000, 0x0000000092100000, 0x0000000092100000|100%| E|CS|TAMS 0x0000000092000000, 0x0000000092000000| Complete 
| 289|0x0000000092100000, 0x0000000092200000, 0x0000000092200000|100%| E|CS|TAMS 0x0000000092100000, 0x0000000092100000| Complete 
| 290|0x0000000092200000, 0x0000000092300000, 0x0000000092300000|100%| E|CS|TAMS 0x0000000092200000, 0x0000000092200000| Complete 
| 291|0x0000000092300000, 0x0000000092400000, 0x0000000092400000|100%| E|CS|TAMS 0x0000000092300000, 0x0000000092300000| Complete 
| 292|0x0000000092400000, 0x0000000092500000, 0x0000000092500000|100%| E|CS|TAMS 0x0000000092400000, 0x0000000092400000| Complete 
| 293|0x0000000092500000, 0x0000000092600000, 0x0000000092600000|100%| E|CS|TAMS 0x0000000092500000, 0x0000000092500000| Complete 
| 294|0x0000000092600000, 0x0000000092700000, 0x0000000092700000|100%| E|CS|TAMS 0x0000000092600000, 0x0000000092600000| Complete 
| 295|0x0000000092700000, 0x0000000092800000, 0x0000000092800000|100%| E|CS|TAMS 0x0000000092700000, 0x0000000092700000| Complete 
| 296|0x0000000092800000, 0x0000000092900000, 0x0000000092900000|100%| E|CS|TAMS 0x0000000092800000, 0x0000000092800000| Complete 
| 297|0x0000000092900000, 0x0000000092a00000, 0x0000000092a00000|100%| E|CS|TAMS 0x0000000092900000, 0x0000000092900000| Complete 
| 298|0x0000000092a00000, 0x0000000092b00000, 0x0000000092b00000|100%| E|CS|TAMS 0x0000000092a00000, 0x0000000092a00000| Complete 
| 299|0x0000000092b00000, 0x0000000092c00000, 0x0000000092c00000|100%| E|CS|TAMS 0x0000000092b00000, 0x0000000092b00000| Complete 
| 300|0x0000000092c00000, 0x0000000092d00000, 0x0000000092d00000|100%| E|CS|TAMS 0x0000000092c00000, 0x0000000092c00000| Complete 
| 301|0x0000000092d00000, 0x0000000092e00000, 0x0000000092e00000|100%| E|CS|TAMS 0x0000000092d00000, 0x0000000092d00000| Complete 
| 302|0x0000000092e00000, 0x0000000092f00000, 0x0000000092f00000|100%| E|CS|TAMS 0x0000000092e00000, 0x0000000092e00000| Complete 
| 303|0x0000000092f00000, 0x0000000093000000, 0x0000000093000000|100%| E|CS|TAMS 0x0000000092f00000, 0x0000000092f00000| Complete 
| 304|0x0000000093000000, 0x0000000093100000, 0x0000000093100000|100%| E|CS|TAMS 0x0000000093000000, 0x0000000093000000| Complete 
| 305|0x0000000093100000, 0x0000000093200000, 0x0000000093200000|100%| E|CS|TAMS 0x0000000093100000, 0x0000000093100000| Complete 
| 306|0x0000000093200000, 0x0000000093300000, 0x0000000093300000|100%| E|CS|TAMS 0x0000000093200000, 0x0000000093200000| Complete 
| 307|0x0000000093300000, 0x0000000093400000, 0x0000000093400000|100%| E|CS|TAMS 0x0000000093300000, 0x0000000093300000| Complete 
| 308|0x0000000093400000, 0x0000000093500000, 0x0000000093500000|100%| E|CS|TAMS 0x0000000093400000, 0x0000000093400000| Complete 
| 309|0x0000000093500000, 0x0000000093600000, 0x0000000093600000|100%| E|CS|TAMS 0x0000000093500000, 0x0000000093500000| Complete 
| 310|0x0000000093600000, 0x0000000093700000, 0x0000000093700000|100%| E|CS|TAMS 0x0000000093600000, 0x0000000093600000| Complete 
| 311|0x0000000093700000, 0x0000000093800000, 0x0000000093800000|100%| E|CS|TAMS 0x0000000093700000, 0x0000000093700000| Complete 
| 312|0x0000000093800000, 0x0000000093900000, 0x0000000093900000|100%| E|CS|TAMS 0x0000000093800000, 0x0000000093800000| Complete 
| 313|0x0000000093900000, 0x0000000093a00000, 0x0000000093a00000|100%| E|CS|TAMS 0x0000000093900000, 0x0000000093900000| Complete 
| 314|0x0000000093a00000, 0x0000000093b00000, 0x0000000093b00000|100%| E|CS|TAMS 0x0000000093a00000, 0x0000000093a00000| Complete 
| 315|0x0000000093b00000, 0x0000000093c00000, 0x0000000093c00000|100%| E|CS|TAMS 0x0000000093b00000, 0x0000000093b00000| Complete 
| 316|0x0000000093c00000, 0x0000000093d00000, 0x0000000093d00000|100%| E|CS|TAMS 0x0000000093c00000, 0x0000000093c00000| Complete 
| 317|0x0000000093d00000, 0x0000000093e00000, 0x0000000093e00000|100%| E|CS|TAMS 0x0000000093d00000, 0x0000000093d00000| Complete 
| 318|0x0000000093e00000, 0x0000000093f00000, 0x0000000093f00000|100%| E|CS|TAMS 0x0000000093e00000, 0x0000000093e00000| Complete 
| 319|0x0000000093f00000, 0x0000000094000000, 0x0000000094000000|100%| E|CS|TAMS 0x0000000093f00000, 0x0000000093f00000| Complete 
| 320|0x0000000094000000, 0x0000000094100000, 0x0000000094100000|100%| E|CS|TAMS 0x0000000094000000, 0x0000000094000000| Complete 
| 321|0x0000000094100000, 0x0000000094200000, 0x0000000094200000|100%| E|CS|TAMS 0x0000000094100000, 0x0000000094100000| Complete 
| 322|0x0000000094200000, 0x0000000094300000, 0x0000000094300000|100%| E|  |TAMS 0x0000000094200000, 0x0000000094200000| Complete 
| 323|0x0000000094300000, 0x0000000094400000, 0x0000000094400000|100%| E|CS|TAMS 0x0000000094300000, 0x0000000094300000| Complete 
| 324|0x0000000094400000, 0x0000000094500000, 0x0000000094500000|100%| E|CS|TAMS 0x0000000094400000, 0x0000000094400000| Complete 
| 325|0x0000000094500000, 0x0000000094600000, 0x0000000094600000|100%| E|CS|TAMS 0x0000000094500000, 0x0000000094500000| Complete 
| 326|0x0000000094600000, 0x0000000094700000, 0x0000000094700000|100%| E|CS|TAMS 0x0000000094600000, 0x0000000094600000| Complete 
| 327|0x0000000094700000, 0x0000000094800000, 0x0000000094800000|100%| E|CS|TAMS 0x0000000094700000, 0x0000000094700000| Complete 
| 328|0x0000000094800000, 0x0000000094900000, 0x0000000094900000|100%| E|CS|TAMS 0x0000000094800000, 0x0000000094800000| Complete 
| 329|0x0000000094900000, 0x0000000094a00000, 0x0000000094a00000|100%| E|CS|TAMS 0x0000000094900000, 0x0000000094900000| Complete 
| 330|0x0000000094a00000, 0x0000000094b00000, 0x0000000094b00000|100%| E|CS|TAMS 0x0000000094a00000, 0x0000000094a00000| Complete 
| 331|0x0000000094b00000, 0x0000000094c00000, 0x0000000094c00000|100%| E|CS|TAMS 0x0000000094b00000, 0x0000000094b00000| Complete 
| 332|0x0000000094c00000, 0x0000000094d00000, 0x0000000094d00000|100%| E|CS|TAMS 0x0000000094c00000, 0x0000000094c00000| Complete 
| 333|0x0000000094d00000, 0x0000000094e00000, 0x0000000094e00000|100%| E|CS|TAMS 0x0000000094d00000, 0x0000000094d00000| Complete 
| 334|0x0000000094e00000, 0x0000000094f00000, 0x0000000094f00000|100%| E|CS|TAMS 0x0000000094e00000, 0x0000000094e00000| Complete 
| 335|0x0000000094f00000, 0x0000000095000000, 0x0000000095000000|100%| E|CS|TAMS 0x0000000094f00000, 0x0000000094f00000| Complete 
| 336|0x0000000095000000, 0x0000000095100000, 0x0000000095100000|100%| E|CS|TAMS 0x0000000095000000, 0x0000000095000000| Complete 
| 337|0x0000000095100000, 0x0000000095200000, 0x0000000095200000|100%| E|CS|TAMS 0x0000000095100000, 0x0000000095100000| Complete 
| 338|0x0000000095200000, 0x0000000095300000, 0x0000000095300000|100%| E|CS|TAMS 0x0000000095200000, 0x0000000095200000| Complete 
| 339|0x0000000095300000, 0x0000000095400000, 0x0000000095400000|100%| E|CS|TAMS 0x0000000095300000, 0x0000000095300000| Complete 
| 340|0x0000000095400000, 0x0000000095500000, 0x0000000095500000|100%| E|CS|TAMS 0x0000000095400000, 0x0000000095400000| Complete 
| 341|0x0000000095500000, 0x0000000095600000, 0x0000000095600000|100%| E|CS|TAMS 0x0000000095500000, 0x0000000095500000| Complete 
| 342|0x0000000095600000, 0x0000000095700000, 0x0000000095700000|100%| E|CS|TAMS 0x0000000095600000, 0x0000000095600000| Complete 
| 343|0x0000000095700000, 0x0000000095800000, 0x0000000095800000|100%| E|CS|TAMS 0x0000000095700000, 0x0000000095700000| Complete 
| 344|0x0000000095800000, 0x0000000095900000, 0x0000000095900000|100%| E|CS|TAMS 0x0000000095800000, 0x0000000095800000| Complete 
| 345|0x0000000095900000, 0x0000000095a00000, 0x0000000095a00000|100%| E|CS|TAMS 0x0000000095900000, 0x0000000095900000| Complete 
| 346|0x0000000095a00000, 0x0000000095b00000, 0x0000000095b00000|100%| E|CS|TAMS 0x0000000095a00000, 0x0000000095a00000| Complete 
| 347|0x0000000095b00000, 0x0000000095c00000, 0x0000000095c00000|100%| E|CS|TAMS 0x0000000095b00000, 0x0000000095b00000| Complete 
| 348|0x0000000095c00000, 0x0000000095d00000, 0x0000000095d00000|100%| E|CS|TAMS 0x0000000095c00000, 0x0000000095c00000| Complete 
| 349|0x0000000095d00000, 0x0000000095e00000, 0x0000000095e00000|100%| E|CS|TAMS 0x0000000095d00000, 0x0000000095d00000| Complete 
| 350|0x0000000095e00000, 0x0000000095f00000, 0x0000000095f00000|100%| E|CS|TAMS 0x0000000095e00000, 0x0000000095e00000| Complete 
| 351|0x0000000095f00000, 0x0000000096000000, 0x0000000096000000|100%| E|CS|TAMS 0x0000000095f00000, 0x0000000095f00000| Complete 
| 352|0x0000000096000000, 0x0000000096100000, 0x0000000096100000|100%| E|CS|TAMS 0x0000000096000000, 0x0000000096000000| Complete 
| 353|0x0000000096100000, 0x0000000096200000, 0x0000000096200000|100%| E|CS|TAMS 0x0000000096100000, 0x0000000096100000| Complete 
| 354|0x0000000096200000, 0x0000000096300000, 0x0000000096300000|100%| E|CS|TAMS 0x0000000096200000, 0x0000000096200000| Complete 
| 355|0x0000000096300000, 0x0000000096400000, 0x0000000096400000|100%| E|CS|TAMS 0x0000000096300000, 0x0000000096300000| Complete 
| 356|0x0000000096400000, 0x0000000096500000, 0x0000000096500000|100%| E|CS|TAMS 0x0000000096400000, 0x0000000096400000| Complete 
| 357|0x0000000096500000, 0x0000000096600000, 0x0000000096600000|100%| E|CS|TAMS 0x0000000096500000, 0x0000000096500000| Complete 
| 358|0x0000000096600000, 0x0000000096700000, 0x0000000096700000|100%| E|CS|TAMS 0x0000000096600000, 0x0000000096600000| Complete 
| 359|0x0000000096700000, 0x0000000096800000, 0x0000000096800000|100%| E|CS|TAMS 0x0000000096700000, 0x0000000096700000| Complete 
| 360|0x0000000096800000, 0x0000000096900000, 0x0000000096900000|100%| E|CS|TAMS 0x0000000096800000, 0x0000000096800000| Complete 
| 361|0x0000000096900000, 0x0000000096a00000, 0x0000000096a00000|100%| E|CS|TAMS 0x0000000096900000, 0x0000000096900000| Complete 
| 362|0x0000000096a00000, 0x0000000096b00000, 0x0000000096b00000|100%| E|CS|TAMS 0x0000000096a00000, 0x0000000096a00000| Complete 
| 363|0x0000000096b00000, 0x0000000096c00000, 0x0000000096c00000|100%| E|CS|TAMS 0x0000000096b00000, 0x0000000096b00000| Complete 
| 364|0x0000000096c00000, 0x0000000096d00000, 0x0000000096d00000|100%| E|CS|TAMS 0x0000000096c00000, 0x0000000096c00000| Complete 
| 365|0x0000000096d00000, 0x0000000096e00000, 0x0000000096e00000|100%| E|CS|TAMS 0x0000000096d00000, 0x0000000096d00000| Complete 
| 366|0x0000000096e00000, 0x0000000096f00000, 0x0000000096f00000|100%| E|CS|TAMS 0x0000000096e00000, 0x0000000096e00000| Complete 
| 367|0x0000000096f00000, 0x0000000097000000, 0x0000000097000000|100%| E|CS|TAMS 0x0000000096f00000, 0x0000000096f00000| Complete 
| 368|0x0000000097000000, 0x0000000097100000, 0x0000000097100000|100%| E|CS|TAMS 0x0000000097000000, 0x0000000097000000| Complete 
| 369|0x0000000097100000, 0x0000000097200000, 0x0000000097200000|100%| E|CS|TAMS 0x0000000097100000, 0x0000000097100000| Complete 
| 370|0x0000000097200000, 0x0000000097300000, 0x0000000097300000|100%| E|CS|TAMS 0x0000000097200000, 0x0000000097200000| Complete 
| 371|0x0000000097300000, 0x0000000097400000, 0x0000000097400000|100%| E|CS|TAMS 0x0000000097300000, 0x0000000097300000| Complete 
| 372|0x0000000097400000, 0x0000000097500000, 0x0000000097500000|100%| E|CS|TAMS 0x0000000097400000, 0x0000000097400000| Complete 
| 373|0x0000000097500000, 0x0000000097600000, 0x0000000097600000|100%| E|CS|TAMS 0x0000000097500000, 0x0000000097500000| Complete 
| 374|0x0000000097600000, 0x0000000097700000, 0x0000000097700000|100%| E|CS|TAMS 0x0000000097600000, 0x0000000097600000| Complete 
| 375|0x0000000097700000, 0x0000000097800000, 0x0000000097800000|100%| E|CS|TAMS 0x0000000097700000, 0x0000000097700000| Complete 
| 376|0x0000000097800000, 0x0000000097900000, 0x0000000097900000|100%| E|CS|TAMS 0x0000000097800000, 0x0000000097800000| Complete 
| 377|0x0000000097900000, 0x0000000097a00000, 0x0000000097a00000|100%| E|CS|TAMS 0x0000000097900000, 0x0000000097900000| Complete 
| 378|0x0000000097a00000, 0x0000000097b00000, 0x0000000097b00000|100%| E|CS|TAMS 0x0000000097a00000, 0x0000000097a00000| Complete 
| 379|0x0000000097b00000, 0x0000000097c00000, 0x0000000097c00000|100%| E|CS|TAMS 0x0000000097b00000, 0x0000000097b00000| Complete 
| 380|0x0000000097c00000, 0x0000000097d00000, 0x0000000097d00000|100%| E|CS|TAMS 0x0000000097c00000, 0x0000000097c00000| Complete 
| 381|0x0000000097d00000, 0x0000000097e00000, 0x0000000097e00000|100%| E|CS|TAMS 0x0000000097d00000, 0x0000000097d00000| Complete 
| 382|0x0000000097e00000, 0x0000000097f00000, 0x0000000097f00000|100%| E|CS|TAMS 0x0000000097e00000, 0x0000000097e00000| Complete 
| 383|0x0000000097f00000, 0x0000000098000000, 0x0000000098000000|100%| E|CS|TAMS 0x0000000097f00000, 0x0000000097f00000| Complete 
| 384|0x0000000098000000, 0x0000000098100000, 0x0000000098100000|100%| E|CS|TAMS 0x0000000098000000, 0x0000000098000000| Complete 
| 385|0x0000000098100000, 0x0000000098200000, 0x0000000098200000|100%| E|CS|TAMS 0x0000000098100000, 0x0000000098100000| Complete 
| 386|0x0000000098200000, 0x0000000098300000, 0x0000000098300000|100%| E|CS|TAMS 0x0000000098200000, 0x0000000098200000| Complete 
| 387|0x0000000098300000, 0x0000000098400000, 0x0000000098400000|100%| E|CS|TAMS 0x0000000098300000, 0x0000000098300000| Complete 
| 388|0x0000000098400000, 0x0000000098500000, 0x0000000098500000|100%| E|CS|TAMS 0x0000000098400000, 0x0000000098400000| Complete 
| 389|0x0000000098500000, 0x0000000098600000, 0x0000000098600000|100%| E|CS|TAMS 0x0000000098500000, 0x0000000098500000| Complete 
| 390|0x0000000098600000, 0x0000000098700000, 0x0000000098700000|100%| E|CS|TAMS 0x0000000098600000, 0x0000000098600000| Complete 
| 391|0x0000000098700000, 0x0000000098800000, 0x0000000098800000|100%| E|CS|TAMS 0x0000000098700000, 0x0000000098700000| Complete 
| 392|0x0000000098800000, 0x0000000098900000, 0x0000000098900000|100%| E|CS|TAMS 0x0000000098800000, 0x0000000098800000| Complete 
| 393|0x0000000098900000, 0x0000000098a00000, 0x0000000098a00000|100%| E|CS|TAMS 0x0000000098900000, 0x0000000098900000| Complete 
| 394|0x0000000098a00000, 0x0000000098b00000, 0x0000000098b00000|100%| E|CS|TAMS 0x0000000098a00000, 0x0000000098a00000| Complete 
| 395|0x0000000098b00000, 0x0000000098c00000, 0x0000000098c00000|100%| E|CS|TAMS 0x0000000098b00000, 0x0000000098b00000| Complete 
| 396|0x0000000098c00000, 0x0000000098d00000, 0x0000000098d00000|100%| E|CS|TAMS 0x0000000098c00000, 0x0000000098c00000| Complete 
| 397|0x0000000098d00000, 0x0000000098e00000, 0x0000000098e00000|100%| E|CS|TAMS 0x0000000098d00000, 0x0000000098d00000| Complete 
| 398|0x0000000098e00000, 0x0000000098f00000, 0x0000000098f00000|100%| E|CS|TAMS 0x0000000098e00000, 0x0000000098e00000| Complete 

Card table byte_map: [0x000001e6f2a60000,0x000001e6f2e60000] _byte_map_base: 0x000001e6f2660000

Marking Bits (Prev, Next): (CMBitMap*) 0x000001e6ee8539e0, (CMBitMap*) 0x000001e6ee8539a8
 Prev Bits: [0x000001e6f5260000, 0x000001e6f7260000)
 Next Bits: [0x000001e6f3260000, 0x000001e6f5260000)

Polling page: 0x000001e6ec7d0000

Metaspace:

Usage:
  Non-class:     40.23 MB capacity,    39.53 MB ( 98%) used,   599.96 KB (  1%) free+waste,   116.81 KB ( <1%) overhead. 
      Class:      6.23 MB capacity,     5.78 MB ( 93%) used,   398.59 KB (  6%) free+waste,    56.31 KB ( <1%) overhead. 
       Both:     46.46 MB capacity,    45.31 MB ( 98%) used,   998.55 KB (  2%) free+waste,   173.12 KB ( <1%) overhead. 

Virtual space:
  Non-class space:       42.00 MB reserved,      40.35 MB ( 96%) committed 
      Class space:        1.00 GB reserved,       6.25 MB ( <1%) committed 
             Both:        1.04 GB reserved,      46.60 MB (  4%) committed 

Chunk freelists:
   Non-Class:  60.00 KB
       Class:  23.00 KB
        Both:  83.00 KB

MaxMetaspaceSize: 17179869184.00 GB
CompressedClassSpaceSize: 1.00 GB
Initial GC threshold: 20.80 MB
Current GC threshold: 71.84 MB
CDS: off

CodeHeap 'non-profiled nmethods': size=120000Kb used=5342Kb max_used=5342Kb free=114657Kb
 bounds [0x000001e687ad0000, 0x000001e688010000, 0x000001e68f000000]
CodeHeap 'profiled nmethods': size=120000Kb used=11725Kb max_used=11725Kb free=108274Kb
 bounds [0x000001e6805a0000, 0x000001e681120000, 0x000001e687ad0000]
CodeHeap 'non-nmethods': size=5760Kb used=2285Kb max_used=2374Kb free=3474Kb
 bounds [0x000001e680000000, 0x000001e680270000, 0x000001e6805a0000]
 total_blobs=6268 nmethods=5486 adapters=694
 compilation: enabled
              stopped_count=0, restarted_count=0
 full_count=0

Compilation events (20 events):
Event: 24.775 Thread 0x000001e6fa57f000 5544       2       java.util.HashMap::getNode (148 bytes)
Event: 24.776 Thread 0x000001e6fa57f000 nmethod 5544 0x000001e681107f10 code [0x000001e681108100, 0x000001e681108528]
Event: 24.776 Thread 0x000001e6fa57f000 5546       3       groovyjarjarantlr4.v4.runtime.atn.ATNConfigSet::add (356 bytes)
Event: 24.778 Thread 0x000001e6fa57f000 nmethod 5546 0x000001e681108790 code [0x000001e681108c80, 0x000001e68110b5f8]
Event: 24.778 Thread 0x000001e6fa57f000 5540       2       groovyjarjarantlr4.v4.runtime.atn.ATNConfig::transform (101 bytes)
Event: 24.779 Thread 0x000001e6fa57f000 nmethod 5540 0x000001e68110c590 code [0x000001e68110c7a0, 0x000001e68110ce88]
Event: 24.779 Thread 0x000001e6fa57f000 5541       2       java.util.HashMap::get (23 bytes)
Event: 24.779 Thread 0x000001e6fa57f000 nmethod 5541 0x000001e68110d110 code [0x000001e68110d2e0, 0x000001e68110d478]
Event: 24.779 Thread 0x000001e6fa57f000 5538       2       groovyjarjarantlr4.v4.runtime.atn.ATNConfig::checkNonGreedyDecision (30 bytes)
Event: 24.780 Thread 0x000001e6fa57f000 nmethod 5538 0x000001e68110d590 code [0x000001e68110d740, 0x000001e68110d908]
Event: 24.780 Thread 0x000001e6fa57f000 5545       2       java.util.HashMap$TreeNode::getTreeNode (22 bytes)
Event: 24.780 Thread 0x000001e6fa57f000 nmethod 5545 0x000001e68110da10 code [0x000001e68110dbe0, 0x000001e68110dd68]
Event: 24.780 Thread 0x000001e6fa57f000 5539       2       java.util.ArrayList::equals (62 bytes)
Event: 24.780 Thread 0x000001e6fa57f000 nmethod 5539 0x000001e68110de90 code [0x000001e68110e080, 0x000001e68110e3e8]
Event: 24.780 Thread 0x000001e6fa57f000 5542       2       groovyjarjarantlr4.v4.runtime.CommonToken::<init> (86 bytes)
Event: 24.781 Thread 0x000001e6fa57f000 nmethod 5542 0x000001e68110e590 code [0x000001e68110e760, 0x000001e68110ea78]
Event: 24.782 Thread 0x000001e6fa57f000 5548       2       java.lang.Integer::compare (20 bytes)
Event: 24.782 Thread 0x000001e6fa57f000 nmethod 5548 0x000001e68110ec90 code [0x000001e68110ee40, 0x000001e68110ef58]
Event: 24.783 Thread 0x000001e6fa57f000 5549       2       groovyjarjarantlr4.v4.runtime.CommonTokenFactory::create (85 bytes)
Event: 24.783 Thread 0x000001e6fa57f000 nmethod 5549 0x000001e68110f010 code [0x000001e68110f200, 0x000001e68110f5a8]

GC Heap History (20 events):
Event: 17.659 GC heap before
{Heap before GC invocations=34 (full 0):
 garbage-first heap   total 330752K, used 296541K [0x0000000080000000, 0x0000000100000000)
  region size 1024K, 191 young (195584K), 14 survivors (14336K)
 Metaspace       used 43217K, capacity 44366K, committed 44648K, reserved 1087488K
  class space    used 5443K, capacity 5861K, committed 5888K, reserved 1048576K
}
Event: 17.672 GC heap after
{Heap after GC invocations=35 (full 0):
 garbage-first heap   total 330752K, used 102726K [0x0000000080000000, 0x0000000100000000)
  region size 1024K, 14 young (14336K), 14 survivors (14336K)
 Metaspace       used 43217K, capacity 44366K, committed 44648K, reserved 1087488K
  class space    used 5443K, capacity 5861K, committed 5888K, reserved 1048576K
}
Event: 18.083 GC heap before
{Heap before GC invocations=35 (full 0):
 garbage-first heap   total 330752K, used 280902K [0x0000000080000000, 0x0000000100000000)
  region size 1024K, 189 young (193536K), 14 survivors (14336K)
 Metaspace       used 43217K, capacity 44366K, committed 44648K, reserved 1087488K
  class space    used 5443K, capacity 5861K, committed 5888K, reserved 1048576K
}
Event: 18.099 GC heap after
{Heap after GC invocations=36 (full 0):
 garbage-first heap   total 408576K, used 106008K [0x0000000080000000, 0x0000000100000000)
  region size 1024K, 16 young (16384K), 16 survivors (16384K)
 Metaspace       used 43217K, capacity 44366K, committed 44648K, reserved 1087488K
  class space    used 5443K, capacity 5861K, committed 5888K, reserved 1048576K
}
Event: 20.522 GC heap before
{Heap before GC invocations=36 (full 0):
 garbage-first heap   total 408576K, used 344600K [0x0000000080000000, 0x0000000100000000)
  region size 1024K, 229 young (234496K), 16 survivors (16384K)
 Metaspace       used 43320K, capacity 44504K, committed 44648K, reserved 1087488K
  class space    used 5448K, capacity 5864K, committed 5888K, reserved 1048576K
}
Event: 20.527 GC heap after
{Heap after GC invocations=37 (full 0):
 garbage-first heap   total 408576K, used 98039K [0x0000000080000000, 0x0000000100000000)
  region size 1024K, 8 young (8192K), 8 survivors (8192K)
 Metaspace       used 43320K, capacity 44504K, committed 44648K, reserved 1087488K
  class space    used 5448K, capacity 5864K, committed 5888K, reserved 1048576K
}
Event: 20.928 GC heap before
{Heap before GC invocations=37 (full 0):
 garbage-first heap   total 408576K, used 334583K [0x0000000080000000, 0x0000000100000000)
  region size 1024K, 239 young (244736K), 8 survivors (8192K)
 Metaspace       used 43320K, capacity 44504K, committed 44648K, reserved 1087488K
  class space    used 5448K, capacity 5864K, committed 5888K, reserved 1048576K
}
Event: 20.934 GC heap after
{Heap after GC invocations=38 (full 0):
 garbage-first heap   total 408576K, used 100585K [0x0000000080000000, 0x0000000100000000)
  region size 1024K, 11 young (11264K), 11 survivors (11264K)
 Metaspace       used 43320K, capacity 44504K, committed 44648K, reserved 1087488K
  class space    used 5448K, capacity 5864K, committed 5888K, reserved 1048576K
}
Event: 21.365 GC heap before
{Heap before GC invocations=38 (full 0):
 garbage-first heap   total 408576K, used 334057K [0x0000000080000000, 0x0000000100000000)
  region size 1024K, 239 young (244736K), 11 survivors (11264K)
 Metaspace       used 43321K, capacity 44505K, committed 44648K, reserved 1087488K
  class space    used 5448K, capacity 5864K, committed 5888K, reserved 1048576K
}
Event: 21.373 GC heap after
{Heap after GC invocations=39 (full 0):
 garbage-first heap   total 408576K, used 103677K [0x0000000080000000, 0x0000000100000000)
  region size 1024K, 14 young (14336K), 14 survivors (14336K)
 Metaspace       used 43321K, capacity 44505K, committed 44648K, reserved 1087488K
  class space    used 5448K, capacity 5864K, committed 5888K, reserved 1048576K
}
Event: 21.766 GC heap before
{Heap before GC invocations=39 (full 0):
 garbage-first heap   total 408576K, used 334077K [0x0000000080000000, 0x0000000100000000)
  region size 1024K, 239 young (244736K), 14 survivors (14336K)
 Metaspace       used 43324K, capacity 44505K, committed 44648K, reserved 1087488K
  class space    used 5448K, capacity 5864K, committed 5888K, reserved 1048576K
}
Event: 21.773 GC heap after
{Heap after GC invocations=40 (full 0):
 garbage-first heap   total 408576K, used 106808K [0x0000000080000000, 0x0000000100000000)
  region size 1024K, 17 young (17408K), 17 survivors (17408K)
 Metaspace       used 43324K, capacity 44505K, committed 44648K, reserved 1087488K
  class space    used 5448K, capacity 5864K, committed 5888K, reserved 1048576K
}
Event: 22.221 GC heap before
{Heap before GC invocations=40 (full 0):
 garbage-first heap   total 408576K, used 334136K [0x0000000080000000, 0x0000000100000000)
  region size 1024K, 239 young (244736K), 17 survivors (17408K)
 Metaspace       used 43324K, capacity 44505K, committed 44648K, reserved 1087488K
  class space    used 5448K, capacity 5864K, committed 5888K, reserved 1048576K
}
Event: 22.232 GC heap after
{Heap after GC invocations=41 (full 0):
 garbage-first heap   total 408576K, used 110895K [0x0000000080000000, 0x0000000100000000)
  region size 1024K, 20 young (20480K), 20 survivors (20480K)
 Metaspace       used 43324K, capacity 44505K, committed 44648K, reserved 1087488K
  class space    used 5448K, capacity 5864K, committed 5888K, reserved 1048576K
}
Event: 22.960 GC heap before
{Heap before GC invocations=41 (full 0):
 garbage-first heap   total 408576K, used 338223K [0x0000000080000000, 0x0000000100000000)
  region size 1024K, 239 young (244736K), 20 survivors (20480K)
 Metaspace       used 43366K, capacity 44520K, committed 44648K, reserved 1087488K
  class space    used 5452K, capacity 5869K, committed 5888K, reserved 1048576K
}
Event: 22.965 GC heap after
{Heap after GC invocations=42 (full 0):
 garbage-first heap   total 408576K, used 87198K [0x0000000080000000, 0x0000000100000000)
  region size 1024K, 2 young (2048K), 2 survivors (2048K)
 Metaspace       used 43366K, capacity 44520K, committed 44648K, reserved 1087488K
  class space    used 5452K, capacity 5869K, committed 5888K, reserved 1048576K
}
Event: 23.339 GC heap before
{Heap before GC invocations=42 (full 0):
 garbage-first heap   total 408576K, used 329886K [0x0000000080000000, 0x0000000100000000)
  region size 1024K, 239 young (244736K), 2 survivors (2048K)
 Metaspace       used 43366K, capacity 44520K, committed 44648K, reserved 1087488K
  class space    used 5452K, capacity 5869K, committed 5888K, reserved 1048576K
}
Event: 23.341 GC heap after
{Heap after GC invocations=43 (full 0):
 garbage-first heap   total 408576K, used 90270K [0x0000000080000000, 0x0000000100000000)
  region size 1024K, 5 young (5120K), 5 survivors (5120K)
 Metaspace       used 43366K, capacity 44520K, committed 44648K, reserved 1087488K
  class space    used 5452K, capacity 5869K, committed 5888K, reserved 1048576K
}
Event: 24.002 GC heap before
{Heap before GC invocations=43 (full 0):
 garbage-first heap   total 408576K, used 332958K [0x0000000080000000, 0x0000000100000000)
  region size 1024K, 239 young (244736K), 5 survivors (5120K)
 Metaspace       used 43366K, capacity 44520K, committed 44648K, reserved 1087488K
  class space    used 5452K, capacity 5869K, committed 5888K, reserved 1048576K
}
Event: 24.005 GC heap after
{Heap after GC invocations=44 (full 0):
 garbage-first heap   total 408576K, used 89582K [0x0000000080000000, 0x0000000100000000)
  region size 1024K, 5 young (5120K), 5 survivors (5120K)
 Metaspace       used 43366K, capacity 44520K, committed 44648K, reserved 1087488K
  class space    used 5452K, capacity 5869K, committed 5888K, reserved 1048576K
}

Deoptimization events (20 events):
Event: 24.732 Thread 0x000001e6fc4cd800 DEOPT PACKING pc=0x000001e681087580 sp=0x000000a3cc2f6e50
Event: 24.732 Thread 0x000001e6fc4cd800 DEOPT UNPACKING pc=0x000001e68004a95e sp=0x000000a3cc2f6340 mode 0
Event: 24.734 Thread 0x000001e6fc4cd800 Uncommon trap: trap_request=0xffffffc6 fr.pc=0x000001e687c41ffc relative=0x000000000000181c
Event: 24.734 Thread 0x000001e6fc4cd800 Uncommon trap: reason=bimorphic_or_optimized_type_check action=maybe_recompile pc=0x000001e687c41ffc method=java.util.concurrent.ConcurrentHashMap.putVal(Ljava/lang/Object;Ljava/lang/Object;Z)Ljava/lang/Object; @ 159 c2
Event: 24.734 Thread 0x000001e6fc4cd800 DEOPT PACKING pc=0x000001e687c41ffc sp=0x000000a3cc2f7280
Event: 24.734 Thread 0x000001e6fc4cd800 DEOPT UNPACKING pc=0x000001e68004a1af sp=0x000000a3cc2f7220 mode 2
Event: 24.772 Thread 0x000001e6fc4cd800 Uncommon trap: trap_request=0xffffff4d fr.pc=0x000001e687ff6010 relative=0x0000000000000410
Event: 24.772 Thread 0x000001e6fc4cd800 Uncommon trap: reason=unstable_if action=reinterpret pc=0x000001e687ff6010 method=groovyjarjarantlr4.v4.runtime.atn.PredictionContextCache$IdentityCommutativePredictionContextOperands.equals(Ljava/lang/Object;)Z @ 40 c2
Event: 24.772 Thread 0x000001e6fc4cd800 DEOPT PACKING pc=0x000001e687ff6010 sp=0x000000a3cc2f7fc0
Event: 24.772 Thread 0x000001e6fc4cd800 DEOPT UNPACKING pc=0x000001e68004a1af sp=0x000000a3cc2f7ca8 mode 2
Event: 24.772 Thread 0x000001e6fc4cd800 Uncommon trap: trap_request=0xffffff4d fr.pc=0x000001e687fe41ec relative=0x000000000000008c
Event: 24.772 Thread 0x000001e6fc4cd800 Uncommon trap: reason=unstable_if action=reinterpret pc=0x000001e687fe41ec method=groovyjarjarantlr4.v4.runtime.atn.ATNConfig.checkNonGreedyDecision(Lgroovyjarjarantlr4/v4/runtime/atn/ATNConfig;Lgroovyjarjarantlr4/v4/runtime/atn/ATNState;)Z @ 21 c2
Event: 24.772 Thread 0x000001e6fc4cd800 DEOPT PACKING pc=0x000001e687fe41ec sp=0x000000a3cc2f8320
Event: 24.772 Thread 0x000001e6fc4cd800 DEOPT UNPACKING pc=0x000001e68004a1af sp=0x000000a3cc2f8260 mode 2
Event: 24.774 Thread 0x000001e6fc4cd800 Uncommon trap: trap_request=0xffffff4d fr.pc=0x000001e687ff33b4 relative=0x00000000000003b4
Event: 24.774 Thread 0x000001e6fc4cd800 Uncommon trap: reason=unstable_if action=reinterpret pc=0x000001e687ff33b4 method=groovyjarjarantlr4.v4.runtime.atn.PredictionContextCache$IdentityCommutativePredictionContextOperands.equals(Ljava/lang/Object;)Z @ 40 c2
Event: 24.774 Thread 0x000001e6fc4cd800 DEOPT PACKING pc=0x000001e687ff33b4 sp=0x000000a3cc2f8300
Event: 24.774 Thread 0x000001e6fc4cd800 DEOPT UNPACKING pc=0x000001e68004a1af sp=0x000000a3cc2f8070 mode 2
Event: 24.776 Thread 0x000001e6fc4cd800 DEOPT PACKING pc=0x000001e6810ad170 sp=0x000000a3cc2f8140
Event: 24.776 Thread 0x000001e6fc4cd800 DEOPT UNPACKING pc=0x000001e68004a95e sp=0x000000a3cc2f7708 mode 0

Classes redefined (0 events):
No events

Internal exceptions (20 events):
Event: 5.185 Thread 0x000001e6fc4cd800 Exception <a 'java/lang/ClassNotFoundException'{0x000000008a98ce60}: org/gradle/api/internal/artifacts/dsl/dependencies/DefaultDependencyHandler_DecoratedCustomizer> (0x000000008a98ce60) thrown at [src/hotspot/share/classfile/systemDictionary.cpp, line 230]
Event: 5.313 Thread 0x000001e6fc4cd800 Exception <a 'java/lang/NoSuchMethodError'{0x000000008a3fcad8}: 'java.lang.Object java.lang.invoke.DirectMethodHandle$Holder.invokeStatic(java.lang.Object, int, java.lang.Object)'> (0x000000008a3fcad8) thrown at [src/hotspot/share/interpreter/linkResolver.cpp, line 773]
Event: 5.392 Thread 0x000001e6fc4cd800 Exception <a 'java/lang/IncompatibleClassChangeError'{0x0000000089b7d428}: Found class java.lang.Object, but interface was expected> (0x0000000089b7d428) thrown at [src/hotspot/share/interpreter/linkResolver.cpp, line 839]
Event: 5.414 Thread 0x000001e6fc4cd800 Exception <a 'java/lang/NoSuchMethodError'{0x0000000089927a70}: 'java.lang.Object java.lang.invoke.Invokers$Holder.linkToTargetMethod(java.lang.Object, int, java.lang.Object)'> (0x0000000089927a70) thrown at [src/hotspot/share/interpreter/linkResolver.cpp, line 773]
Event: 5.470 Thread 0x000001e6fc4cd800 Exception <a 'java/lang/NoSuchMethodError'{0x0000000089524300}: 'int java.lang.invoke.DirectMethodHandle$Holder.invokeStaticInit(java.lang.Object)'> (0x0000000089524300) thrown at [src/hotspot/share/interpreter/linkResolver.cpp, line 773]
Event: 5.508 Thread 0x000001e6fd857000 Exception <a 'sun/nio/fs/WindowsException'{0x0000000089384968}> (0x0000000089384968) thrown at [src/hotspot/share/prims/jni.cpp, line 617]
Event: 5.515 Thread 0x000001e6fd857000 Exception <a 'sun/nio/fs/WindowsException'{0x00000000893ea338}> (0x00000000893ea338) thrown at [src/hotspot/share/prims/jni.cpp, line 617]
Event: 5.516 Thread 0x000001e6fd857000 Exception <a 'sun/nio/fs/WindowsException'{0x00000000893ea450}> (0x00000000893ea450) thrown at [src/hotspot/share/prims/jni.cpp, line 617]
Event: 5.546 Thread 0x000001e6fc4cd800 Exception <a 'java/lang/ClassNotFoundException'{0x000000008920c110}: sync_studio_tooling9_aqr1mvj3fpnyyl519a45x19fnBeanInfo> (0x000000008920c110) thrown at [src/hotspot/share/classfile/systemDictionary.cpp, line 230]
Event: 5.546 Thread 0x000001e6fc4cd800 Exception <a 'java/lang/ClassNotFoundException'{0x00000000892182f8}: sync_studio_tooling9_aqr1mvj3fpnyyl519a45x19fnCustomizer> (0x00000000892182f8) thrown at [src/hotspot/share/classfile/systemDictionary.cpp, line 230]
Event: 5.563 Thread 0x000001e6fc4cd800 Exception <a 'java/lang/ClassNotFoundException'{0x000000008912a130}: ijinit2_6uejsr7vkowyvzs22l8fq5cifBeanInfo> (0x000000008912a130) thrown at [src/hotspot/share/classfile/systemDictionary.cpp, line 230]
Event: 5.563 Thread 0x000001e6fc4cd800 Exception <a 'java/lang/ClassNotFoundException'{0x0000000089135900}: ijinit2_6uejsr7vkowyvzs22l8fq5cifCustomizer> (0x0000000089135900) thrown at [src/hotspot/share/classfile/systemDictionary.cpp, line 230]
Event: 5.568 Thread 0x000001e6fc4cd800 Exception <a 'java/lang/ClassNotFoundException'{0x0000000089187d10}: ijinit2_6uejsr7vkowyvzs22l8fq5cif$_run_closure1BeanInfo> (0x0000000089187d10) thrown at [src/hotspot/share/classfile/systemDictionary.cpp, line 230]
Event: 5.569 Thread 0x000001e6fc4cd800 Exception <a 'java/lang/ClassNotFoundException'{0x000000008918e000}: ijinit2_6uejsr7vkowyvzs22l8fq5cif$_run_closure1Customizer> (0x000000008918e000) thrown at [src/hotspot/share/classfile/systemDictionary.cpp, line 230]
Event: 5.691 Thread 0x000001e6fd858800 Exception <a 'sun/nio/fs/WindowsException'{0x000000008d9abe88}> (0x000000008d9abe88) thrown at [src/hotspot/share/prims/jni.cpp, line 617]
Event: 14.625 Thread 0x000001e6fd858800 Implicit null exception at 0x000001e687e8b68c to 0x000001e687e8c374
Event: 18.405 Thread 0x000001e6fd858800 Exception <a 'sun/nio/fs/WindowsException'{0x000000009475bcf8}> (0x000000009475bcf8) thrown at [src/hotspot/share/prims/jni.cpp, line 617]
Event: 18.406 Thread 0x000001e6fd858800 Exception <a 'sun/nio/fs/WindowsException'{0x000000009475be10}> (0x000000009475be10) thrown at [src/hotspot/share/prims/jni.cpp, line 617]
Event: 20.190 Thread 0x000001e6fc4cd800 Implicit null exception at 0x000001e687d0328f to 0x000001e687d03718
Event: 24.176 Thread 0x000001e6fc4cd800 Exception <a 'java/lang/NoSuchMethodError'{0x000000009432b288}: 'void java.lang.invoke.DirectMethodHandle$Holder.invokeVirtual(java.lang.Object, java.lang.Object)'> (0x000000009432b288) thrown at [src/hotspot/share/interpreter/linkResolver.cpp, line 773]

Events (20 events):
Event: 24.534 loading class java/util/regex/Pattern$StartS
Event: 24.534 loading class java/util/regex/Pattern$StartS done
Event: 24.535 loading class java/util/stream/ReferencePipeline$4
Event: 24.535 loading class java/util/stream/IntPipeline$StatelessOp
Event: 24.535 loading class java/util/stream/IntPipeline$StatelessOp done
Event: 24.535 loading class java/util/stream/ReferencePipeline$4 done
Event: 24.535 loading class java/util/stream/ReferencePipeline$4$1
Event: 24.535 loading class java/util/stream/ReferencePipeline$4$1 done
Event: 24.548 loading class java/util/Collections$SingletonMap
Event: 24.548 loading class java/util/Collections$SingletonMap done
Event: 24.560 loading class org/apache/groovy/parser/antlr4/AstBuilder$1
Event: 24.560 loading class org/apache/groovy/parser/antlr4/AstBuilder$1 done
Event: 24.561 loading class groovyjarjarantlr4/v4/runtime/misc/Args
Event: 24.561 loading class groovyjarjarantlr4/v4/runtime/misc/Args done
Event: 24.562 loading class groovyjarjarantlr4/v4/runtime/ProxyParserErrorListener
Event: 24.562 loading class groovyjarjarantlr4/v4/runtime/ProxyParserErrorListener done
Event: 24.562 loading class groovyjarjarantlr4/v4/runtime/ProxyErrorListener
Event: 24.562 loading class groovyjarjarantlr4/v4/runtime/ProxyErrorListener done
Event: 24.699 Executing VM operation: ICBufferFull
Event: 24.699 Executing VM operation: ICBufferFull done


Dynamic libraries:
0x00007ff6094c0000 - 0x00007ff6094ca000 	C:\Program Files\Android\Android Studio2\jbr\bin\java.exe
0x00007ff8ecf10000 - 0x00007ff8ed124000 	C:\WINDOWS\SYSTEM32\ntdll.dll
0x00007ff8ebf40000 - 0x00007ff8ec003000 	C:\WINDOWS\System32\KERNEL32.DLL
0x00007ff8ea740000 - 0x00007ff8eaadc000 	C:\WINDOWS\System32\KERNELBASE.dll
0x00007ff8ea560000 - 0x00007ff8ea671000 	C:\WINDOWS\System32\ucrtbase.dll
0x00007ff8ceb10000 - 0x00007ff8ceb2b000 	C:\Program Files\Android\Android Studio2\jbr\bin\VCRUNTIME140.dll
0x00007ff8cb050000 - 0x00007ff8cb067000 	C:\Program Files\Android\Android Studio2\jbr\bin\jli.dll
0x00007ff8cbd60000 - 0x00007ff8cbfee000 	C:\WINDOWS\WinSxS\amd64_microsoft.windows.common-controls_6595b64144ccf1df_6.0.22621.608_none_a9444ca7c10bb01d\COMCTL32.dll
0x00007ff8eafb0000 - 0x00007ff8eb15d000 	C:\WINDOWS\System32\USER32.dll
0x00007ff8ec1a0000 - 0x00007ff8ec247000 	C:\WINDOWS\System32\msvcrt.dll
0x00007ff8ea530000 - 0x00007ff8ea556000 	C:\WINDOWS\System32\win32u.dll
0x00007ff8ec5d0000 - 0x00007ff8ec5f9000 	C:\WINDOWS\System32\GDI32.dll
0x00007ff8eac00000 - 0x00007ff8ead13000 	C:\WINDOWS\System32\gdi32full.dll
0x00007ff8eab60000 - 0x00007ff8eabfa000 	C:\WINDOWS\System32\msvcp_win.dll
0x00007ff8ec7b0000 - 0x00007ff8ec7e1000 	C:\WINDOWS\System32\IMM32.DLL
0x00007ff8df0c0000 - 0x00007ff8df0cc000 	C:\Program Files\Android\Android Studio2\jbr\bin\vcruntime140_1.dll
0x00007ff8c7020000 - 0x00007ff8c70ad000 	C:\Program Files\Android\Android Studio2\jbr\bin\msvcp140.dll
0x00007ff89e250000 - 0x00007ff89ee0c000 	C:\Program Files\Android\Android Studio2\jbr\bin\server\jvm.dll
0x00007ff8eb1d0000 - 0x00007ff8eb27e000 	C:\WINDOWS\System32\ADVAPI32.dll
0x00007ff8ec420000 - 0x00007ff8ec4c4000 	C:\WINDOWS\System32\sechost.dll
0x00007ff8ebe20000 - 0x00007ff8ebf35000 	C:\WINDOWS\System32\RPCRT4.dll
0x00007ff8eca20000 - 0x00007ff8eca28000 	C:\WINDOWS\System32\PSAPI.DLL
0x00007ff8e4cd0000 - 0x00007ff8e4cd9000 	C:\WINDOWS\SYSTEM32\WSOCK32.dll
0x00007ff8e3ba0000 - 0x00007ff8e3bd4000 	C:\WINDOWS\SYSTEM32\WINMM.dll
0x00007ff8ec730000 - 0x00007ff8ec7a1000 	C:\WINDOWS\System32\WS2_32.dll
0x00007ff8e24f0000 - 0x00007ff8e24fa000 	C:\WINDOWS\SYSTEM32\VERSION.dll
0x00007ff8e93a0000 - 0x00007ff8e93b8000 	C:\WINDOWS\SYSTEM32\kernel.appcore.dll
0x00007ff8e3d70000 - 0x00007ff8e3d80000 	C:\Program Files\Android\Android Studio2\jbr\bin\verify.dll
0x00007ff8e2910000 - 0x00007ff8e2b3e000 	C:\WINDOWS\SYSTEM32\DBGHELP.DLL
0x00007ff8eba90000 - 0x00007ff8ebe19000 	C:\WINDOWS\System32\combase.dll
0x00007ff8ec650000 - 0x00007ff8ec727000 	C:\WINDOWS\System32\OLEAUT32.dll
0x00007ff8e28d0000 - 0x00007ff8e2902000 	C:\WINDOWS\SYSTEM32\dbgcore.DLL
0x00007ff8eaae0000 - 0x00007ff8eab5b000 	C:\WINDOWS\System32\bcryptPrimitives.dll
0x00007ff8e2330000 - 0x00007ff8e2358000 	C:\Program Files\Android\Android Studio2\jbr\bin\java.dll
0x00007ff8e3010000 - 0x00007ff8e301a000 	C:\Program Files\Android\Android Studio2\jbr\bin\jimage.dll
0x00007ff8e22f0000 - 0x00007ff8e2308000 	C:\Program Files\Android\Android Studio2\jbr\bin\zip.dll
0x00007ff8eb2a0000 - 0x00007ff8eba90000 	C:\WINDOWS\System32\SHELL32.dll
0x00007ff8e8360000 - 0x00007ff8e8c2e000 	C:\WINDOWS\SYSTEM32\windows.storage.dll
0x00007ff8e8220000 - 0x00007ff8e835e000 	C:\WINDOWS\SYSTEM32\wintypes.dll
0x00007ff8ec4d0000 - 0x00007ff8ec5c1000 	C:\WINDOWS\System32\SHCORE.dll
0x00007ff8eb160000 - 0x00007ff8eb1be000 	C:\WINDOWS\System32\shlwapi.dll
0x00007ff8ea280000 - 0x00007ff8ea2a1000 	C:\WINDOWS\SYSTEM32\profapi.dll
0x00007ff8e1fe0000 - 0x00007ff8e1ff9000 	C:\Program Files\Android\Android Studio2\jbr\bin\net.dll
0x00007ff8e3e20000 - 0x00007ff8e3f4f000 	C:\WINDOWS\SYSTEM32\WINHTTP.dll
0x00007ff8e9810000 - 0x00007ff8e9879000 	C:\WINDOWS\system32\mswsock.dll
0x00007ff8e1fc0000 - 0x00007ff8e1fd3000 	C:\Program Files\Android\Android Studio2\jbr\bin\nio.dll
0x00007ff8df0d0000 - 0x00007ff8df0f7000 	E:\native\e1d6ef7f7dcc3fd88c89a11ec53ec762bb8ba0a96d01ffa2cd45eb1d1d8dd5c5\windows-amd64\native-platform.dll
0x00007ff8af7f0000 - 0x00007ff8af934000 	E:\native\5664cfc778a61ccfe75a443a1ab52a65af34e5dc3c78e0209fed803814484fcb\windows-amd64\native-platform-file-events.dll
0x00007ff8e25a0000 - 0x00007ff8e25aa000 	C:\Program Files\Android\Android Studio2\jbr\bin\management.dll
0x00007ff8e1790000 - 0x00007ff8e179b000 	C:\Program Files\Android\Android Studio2\jbr\bin\management_ext.dll
0x00007ff8e9a70000 - 0x00007ff8e9a8b000 	C:\WINDOWS\SYSTEM32\CRYPTSP.dll
0x00007ff8e9310000 - 0x00007ff8e9345000 	C:\WINDOWS\system32\rsaenh.dll
0x00007ff8e9910000 - 0x00007ff8e9938000 	C:\WINDOWS\SYSTEM32\USERENV.dll
0x00007ff8e9c10000 - 0x00007ff8e9c38000 	C:\WINDOWS\SYSTEM32\bcrypt.dll
0x00007ff8e9a90000 - 0x00007ff8e9a9c000 	C:\WINDOWS\SYSTEM32\CRYPTBASE.dll
0x00007ff8e8e80000 - 0x00007ff8e8ead000 	C:\WINDOWS\SYSTEM32\IPHLPAPI.DLL
0x00007ff8eb1c0000 - 0x00007ff8eb1c9000 	C:\WINDOWS\System32\NSI.dll
0x00007ff8e45d0000 - 0x00007ff8e45e9000 	C:\WINDOWS\SYSTEM32\dhcpcsvc6.DLL
0x00007ff8e4170000 - 0x00007ff8e418f000 	C:\WINDOWS\SYSTEM32\dhcpcsvc.DLL
0x00007ff8e8ef0000 - 0x00007ff8e8fe3000 	C:\WINDOWS\SYSTEM32\DNSAPI.dll

dbghelp: loaded successfully - version: 4.0.5 - missing functions: none
symbol engine: initialized successfully - sym options: 0x614 - pdb path: .;C:\Program Files\Android\Android Studio2\jbr\bin;C:\WINDOWS\SYSTEM32;C:\WINDOWS\WinSxS\amd64_microsoft.windows.common-controls_6595b64144ccf1df_6.0.22621.608_none_a9444ca7c10bb01d;C:\Program Files\Android\Android Studio2\jbr\bin\server;E:\native\e1d6ef7f7dcc3fd88c89a11ec53ec762bb8ba0a96d01ffa2cd45eb1d1d8dd5c5\windows-amd64;E:\native\5664cfc778a61ccfe75a443a1ab52a65af34e5dc3c78e0209fed803814484fcb\windows-amd64

VM Arguments:
jvm_args: --add-opens=java.base/java.util=ALL-UNNAMED --add-opens=java.base/java.lang=ALL-UNNAMED --add-opens=java.base/java.lang.invoke=ALL-UNNAMED --add-opens=java.base/java.util=ALL-UNNAMED --add-opens=java.prefs/java.util.prefs=ALL-UNNAMED --add-opens=java.prefs/java.util.prefs=ALL-UNNAMED --add-opens=java.base/java.nio.charset=ALL-UNNAMED --add-opens=java.base/java.net=ALL-UNNAMED --add-opens=java.base/java.util.concurrent.atomic=ALL-UNNAMED -Xmx2048m -Dfile.encoding=UTF-8 -Duser.country=US -Duser.language=en -Duser.variant 
java_command: org.gradle.launcher.daemon.bootstrap.GradleDaemon 7.2
java_class_path (initial): E:\wrapper\dists\gradle-7.2-bin\2dnblmf4td7x66yl1d74lt32g\gradle-7.2\lib\gradle-launcher-7.2.jar
Launcher Type: SUN_STANDARD

[Global flags]
     intx CICompilerCount                          = 4                                         {product} {ergonomic}
     uint ConcGCThreads                            = 2                                         {product} {ergonomic}
     uint G1ConcRefinementThreads                  = 8                                         {product} {ergonomic}
   size_t G1HeapRegionSize                         = 1048576                                   {product} {ergonomic}
    uintx GCDrainStackTargetSize                   = 64                                        {product} {ergonomic}
   size_t InitialHeapSize                          = 234881024                                 {product} {ergonomic}
   size_t MarkStackSize                            = 4194304                                   {product} {ergonomic}
   size_t MaxHeapSize                              = 2147483648                                {product} {command line}
   size_t MaxNewSize                               = 1287651328                                {product} {ergonomic}
   size_t MinHeapDeltaBytes                        = 1048576                                   {product} {ergonomic}
    uintx NonNMethodCodeHeapSize                   = 5836300                                {pd product} {ergonomic}
    uintx NonProfiledCodeHeapSize                  = 122910970                              {pd product} {ergonomic}
    uintx ProfiledCodeHeapSize                     = 122910970                              {pd product} {ergonomic}
    uintx ReservedCodeCacheSize                    = 251658240                              {pd product} {ergonomic}
     bool SegmentedCodeCache                       = true                                      {product} {ergonomic}
     bool UseCompressedClassPointers               = true                                 {lp64_product} {ergonomic}
     bool UseCompressedOops                        = true                                 {lp64_product} {ergonomic}
     bool UseG1GC                                  = true                                      {product} {ergonomic}
     bool UseLargePagesIndividualAllocation        = false                                  {pd product} {ergonomic}

Logging:
Log output configuration:
 #0: stdout all=warning uptime,level,tags
 #1: stderr all=off uptime,level,tags

Environment Variables:
CLASSPATH=C:\mysql-connector-java-5.1.38.jar;.
PATH=C:\Program Files\Google\Chrome\Application;C:\Program Files\Java\jdk1.7.0_80\bin;C:\Program Files (x86)\Common Files\Oracle\Java\javapath;C:\Program Files (x86)\Brackets\command;C:\Program Files (x86)\dotnet\;C:\WINDOWS\system32;C:\WINDOWS;C:\WINDOWS\System32\Wbem;C:\WINDOWS\System32\WindowsPowerShell\v1.0\;C:\WINDOWS\System32\OpenSSH\;C:\Program Files\php-8.1.3;C:\Program Files\dotnet\;C:\MinGW\bin;C:\Program Files\nodejs\;C:\Program Files\Git\cmd;C:\Program Files\Java\jdk1.7.0_80\bin;C:\Program Files (x86)\Common Files\Oracle\Java\javapath;C:\Program Files (x86)\Brackets\command;C:\Program Files (x86)\dotnet\;C:\WINDOWS\system32;C:\WINDOWS;C:\WINDOWS\System32\Wbem;C:\WINDOWS\System32\WindowsPowerShell\v1.0\;C:\WINDOWS\System32\OpenSSH\;C:\Program Files\php-8.1.3;C:\Program Files\dotnet\;C:\MinGW\bin;C:\Program Files\nodejs\;C:\Users\maned\AppData\Local\Programs\Python\Python310\Scripts\;C:\Users\maned\AppData\Local\Programs\Python\Python310\;C:\Program Files\Java\jdk1.7.0_80\bin;C:\WINDOWS\system32;C:\Users\maned\AppData\Local\Microsoft\WindowsApps;C:\msys64\mingw64\bin;;C:\Users\maned\AppData\Local\JetBrains\PyCharm Community Edition 2021.3.2\bin;;C:\Users\maned\AppData\Local\JetBrains\PyCharm 2021.3.2\bin;;C:\TURBOC3\Projects\Microsoft VS Code Insiders\bin;C:\Users\maned\.dotnet\tools;C:\Users\maned\AppData\Roaming\npm;C:\Program Files (x86)\Microsoft VS Code\bin
USERNAME=maned
OS=Windows_NT
PROCESSOR_IDENTIFIER=AMD64 Family 23 Model 24 Stepping 1, AuthenticAMD



---------------  S Y S T E M  ---------------

OS: Windows 11 , 64 bit Build 22621 (10.0.22621.1344)
OS uptime: 29 days 21:03 hours

CPU:total 8 (initial active 8) (8 cores per cpu, 2 threads per core) family 23 model 24 stepping 1 microcode 0x0, cmov, cx8, fxsr, mmx, sse, sse2, sse3, ssse3, sse4.1, sse4.2, popcnt, avx, avx2, aes, clmul, mmxext, 3dnowpref, lzcnt, sse4a, ht, tsc, tscinvbit, tscinv, bmi1, bmi2, adx, sha, fma

Memory: 4k page, system-wide physical 14252M (1962M free)
TotalPageFile size 15752M (AvailPageFile size 6M)
current process WorkingSet (physical memory assigned to process): 601M, peak: 601M
current process commit charge ("private bytes"): 634M, peak: 636M

vm_info: OpenJDK 64-Bit Server VM (11.0.15+0-b2043.56-9505619) for windows-amd64 JRE (11.0.15+0-b2043.56-9505619), built on Jan 19 2023 02:48:00 by "builduser" with unknown MS VC++:1929

END.
