#
# There is insufficient memory for the Java Runtime Environment to continue.
# Native memory allocation (malloc) failed to allocate 1865456 bytes for Chunk::new
# Possible reasons:
#   The system is out of physical RAM or swap space
#   The process is running with CompressedOops enabled, and the Java Heap may be blocking the growth of the native heap
# Possible solutions:
#   Reduce memory load on the system
#   Increase physical memory or swap space
#   Check if swap backing store is full
#   Decrease Java heap size (-Xmx/-Xms)
#   Decrease number of Java threads
#   Decrease Java thread stack sizes (-Xss)
#   Set larger code cache with -XX:ReservedCodeCacheSize=
#   JVM is running with Unscaled Compressed Oops mode in which the Java heap is
#     placed in the first 4GB address space. The Java Heap base address is the
#     maximum limit for the native heap growth. Please use -XX:HeapBaseMinAddress
#     to set the Java Heap base and to place the Java Heap above 4GB virtual address.
# This output file may be truncated or incomplete.
#
#  Out of Memory Error (src/hotspot/share/memory/arena.cpp:197), pid=44236, tid=18140
#
# JRE version: OpenJDK Runtime Environment (11.0.15) (build 11.0.15+0-b2043.56-9505619)
# Java VM: OpenJDK 64-Bit Server VM (11.0.15+0-b2043.56-9505619, mixed mode, tiered, compressed oops, g1 gc, windows-amd64)
# No core dump will be written. Minidumps are not enabled by default on client versions of Windows
#

---------------  S U M M A R Y ------------

Command Line: --add-opens=java.base/java.util=ALL-UNNAMED --add-opens=java.base/java.lang=ALL-UNNAMED --add-opens=java.base/java.lang.invoke=ALL-UNNAMED --add-opens=java.base/java.util=ALL-UNNAMED --add-opens=java.prefs/java.util.prefs=ALL-UNNAMED --add-opens=java.prefs/java.util.prefs=ALL-UNNAMED --add-opens=java.base/java.nio.charset=ALL-UNNAMED --add-opens=java.base/java.net=ALL-UNNAMED --add-opens=java.base/java.util.concurrent.atomic=ALL-UNNAMED -Xmx2048m -Dfile.encoding=UTF-8 -Duser.country=US -Duser.language=en -Duser.variant org.gradle.launcher.daemon.bootstrap.GradleDaemon 7.2

Host: AMD Ryzen 7 3750H with Radeon Vega Mobile Gfx  , 8 cores, 13G,  Windows 11 , 64 bit Build 22621 (10.0.22621.1344)
Time: Fri Apr 14 19:29:09 2023 India Standard Time elapsed time: 13.593655 seconds (0d 0h 0m 13s)

---------------  T H R E A D  ---------------

Current thread (0x0000025845b80800):  JavaThread "C2 CompilerThread0" daemon [_thread_in_native, id=18140, stack(0x000000f7bb300000,0x000000f7bb400000)]


Current CompileTask:
C2:  13593 4806       4       org.objectweb.asm.MethodVisitor::visitInvokeDynamicInsn (39 bytes)

Stack: [0x000000f7bb300000,0x000000f7bb400000]
Native frames: (J=compiled Java code, j=interpreted, Vv=VM code, C=native code)
V  [jvm.dll+0x64135a]
V  [jvm.dll+0x7d39f9]
V  [jvm.dll+0x7d51b9]
V  [jvm.dll+0x7d58a3]
V  [jvm.dll+0x2691c5]
V  [jvm.dll+0xc1a5c]
V  [jvm.dll+0xc200c]
V  [jvm.dll+0x3774a7]
V  [jvm.dll+0x342495]
V  [jvm.dll+0x34186a]
V  [jvm.dll+0x2214bd]
V  [jvm.dll+0x220498]
V  [jvm.dll+0x19e851]
V  [jvm.dll+0x230479]
V  [jvm.dll+0x22e5ef]
V  [jvm.dll+0x794de1]
V  [jvm.dll+0x78dc24]
V  [jvm.dll+0x6400f6]
C  [ucrtbase.dll+0x29363]
C  [KERNEL32.DLL+0x126bd]
C  [ntdll.dll+0x5a9f8]


---------------  P R O C E S S  ---------------

Threads class SMR info:
_java_thread_list=0x0000025846bef710, length=40, elements={
0x000002582ae22800, 0x0000025845b22000, 0x0000025845b24000, 0x0000025845b7a800,
0x0000025845b7b800, 0x0000025845b7c800, 0x0000025845b80800, 0x0000025845b81800,
0x0000025845b85000, 0x0000025845cf3000, 0x0000025847b77000, 0x00000258474aa800,
0x0000025845ee8800, 0x0000025846ebe000, 0x0000025847696000, 0x00000258485dc000,
0x0000025848700000, 0x0000025846edf000, 0x00000258476bc800, 0x00000258461f1000,
0x00000258486c1800, 0x0000025848900000, 0x0000025846e85800, 0x0000025849275800,
0x0000025849272800, 0x0000025849271000, 0x0000025849275000, 0x0000025849270000,
0x0000025849273800, 0x0000025849274000, 0x0000025849276800, 0x0000025849271800,
0x0000025848fe8000, 0x0000025848fe9000, 0x0000025848fe3800, 0x0000025848fe5800,
0x0000025848fea000, 0x0000025848fe6800, 0x0000025848fe7800, 0x0000025848e68000
}

Java Threads: ( => current thread )
  0x000002582ae22800 JavaThread "main" [_thread_blocked, id=28860, stack(0x000000f7ba700000,0x000000f7ba800000)]
  0x0000025845b22000 JavaThread "Reference Handler" daemon [_thread_blocked, id=6740, stack(0x000000f7bae00000,0x000000f7baf00000)]
  0x0000025845b24000 JavaThread "Finalizer" daemon [_thread_blocked, id=39152, stack(0x000000f7baf00000,0x000000f7bb000000)]
  0x0000025845b7a800 JavaThread "Signal Dispatcher" daemon [_thread_blocked, id=46796, stack(0x000000f7bb000000,0x000000f7bb100000)]
  0x0000025845b7b800 JavaThread "Attach Listener" daemon [_thread_blocked, id=41980, stack(0x000000f7bb100000,0x000000f7bb200000)]
  0x0000025845b7c800 JavaThread "Service Thread" daemon [_thread_blocked, id=43920, stack(0x000000f7bb200000,0x000000f7bb300000)]
=>0x0000025845b80800 JavaThread "C2 CompilerThread0" daemon [_thread_in_native, id=18140, stack(0x000000f7bb300000,0x000000f7bb400000)]
  0x0000025845b81800 JavaThread "C1 CompilerThread0" daemon [_thread_blocked, id=45428, stack(0x000000f7bb400000,0x000000f7bb500000)]
  0x0000025845b85000 JavaThread "Sweeper thread" daemon [_thread_blocked, id=31288, stack(0x000000f7bb500000,0x000000f7bb600000)]
  0x0000025845cf3000 JavaThread "Common-Cleaner" daemon [_thread_blocked, id=7580, stack(0x000000f7bb600000,0x000000f7bb700000)]
  0x0000025847b77000 JavaThread "Daemon health stats" [_thread_blocked, id=44420, stack(0x000000f7bbe00000,0x000000f7bbf00000)]
  0x00000258474aa800 JavaThread "Incoming local TCP Connector on port 50769" [_thread_in_native, id=30552, stack(0x000000f7bb800000,0x000000f7bb900000)]
  0x0000025845ee8800 JavaThread "Daemon periodic checks" [_thread_blocked, id=47076, stack(0x000000f7bbd00000,0x000000f7bbe00000)]
  0x0000025846ebe000 JavaThread "Daemon" [_thread_blocked, id=37708, stack(0x000000f7bbf00000,0x000000f7bc000000)]
  0x0000025847696000 JavaThread "Handler for socket connection from /127.0.0.1:50769 to /127.0.0.1:50770" [_thread_in_native, id=44028, stack(0x000000f7bc000000,0x000000f7bc100000)]
  0x00000258485dc000 JavaThread "Cancel handler" [_thread_blocked, id=35300, stack(0x000000f7bc100000,0x000000f7bc200000)]
  0x0000025848700000 JavaThread "Daemon worker" [_thread_blocked, id=45116, stack(0x000000f7bc200000,0x000000f7bc300000)]
  0x0000025846edf000 JavaThread "Asynchronous log dispatcher for DefaultDaemonConnection: socket connection from /127.0.0.1:50769 to /127.0.0.1:50770" [_thread_blocked, id=46332, stack(0x000000f7bc300000,0x000000f7bc400000)]
  0x00000258476bc800 JavaThread "Stdin handler" [_thread_blocked, id=16580, stack(0x000000f7bc400000,0x000000f7bc500000)]
  0x00000258461f1000 JavaThread "Daemon client event forwarder" [_thread_blocked, id=40420, stack(0x000000f7bc500000,0x000000f7bc600000)]
  0x00000258486c1800 JavaThread "Cache worker for journal cache (E:\caches\journal-1)" [_thread_blocked, id=26884, stack(0x000000f7bc600000,0x000000f7bc700000)]
  0x0000025848900000 JavaThread "File lock request listener" [_thread_in_native, id=47084, stack(0x000000f7bc700000,0x000000f7bc800000)]
  0x0000025846e85800 JavaThread "Cache worker for file hash cache (E:\caches\7.2\fileHashes)" [_thread_blocked, id=20460, stack(0x000000f7bc800000,0x000000f7bc900000)]
  0x0000025849275800 JavaThread "Cache worker for file hash cache (E:\RoyalEnfield3\.gradle\7.2\fileHashes)" [_thread_blocked, id=32864, stack(0x000000f7bcd00000,0x000000f7bce00000)]
  0x0000025849272800 JavaThread "File watcher server" daemon [_thread_in_native, id=34844, stack(0x000000f7bcf00000,0x000000f7bd000000)]
  0x0000025849271000 JavaThread "File watcher consumer" daemon [_thread_blocked, id=25772, stack(0x000000f7bd000000,0x000000f7bd100000)]
  0x0000025849275000 JavaThread "jar transforms" [_thread_blocked, id=2680, stack(0x000000f7bd100000,0x000000f7bd200000)]
  0x0000025849270000 JavaThread "jar transforms Thread 2" [_thread_blocked, id=21700, stack(0x000000f7bd200000,0x000000f7bd300000)]
  0x0000025849273800 JavaThread "jar transforms Thread 3" [_thread_blocked, id=46944, stack(0x000000f7bd300000,0x000000f7bd400000)]
  0x0000025849274000 JavaThread "jar transforms Thread 4" [_thread_blocked, id=46856, stack(0x000000f7bd400000,0x000000f7bd500000)]
  0x0000025849276800 JavaThread "jar transforms Thread 5" [_thread_in_Java, id=45744, stack(0x000000f7bd500000,0x000000f7bd600000)]
  0x0000025849271800 JavaThread "jar transforms Thread 6" [_thread_blocked, id=44140, stack(0x000000f7bd600000,0x000000f7bd700000)]
  0x0000025848fe8000 JavaThread "jar transforms Thread 7" [_thread_blocked, id=2704, stack(0x000000f7bd700000,0x000000f7bd800000)]
  0x0000025848fe9000 JavaThread "jar transforms Thread 8" [_thread_blocked, id=44656, stack(0x000000f7bd800000,0x000000f7bd900000)]
  0x0000025848fe3800 JavaThread "Cache worker for checksums cache (E:\RoyalEnfield3\.gradle\checksums)" [_thread_blocked, id=18500, stack(0x000000f7bd900000,0x000000f7bda00000)]
  0x0000025848fe5800 JavaThread "Cache worker for cache directory md-supplier (E:\caches\7.2\md-supplier)" [_thread_blocked, id=46148, stack(0x000000f7bda00000,0x000000f7bdb00000)]
  0x0000025848fea000 JavaThread "Cache worker for cache directory md-rule (E:\caches\7.2\md-rule)" [_thread_blocked, id=20948, stack(0x000000f7bdc00000,0x000000f7bdd00000)]
  0x0000025848fe6800 JavaThread "Cache worker for execution history cache (E:\caches\7.2\executionHistory)" [_thread_blocked, id=36108, stack(0x000000f7bdd00000,0x000000f7bde00000)]
  0x0000025848fe7800 JavaThread "Cache worker for file content cache (E:\caches\7.2\fileContent)" [_thread_blocked, id=40476, stack(0x000000f7bde00000,0x000000f7bdf00000)]
  0x0000025848e68000 JavaThread "C2 CompilerThread1" daemon [_thread_in_native, id=43616, stack(0x000000f7bce00000,0x000000f7bcf00000)]

Other Threads:
  0x0000025845b1e000 VMThread "VM Thread" [stack: 0x000000f7bad00000,0x000000f7bae00000] [id=38308]
  0x0000025845d02800 WatcherThread [stack: 0x000000f7bb700000,0x000000f7bb800000] [id=28580]
  0x000002582ae3c800 GCTaskThread "GC Thread#0" [stack: 0x000000f7ba800000,0x000000f7ba900000] [id=35508]
  0x0000025846cc8000 GCTaskThread "GC Thread#1" [stack: 0x000000f7bb900000,0x000000f7bba00000] [id=45632]
  0x0000025846337800 GCTaskThread "GC Thread#2" [stack: 0x000000f7bba00000,0x000000f7bbb00000] [id=39404]
  0x0000025846551000 GCTaskThread "GC Thread#3" [stack: 0x000000f7bbb00000,0x000000f7bbc00000] [id=35920]
  0x000002584628d800 GCTaskThread "GC Thread#4" [stack: 0x000000f7bbc00000,0x000000f7bbd00000] [id=43196]
  0x0000025846dae800 GCTaskThread "GC Thread#5" [stack: 0x000000f7bc900000,0x000000f7bca00000] [id=31752]
  0x000002584808a800 GCTaskThread "GC Thread#6" [stack: 0x000000f7bca00000,0x000000f7bcb00000] [id=42776]
  0x0000025848827000 GCTaskThread "GC Thread#7" [stack: 0x000000f7bcb00000,0x000000f7bcc00000] [id=36268]
  0x000002582ae70000 ConcurrentGCThread "G1 Main Marker" [stack: 0x000000f7ba900000,0x000000f7baa00000] [id=24164]
  0x000002582ae72000 ConcurrentGCThread "G1 Conc#0" [stack: 0x000000f7baa00000,0x000000f7bab00000] [id=35588]
  0x0000025847b6d000 ConcurrentGCThread "G1 Conc#1" [stack: 0x000000f7bcc00000,0x000000f7bcd00000] [id=26584]
  0x000002582aeee800 ConcurrentGCThread "G1 Refine#0" [stack: 0x000000f7bab00000,0x000000f7bac00000] [id=42632]
  0x000002584516a800 ConcurrentGCThread "G1 Young RemSet Sampling" [stack: 0x000000f7bac00000,0x000000f7bad00000] [id=24392]

Threads with active compile tasks:
C2 CompilerThread0    13614 4806       4       org.objectweb.asm.MethodVisitor::visitInvokeDynamicInsn (39 bytes)
C2 CompilerThread1    13614 4810       4       org.gradle.internal.classpath.InstrumentingBackwardsCompatibilityVisitor$BackwardCompatibilityMethodVisitor::visitInvokeDynamicInsn (31 bytes)

VM state:not at safepoint (normal execution)

VM Mutex/Monitor currently owned by a thread: None

Heap address: 0x0000000080000000, size: 2048 MB, Compressed Oops mode: 32-bit
Narrow klass base: 0x0000000000000000, Narrow klass shift: 3
Compressed class space size: 1073741824 Address: 0x0000000100000000

Heap:
 garbage-first heap   total 397312K, used 282366K [0x0000000080000000, 0x0000000100000000)
  region size 1024K, 197 young (201728K), 18 survivors (18432K)
 Metaspace       used 43244K, capacity 44372K, committed 44464K, reserved 1087488K
  class space    used 5446K, capacity 5862K, committed 5888K, reserved 1048576K
Heap Regions: E=young(eden), S=young(survivor), O=old, HS=humongous(starts), HC=humongous(continues), CS=collection set, F=free, A=archive, TAMS=top-at-mark-start (previous, next)
|   0|0x0000000080000000, 0x0000000080100000, 0x0000000080100000|100%| O|  |TAMS 0x0000000080100000, 0x0000000080000000| Untracked 
|   1|0x0000000080100000, 0x0000000080200000, 0x0000000080200000|100%| O|  |TAMS 0x0000000080200000, 0x0000000080100000| Untracked 
|   2|0x0000000080200000, 0x0000000080300000, 0x0000000080300000|100%| O|  |TAMS 0x0000000080300000, 0x0000000080200000| Untracked 
|   3|0x0000000080300000, 0x0000000080400000, 0x0000000080400000|100%|HS|  |TAMS 0x0000000080400000, 0x0000000080300000| Complete 
|   4|0x0000000080400000, 0x0000000080500000, 0x0000000080500000|100%|HC|  |TAMS 0x0000000080500000, 0x0000000080400000| Complete 
|   5|0x0000000080500000, 0x0000000080600000, 0x0000000080600000|100%|HC|  |TAMS 0x0000000080600000, 0x0000000080500000| Complete 
|   6|0x0000000080600000, 0x0000000080700000, 0x0000000080700000|100%| O|  |TAMS 0x0000000080700000, 0x0000000080600000| Untracked 
|   7|0x0000000080700000, 0x0000000080800000, 0x0000000080800000|100%| O|  |TAMS 0x0000000080800000, 0x0000000080700000| Untracked 
|   8|0x0000000080800000, 0x0000000080900000, 0x0000000080900000|100%| O|  |TAMS 0x0000000080900000, 0x0000000080800000| Untracked 
|   9|0x0000000080900000, 0x0000000080a00000, 0x0000000080a00000|100%| O|  |TAMS 0x0000000080a00000, 0x0000000080900000| Untracked 
|  10|0x0000000080a00000, 0x0000000080b00000, 0x0000000080b00000|100%| O|  |TAMS 0x0000000080b00000, 0x0000000080a00000| Untracked 
|  11|0x0000000080b00000, 0x0000000080c00000, 0x0000000080c00000|100%| O|  |TAMS 0x0000000080c00000, 0x0000000080b00000| Untracked 
|  12|0x0000000080c00000, 0x0000000080d00000, 0x0000000080d00000|100%| O|  |TAMS 0x0000000080d00000, 0x0000000080c00000| Untracked 
|  13|0x0000000080d00000, 0x0000000080e00000, 0x0000000080e00000|100%| O|  |TAMS 0x0000000080e00000, 0x0000000080d00000| Untracked 
|  14|0x0000000080e00000, 0x0000000080f00000, 0x0000000080f00000|100%| O|  |TAMS 0x0000000080f00000, 0x0000000080e00000| Untracked 
|  15|0x0000000080f00000, 0x0000000081000000, 0x0000000081000000|100%| O|  |TAMS 0x0000000081000000, 0x0000000080f00000| Untracked 
|  16|0x0000000081000000, 0x0000000081100000, 0x0000000081100000|100%| O|  |TAMS 0x0000000081100000, 0x0000000081000000| Untracked 
|  17|0x0000000081100000, 0x0000000081200000, 0x0000000081200000|100%|HS|  |TAMS 0x0000000081200000, 0x0000000081100000| Complete 
|  18|0x0000000081200000, 0x0000000081300000, 0x0000000081300000|100%|HC|  |TAMS 0x0000000081300000, 0x0000000081200000| Complete 
|  19|0x0000000081300000, 0x0000000081400000, 0x0000000081400000|100%|HS|  |TAMS 0x0000000081400000, 0x0000000081300000| Complete 
|  20|0x0000000081400000, 0x0000000081500000, 0x0000000081500000|100%|HC|  |TAMS 0x0000000081500000, 0x0000000081400000| Complete 
|  21|0x0000000081500000, 0x0000000081600000, 0x0000000081600000|100%|HC|  |TAMS 0x0000000081600000, 0x0000000081500000| Complete 
|  22|0x0000000081600000, 0x0000000081700000, 0x0000000081700000|100%|HS|  |TAMS 0x0000000081700000, 0x0000000081600000| Complete 
|  23|0x0000000081700000, 0x0000000081800000, 0x0000000081800000|100%|HC|  |TAMS 0x0000000081800000, 0x0000000081700000| Complete 
|  24|0x0000000081800000, 0x0000000081900000, 0x0000000081900000|100%|HC|  |TAMS 0x0000000081900000, 0x0000000081800000| Complete 
|  25|0x0000000081900000, 0x0000000081a00000, 0x0000000081a00000|100%|HS|  |TAMS 0x0000000081a00000, 0x0000000081900000| Complete 
|  26|0x0000000081a00000, 0x0000000081b00000, 0x0000000081b00000|100%|HC|  |TAMS 0x0000000081b00000, 0x0000000081a00000| Complete 
|  27|0x0000000081b00000, 0x0000000081c00000, 0x0000000081c00000|100%|HS|  |TAMS 0x0000000081c00000, 0x0000000081b00000| Complete 
|  28|0x0000000081c00000, 0x0000000081d00000, 0x0000000081d00000|100%|HC|  |TAMS 0x0000000081d00000, 0x0000000081c00000| Complete 
|  29|0x0000000081d00000, 0x0000000081e00000, 0x0000000081e00000|100%|HC|  |TAMS 0x0000000081e00000, 0x0000000081d00000| Complete 
|  30|0x0000000081e00000, 0x0000000081f00000, 0x0000000081f00000|100%|HC|  |TAMS 0x0000000081f00000, 0x0000000081e00000| Complete 
|  31|0x0000000081f00000, 0x0000000082000000, 0x0000000082000000|100%|HC|  |TAMS 0x0000000082000000, 0x0000000081f00000| Complete 
|  32|0x0000000082000000, 0x0000000082100000, 0x0000000082100000|100%|HC|  |TAMS 0x0000000082100000, 0x0000000082000000| Complete 
|  33|0x0000000082100000, 0x0000000082200000, 0x0000000082200000|100%|HC|  |TAMS 0x0000000082200000, 0x0000000082100000| Complete 
|  34|0x0000000082200000, 0x0000000082300000, 0x0000000082300000|100%|HC|  |TAMS 0x0000000082300000, 0x0000000082200000| Complete 
|  35|0x0000000082300000, 0x0000000082400000, 0x0000000082400000|100%|HC|  |TAMS 0x0000000082400000, 0x0000000082300000| Complete 
|  36|0x0000000082400000, 0x0000000082500000, 0x0000000082500000|100%|HC|  |TAMS 0x0000000082500000, 0x0000000082400000| Complete 
|  37|0x0000000082500000, 0x0000000082600000, 0x0000000082600000|100%|HS|  |TAMS 0x0000000082600000, 0x0000000082500000| Complete 
|  38|0x0000000082600000, 0x0000000082700000, 0x0000000082700000|100%|HC|  |TAMS 0x0000000082700000, 0x0000000082600000| Complete 
|  39|0x0000000082700000, 0x0000000082800000, 0x0000000082800000|100%|HS|  |TAMS 0x0000000082800000, 0x0000000082700000| Complete 
|  40|0x0000000082800000, 0x0000000082900000, 0x0000000082900000|100%|HC|  |TAMS 0x0000000082900000, 0x0000000082800000| Complete 
|  41|0x0000000082900000, 0x0000000082a00000, 0x0000000082a00000|100%|HC|  |TAMS 0x0000000082a00000, 0x0000000082900000| Complete 
|  42|0x0000000082a00000, 0x0000000082b00000, 0x0000000082b00000|100%|HC|  |TAMS 0x0000000082b00000, 0x0000000082a00000| Complete 
|  43|0x0000000082b00000, 0x0000000082c00000, 0x0000000082c00000|100%|HC|  |TAMS 0x0000000082c00000, 0x0000000082b00000| Complete 
|  44|0x0000000082c00000, 0x0000000082d00000, 0x0000000082d00000|100%|HS|  |TAMS 0x0000000082c00000, 0x0000000082c00000| Complete 
|  45|0x0000000082d00000, 0x0000000082d00000, 0x0000000082e00000|  0%| F|  |TAMS 0x0000000082d00000, 0x0000000082d00000| Untracked 
|  46|0x0000000082e00000, 0x0000000082e00000, 0x0000000082f00000|  0%| F|  |TAMS 0x0000000082e00000, 0x0000000082e00000| Untracked 
|  47|0x0000000082f00000, 0x0000000083000000, 0x0000000083000000|100%| O|  |TAMS 0x0000000082f00000, 0x0000000082f00000| Untracked 
|  48|0x0000000083000000, 0x0000000083100000, 0x0000000083100000|100%| O|  |TAMS 0x0000000083000000, 0x0000000083000000| Untracked 
|  49|0x0000000083100000, 0x0000000083200000, 0x0000000083200000|100%| O|  |TAMS 0x0000000083100000, 0x0000000083100000| Untracked 
|  50|0x0000000083200000, 0x0000000083300000, 0x0000000083300000|100%| O|  |TAMS 0x0000000083200000, 0x0000000083200000| Untracked 
|  51|0x0000000083300000, 0x0000000083400000, 0x0000000083400000|100%| O|  |TAMS 0x0000000083300000, 0x0000000083300000| Untracked 
|  52|0x0000000083400000, 0x0000000083500000, 0x0000000083500000|100%| O|  |TAMS 0x0000000083400000, 0x0000000083400000| Untracked 
|  53|0x0000000083500000, 0x0000000083600000, 0x0000000083600000|100%| O|  |TAMS 0x0000000083500000, 0x0000000083500000| Untracked 
|  54|0x0000000083600000, 0x00000000836bf800, 0x0000000083700000| 74%| O|  |TAMS 0x0000000083600000, 0x0000000083600000| Untracked 
|  55|0x0000000083700000, 0x0000000083700000, 0x0000000083800000|  0%| F|  |TAMS 0x0000000083700000, 0x0000000083700000| Untracked 
|  56|0x0000000083800000, 0x0000000083800000, 0x0000000083900000|  0%| F|  |TAMS 0x0000000083800000, 0x0000000083800000| Untracked 
|  57|0x0000000083900000, 0x0000000083900000, 0x0000000083a00000|  0%| F|  |TAMS 0x0000000083900000, 0x0000000083900000| Untracked 
|  58|0x0000000083a00000, 0x0000000083a00000, 0x0000000083b00000|  0%| F|  |TAMS 0x0000000083a00000, 0x0000000083a00000| Untracked 
|  59|0x0000000083b00000, 0x0000000083c00000, 0x0000000083c00000|100%| O|  |TAMS 0x0000000083b00000, 0x0000000083b00000| Untracked 
|  60|0x0000000083c00000, 0x0000000083c00000, 0x0000000083d00000|  0%| F|  |TAMS 0x0000000083c00000, 0x0000000083c00000| Untracked 
|  61|0x0000000083d00000, 0x0000000083d00000, 0x0000000083e00000|  0%| F|  |TAMS 0x0000000083d00000, 0x0000000083d00000| Untracked 
|  62|0x0000000083e00000, 0x0000000083e00000, 0x0000000083f00000|  0%| F|  |TAMS 0x0000000083e00000, 0x0000000083e00000| Untracked 
|  63|0x0000000083f00000, 0x0000000083f00000, 0x0000000084000000|  0%| F|  |TAMS 0x0000000083f00000, 0x0000000083f00000| Untracked 
|  64|0x0000000084000000, 0x0000000084000000, 0x0000000084100000|  0%| F|  |TAMS 0x0000000084000000, 0x0000000084000000| Untracked 
|  65|0x0000000084100000, 0x0000000084200000, 0x0000000084200000|100%| O|  |TAMS 0x0000000084200000, 0x0000000084100000| Untracked 
|  66|0x0000000084200000, 0x0000000084300000, 0x0000000084300000|100%| O|  |TAMS 0x0000000084300000, 0x0000000084200000| Untracked 
|  67|0x0000000084300000, 0x0000000084400000, 0x0000000084400000|100%| O|  |TAMS 0x0000000084400000, 0x0000000084300000| Untracked 
|  68|0x0000000084400000, 0x0000000084500000, 0x0000000084500000|100%| O|  |TAMS 0x0000000084500000, 0x0000000084400000| Untracked 
|  69|0x0000000084500000, 0x0000000084600000, 0x0000000084600000|100%| O|  |TAMS 0x0000000084600000, 0x0000000084500000| Untracked 
|  70|0x0000000084600000, 0x0000000084700000, 0x0000000084700000|100%| O|  |TAMS 0x0000000084700000, 0x0000000084600000| Untracked 
|  71|0x0000000084700000, 0x0000000084800000, 0x0000000084800000|100%| O|  |TAMS 0x0000000084800000, 0x0000000084700000| Untracked 
|  72|0x0000000084800000, 0x0000000084900000, 0x0000000084900000|100%| O|  |TAMS 0x0000000084900000, 0x0000000084800000| Untracked 
|  73|0x0000000084900000, 0x0000000084a00000, 0x0000000084a00000|100%| O|  |TAMS 0x0000000084960400, 0x0000000084900000| Untracked 
|  74|0x0000000084a00000, 0x0000000084a00000, 0x0000000084b00000|  0%| F|  |TAMS 0x0000000084a00000, 0x0000000084a00000| Untracked 
|  75|0x0000000084b00000, 0x0000000084b00000, 0x0000000084c00000|  0%| F|  |TAMS 0x0000000084b00000, 0x0000000084b00000| Untracked 
|  76|0x0000000084c00000, 0x0000000084c00000, 0x0000000084d00000|  0%| F|  |TAMS 0x0000000084c00000, 0x0000000084c00000| Untracked 
|  77|0x0000000084d00000, 0x0000000084e00000, 0x0000000084e00000|100%|HS|  |TAMS 0x0000000084d00000, 0x0000000084d00000| Complete 
|  78|0x0000000084e00000, 0x0000000084f00000, 0x0000000084f00000|100%|HC|  |TAMS 0x0000000084e00000, 0x0000000084e00000| Complete 
|  79|0x0000000084f00000, 0x0000000085000000, 0x0000000085000000|100%|HC|  |TAMS 0x0000000084f00000, 0x0000000084f00000| Complete 
|  80|0x0000000085000000, 0x0000000085100000, 0x0000000085100000|100%|HC|  |TAMS 0x0000000085000000, 0x0000000085000000| Complete 
|  81|0x0000000085100000, 0x0000000085200000, 0x0000000085200000|100%|HC|  |TAMS 0x0000000085100000, 0x0000000085100000| Complete 
|  82|0x0000000085200000, 0x0000000085300000, 0x0000000085300000|100%|HC|  |TAMS 0x0000000085200000, 0x0000000085200000| Complete 
|  83|0x0000000085300000, 0x0000000085400000, 0x0000000085400000|100%|HC|  |TAMS 0x0000000085300000, 0x0000000085300000| Complete 
|  84|0x0000000085400000, 0x0000000085500000, 0x0000000085500000|100%|HC|  |TAMS 0x0000000085400000, 0x0000000085400000| Complete 
|  85|0x0000000085500000, 0x0000000085600000, 0x0000000085600000|100%|HC|  |TAMS 0x0000000085500000, 0x0000000085500000| Complete 
|  86|0x0000000085600000, 0x0000000085700000, 0x0000000085700000|100%|HC|  |TAMS 0x0000000085600000, 0x0000000085600000| Complete 
|  87|0x0000000085700000, 0x0000000085800000, 0x0000000085800000|100%|HS|  |TAMS 0x0000000085700000, 0x0000000085700000| Complete 
|  88|0x0000000085800000, 0x0000000085900000, 0x0000000085900000|100%|HC|  |TAMS 0x0000000085800000, 0x0000000085800000| Complete 
|  89|0x0000000085900000, 0x0000000085a00000, 0x0000000085a00000|100%| O|  |TAMS 0x0000000085900000, 0x0000000085900000| Untracked 
|  90|0x0000000085a00000, 0x0000000085b00000, 0x0000000085b00000|100%| O|  |TAMS 0x0000000085a00000, 0x0000000085a00000| Untracked 
|  91|0x0000000085b00000, 0x0000000085c00000, 0x0000000085c00000|100%| O|  |TAMS 0x0000000085b00000, 0x0000000085b00000| Untracked 
|  92|0x0000000085c00000, 0x0000000085d00000, 0x0000000085d00000|100%| O|  |TAMS 0x0000000085c00000, 0x0000000085c00000| Untracked 
|  93|0x0000000085d00000, 0x0000000085e00000, 0x0000000085e00000|100%| O|  |TAMS 0x0000000085d00000, 0x0000000085d00000| Untracked 
|  94|0x0000000085e00000, 0x0000000085e00000, 0x0000000085f00000|  0%| F|  |TAMS 0x0000000085e00000, 0x0000000085e00000| Untracked 
|  95|0x0000000085f00000, 0x0000000085f00000, 0x0000000086000000|  0%| F|  |TAMS 0x0000000085f00000, 0x0000000085f00000| Untracked 
|  96|0x0000000086000000, 0x0000000086000000, 0x0000000086100000|  0%| F|  |TAMS 0x0000000086000000, 0x0000000086000000| Untracked 
|  97|0x0000000086100000, 0x0000000086100000, 0x0000000086200000|  0%| F|  |TAMS 0x0000000086100000, 0x0000000086100000| Untracked 
|  98|0x0000000086200000, 0x0000000086200000, 0x0000000086300000|  0%| F|  |TAMS 0x0000000086200000, 0x0000000086200000| Untracked 
|  99|0x0000000086300000, 0x0000000086300000, 0x0000000086400000|  0%| F|  |TAMS 0x0000000086300000, 0x0000000086300000| Untracked 
| 100|0x0000000086400000, 0x0000000086400000, 0x0000000086500000|  0%| F|  |TAMS 0x0000000086400000, 0x0000000086400000| Untracked 
| 101|0x0000000086500000, 0x0000000086500000, 0x0000000086600000|  0%| F|  |TAMS 0x0000000086500000, 0x0000000086500000| Untracked 
| 102|0x0000000086600000, 0x0000000086600000, 0x0000000086700000|  0%| F|  |TAMS 0x0000000086600000, 0x0000000086600000| Untracked 
| 103|0x0000000086700000, 0x0000000086700000, 0x0000000086800000|  0%| F|  |TAMS 0x0000000086700000, 0x0000000086700000| Untracked 
| 104|0x0000000086800000, 0x0000000086800000, 0x0000000086900000|  0%| F|  |TAMS 0x0000000086800000, 0x0000000086800000| Untracked 
| 105|0x0000000086900000, 0x0000000086900000, 0x0000000086a00000|  0%| F|  |TAMS 0x0000000086900000, 0x0000000086900000| Untracked 
| 106|0x0000000086a00000, 0x0000000086a00000, 0x0000000086b00000|  0%| F|  |TAMS 0x0000000086a00000, 0x0000000086a00000| Untracked 
| 107|0x0000000086b00000, 0x0000000086b00000, 0x0000000086c00000|  0%| F|  |TAMS 0x0000000086b00000, 0x0000000086b00000| Untracked 
| 108|0x0000000086c00000, 0x0000000086c00000, 0x0000000086d00000|  0%| F|  |TAMS 0x0000000086c00000, 0x0000000086c00000| Untracked 
| 109|0x0000000086d00000, 0x0000000086d00000, 0x0000000086e00000|  0%| F|  |TAMS 0x0000000086d00000, 0x0000000086d00000| Untracked 
| 110|0x0000000086e00000, 0x0000000086e00000, 0x0000000086f00000|  0%| F|  |TAMS 0x0000000086e00000, 0x0000000086e00000| Untracked 
| 111|0x0000000086f00000, 0x0000000086f00000, 0x0000000087000000|  0%| F|  |TAMS 0x0000000086f00000, 0x0000000086f00000| Untracked 
| 112|0x0000000087000000, 0x0000000087000000, 0x0000000087100000|  0%| F|  |TAMS 0x0000000087000000, 0x0000000087000000| Untracked 
| 113|0x0000000087100000, 0x0000000087100000, 0x0000000087200000|  0%| F|  |TAMS 0x0000000087100000, 0x0000000087100000| Untracked 
| 114|0x0000000087200000, 0x0000000087200000, 0x0000000087300000|  0%| F|  |TAMS 0x0000000087200000, 0x0000000087200000| Untracked 
| 115|0x0000000087300000, 0x0000000087300000, 0x0000000087400000|  0%| F|  |TAMS 0x0000000087300000, 0x0000000087300000| Untracked 
| 116|0x0000000087400000, 0x0000000087400000, 0x0000000087500000|  0%| F|  |TAMS 0x0000000087400000, 0x0000000087400000| Untracked 
| 117|0x0000000087500000, 0x0000000087500000, 0x0000000087600000|  0%| F|  |TAMS 0x0000000087500000, 0x0000000087500000| Untracked 
| 118|0x0000000087600000, 0x0000000087600000, 0x0000000087700000|  0%| F|  |TAMS 0x0000000087600000, 0x0000000087600000| Untracked 
| 119|0x0000000087700000, 0x0000000087700000, 0x0000000087800000|  0%| F|  |TAMS 0x0000000087700000, 0x0000000087700000| Untracked 
| 120|0x0000000087800000, 0x0000000087800000, 0x0000000087900000|  0%| F|  |TAMS 0x0000000087800000, 0x0000000087800000| Untracked 
| 121|0x0000000087900000, 0x0000000087900000, 0x0000000087a00000|  0%| F|  |TAMS 0x0000000087900000, 0x0000000087900000| Untracked 
| 122|0x0000000087a00000, 0x0000000087a00000, 0x0000000087b00000|  0%| F|  |TAMS 0x0000000087a00000, 0x0000000087a00000| Untracked 
| 123|0x0000000087b00000, 0x0000000087b00000, 0x0000000087c00000|  0%| F|  |TAMS 0x0000000087b00000, 0x0000000087b00000| Untracked 
| 124|0x0000000087c00000, 0x0000000087c00000, 0x0000000087d00000|  0%| F|  |TAMS 0x0000000087c00000, 0x0000000087c00000| Untracked 
| 125|0x0000000087d00000, 0x0000000087d00000, 0x0000000087e00000|  0%| F|  |TAMS 0x0000000087d00000, 0x0000000087d00000| Untracked 
| 126|0x0000000087e00000, 0x0000000087e00000, 0x0000000087f00000|  0%| F|  |TAMS 0x0000000087e00000, 0x0000000087e00000| Untracked 
| 127|0x0000000087f00000, 0x0000000087f00000, 0x0000000088000000|  0%| F|  |TAMS 0x0000000087f00000, 0x0000000087f00000| Untracked 
| 128|0x0000000088000000, 0x0000000088000000, 0x0000000088100000|  0%| F|  |TAMS 0x0000000088000000, 0x0000000088000000| Untracked 
| 129|0x0000000088100000, 0x0000000088100000, 0x0000000088200000|  0%| F|  |TAMS 0x0000000088100000, 0x0000000088100000| Untracked 
| 130|0x0000000088200000, 0x0000000088200000, 0x0000000088300000|  0%| F|  |TAMS 0x0000000088200000, 0x0000000088200000| Untracked 
| 131|0x0000000088300000, 0x0000000088300000, 0x0000000088400000|  0%| F|  |TAMS 0x0000000088300000, 0x0000000088300000| Untracked 
| 132|0x0000000088400000, 0x0000000088400000, 0x0000000088500000|  0%| F|  |TAMS 0x0000000088400000, 0x0000000088400000| Untracked 
| 133|0x0000000088500000, 0x0000000088500000, 0x0000000088600000|  0%| F|  |TAMS 0x0000000088500000, 0x0000000088500000| Untracked 
| 134|0x0000000088600000, 0x0000000088600000, 0x0000000088700000|  0%| F|  |TAMS 0x0000000088600000, 0x0000000088600000| Untracked 
| 135|0x0000000088700000, 0x0000000088700000, 0x0000000088800000|  0%| F|  |TAMS 0x0000000088700000, 0x0000000088700000| Untracked 
| 136|0x0000000088800000, 0x0000000088800000, 0x0000000088900000|  0%| F|  |TAMS 0x0000000088800000, 0x0000000088800000| Untracked 
| 137|0x0000000088900000, 0x0000000088900000, 0x0000000088a00000|  0%| F|  |TAMS 0x0000000088900000, 0x0000000088900000| Untracked 
| 138|0x0000000088a00000, 0x0000000088b00000, 0x0000000088b00000|100%| S|CS|TAMS 0x0000000088a00000, 0x0000000088a00000| Complete 
| 139|0x0000000088b00000, 0x0000000088b00000, 0x0000000088c00000|  0%| F|  |TAMS 0x0000000088b00000, 0x0000000088b00000| Untracked 
| 140|0x0000000088c00000, 0x0000000088c00000, 0x0000000088d00000|  0%| F|  |TAMS 0x0000000088c00000, 0x0000000088c00000| Untracked 
| 141|0x0000000088d00000, 0x0000000088e00000, 0x0000000088e00000|100%| S|CS|TAMS 0x0000000088d00000, 0x0000000088d00000| Complete 
| 142|0x0000000088e00000, 0x0000000088f00000, 0x0000000088f00000|100%| S|CS|TAMS 0x0000000088e00000, 0x0000000088e00000| Complete 
| 143|0x0000000088f00000, 0x0000000089000000, 0x0000000089000000|100%| S|CS|TAMS 0x0000000088f00000, 0x0000000088f00000| Complete 
| 144|0x0000000089000000, 0x0000000089000000, 0x0000000089100000|  0%| F|  |TAMS 0x0000000089000000, 0x0000000089000000| Untracked 
| 145|0x0000000089100000, 0x0000000089100000, 0x0000000089200000|  0%| F|  |TAMS 0x0000000089100000, 0x0000000089100000| Untracked 
| 146|0x0000000089200000, 0x0000000089200000, 0x0000000089300000|  0%| F|  |TAMS 0x0000000089200000, 0x0000000089200000| Untracked 
| 147|0x0000000089300000, 0x0000000089300000, 0x0000000089400000|  0%| F|  |TAMS 0x0000000089300000, 0x0000000089300000| Untracked 
| 148|0x0000000089400000, 0x0000000089400000, 0x0000000089500000|  0%| F|  |TAMS 0x0000000089400000, 0x0000000089400000| Untracked 
| 149|0x0000000089500000, 0x0000000089500000, 0x0000000089600000|  0%| F|  |TAMS 0x0000000089500000, 0x0000000089500000| Untracked 
| 150|0x0000000089600000, 0x0000000089600000, 0x0000000089700000|  0%| F|  |TAMS 0x0000000089600000, 0x0000000089600000| Untracked 
| 151|0x0000000089700000, 0x0000000089700000, 0x0000000089800000|  0%| F|  |TAMS 0x0000000089700000, 0x0000000089700000| Untracked 
| 152|0x0000000089800000, 0x0000000089800000, 0x0000000089900000|  0%| F|  |TAMS 0x0000000089800000, 0x0000000089800000| Untracked 
| 153|0x0000000089900000, 0x0000000089900000, 0x0000000089a00000|  0%| F|  |TAMS 0x0000000089900000, 0x0000000089900000| Untracked 
| 154|0x0000000089a00000, 0x0000000089a00000, 0x0000000089b00000|  0%| F|  |TAMS 0x0000000089a00000, 0x0000000089a00000| Untracked 
| 155|0x0000000089b00000, 0x0000000089b00000, 0x0000000089c00000|  0%| F|  |TAMS 0x0000000089b00000, 0x0000000089b00000| Untracked 
| 156|0x0000000089c00000, 0x0000000089d00000, 0x0000000089d00000|100%| S|CS|TAMS 0x0000000089c00000, 0x0000000089c00000| Complete 
| 157|0x0000000089d00000, 0x0000000089e00000, 0x0000000089e00000|100%| S|CS|TAMS 0x0000000089d00000, 0x0000000089d00000| Complete 
| 158|0x0000000089e00000, 0x0000000089f00000, 0x0000000089f00000|100%| S|CS|TAMS 0x0000000089e00000, 0x0000000089e00000| Complete 
| 159|0x0000000089f00000, 0x000000008a000000, 0x000000008a000000|100%| S|CS|TAMS 0x0000000089f00000, 0x0000000089f00000| Complete 
| 160|0x000000008a000000, 0x000000008a100000, 0x000000008a100000|100%| S|CS|TAMS 0x000000008a000000, 0x000000008a000000| Complete 
| 161|0x000000008a100000, 0x000000008a200000, 0x000000008a200000|100%| S|CS|TAMS 0x000000008a100000, 0x000000008a100000| Complete 
| 162|0x000000008a200000, 0x000000008a300000, 0x000000008a300000|100%| S|CS|TAMS 0x000000008a200000, 0x000000008a200000| Complete 
| 163|0x000000008a300000, 0x000000008a400000, 0x000000008a400000|100%| S|CS|TAMS 0x000000008a300000, 0x000000008a300000| Complete 
| 164|0x000000008a400000, 0x000000008a500000, 0x000000008a500000|100%| S|CS|TAMS 0x000000008a400000, 0x000000008a400000| Complete 
| 165|0x000000008a500000, 0x000000008a600000, 0x000000008a600000|100%| S|CS|TAMS 0x000000008a500000, 0x000000008a500000| Complete 
| 166|0x000000008a600000, 0x000000008a700000, 0x000000008a700000|100%| S|CS|TAMS 0x000000008a600000, 0x000000008a600000| Complete 
| 167|0x000000008a700000, 0x000000008a800000, 0x000000008a800000|100%| S|CS|TAMS 0x000000008a700000, 0x000000008a700000| Complete 
| 168|0x000000008a800000, 0x000000008a800000, 0x000000008a900000|  0%| F|  |TAMS 0x000000008a800000, 0x000000008a800000| Untracked 
| 169|0x000000008a900000, 0x000000008a900000, 0x000000008aa00000|  0%| F|  |TAMS 0x000000008a900000, 0x000000008a900000| Untracked 
| 170|0x000000008aa00000, 0x000000008aa00000, 0x000000008ab00000|  0%| F|  |TAMS 0x000000008aa00000, 0x000000008aa00000| Untracked 
| 171|0x000000008ab00000, 0x000000008ac00000, 0x000000008ac00000|100%| S|CS|TAMS 0x000000008ab00000, 0x000000008ab00000| Complete 
| 172|0x000000008ac00000, 0x000000008ad00000, 0x000000008ad00000|100%| S|CS|TAMS 0x000000008ac00000, 0x000000008ac00000| Complete 
| 173|0x000000008ad00000, 0x000000008ad00000, 0x000000008ae00000|  0%| F|  |TAMS 0x000000008ad00000, 0x000000008ad00000| Untracked 
| 174|0x000000008ae00000, 0x000000008ae00000, 0x000000008af00000|  0%| F|  |TAMS 0x000000008ae00000, 0x000000008ae00000| Untracked 
| 175|0x000000008af00000, 0x000000008af00000, 0x000000008b000000|  0%| F|  |TAMS 0x000000008af00000, 0x000000008af00000| Untracked 
| 176|0x000000008b000000, 0x000000008b000000, 0x000000008b100000|  0%| F|  |TAMS 0x000000008b000000, 0x000000008b000000| Untracked 
| 177|0x000000008b100000, 0x000000008b100000, 0x000000008b200000|  0%| F|  |TAMS 0x000000008b100000, 0x000000008b100000| Untracked 
| 178|0x000000008b200000, 0x000000008b200000, 0x000000008b300000|  0%| F|  |TAMS 0x000000008b200000, 0x000000008b200000| Untracked 
| 179|0x000000008b300000, 0x000000008b300000, 0x000000008b400000|  0%| F|  |TAMS 0x000000008b300000, 0x000000008b300000| Untracked 
| 180|0x000000008b400000, 0x000000008b400000, 0x000000008b500000|  0%| F|  |TAMS 0x000000008b400000, 0x000000008b400000| Untracked 
| 181|0x000000008b500000, 0x000000008b500000, 0x000000008b600000|  0%| F|  |TAMS 0x000000008b500000, 0x000000008b500000| Untracked 
| 182|0x000000008b600000, 0x000000008b600000, 0x000000008b700000|  0%| F|  |TAMS 0x000000008b600000, 0x000000008b600000| Untracked 
| 183|0x000000008b700000, 0x000000008b700000, 0x000000008b800000|  0%| F|  |TAMS 0x000000008b700000, 0x000000008b700000| Untracked 
| 184|0x000000008b800000, 0x000000008b800000, 0x000000008b900000|  0%| F|  |TAMS 0x000000008b800000, 0x000000008b800000| Untracked 
| 185|0x000000008b900000, 0x000000008b900000, 0x000000008ba00000|  0%| F|  |TAMS 0x000000008b900000, 0x000000008b900000| Untracked 
| 186|0x000000008ba00000, 0x000000008ba00000, 0x000000008bb00000|  0%| F|  |TAMS 0x000000008ba00000, 0x000000008ba00000| Untracked 
| 187|0x000000008bb00000, 0x000000008bb00000, 0x000000008bc00000|  0%| F|  |TAMS 0x000000008bb00000, 0x000000008bb00000| Untracked 
| 188|0x000000008bc00000, 0x000000008bc00000, 0x000000008bd00000|  0%| F|  |TAMS 0x000000008bc00000, 0x000000008bc00000| Untracked 
| 189|0x000000008bd00000, 0x000000008bd00000, 0x000000008be00000|  0%| F|  |TAMS 0x000000008bd00000, 0x000000008bd00000| Untracked 
| 190|0x000000008be00000, 0x000000008be00000, 0x000000008bf00000|  0%| F|  |TAMS 0x000000008be00000, 0x000000008be00000| Untracked 
| 191|0x000000008bf00000, 0x000000008bf00000, 0x000000008c000000|  0%| F|  |TAMS 0x000000008bf00000, 0x000000008bf00000| Untracked 
| 192|0x000000008c000000, 0x000000008c000000, 0x000000008c100000|  0%| F|  |TAMS 0x000000008c000000, 0x000000008c000000| Untracked 
| 193|0x000000008c100000, 0x000000008c100000, 0x000000008c200000|  0%| F|  |TAMS 0x000000008c100000, 0x000000008c100000| Untracked 
| 194|0x000000008c200000, 0x000000008c200000, 0x000000008c300000|  0%| F|  |TAMS 0x000000008c200000, 0x000000008c200000| Untracked 
| 195|0x000000008c300000, 0x000000008c300000, 0x000000008c400000|  0%| F|  |TAMS 0x000000008c300000, 0x000000008c300000| Untracked 
| 196|0x000000008c400000, 0x000000008c400000, 0x000000008c500000|  0%| F|  |TAMS 0x000000008c400000, 0x000000008c400000| Untracked 
| 197|0x000000008c500000, 0x000000008c500000, 0x000000008c600000|  0%| F|  |TAMS 0x000000008c500000, 0x000000008c500000| Untracked 
| 198|0x000000008c600000, 0x000000008c600000, 0x000000008c700000|  0%| F|  |TAMS 0x000000008c600000, 0x000000008c600000| Untracked 
| 199|0x000000008c700000, 0x000000008c700000, 0x000000008c800000|  0%| F|  |TAMS 0x000000008c700000, 0x000000008c700000| Untracked 
| 200|0x000000008c800000, 0x000000008c800000, 0x000000008c900000|  0%| F|  |TAMS 0x000000008c800000, 0x000000008c800000| Untracked 
| 201|0x000000008c900000, 0x000000008c900000, 0x000000008ca00000|  0%| F|  |TAMS 0x000000008c900000, 0x000000008c900000| Untracked 
| 202|0x000000008ca00000, 0x000000008ca00000, 0x000000008cb00000|  0%| F|  |TAMS 0x000000008ca00000, 0x000000008ca00000| Untracked 
| 203|0x000000008cb00000, 0x000000008cb00000, 0x000000008cc00000|  0%| F|  |TAMS 0x000000008cb00000, 0x000000008cb00000| Untracked 
| 204|0x000000008cc00000, 0x000000008cc00000, 0x000000008cd00000|  0%| F|  |TAMS 0x000000008cc00000, 0x000000008cc00000| Untracked 
| 205|0x000000008cd00000, 0x000000008cd00000, 0x000000008ce00000|  0%| F|  |TAMS 0x000000008cd00000, 0x000000008cd00000| Untracked 
| 206|0x000000008ce00000, 0x000000008ce00000, 0x000000008cf00000|  0%| F|  |TAMS 0x000000008ce00000, 0x000000008ce00000| Untracked 
| 207|0x000000008cf00000, 0x000000008d000000, 0x000000008d000000|100%| E|  |TAMS 0x000000008cf00000, 0x000000008cf00000| Complete 
| 208|0x000000008d000000, 0x000000008d100000, 0x000000008d100000|100%| E|CS|TAMS 0x000000008d000000, 0x000000008d000000| Complete 
| 209|0x000000008d100000, 0x000000008d200000, 0x000000008d200000|100%| E|CS|TAMS 0x000000008d100000, 0x000000008d100000| Complete 
| 210|0x000000008d200000, 0x000000008d300000, 0x000000008d300000|100%| E|CS|TAMS 0x000000008d200000, 0x000000008d200000| Complete 
| 211|0x000000008d300000, 0x000000008d400000, 0x000000008d400000|100%| E|CS|TAMS 0x000000008d300000, 0x000000008d300000| Complete 
| 212|0x000000008d400000, 0x000000008d500000, 0x000000008d500000|100%| E|CS|TAMS 0x000000008d400000, 0x000000008d400000| Complete 
| 213|0x000000008d500000, 0x000000008d600000, 0x000000008d600000|100%| E|CS|TAMS 0x000000008d500000, 0x000000008d500000| Complete 
| 214|0x000000008d600000, 0x000000008d700000, 0x000000008d700000|100%| E|CS|TAMS 0x000000008d600000, 0x000000008d600000| Complete 
| 215|0x000000008d700000, 0x000000008d800000, 0x000000008d800000|100%| E|CS|TAMS 0x000000008d700000, 0x000000008d700000| Complete 
| 216|0x000000008d800000, 0x000000008d900000, 0x000000008d900000|100%| E|CS|TAMS 0x000000008d800000, 0x000000008d800000| Complete 
| 217|0x000000008d900000, 0x000000008da00000, 0x000000008da00000|100%| E|CS|TAMS 0x000000008d900000, 0x000000008d900000| Complete 
| 218|0x000000008da00000, 0x000000008db00000, 0x000000008db00000|100%| E|CS|TAMS 0x000000008da00000, 0x000000008da00000| Complete 
| 219|0x000000008db00000, 0x000000008dc00000, 0x000000008dc00000|100%| E|CS|TAMS 0x000000008db00000, 0x000000008db00000| Complete 
| 220|0x000000008dc00000, 0x000000008dd00000, 0x000000008dd00000|100%| E|CS|TAMS 0x000000008dc00000, 0x000000008dc00000| Complete 
| 221|0x000000008dd00000, 0x000000008de00000, 0x000000008de00000|100%| E|CS|TAMS 0x000000008dd00000, 0x000000008dd00000| Complete 
| 222|0x000000008de00000, 0x000000008df00000, 0x000000008df00000|100%| E|CS|TAMS 0x000000008de00000, 0x000000008de00000| Complete 
| 223|0x000000008df00000, 0x000000008e000000, 0x000000008e000000|100%| E|CS|TAMS 0x000000008df00000, 0x000000008df00000| Complete 
| 224|0x000000008e000000, 0x000000008e100000, 0x000000008e100000|100%| E|CS|TAMS 0x000000008e000000, 0x000000008e000000| Complete 
| 225|0x000000008e100000, 0x000000008e200000, 0x000000008e200000|100%| E|CS|TAMS 0x000000008e100000, 0x000000008e100000| Complete 
| 226|0x000000008e200000, 0x000000008e300000, 0x000000008e300000|100%| E|CS|TAMS 0x000000008e200000, 0x000000008e200000| Complete 
| 227|0x000000008e300000, 0x000000008e400000, 0x000000008e400000|100%| E|CS|TAMS 0x000000008e300000, 0x000000008e300000| Complete 
| 228|0x000000008e400000, 0x000000008e500000, 0x000000008e500000|100%| E|CS|TAMS 0x000000008e400000, 0x000000008e400000| Complete 
| 229|0x000000008e500000, 0x000000008e600000, 0x000000008e600000|100%| E|CS|TAMS 0x000000008e500000, 0x000000008e500000| Complete 
| 230|0x000000008e600000, 0x000000008e700000, 0x000000008e700000|100%| E|CS|TAMS 0x000000008e600000, 0x000000008e600000| Complete 
| 231|0x000000008e700000, 0x000000008e800000, 0x000000008e800000|100%| E|CS|TAMS 0x000000008e700000, 0x000000008e700000| Complete 
| 232|0x000000008e800000, 0x000000008e900000, 0x000000008e900000|100%| E|CS|TAMS 0x000000008e800000, 0x000000008e800000| Complete 
| 233|0x000000008e900000, 0x000000008ea00000, 0x000000008ea00000|100%| E|CS|TAMS 0x000000008e900000, 0x000000008e900000| Complete 
| 234|0x000000008ea00000, 0x000000008eb00000, 0x000000008eb00000|100%| E|CS|TAMS 0x000000008ea00000, 0x000000008ea00000| Complete 
| 235|0x000000008eb00000, 0x000000008ec00000, 0x000000008ec00000|100%| E|CS|TAMS 0x000000008eb00000, 0x000000008eb00000| Complete 
| 236|0x000000008ec00000, 0x000000008ed00000, 0x000000008ed00000|100%| E|CS|TAMS 0x000000008ec00000, 0x000000008ec00000| Complete 
| 237|0x000000008ed00000, 0x000000008ee00000, 0x000000008ee00000|100%| E|CS|TAMS 0x000000008ed00000, 0x000000008ed00000| Complete 
| 238|0x000000008ee00000, 0x000000008ef00000, 0x000000008ef00000|100%| E|CS|TAMS 0x000000008ee00000, 0x000000008ee00000| Complete 
| 239|0x000000008ef00000, 0x000000008f000000, 0x000000008f000000|100%| E|CS|TAMS 0x000000008ef00000, 0x000000008ef00000| Complete 
| 240|0x000000008f000000, 0x000000008f100000, 0x000000008f100000|100%| E|CS|TAMS 0x000000008f000000, 0x000000008f000000| Complete 
| 241|0x000000008f100000, 0x000000008f200000, 0x000000008f200000|100%| E|CS|TAMS 0x000000008f100000, 0x000000008f100000| Complete 
| 242|0x000000008f200000, 0x000000008f300000, 0x000000008f300000|100%| E|CS|TAMS 0x000000008f200000, 0x000000008f200000| Complete 
| 243|0x000000008f300000, 0x000000008f400000, 0x000000008f400000|100%| E|CS|TAMS 0x000000008f300000, 0x000000008f300000| Complete 
| 244|0x000000008f400000, 0x000000008f500000, 0x000000008f500000|100%| E|CS|TAMS 0x000000008f400000, 0x000000008f400000| Complete 
| 245|0x000000008f500000, 0x000000008f600000, 0x000000008f600000|100%| E|CS|TAMS 0x000000008f500000, 0x000000008f500000| Complete 
| 246|0x000000008f600000, 0x000000008f700000, 0x000000008f700000|100%| E|CS|TAMS 0x000000008f600000, 0x000000008f600000| Complete 
| 247|0x000000008f700000, 0x000000008f800000, 0x000000008f800000|100%| E|CS|TAMS 0x000000008f700000, 0x000000008f700000| Complete 
| 248|0x000000008f800000, 0x000000008f900000, 0x000000008f900000|100%| E|CS|TAMS 0x000000008f800000, 0x000000008f800000| Complete 
| 249|0x000000008f900000, 0x000000008fa00000, 0x000000008fa00000|100%| E|CS|TAMS 0x000000008f900000, 0x000000008f900000| Complete 
| 250|0x000000008fa00000, 0x000000008fb00000, 0x000000008fb00000|100%| E|CS|TAMS 0x000000008fa00000, 0x000000008fa00000| Complete 
| 251|0x000000008fb00000, 0x000000008fc00000, 0x000000008fc00000|100%| E|CS|TAMS 0x000000008fb00000, 0x000000008fb00000| Complete 
| 252|0x000000008fc00000, 0x000000008fd00000, 0x000000008fd00000|100%| E|CS|TAMS 0x000000008fc00000, 0x000000008fc00000| Complete 
| 253|0x000000008fd00000, 0x000000008fe00000, 0x000000008fe00000|100%| E|CS|TAMS 0x000000008fd00000, 0x000000008fd00000| Complete 
| 254|0x000000008fe00000, 0x000000008ff00000, 0x000000008ff00000|100%| E|CS|TAMS 0x000000008fe00000, 0x000000008fe00000| Complete 
| 255|0x000000008ff00000, 0x0000000090000000, 0x0000000090000000|100%| E|CS|TAMS 0x000000008ff00000, 0x000000008ff00000| Complete 
| 256|0x0000000090000000, 0x0000000090100000, 0x0000000090100000|100%| E|CS|TAMS 0x0000000090000000, 0x0000000090000000| Complete 
| 257|0x0000000090100000, 0x0000000090200000, 0x0000000090200000|100%| E|CS|TAMS 0x0000000090100000, 0x0000000090100000| Complete 
| 258|0x0000000090200000, 0x0000000090300000, 0x0000000090300000|100%| E|CS|TAMS 0x0000000090200000, 0x0000000090200000| Complete 
| 259|0x0000000090300000, 0x0000000090400000, 0x0000000090400000|100%| E|CS|TAMS 0x0000000090300000, 0x0000000090300000| Complete 
| 260|0x0000000090400000, 0x0000000090500000, 0x0000000090500000|100%| E|CS|TAMS 0x0000000090400000, 0x0000000090400000| Complete 
| 261|0x0000000090500000, 0x0000000090600000, 0x0000000090600000|100%| E|CS|TAMS 0x0000000090500000, 0x0000000090500000| Complete 
| 262|0x0000000090600000, 0x0000000090700000, 0x0000000090700000|100%| E|CS|TAMS 0x0000000090600000, 0x0000000090600000| Complete 
| 263|0x0000000090700000, 0x0000000090800000, 0x0000000090800000|100%| E|CS|TAMS 0x0000000090700000, 0x0000000090700000| Complete 
| 264|0x0000000090800000, 0x0000000090900000, 0x0000000090900000|100%| E|CS|TAMS 0x0000000090800000, 0x0000000090800000| Complete 
| 265|0x0000000090900000, 0x0000000090a00000, 0x0000000090a00000|100%| E|CS|TAMS 0x0000000090900000, 0x0000000090900000| Complete 
| 266|0x0000000090a00000, 0x0000000090b00000, 0x0000000090b00000|100%| E|CS|TAMS 0x0000000090a00000, 0x0000000090a00000| Complete 
| 267|0x0000000090b00000, 0x0000000090c00000, 0x0000000090c00000|100%| E|CS|TAMS 0x0000000090b00000, 0x0000000090b00000| Complete 
| 268|0x0000000090c00000, 0x0000000090d00000, 0x0000000090d00000|100%| E|CS|TAMS 0x0000000090c00000, 0x0000000090c00000| Complete 
| 269|0x0000000090d00000, 0x0000000090e00000, 0x0000000090e00000|100%| E|CS|TAMS 0x0000000090d00000, 0x0000000090d00000| Complete 
| 270|0x0000000090e00000, 0x0000000090f00000, 0x0000000090f00000|100%| E|CS|TAMS 0x0000000090e00000, 0x0000000090e00000| Complete 
| 271|0x0000000090f00000, 0x0000000091000000, 0x0000000091000000|100%| E|CS|TAMS 0x0000000090f00000, 0x0000000090f00000| Complete 
| 272|0x0000000091000000, 0x0000000091100000, 0x0000000091100000|100%| E|CS|TAMS 0x0000000091000000, 0x0000000091000000| Complete 
| 273|0x0000000091100000, 0x0000000091200000, 0x0000000091200000|100%| E|CS|TAMS 0x0000000091100000, 0x0000000091100000| Complete 
| 274|0x0000000091200000, 0x0000000091300000, 0x0000000091300000|100%| E|CS|TAMS 0x0000000091200000, 0x0000000091200000| Complete 
| 275|0x0000000091300000, 0x0000000091400000, 0x0000000091400000|100%| E|CS|TAMS 0x0000000091300000, 0x0000000091300000| Complete 
| 276|0x0000000091400000, 0x0000000091500000, 0x0000000091500000|100%| E|CS|TAMS 0x0000000091400000, 0x0000000091400000| Complete 
| 277|0x0000000091500000, 0x0000000091600000, 0x0000000091600000|100%| E|CS|TAMS 0x0000000091500000, 0x0000000091500000| Complete 
| 278|0x0000000091600000, 0x0000000091700000, 0x0000000091700000|100%| E|CS|TAMS 0x0000000091600000, 0x0000000091600000| Complete 
| 279|0x0000000091700000, 0x0000000091800000, 0x0000000091800000|100%| E|CS|TAMS 0x0000000091700000, 0x0000000091700000| Complete 
| 280|0x0000000091800000, 0x0000000091900000, 0x0000000091900000|100%| E|CS|TAMS 0x0000000091800000, 0x0000000091800000| Complete 
| 281|0x0000000091900000, 0x0000000091a00000, 0x0000000091a00000|100%| E|CS|TAMS 0x0000000091900000, 0x0000000091900000| Complete 
| 282|0x0000000091a00000, 0x0000000091b00000, 0x0000000091b00000|100%| E|CS|TAMS 0x0000000091a00000, 0x0000000091a00000| Complete 
| 283|0x0000000091b00000, 0x0000000091c00000, 0x0000000091c00000|100%| E|CS|TAMS 0x0000000091b00000, 0x0000000091b00000| Complete 
| 284|0x0000000091c00000, 0x0000000091d00000, 0x0000000091d00000|100%| E|CS|TAMS 0x0000000091c00000, 0x0000000091c00000| Complete 
| 285|0x0000000091d00000, 0x0000000091e00000, 0x0000000091e00000|100%| E|CS|TAMS 0x0000000091d00000, 0x0000000091d00000| Complete 
| 286|0x0000000091e00000, 0x0000000091f00000, 0x0000000091f00000|100%| E|CS|TAMS 0x0000000091e00000, 0x0000000091e00000| Complete 
| 287|0x0000000091f00000, 0x0000000092000000, 0x0000000092000000|100%| E|CS|TAMS 0x0000000091f00000, 0x0000000091f00000| Complete 
| 288|0x0000000092000000, 0x0000000092100000, 0x0000000092100000|100%| E|CS|TAMS 0x0000000092000000, 0x0000000092000000| Complete 
| 289|0x0000000092100000, 0x0000000092200000, 0x0000000092200000|100%| E|CS|TAMS 0x0000000092100000, 0x0000000092100000| Complete 
| 290|0x0000000092200000, 0x0000000092300000, 0x0000000092300000|100%| E|CS|TAMS 0x0000000092200000, 0x0000000092200000| Complete 
| 291|0x0000000092300000, 0x0000000092400000, 0x0000000092400000|100%| E|CS|TAMS 0x0000000092300000, 0x0000000092300000| Complete 
| 292|0x0000000092400000, 0x0000000092500000, 0x0000000092500000|100%| E|CS|TAMS 0x0000000092400000, 0x0000000092400000| Complete 
| 293|0x0000000092500000, 0x0000000092600000, 0x0000000092600000|100%| E|CS|TAMS 0x0000000092500000, 0x0000000092500000| Complete 
| 294|0x0000000092600000, 0x0000000092700000, 0x0000000092700000|100%| E|CS|TAMS 0x0000000092600000, 0x0000000092600000| Complete 
| 295|0x0000000092700000, 0x0000000092800000, 0x0000000092800000|100%| E|CS|TAMS 0x0000000092700000, 0x0000000092700000| Complete 
| 296|0x0000000092800000, 0x0000000092900000, 0x0000000092900000|100%| E|CS|TAMS 0x0000000092800000, 0x0000000092800000| Complete 
| 297|0x0000000092900000, 0x0000000092a00000, 0x0000000092a00000|100%| E|CS|TAMS 0x0000000092900000, 0x0000000092900000| Complete 
| 298|0x0000000092a00000, 0x0000000092b00000, 0x0000000092b00000|100%| E|CS|TAMS 0x0000000092a00000, 0x0000000092a00000| Complete 
| 299|0x0000000092b00000, 0x0000000092c00000, 0x0000000092c00000|100%| E|CS|TAMS 0x0000000092b00000, 0x0000000092b00000| Complete 
| 300|0x0000000092c00000, 0x0000000092d00000, 0x0000000092d00000|100%| E|CS|TAMS 0x0000000092c00000, 0x0000000092c00000| Complete 
| 301|0x0000000092d00000, 0x0000000092e00000, 0x0000000092e00000|100%| E|CS|TAMS 0x0000000092d00000, 0x0000000092d00000| Complete 
| 302|0x0000000092e00000, 0x0000000092f00000, 0x0000000092f00000|100%| E|CS|TAMS 0x0000000092e00000, 0x0000000092e00000| Complete 
| 303|0x0000000092f00000, 0x0000000093000000, 0x0000000093000000|100%| E|CS|TAMS 0x0000000092f00000, 0x0000000092f00000| Complete 
| 304|0x0000000093000000, 0x0000000093100000, 0x0000000093100000|100%| E|CS|TAMS 0x0000000093000000, 0x0000000093000000| Complete 
| 305|0x0000000093100000, 0x0000000093200000, 0x0000000093200000|100%| E|CS|TAMS 0x0000000093100000, 0x0000000093100000| Complete 
| 306|0x0000000093200000, 0x0000000093300000, 0x0000000093300000|100%| E|CS|TAMS 0x0000000093200000, 0x0000000093200000| Complete 
| 307|0x0000000093300000, 0x0000000093400000, 0x0000000093400000|100%| E|CS|TAMS 0x0000000093300000, 0x0000000093300000| Complete 
| 308|0x0000000093400000, 0x0000000093500000, 0x0000000093500000|100%| E|CS|TAMS 0x0000000093400000, 0x0000000093400000| Complete 
| 309|0x0000000093500000, 0x0000000093600000, 0x0000000093600000|100%| E|CS|TAMS 0x0000000093500000, 0x0000000093500000| Complete 
| 310|0x0000000093600000, 0x0000000093700000, 0x0000000093700000|100%| E|CS|TAMS 0x0000000093600000, 0x0000000093600000| Complete 
| 311|0x0000000093700000, 0x0000000093800000, 0x0000000093800000|100%| E|CS|TAMS 0x0000000093700000, 0x0000000093700000| Complete 
| 312|0x0000000093800000, 0x0000000093900000, 0x0000000093900000|100%| E|CS|TAMS 0x0000000093800000, 0x0000000093800000| Complete 
| 313|0x0000000093900000, 0x0000000093a00000, 0x0000000093a00000|100%| E|CS|TAMS 0x0000000093900000, 0x0000000093900000| Complete 
| 314|0x0000000093a00000, 0x0000000093b00000, 0x0000000093b00000|100%| E|CS|TAMS 0x0000000093a00000, 0x0000000093a00000| Complete 
| 315|0x0000000093b00000, 0x0000000093c00000, 0x0000000093c00000|100%| E|CS|TAMS 0x0000000093b00000, 0x0000000093b00000| Complete 
| 316|0x0000000093c00000, 0x0000000093d00000, 0x0000000093d00000|100%| E|CS|TAMS 0x0000000093c00000, 0x0000000093c00000| Complete 
| 317|0x0000000093d00000, 0x0000000093e00000, 0x0000000093e00000|100%| E|CS|TAMS 0x0000000093d00000, 0x0000000093d00000| Complete 
| 318|0x0000000093e00000, 0x0000000093f00000, 0x0000000093f00000|100%| E|CS|TAMS 0x0000000093e00000, 0x0000000093e00000| Complete 
| 319|0x0000000093f00000, 0x0000000094000000, 0x0000000094000000|100%| E|CS|TAMS 0x0000000093f00000, 0x0000000093f00000| Complete 
| 320|0x0000000094000000, 0x0000000094100000, 0x0000000094100000|100%| E|CS|TAMS 0x0000000094000000, 0x0000000094000000| Complete 
| 321|0x0000000094100000, 0x0000000094200000, 0x0000000094200000|100%| E|CS|TAMS 0x0000000094100000, 0x0000000094100000| Complete 
| 322|0x0000000094200000, 0x0000000094300000, 0x0000000094300000|100%| E|CS|TAMS 0x0000000094200000, 0x0000000094200000| Complete 
| 323|0x0000000094300000, 0x0000000094400000, 0x0000000094400000|100%| E|CS|TAMS 0x0000000094300000, 0x0000000094300000| Complete 
| 324|0x0000000094400000, 0x0000000094500000, 0x0000000094500000|100%| E|CS|TAMS 0x0000000094400000, 0x0000000094400000| Complete 
| 325|0x0000000094500000, 0x0000000094600000, 0x0000000094600000|100%| E|CS|TAMS 0x0000000094500000, 0x0000000094500000| Complete 
| 326|0x0000000094600000, 0x0000000094700000, 0x0000000094700000|100%| E|CS|TAMS 0x0000000094600000, 0x0000000094600000| Complete 
| 327|0x0000000094700000, 0x0000000094800000, 0x0000000094800000|100%| E|CS|TAMS 0x0000000094700000, 0x0000000094700000| Complete 
| 328|0x0000000094800000, 0x0000000094900000, 0x0000000094900000|100%| E|CS|TAMS 0x0000000094800000, 0x0000000094800000| Complete 
| 329|0x0000000094900000, 0x0000000094a00000, 0x0000000094a00000|100%| E|CS|TAMS 0x0000000094900000, 0x0000000094900000| Complete 
| 330|0x0000000094a00000, 0x0000000094b00000, 0x0000000094b00000|100%| E|CS|TAMS 0x0000000094a00000, 0x0000000094a00000| Complete 
| 331|0x0000000094b00000, 0x0000000094c00000, 0x0000000094c00000|100%| E|CS|TAMS 0x0000000094b00000, 0x0000000094b00000| Complete 
| 332|0x0000000094c00000, 0x0000000094d00000, 0x0000000094d00000|100%| E|CS|TAMS 0x0000000094c00000, 0x0000000094c00000| Complete 
| 333|0x0000000094d00000, 0x0000000094e00000, 0x0000000094e00000|100%| E|CS|TAMS 0x0000000094d00000, 0x0000000094d00000| Complete 
| 334|0x0000000094e00000, 0x0000000094f00000, 0x0000000094f00000|100%| E|CS|TAMS 0x0000000094e00000, 0x0000000094e00000| Complete 
| 335|0x0000000094f00000, 0x0000000095000000, 0x0000000095000000|100%| E|CS|TAMS 0x0000000094f00000, 0x0000000094f00000| Complete 
| 336|0x0000000095000000, 0x0000000095100000, 0x0000000095100000|100%| E|CS|TAMS 0x0000000095000000, 0x0000000095000000| Complete 
| 337|0x0000000095100000, 0x0000000095200000, 0x0000000095200000|100%| E|CS|TAMS 0x0000000095100000, 0x0000000095100000| Complete 
| 338|0x0000000095200000, 0x0000000095300000, 0x0000000095300000|100%| E|CS|TAMS 0x0000000095200000, 0x0000000095200000| Complete 
| 339|0x0000000095300000, 0x0000000095400000, 0x0000000095400000|100%| E|CS|TAMS 0x0000000095300000, 0x0000000095300000| Complete 
| 340|0x0000000095400000, 0x0000000095500000, 0x0000000095500000|100%| E|CS|TAMS 0x0000000095400000, 0x0000000095400000| Complete 
| 341|0x0000000095500000, 0x0000000095600000, 0x0000000095600000|100%| E|CS|TAMS 0x0000000095500000, 0x0000000095500000| Complete 
| 342|0x0000000095600000, 0x0000000095700000, 0x0000000095700000|100%| E|CS|TAMS 0x0000000095600000, 0x0000000095600000| Complete 
| 343|0x0000000095700000, 0x0000000095800000, 0x0000000095800000|100%| E|CS|TAMS 0x0000000095700000, 0x0000000095700000| Complete 
| 344|0x0000000095800000, 0x0000000095900000, 0x0000000095900000|100%| E|CS|TAMS 0x0000000095800000, 0x0000000095800000| Complete 
| 345|0x0000000095900000, 0x0000000095a00000, 0x0000000095a00000|100%| E|CS|TAMS 0x0000000095900000, 0x0000000095900000| Complete 
| 346|0x0000000095a00000, 0x0000000095b00000, 0x0000000095b00000|100%| E|CS|TAMS 0x0000000095a00000, 0x0000000095a00000| Complete 
| 347|0x0000000095b00000, 0x0000000095c00000, 0x0000000095c00000|100%| E|CS|TAMS 0x0000000095b00000, 0x0000000095b00000| Complete 
| 348|0x0000000095c00000, 0x0000000095d00000, 0x0000000095d00000|100%| E|CS|TAMS 0x0000000095c00000, 0x0000000095c00000| Complete 
| 349|0x0000000095d00000, 0x0000000095e00000, 0x0000000095e00000|100%| E|CS|TAMS 0x0000000095d00000, 0x0000000095d00000| Complete 
| 350|0x0000000095e00000, 0x0000000095f00000, 0x0000000095f00000|100%| E|CS|TAMS 0x0000000095e00000, 0x0000000095e00000| Complete 
| 351|0x0000000095f00000, 0x0000000096000000, 0x0000000096000000|100%| E|CS|TAMS 0x0000000095f00000, 0x0000000095f00000| Complete 
| 352|0x0000000096000000, 0x0000000096100000, 0x0000000096100000|100%| E|CS|TAMS 0x0000000096000000, 0x0000000096000000| Complete 
| 353|0x0000000096100000, 0x0000000096200000, 0x0000000096200000|100%| E|CS|TAMS 0x0000000096100000, 0x0000000096100000| Complete 
| 354|0x0000000096200000, 0x0000000096300000, 0x0000000096300000|100%| E|CS|TAMS 0x0000000096200000, 0x0000000096200000| Complete 
| 355|0x0000000096300000, 0x0000000096400000, 0x0000000096400000|100%| E|CS|TAMS 0x0000000096300000, 0x0000000096300000| Complete 
| 356|0x0000000096400000, 0x0000000096500000, 0x0000000096500000|100%| E|CS|TAMS 0x0000000096400000, 0x0000000096400000| Complete 
| 357|0x0000000096500000, 0x0000000096600000, 0x0000000096600000|100%| E|CS|TAMS 0x0000000096500000, 0x0000000096500000| Complete 
| 358|0x0000000096600000, 0x0000000096700000, 0x0000000096700000|100%| E|CS|TAMS 0x0000000096600000, 0x0000000096600000| Complete 
| 359|0x0000000096700000, 0x0000000096800000, 0x0000000096800000|100%| E|CS|TAMS 0x0000000096700000, 0x0000000096700000| Complete 
| 360|0x0000000096800000, 0x0000000096900000, 0x0000000096900000|100%| E|CS|TAMS 0x0000000096800000, 0x0000000096800000| Complete 
| 361|0x0000000096900000, 0x0000000096a00000, 0x0000000096a00000|100%| E|CS|TAMS 0x0000000096900000, 0x0000000096900000| Complete 
| 362|0x0000000096a00000, 0x0000000096b00000, 0x0000000096b00000|100%| E|CS|TAMS 0x0000000096a00000, 0x0000000096a00000| Complete 
| 363|0x0000000096b00000, 0x0000000096c00000, 0x0000000096c00000|100%| E|CS|TAMS 0x0000000096b00000, 0x0000000096b00000| Complete 
| 364|0x0000000096c00000, 0x0000000096d00000, 0x0000000096d00000|100%| E|CS|TAMS 0x0000000096c00000, 0x0000000096c00000| Complete 
| 365|0x0000000096d00000, 0x0000000096e00000, 0x0000000096e00000|100%| E|CS|TAMS 0x0000000096d00000, 0x0000000096d00000| Complete 
| 366|0x0000000096e00000, 0x0000000096f00000, 0x0000000096f00000|100%| E|CS|TAMS 0x0000000096e00000, 0x0000000096e00000| Complete 
| 367|0x0000000096f00000, 0x0000000097000000, 0x0000000097000000|100%| E|CS|TAMS 0x0000000096f00000, 0x0000000096f00000| Complete 
| 368|0x0000000097000000, 0x0000000097100000, 0x0000000097100000|100%| E|CS|TAMS 0x0000000097000000, 0x0000000097000000| Complete 
| 369|0x0000000097100000, 0x0000000097200000, 0x0000000097200000|100%| E|CS|TAMS 0x0000000097100000, 0x0000000097100000| Complete 
| 370|0x0000000097200000, 0x0000000097300000, 0x0000000097300000|100%| E|CS|TAMS 0x0000000097200000, 0x0000000097200000| Complete 
| 371|0x0000000097300000, 0x0000000097400000, 0x0000000097400000|100%| E|CS|TAMS 0x0000000097300000, 0x0000000097300000| Complete 
| 372|0x0000000097400000, 0x0000000097500000, 0x0000000097500000|100%| E|CS|TAMS 0x0000000097400000, 0x0000000097400000| Complete 
| 373|0x0000000097500000, 0x0000000097600000, 0x0000000097600000|100%| E|CS|TAMS 0x0000000097500000, 0x0000000097500000| Complete 
| 374|0x0000000097600000, 0x0000000097700000, 0x0000000097700000|100%| E|CS|TAMS 0x0000000097600000, 0x0000000097600000| Complete 
| 375|0x0000000097700000, 0x0000000097800000, 0x0000000097800000|100%| E|CS|TAMS 0x0000000097700000, 0x0000000097700000| Complete 
| 376|0x0000000097800000, 0x0000000097900000, 0x0000000097900000|100%| E|CS|TAMS 0x0000000097800000, 0x0000000097800000| Complete 
| 377|0x0000000097900000, 0x0000000097a00000, 0x0000000097a00000|100%| E|CS|TAMS 0x0000000097900000, 0x0000000097900000| Complete 
| 378|0x0000000097a00000, 0x0000000097b00000, 0x0000000097b00000|100%| E|CS|TAMS 0x0000000097a00000, 0x0000000097a00000| Complete 
| 379|0x0000000097b00000, 0x0000000097c00000, 0x0000000097c00000|100%| E|CS|TAMS 0x0000000097b00000, 0x0000000097b00000| Complete 
| 380|0x0000000097c00000, 0x0000000097d00000, 0x0000000097d00000|100%| E|CS|TAMS 0x0000000097c00000, 0x0000000097c00000| Complete 
| 381|0x0000000097d00000, 0x0000000097e00000, 0x0000000097e00000|100%| E|CS|TAMS 0x0000000097d00000, 0x0000000097d00000| Complete 
| 382|0x0000000097e00000, 0x0000000097f00000, 0x0000000097f00000|100%| E|CS|TAMS 0x0000000097e00000, 0x0000000097e00000| Complete 
| 383|0x0000000097f00000, 0x0000000098000000, 0x0000000098000000|100%| E|CS|TAMS 0x0000000097f00000, 0x0000000097f00000| Complete 
| 384|0x0000000098000000, 0x0000000098100000, 0x0000000098100000|100%| E|CS|TAMS 0x0000000098000000, 0x0000000098000000| Complete 
| 385|0x0000000098100000, 0x0000000098200000, 0x0000000098200000|100%| E|CS|TAMS 0x0000000098100000, 0x0000000098100000| Complete 
| 386|0x0000000098200000, 0x0000000098300000, 0x0000000098300000|100%| E|CS|TAMS 0x0000000098200000, 0x0000000098200000| Complete 
| 387|0x0000000098300000, 0x0000000098400000, 0x0000000098400000|100%| E|CS|TAMS 0x0000000098300000, 0x0000000098300000| Complete 

Card table byte_map: [0x000002583e070000,0x000002583e470000] _byte_map_base: 0x000002583dc70000

Marking Bits (Prev, Next): (CMBitMap*) 0x000002582ae67460, (CMBitMap*) 0x000002582ae67428
 Prev Bits: [0x0000025840870000, 0x0000025842870000)
 Next Bits: [0x000002583e870000, 0x0000025840870000)

Polling page: 0x0000025828e00000

Metaspace:

Usage:
  Non-class:     37.61 MB capacity,    36.91 MB ( 98%) used,   601.94 KB (  2%) free+waste,   110.19 KB ( <1%) overhead. 
      Class:      5.72 MB capacity,     5.32 MB ( 93%) used,   362.30 KB (  6%) free+waste,    53.19 KB ( <1%) overhead. 
       Both:     43.33 MB capacity,    42.23 MB ( 97%) used,   964.24 KB (  2%) free+waste,   163.38 KB ( <1%) overhead. 

Virtual space:
  Non-class space:       38.00 MB reserved,      37.67 MB (>99%) committed 
      Class space:        1.00 GB reserved,       5.75 MB ( <1%) committed 
             Both:        1.04 GB reserved,      43.42 MB (  4%) committed 

Chunk freelists:
   Non-Class:  2.00 KB
       Class:  0 bytes
        Both:  2.00 KB

MaxMetaspaceSize: 17179869184.00 GB
CompressedClassSpaceSize: 1.00 GB
Initial GC threshold: 20.80 MB
Current GC threshold: 71.95 MB
CDS: off

CodeHeap 'non-profiled nmethods': size=120000Kb used=4724Kb max_used=4724Kb free=115275Kb
 bounds [0x0000025836410000, 0x00000258368b0000, 0x000002583d940000]
CodeHeap 'profiled nmethods': size=120000Kb used=10710Kb max_used=10710Kb free=109290Kb
 bounds [0x000002582eee0000, 0x000002582f960000, 0x0000025836410000]
CodeHeap 'non-nmethods': size=5760Kb used=2277Kb max_used=2356Kb free=3482Kb
 bounds [0x000002582e940000, 0x000002582ebb0000, 0x000002582eee0000]
 total_blobs=5566 nmethods=4793 adapters=685
 compilation: enabled
              stopped_count=0, restarted_count=0
 full_count=0

Compilation events (20 events):
Event: 13.178 Thread 0x0000025848e68000 4801       4       org.objectweb.asm.MethodVisitor::visitAnnotableParameterCount (17 bytes)
Event: 13.178 Thread 0x0000025845b81800 4802       3       org.objectweb.asm.MethodWriter::visitLocalVariableAnnotation (158 bytes)
Event: 13.179 Thread 0x0000025845b81800 nmethod 4802 0x000002582f94f910 code [0x000002582f94fbc0, 0x000002582f9505a8]
Event: 13.179 Thread 0x0000025848e68000 nmethod 4801 0x00000258368a6c10 code [0x00000258368a6dc0, 0x00000258368a6ed8]
Event: 13.179 Thread 0x0000025848e68000 4800       4       org.objectweb.asm.MethodWriter::visitTypeAnnotation (45 bytes)
Event: 13.193 Thread 0x0000025845b80800 nmethod 4797 0x00000258368a7010 code [0x00000258368a7220, 0x00000258368a8528]
Event: 13.200 Thread 0x0000025848e68000 nmethod 4800 0x00000258368a8c10 code [0x00000258368a8e20, 0x00000258368aa248]
Event: 13.203 Thread 0x0000025845b81800 4803       3       org.objectweb.asm.ClassVisitor::visitNestHost (35 bytes)
Event: 13.203 Thread 0x0000025845b81800 nmethod 4803 0x000002582f950b10 code [0x000002582f950ce0, 0x000002582f950ff8]
Event: 13.296 Thread 0x0000025845b80800 4804       4       org.objectweb.asm.ClassReader::readTypeAnnotationTarget (596 bytes)
Event: 13.325 Thread 0x0000025845b80800 nmethod 4804 0x00000258368aa990 code [0x00000258368aaba0, 0x00000258368abef8]
Event: 13.332 Thread 0x0000025848e68000 4805       4       org.objectweb.asm.Type::getMethodType (16 bytes)
Event: 13.334 Thread 0x0000025848e68000 nmethod 4805 0x00000258368ac610 code [0x00000258368ac7c0, 0x00000258368ac918]
Event: 13.337 Thread 0x0000025845b80800 4806       4       org.objectweb.asm.MethodVisitor::visitInvokeDynamicInsn (39 bytes)
Event: 13.353 Thread 0x0000025848e68000 4807       4       org.objectweb.asm.ClassWriter::visitOuterClass (37 bytes)
Event: 13.355 Thread 0x0000025848e68000 nmethod 4807 0x00000258368aca10 code [0x00000258368acbc0, 0x00000258368accd8]
Event: 13.367 Thread 0x0000025845b81800 4808       3       org.objectweb.asm.ClassReader::readTypeAnnotations (590 bytes)
Event: 13.369 Thread 0x0000025845b81800 nmethod 4808 0x000002582f951110 code [0x000002582f951440, 0x000002582f953138]
Event: 13.483 Thread 0x0000025848e68000 4809       4       org.objectweb.asm.ClassVisitor::visitOuterClass (18 bytes)
Event: 13.485 Thread 0x0000025848e68000 nmethod 4809 0x00000258368ace90 code [0x00000258368ad040, 0x00000258368ad1b8]

GC Heap History (20 events):
Event: 9.701 GC heap before
{Heap before GC invocations=25 (full 0):
 garbage-first heap   total 275456K, used 234713K [0x0000000080000000, 0x0000000100000000)
  region size 1024K, 149 young (152576K), 12 survivors (12288K)
 Metaspace       used 43169K, capacity 44308K, committed 44464K, reserved 1087488K
  class space    used 5436K, capacity 5862K, committed 5888K, reserved 1048576K
}
Event: 9.710 GC heap after
{Heap after GC invocations=26 (full 0):
 garbage-first heap   total 330752K, used 95277K [0x0000000080000000, 0x0000000100000000)
  region size 1024K, 11 young (11264K), 11 survivors (11264K)
 Metaspace       used 43169K, capacity 44308K, committed 44464K, reserved 1087488K
  class space    used 5436K, capacity 5862K, committed 5888K, reserved 1048576K
}
Event: 9.991 GC heap before
{Heap before GC invocations=26 (full 0):
 garbage-first heap   total 330752K, used 268333K [0x0000000080000000, 0x0000000100000000)
  region size 1024K, 180 young (184320K), 11 survivors (11264K)
 Metaspace       used 43169K, capacity 44308K, committed 44464K, reserved 1087488K
  class space    used 5436K, capacity 5862K, committed 5888K, reserved 1048576K
}
Event: 9.997 GC heap after
{Heap after GC invocations=27 (full 0):
 garbage-first heap   total 330752K, used 96561K [0x0000000080000000, 0x0000000100000000)
  region size 1024K, 13 young (13312K), 13 survivors (13312K)
 Metaspace       used 43169K, capacity 44308K, committed 44464K, reserved 1087488K
  class space    used 5436K, capacity 5862K, committed 5888K, reserved 1048576K
}
Event: 10.180 GC heap before
{Heap before GC invocations=27 (full 0):
 garbage-first heap   total 330752K, used 274737K [0x0000000080000000, 0x0000000100000000)
  region size 1024K, 187 young (191488K), 13 survivors (13312K)
 Metaspace       used 43169K, capacity 44308K, committed 44464K, reserved 1087488K
  class space    used 5436K, capacity 5862K, committed 5888K, reserved 1048576K
}
Event: 10.187 GC heap after
{Heap after GC invocations=28 (full 0):
 garbage-first heap   total 330752K, used 98349K [0x0000000080000000, 0x0000000100000000)
  region size 1024K, 14 young (14336K), 14 survivors (14336K)
 Metaspace       used 43169K, capacity 44308K, committed 44464K, reserved 1087488K
  class space    used 5436K, capacity 5862K, committed 5888K, reserved 1048576K
}
Event: 10.370 GC heap before
{Heap before GC invocations=28 (full 0):
 garbage-first heap   total 330752K, used 280621K [0x0000000080000000, 0x0000000100000000)
  region size 1024K, 193 young (197632K), 14 survivors (14336K)
 Metaspace       used 43173K, capacity 44308K, committed 44464K, reserved 1087488K
  class space    used 5437K, capacity 5862K, committed 5888K, reserved 1048576K
}
Event: 10.380 GC heap after
{Heap after GC invocations=29 (full 0):
 garbage-first heap   total 330752K, used 100131K [0x0000000080000000, 0x0000000100000000)
  region size 1024K, 15 young (15360K), 15 survivors (15360K)
 Metaspace       used 43173K, capacity 44308K, committed 44464K, reserved 1087488K
  class space    used 5437K, capacity 5862K, committed 5888K, reserved 1048576K
}
Event: 10.690 GC heap before
{Heap before GC invocations=29 (full 0):
 garbage-first heap   total 330752K, used 286499K [0x0000000080000000, 0x0000000100000000)
  region size 1024K, 192 young (196608K), 15 survivors (15360K)
 Metaspace       used 43188K, capacity 44308K, committed 44464K, reserved 1087488K
  class space    used 5437K, capacity 5862K, committed 5888K, reserved 1048576K
}
Event: 10.697 GC heap after
{Heap after GC invocations=30 (full 0):
 garbage-first heap   total 397312K, used 87098K [0x0000000080000000, 0x0000000100000000)
  region size 1024K, 8 young (8192K), 8 survivors (8192K)
 Metaspace       used 43188K, capacity 44308K, committed 44464K, reserved 1087488K
  class space    used 5437K, capacity 5862K, committed 5888K, reserved 1048576K
}
Event: 11.264 GC heap before
{Heap before GC invocations=30 (full 0):
 garbage-first heap   total 397312K, used 303162K [0x0000000080000000, 0x0000000100000000)
  region size 1024K, 219 young (224256K), 8 survivors (8192K)
 Metaspace       used 43191K, capacity 44308K, committed 44464K, reserved 1087488K
  class space    used 5437K, capacity 5862K, committed 5888K, reserved 1048576K
}
Event: 11.271 GC heap after
{Heap after GC invocations=31 (full 0):
 garbage-first heap   total 397312K, used 89629K [0x0000000080000000, 0x0000000100000000)
  region size 1024K, 10 young (10240K), 10 survivors (10240K)
 Metaspace       used 43191K, capacity 44308K, committed 44464K, reserved 1087488K
  class space    used 5437K, capacity 5862K, committed 5888K, reserved 1048576K
}
Event: 11.827 GC heap before
{Heap before GC invocations=31 (full 0):
 garbage-first heap   total 397312K, used 321053K [0x0000000080000000, 0x0000000100000000)
  region size 1024K, 232 young (237568K), 10 survivors (10240K)
 Metaspace       used 43191K, capacity 44308K, committed 44464K, reserved 1087488K
  class space    used 5437K, capacity 5862K, committed 5888K, reserved 1048576K
}
Event: 11.837 GC heap after
{Heap after GC invocations=32 (full 0):
 garbage-first heap   total 397312K, used 91874K [0x0000000080000000, 0x0000000100000000)
  region size 1024K, 12 young (12288K), 12 survivors (12288K)
 Metaspace       used 43191K, capacity 44308K, committed 44464K, reserved 1087488K
  class space    used 5437K, capacity 5862K, committed 5888K, reserved 1048576K
}
Event: 12.319 GC heap before
{Heap before GC invocations=32 (full 0):
 garbage-first heap   total 397312K, used 326370K [0x0000000080000000, 0x0000000100000000)
  region size 1024K, 232 young (237568K), 12 survivors (12288K)
 Metaspace       used 43238K, capacity 44372K, committed 44464K, reserved 1087488K
  class space    used 5446K, capacity 5862K, committed 5888K, reserved 1048576K
}
Event: 12.329 GC heap after
{Heap after GC invocations=33 (full 0):
 garbage-first heap   total 397312K, used 94453K [0x0000000080000000, 0x0000000100000000)
  region size 1024K, 15 young (15360K), 15 survivors (15360K)
 Metaspace       used 43238K, capacity 44372K, committed 44464K, reserved 1087488K
  class space    used 5446K, capacity 5862K, committed 5888K, reserved 1048576K
}
Event: 12.734 GC heap before
{Heap before GC invocations=33 (full 0):
 garbage-first heap   total 397312K, used 316661K [0x0000000080000000, 0x0000000100000000)
  region size 1024K, 232 young (237568K), 15 survivors (15360K)
 Metaspace       used 43240K, capacity 44372K, committed 44464K, reserved 1087488K
  class space    used 5446K, capacity 5862K, committed 5888K, reserved 1048576K
}
Event: 12.744 GC heap after
{Heap after GC invocations=34 (full 0):
 garbage-first heap   total 397312K, used 96614K [0x0000000080000000, 0x0000000100000000)
  region size 1024K, 17 young (17408K), 17 survivors (17408K)
 Metaspace       used 43240K, capacity 44372K, committed 44464K, reserved 1087488K
  class space    used 5446K, capacity 5862K, committed 5888K, reserved 1048576K
}
Event: 13.251 GC heap before
{Heap before GC invocations=34 (full 0):
 garbage-first heap   total 397312K, used 319846K [0x0000000080000000, 0x0000000100000000)
  region size 1024K, 232 young (237568K), 17 survivors (17408K)
 Metaspace       used 43241K, capacity 44372K, committed 44464K, reserved 1087488K
  class space    used 5446K, capacity 5862K, committed 5888K, reserved 1048576K
}
Event: 13.263 GC heap after
{Heap after GC invocations=35 (full 0):
 garbage-first heap   total 397312K, used 100094K [0x0000000080000000, 0x0000000100000000)
  region size 1024K, 18 young (18432K), 18 survivors (18432K)
 Metaspace       used 43241K, capacity 44372K, committed 44464K, reserved 1087488K
  class space    used 5446K, capacity 5862K, committed 5888K, reserved 1048576K
}

Deoptimization events (20 events):
Event: 10.474 Thread 0x0000025849274000 DEOPT PACKING pc=0x000002582f8e477c sp=0x000000f7bd4fe3c0
Event: 10.474 Thread 0x0000025849274000 DEOPT UNPACKING pc=0x000002582e98a95e sp=0x000000f7bd4fd870 mode 0
Event: 10.642 Thread 0x0000025849276800 DEOPT PACKING pc=0x000002582f8e477c sp=0x000000f7bd5fe0f0
Event: 10.642 Thread 0x0000025849276800 DEOPT UNPACKING pc=0x000002582e98a95e sp=0x000000f7bd5fd5a0 mode 0
Event: 10.659 Thread 0x0000025849276800 DEOPT PACKING pc=0x000002582f8e477c sp=0x000000f7bd5fe0f0
Event: 10.659 Thread 0x0000025849276800 DEOPT UNPACKING pc=0x000002582e98a95e sp=0x000000f7bd5fd5a0 mode 0
Event: 11.645 Thread 0x0000025849276800 Uncommon trap: trap_request=0xffffff4d fr.pc=0x00000258367bff0c relative=0x000000000000294c
Event: 11.645 Thread 0x0000025849276800 Uncommon trap: reason=unstable_if action=reinterpret pc=0x00000258367bff0c method=org.apache.tools.zip.ZipOutputStream.writeDeflated([BII)V @ 105 c2
Event: 11.645 Thread 0x0000025849276800 DEOPT PACKING pc=0x00000258367bff0c sp=0x000000f7bd5fe420
Event: 11.645 Thread 0x0000025849276800 DEOPT UNPACKING pc=0x000002582e98a1af sp=0x000000f7bd5fe428 mode 2
Event: 11.793 Thread 0x0000025849276800 DEOPT PACKING pc=0x000002582f9347bc sp=0x000000f7bd5fe440
Event: 11.793 Thread 0x0000025849276800 DEOPT UNPACKING pc=0x000002582e98a95e sp=0x000000f7bd5fd8c8 mode 0
Event: 12.757 Thread 0x0000025849276800 Uncommon trap: trap_request=0xffffff4d fr.pc=0x00000258367d9e90 relative=0x0000000000000dd0
Event: 12.757 Thread 0x0000025849276800 Uncommon trap: reason=unstable_if action=reinterpret pc=0x00000258367d9e90 method=org.objectweb.asm.MethodWriter.visitJumpInsn(ILorg/objectweb/asm/Label;)V @ 243 c2
Event: 12.757 Thread 0x0000025849276800 DEOPT PACKING pc=0x00000258367d9e90 sp=0x000000f7bd5fe100
Event: 12.757 Thread 0x0000025849276800 DEOPT UNPACKING pc=0x000002582e98a1af sp=0x000000f7bd5fe0d0 mode 2
Event: 13.157 Thread 0x0000025849276800 Uncommon trap: trap_request=0xffffff4d fr.pc=0x00000258368a1174 relative=0x0000000000000ed4
Event: 13.157 Thread 0x0000025849276800 Uncommon trap: reason=unstable_if action=reinterpret pc=0x00000258368a1174 method=org.objectweb.asm.ClassReader.readTypeAnnotationTarget(Lorg/objectweb/asm/Context;I)I @ 14 c2
Event: 13.157 Thread 0x0000025849276800 DEOPT PACKING pc=0x00000258368a1174 sp=0x000000f7bd5fe360
Event: 13.157 Thread 0x0000025849276800 DEOPT UNPACKING pc=0x000002582e98a1af sp=0x000000f7bd5fe330 mode 2

Classes redefined (0 events):
No events

Internal exceptions (20 events):
Event: 5.657 Thread 0x0000025848700000 Exception <a 'java/lang/NoSuchMethodError'{0x000000008993c7f8}: 'java.lang.Object java.lang.invoke.Invokers$Holder.linkToTargetMethod(java.lang.Object, int, java.lang.Object)'> (0x000000008993c7f8) thrown at [src/hotspot/share/interpreter/linkResolver.cpp, line 773]
Event: 5.692 Thread 0x0000025848700000 Exception <a 'java/lang/NoSuchMethodError'{0x0000000089538598}: 'int java.lang.invoke.DirectMethodHandle$Holder.invokeStaticInit(java.lang.Object)'> (0x0000000089538598) thrown at [src/hotspot/share/interpreter/linkResolver.cpp, line 773]
Event: 5.741 Thread 0x0000025849271800 Exception <a 'sun/nio/fs/WindowsException'{0x0000000089384968}> (0x0000000089384968) thrown at [src/hotspot/share/prims/jni.cpp, line 617]
Event: 5.747 Thread 0x0000025849271800 Exception <a 'sun/nio/fs/WindowsException'{0x00000000893ea2e8}> (0x00000000893ea2e8) thrown at [src/hotspot/share/prims/jni.cpp, line 617]
Event: 5.747 Thread 0x0000025849271800 Exception <a 'sun/nio/fs/WindowsException'{0x00000000893ea400}> (0x00000000893ea400) thrown at [src/hotspot/share/prims/jni.cpp, line 617]
Event: 5.776 Thread 0x0000025848700000 Exception <a 'java/lang/ClassNotFoundException'{0x0000000089368f20}: sync_studio_tooling8_dylccia3tcw4szru6b6rr7wqrBeanInfo> (0x0000000089368f20) thrown at [src/hotspot/share/classfile/systemDictionary.cpp, line 230]
Event: 5.776 Thread 0x0000025848700000 Exception <a 'java/lang/ClassNotFoundException'{0x0000000089375108}: sync_studio_tooling8_dylccia3tcw4szru6b6rr7wqrCustomizer> (0x0000000089375108) thrown at [src/hotspot/share/classfile/systemDictionary.cpp, line 230]
Event: 5.790 Thread 0x0000025848700000 Exception <a 'java/lang/ClassNotFoundException'{0x00000000892c5940}: ijinit2_6uejsr7vkowyvzs22l8fq5cifBeanInfo> (0x00000000892c5940) thrown at [src/hotspot/share/classfile/systemDictionary.cpp, line 230]
Event: 5.790 Thread 0x0000025848700000 Exception <a 'java/lang/ClassNotFoundException'{0x00000000892d1110}: ijinit2_6uejsr7vkowyvzs22l8fq5cifCustomizer> (0x00000000892d1110) thrown at [src/hotspot/share/classfile/systemDictionary.cpp, line 230]
Event: 5.795 Thread 0x0000025848700000 Exception <a 'java/lang/ClassNotFoundException'{0x000000008911dac8}: ijinit2_6uejsr7vkowyvzs22l8fq5cif$_run_closure1BeanInfo> (0x000000008911dac8) thrown at [src/hotspot/share/classfile/systemDictionary.cpp, line 230]
Event: 5.795 Thread 0x0000025848700000 Exception <a 'java/lang/ClassNotFoundException'{0x0000000089123db8}: ijinit2_6uejsr7vkowyvzs22l8fq5cif$_run_closure1Customizer> (0x0000000089123db8) thrown at [src/hotspot/share/classfile/systemDictionary.cpp, line 230]
Event: 5.858 Thread 0x0000025849271800 Exception <a 'sun/nio/fs/WindowsException'{0x000000008dfe9108}> (0x000000008dfe9108) thrown at [src/hotspot/share/prims/jni.cpp, line 617]
Event: 5.858 Thread 0x0000025849274000 Exception <a 'sun/nio/fs/WindowsException'{0x000000008dfec900}> (0x000000008dfec900) thrown at [src/hotspot/share/prims/jni.cpp, line 617]
Event: 5.913 Thread 0x0000025849276800 Implicit null exception at 0x000002583664210b to 0x00000258366429bd
Event: 5.918 Thread 0x0000025849276800 Exception <a 'sun/nio/fs/WindowsException'{0x000000008c66a1d8}> (0x000000008c66a1d8) thrown at [src/hotspot/share/prims/jni.cpp, line 617]
Event: 10.483 Thread 0x0000025849271800 Exception <a 'sun/nio/fs/WindowsException'{0x000000008f492800}> (0x000000008f492800) thrown at [src/hotspot/share/prims/jni.cpp, line 617]
Event: 10.484 Thread 0x0000025849271800 Exception <a 'sun/nio/fs/WindowsException'{0x000000008f492938}> (0x000000008f492938) thrown at [src/hotspot/share/prims/jni.cpp, line 617]
Event: 10.566 Thread 0x0000025849274000 Exception <a 'sun/nio/fs/WindowsException'{0x000000008c170a60}> (0x000000008c170a60) thrown at [src/hotspot/share/prims/jni.cpp, line 617]
Event: 10.566 Thread 0x0000025849274000 Exception <a 'sun/nio/fs/WindowsException'{0x000000008c170bc0}> (0x000000008c170bc0) thrown at [src/hotspot/share/prims/jni.cpp, line 617]
Event: 12.757 Thread 0x0000025849276800 Implicit null exception at 0x00000258367d918c to 0x00000258367d9e7c

Events (20 events):
Event: 12.203 loading class org/gradle/launcher/daemon/registry/PersistentDaemonRegistry$1 done
Event: 12.203 loading class org/gradle/cache/internal/SimpleStateCache$1
Event: 12.203 loading class org/gradle/cache/internal/SimpleStateCache$1 done
Event: 12.212 loading class org/gradle/launcher/daemon/server/DaemonRegistryUnavailableExpirationStrategy$1
Event: 12.212 loading class org/gradle/launcher/daemon/server/DaemonRegistryUnavailableExpirationStrategy$1 done
Event: 12.212 loading class com/google/common/collect/Lists$TransformingSequentialList
Event: 12.212 loading class com/google/common/collect/Lists$TransformingSequentialList done
Event: 12.213 loading class com/google/common/collect/Lists$TransformingSequentialList$1
Event: 12.213 loading class com/google/common/collect/Lists$TransformingSequentialList$1 done
Event: 12.213 loading class com/google/common/collect/TransformedListIterator
Event: 12.213 loading class com/google/common/collect/TransformedListIterator done
Event: 12.213 loading class com/google/common/collect/TransformedIterator
Event: 12.213 loading class com/google/common/collect/TransformedIterator done
Event: 12.319 Executing VM operation: G1CollectForAllocation
Event: 12.329 Executing VM operation: G1CollectForAllocation done
Event: 12.734 Executing VM operation: G1CollectForAllocation
Event: 12.744 Executing VM operation: G1CollectForAllocation done
Event: 13.171 Thread 0x0000025848e68000 Thread added: 0x0000025848e68000
Event: 13.251 Executing VM operation: G1CollectForAllocation
Event: 13.263 Executing VM operation: G1CollectForAllocation done


Dynamic libraries:
0x00007ff6094c0000 - 0x00007ff6094ca000 	C:\Program Files\Android\Android Studio2\jbr\bin\java.exe
0x00007ff8ecf10000 - 0x00007ff8ed124000 	C:\WINDOWS\SYSTEM32\ntdll.dll
0x00007ff8ebf40000 - 0x00007ff8ec003000 	C:\WINDOWS\System32\KERNEL32.DLL
0x00007ff8ea740000 - 0x00007ff8eaadc000 	C:\WINDOWS\System32\KERNELBASE.dll
0x00007ff8ea560000 - 0x00007ff8ea671000 	C:\WINDOWS\System32\ucrtbase.dll
0x00007ff8cb050000 - 0x00007ff8cb067000 	C:\Program Files\Android\Android Studio2\jbr\bin\jli.dll
0x00007ff8ceb10000 - 0x00007ff8ceb2b000 	C:\Program Files\Android\Android Studio2\jbr\bin\VCRUNTIME140.dll
0x00007ff8eafb0000 - 0x00007ff8eb15d000 	C:\WINDOWS\System32\USER32.dll
0x00007ff8cbd60000 - 0x00007ff8cbfee000 	C:\WINDOWS\WinSxS\amd64_microsoft.windows.common-controls_6595b64144ccf1df_6.0.22621.608_none_a9444ca7c10bb01d\COMCTL32.dll
0x00007ff8ea530000 - 0x00007ff8ea556000 	C:\WINDOWS\System32\win32u.dll
0x00007ff8ec1a0000 - 0x00007ff8ec247000 	C:\WINDOWS\System32\msvcrt.dll
0x00007ff8ec5d0000 - 0x00007ff8ec5f9000 	C:\WINDOWS\System32\GDI32.dll
0x00007ff8eac00000 - 0x00007ff8ead13000 	C:\WINDOWS\System32\gdi32full.dll
0x00007ff8eab60000 - 0x00007ff8eabfa000 	C:\WINDOWS\System32\msvcp_win.dll
0x00007ff8ec7b0000 - 0x00007ff8ec7e1000 	C:\WINDOWS\System32\IMM32.DLL
0x00007ff8df0c0000 - 0x00007ff8df0cc000 	C:\Program Files\Android\Android Studio2\jbr\bin\vcruntime140_1.dll
0x00007ff8c7020000 - 0x00007ff8c70ad000 	C:\Program Files\Android\Android Studio2\jbr\bin\msvcp140.dll
0x00007ff89e250000 - 0x00007ff89ee0c000 	C:\Program Files\Android\Android Studio2\jbr\bin\server\jvm.dll
0x00007ff8eb1d0000 - 0x00007ff8eb27e000 	C:\WINDOWS\System32\ADVAPI32.dll
0x00007ff8ec420000 - 0x00007ff8ec4c4000 	C:\WINDOWS\System32\sechost.dll
0x00007ff8ebe20000 - 0x00007ff8ebf35000 	C:\WINDOWS\System32\RPCRT4.dll
0x00007ff8eca20000 - 0x00007ff8eca28000 	C:\WINDOWS\System32\PSAPI.DLL
0x00007ff8e4cd0000 - 0x00007ff8e4cd9000 	C:\WINDOWS\SYSTEM32\WSOCK32.dll
0x00007ff8e3ba0000 - 0x00007ff8e3bd4000 	C:\WINDOWS\SYSTEM32\WINMM.dll
0x00007ff8e24f0000 - 0x00007ff8e24fa000 	C:\WINDOWS\SYSTEM32\VERSION.dll
0x00007ff8ec730000 - 0x00007ff8ec7a1000 	C:\WINDOWS\System32\WS2_32.dll
0x00007ff8e93a0000 - 0x00007ff8e93b8000 	C:\WINDOWS\SYSTEM32\kernel.appcore.dll
0x00007ff8e3d70000 - 0x00007ff8e3d80000 	C:\Program Files\Android\Android Studio2\jbr\bin\verify.dll
0x00007ff8e2910000 - 0x00007ff8e2b3e000 	C:\WINDOWS\SYSTEM32\DBGHELP.DLL
0x00007ff8eba90000 - 0x00007ff8ebe19000 	C:\WINDOWS\System32\combase.dll
0x00007ff8ec650000 - 0x00007ff8ec727000 	C:\WINDOWS\System32\OLEAUT32.dll
0x00007ff8e28d0000 - 0x00007ff8e2902000 	C:\WINDOWS\SYSTEM32\dbgcore.DLL
0x00007ff8eaae0000 - 0x00007ff8eab5b000 	C:\WINDOWS\System32\bcryptPrimitives.dll
0x00007ff8e2330000 - 0x00007ff8e2358000 	C:\Program Files\Android\Android Studio2\jbr\bin\java.dll
0x00007ff8e3010000 - 0x00007ff8e301a000 	C:\Program Files\Android\Android Studio2\jbr\bin\jimage.dll
0x00007ff8e22f0000 - 0x00007ff8e2308000 	C:\Program Files\Android\Android Studio2\jbr\bin\zip.dll
0x00007ff8eb2a0000 - 0x00007ff8eba90000 	C:\WINDOWS\System32\SHELL32.dll
0x00007ff8e8360000 - 0x00007ff8e8c2e000 	C:\WINDOWS\SYSTEM32\windows.storage.dll
0x00007ff8e8220000 - 0x00007ff8e835e000 	C:\WINDOWS\SYSTEM32\wintypes.dll
0x00007ff8ec4d0000 - 0x00007ff8ec5c1000 	C:\WINDOWS\System32\SHCORE.dll
0x00007ff8eb160000 - 0x00007ff8eb1be000 	C:\WINDOWS\System32\shlwapi.dll
0x00007ff8ea280000 - 0x00007ff8ea2a1000 	C:\WINDOWS\SYSTEM32\profapi.dll
0x00007ff8e1fe0000 - 0x00007ff8e1ff9000 	C:\Program Files\Android\Android Studio2\jbr\bin\net.dll
0x00007ff8e3e20000 - 0x00007ff8e3f4f000 	C:\WINDOWS\SYSTEM32\WINHTTP.dll
0x00007ff8e9810000 - 0x00007ff8e9879000 	C:\WINDOWS\system32\mswsock.dll
0x00007ff8e1fc0000 - 0x00007ff8e1fd3000 	C:\Program Files\Android\Android Studio2\jbr\bin\nio.dll
0x00007ff8df0d0000 - 0x00007ff8df0f7000 	E:\native\e1d6ef7f7dcc3fd88c89a11ec53ec762bb8ba0a96d01ffa2cd45eb1d1d8dd5c5\windows-amd64\native-platform.dll
0x00007ff8af7f0000 - 0x00007ff8af934000 	E:\native\5664cfc778a61ccfe75a443a1ab52a65af34e5dc3c78e0209fed803814484fcb\windows-amd64\native-platform-file-events.dll
0x00007ff8e25a0000 - 0x00007ff8e25aa000 	C:\Program Files\Android\Android Studio2\jbr\bin\management.dll
0x00007ff8e1790000 - 0x00007ff8e179b000 	C:\Program Files\Android\Android Studio2\jbr\bin\management_ext.dll
0x00007ff8e9a70000 - 0x00007ff8e9a8b000 	C:\WINDOWS\SYSTEM32\CRYPTSP.dll
0x00007ff8e9310000 - 0x00007ff8e9345000 	C:\WINDOWS\system32\rsaenh.dll
0x00007ff8e9910000 - 0x00007ff8e9938000 	C:\WINDOWS\SYSTEM32\USERENV.dll
0x00007ff8e9c10000 - 0x00007ff8e9c38000 	C:\WINDOWS\SYSTEM32\bcrypt.dll
0x00007ff8e9a90000 - 0x00007ff8e9a9c000 	C:\WINDOWS\SYSTEM32\CRYPTBASE.dll
0x00007ff8e8e80000 - 0x00007ff8e8ead000 	C:\WINDOWS\SYSTEM32\IPHLPAPI.DLL
0x00007ff8eb1c0000 - 0x00007ff8eb1c9000 	C:\WINDOWS\System32\NSI.dll
0x00007ff8e45d0000 - 0x00007ff8e45e9000 	C:\WINDOWS\SYSTEM32\dhcpcsvc6.DLL
0x00007ff8e4170000 - 0x00007ff8e418f000 	C:\WINDOWS\SYSTEM32\dhcpcsvc.DLL
0x00007ff8e8ef0000 - 0x00007ff8e8fe3000 	C:\WINDOWS\SYSTEM32\DNSAPI.dll

dbghelp: loaded successfully - version: 4.0.5 - missing functions: none
symbol engine: initialized successfully - sym options: 0x614 - pdb path: .;C:\Program Files\Android\Android Studio2\jbr\bin;C:\WINDOWS\SYSTEM32;C:\WINDOWS\WinSxS\amd64_microsoft.windows.common-controls_6595b64144ccf1df_6.0.22621.608_none_a9444ca7c10bb01d;C:\Program Files\Android\Android Studio2\jbr\bin\server;E:\native\e1d6ef7f7dcc3fd88c89a11ec53ec762bb8ba0a96d01ffa2cd45eb1d1d8dd5c5\windows-amd64;E:\native\5664cfc778a61ccfe75a443a1ab52a65af34e5dc3c78e0209fed803814484fcb\windows-amd64

VM Arguments:
jvm_args: --add-opens=java.base/java.util=ALL-UNNAMED --add-opens=java.base/java.lang=ALL-UNNAMED --add-opens=java.base/java.lang.invoke=ALL-UNNAMED --add-opens=java.base/java.util=ALL-UNNAMED --add-opens=java.prefs/java.util.prefs=ALL-UNNAMED --add-opens=java.prefs/java.util.prefs=ALL-UNNAMED --add-opens=java.base/java.nio.charset=ALL-UNNAMED --add-opens=java.base/java.net=ALL-UNNAMED --add-opens=java.base/java.util.concurrent.atomic=ALL-UNNAMED -Xmx2048m -Dfile.encoding=UTF-8 -Duser.country=US -Duser.language=en -Duser.variant 
java_command: org.gradle.launcher.daemon.bootstrap.GradleDaemon 7.2
java_class_path (initial): E:\wrapper\dists\gradle-7.2-bin\2dnblmf4td7x66yl1d74lt32g\gradle-7.2\lib\gradle-launcher-7.2.jar
Launcher Type: SUN_STANDARD

[Global flags]
     intx CICompilerCount                          = 4                                         {product} {ergonomic}
     uint ConcGCThreads                            = 2                                         {product} {ergonomic}
     uint G1ConcRefinementThreads                  = 8                                         {product} {ergonomic}
   size_t G1HeapRegionSize                         = 1048576                                   {product} {ergonomic}
    uintx GCDrainStackTargetSize                   = 64                                        {product} {ergonomic}
   size_t InitialHeapSize                          = 234881024                                 {product} {ergonomic}
   size_t MarkStackSize                            = 4194304                                   {product} {ergonomic}
   size_t MaxHeapSize                              = 2147483648                                {product} {command line}
   size_t MaxNewSize                               = 1287651328                                {product} {ergonomic}
   size_t MinHeapDeltaBytes                        = 1048576                                   {product} {ergonomic}
    uintx NonNMethodCodeHeapSize                   = 5836300                                {pd product} {ergonomic}
    uintx NonProfiledCodeHeapSize                  = 122910970                              {pd product} {ergonomic}
    uintx ProfiledCodeHeapSize                     = 122910970                              {pd product} {ergonomic}
    uintx ReservedCodeCacheSize                    = 251658240                              {pd product} {ergonomic}
     bool SegmentedCodeCache                       = true                                      {product} {ergonomic}
     bool UseCompressedClassPointers               = true                                 {lp64_product} {ergonomic}
     bool UseCompressedOops                        = true                                 {lp64_product} {ergonomic}
     bool UseG1GC                                  = true                                      {product} {ergonomic}
     bool UseLargePagesIndividualAllocation        = false                                  {pd product} {ergonomic}

Logging:
Log output configuration:
 #0: stdout all=warning uptime,level,tags
 #1: stderr all=off uptime,level,tags

Environment Variables:
CLASSPATH=C:\mysql-connector-java-5.1.38.jar;.
PATH=C:\Program Files\Google\Chrome\Application;C:\Program Files\Java\jdk1.7.0_80\bin;C:\Program Files (x86)\Common Files\Oracle\Java\javapath;C:\Program Files (x86)\Brackets\command;C:\Program Files (x86)\dotnet\;C:\WINDOWS\system32;C:\WINDOWS;C:\WINDOWS\System32\Wbem;C:\WINDOWS\System32\WindowsPowerShell\v1.0\;C:\WINDOWS\System32\OpenSSH\;C:\Program Files\php-8.1.3;C:\Program Files\dotnet\;C:\MinGW\bin;C:\Program Files\nodejs\;C:\Program Files\Git\cmd;C:\Program Files\Java\jdk1.7.0_80\bin;C:\Program Files (x86)\Common Files\Oracle\Java\javapath;C:\Program Files (x86)\Brackets\command;C:\Program Files (x86)\dotnet\;C:\WINDOWS\system32;C:\WINDOWS;C:\WINDOWS\System32\Wbem;C:\WINDOWS\System32\WindowsPowerShell\v1.0\;C:\WINDOWS\System32\OpenSSH\;C:\Program Files\php-8.1.3;C:\Program Files\dotnet\;C:\MinGW\bin;C:\Program Files\nodejs\;C:\Users\maned\AppData\Local\Programs\Python\Python310\Scripts\;C:\Users\maned\AppData\Local\Programs\Python\Python310\;C:\Program Files\Java\jdk1.7.0_80\bin;C:\WINDOWS\system32;C:\Users\maned\AppData\Local\Microsoft\WindowsApps;C:\msys64\mingw64\bin;;C:\Users\maned\AppData\Local\JetBrains\PyCharm Community Edition 2021.3.2\bin;;C:\Users\maned\AppData\Local\JetBrains\PyCharm 2021.3.2\bin;;C:\TURBOC3\Projects\Microsoft VS Code Insiders\bin;C:\Users\maned\.dotnet\tools;C:\Users\maned\AppData\Roaming\npm;C:\Program Files (x86)\Microsoft VS Code\bin
USERNAME=maned
OS=Windows_NT
PROCESSOR_IDENTIFIER=AMD64 Family 23 Model 24 Stepping 1, AuthenticAMD



---------------  S Y S T E M  ---------------

OS: Windows 11 , 64 bit Build 22621 (10.0.22621.1344)
OS uptime: 29 days 21:02 hours

CPU:total 8 (initial active 8) (8 cores per cpu, 2 threads per core) family 23 model 24 stepping 1 microcode 0x0, cmov, cx8, fxsr, mmx, sse, sse2, sse3, ssse3, sse4.1, sse4.2, popcnt, avx, avx2, aes, clmul, mmxext, 3dnowpref, lzcnt, sse4a, ht, tsc, tscinvbit, tscinv, bmi1, bmi2, adx, sha, fma

Memory: 4k page, system-wide physical 14252M (1987M free)
TotalPageFile size 15752M (AvailPageFile size 6M)
current process WorkingSet (physical memory assigned to process): 580M, peak: 581M
current process commit charge ("private bytes"): 626M, peak: 631M

vm_info: OpenJDK 64-Bit Server VM (11.0.15+0-b2043.56-9505619) for windows-amd64 JRE (11.0.15+0-b2043.56-9505619), built on Jan 19 2023 02:48:00 by "builduser" with unknown MS VC++:1929

END.
