#
# There is insufficient memory for the Java Runtime Environment to continue.
# Native memory allocation (malloc) failed to allocate 1299376 bytes for Chunk::new
# Possible reasons:
#   The system is out of physical RAM or swap space
#   The process is running with CompressedOops enabled, and the Java Heap may be blocking the growth of the native heap
# Possible solutions:
#   Reduce memory load on the system
#   Increase physical memory or swap space
#   Check if swap backing store is full
#   Decrease Java heap size (-Xmx/-Xms)
#   Decrease number of Java threads
#   Decrease Java thread stack sizes (-Xss)
#   Set larger code cache with -XX:ReservedCodeCacheSize=
#   JVM is running with Unscaled Compressed Oops mode in which the Java heap is
#     placed in the first 4GB address space. The Java Heap base address is the
#     maximum limit for the native heap growth. Please use -XX:HeapBaseMinAddress
#     to set the Java Heap base and to place the Java Heap above 4GB virtual address.
# This output file may be truncated or incomplete.
#
#  Out of Memory Error (src/hotspot/share/memory/arena.cpp:197), pid=31652, tid=24744
#
# JRE version: OpenJDK Runtime Environment (11.0.15) (build 11.0.15+0-b2043.56-9505619)
# Java VM: OpenJDK 64-Bit Server VM (11.0.15+0-b2043.56-9505619, mixed mode, tiered, compressed oops, g1 gc, windows-amd64)
# No core dump will be written. Minidumps are not enabled by default on client versions of Windows
#

---------------  S U M M A R Y ------------

Command Line: --add-opens=java.base/java.util=ALL-UNNAMED --add-opens=java.base/java.lang=ALL-UNNAMED --add-opens=java.base/java.lang.invoke=ALL-UNNAMED --add-opens=java.base/java.util=ALL-UNNAMED --add-opens=java.prefs/java.util.prefs=ALL-UNNAMED --add-opens=java.prefs/java.util.prefs=ALL-UNNAMED --add-opens=java.base/java.nio.charset=ALL-UNNAMED --add-opens=java.base/java.net=ALL-UNNAMED --add-opens=java.base/java.util.concurrent.atomic=ALL-UNNAMED -Xmx2048m -Dfile.encoding=UTF-8 -Duser.country=US -Duser.language=en -Duser.variant org.gradle.launcher.daemon.bootstrap.GradleDaemon 7.2

Host: AMD Ryzen 7 3750H with Radeon Vega Mobile Gfx  , 8 cores, 13G,  Windows 11 , 64 bit Build 22621 (10.0.22621.1344)
Time: Fri Apr 14 19:36:38 2023 India Standard Time elapsed time: 3.029559 seconds (0d 0h 0m 3s)

---------------  T H R E A D  ---------------

Current thread (0x0000019bc9534800):  JavaThread "C2 CompilerThread1" daemon [_thread_in_native, id=24744, stack(0x0000000851700000,0x0000000851800000)]


Current CompileTask:
C2:   3029 2176       4       java.net.URLClassLoader$1::run (5 bytes)

Stack: [0x0000000851700000,0x0000000851800000]
Native frames: (J=compiled Java code, j=interpreted, Vv=VM code, C=native code)
V  [jvm.dll+0x64135a]
V  [jvm.dll+0x7d39f9]
V  [jvm.dll+0x7d51b9]
V  [jvm.dll+0x7d58a3]
V  [jvm.dll+0x2691c5]
V  [jvm.dll+0xc1a5c]
V  [jvm.dll+0xc200c]
V  [jvm.dll+0x377462]
V  [jvm.dll+0x1b3732]
V  [jvm.dll+0x22163e]
V  [jvm.dll+0x220498]
V  [jvm.dll+0x19e851]
V  [jvm.dll+0x230479]
V  [jvm.dll+0x22e5ef]
V  [jvm.dll+0x794de1]
V  [jvm.dll+0x78dc24]
V  [jvm.dll+0x6400f6]
C  [ucrtbase.dll+0x29363]
C  [KERNEL32.DLL+0x126bd]
C  [ntdll.dll+0x5a9f8]


---------------  P R O C E S S  ---------------

Threads class SMR info:
_java_thread_list=0x0000019bc90b69a0, length=36, elements={
0x0000019bac113000, 0x0000019bc6e12000, 0x0000019bc6e1d000, 0x0000019bc6e6a800,
0x0000019bc6e6b800, 0x0000019bc6e6e800, 0x0000019bc6e70800, 0x0000019bc6e74000,
0x0000019bc6e78800, 0x0000019bc6fe4000, 0x0000019bc925d000, 0x0000019bc9267000,
0x0000019bc718d800, 0x0000019bc81f0800, 0x0000019bc914e800, 0x0000019bc91c7800,
0x0000019bc9977000, 0x0000019bc8a81800, 0x0000019bc9ea5000, 0x0000019bc9ea1000,
0x0000019bc9ea2000, 0x0000019bc9ea3000, 0x0000019bc9ea3800, 0x0000019bc9534800,
0x0000019bc9ea4800, 0x0000019bc9ea6000, 0x0000019bc9ea0800, 0x0000019bcc582000,
0x0000019bc9ea7000, 0x0000019bc96b1000, 0x0000019bc96b0000, 0x0000019bc96b1800,
0x0000019bc96ac000, 0x0000019bc96b2800, 0x0000019bc96ac800, 0x0000019bc96b3000
}

Java Threads: ( => current thread )
  0x0000019bac113000 JavaThread "main" [_thread_blocked, id=38560, stack(0x000000084f100000,0x000000084f200000)]
  0x0000019bc6e12000 JavaThread "Reference Handler" daemon [_thread_blocked, id=29336, stack(0x000000084f800000,0x000000084f900000)]
  0x0000019bc6e1d000 JavaThread "Finalizer" daemon [_thread_blocked, id=35576, stack(0x000000084f900000,0x000000084fa00000)]
  0x0000019bc6e6a800 JavaThread "Signal Dispatcher" daemon [_thread_blocked, id=46912, stack(0x000000084fa00000,0x000000084fb00000)]
  0x0000019bc6e6b800 JavaThread "Attach Listener" daemon [_thread_blocked, id=15524, stack(0x000000084fb00000,0x000000084fc00000)]
  0x0000019bc6e6e800 JavaThread "Service Thread" daemon [_thread_blocked, id=5836, stack(0x000000084fc00000,0x000000084fd00000)]
  0x0000019bc6e70800 JavaThread "C2 CompilerThread0" daemon [_thread_in_native, id=43560, stack(0x000000084fd00000,0x000000084fe00000)]
  0x0000019bc6e74000 JavaThread "C1 CompilerThread0" daemon [_thread_blocked, id=40544, stack(0x000000084fe00000,0x000000084ff00000)]
  0x0000019bc6e78800 JavaThread "Sweeper thread" daemon [_thread_blocked, id=39756, stack(0x000000084ff00000,0x0000000850000000)]
  0x0000019bc6fe4000 JavaThread "Common-Cleaner" daemon [_thread_blocked, id=43312, stack(0x0000000850000000,0x0000000850100000)]
  0x0000019bc925d000 JavaThread "Daemon health stats" [_thread_blocked, id=42988, stack(0x0000000850800000,0x0000000850900000)]
  0x0000019bc9267000 JavaThread "Incoming local TCP Connector on port 51321" [_thread_in_native, id=42348, stack(0x0000000850200000,0x0000000850300000)]
  0x0000019bc718d800 JavaThread "Daemon periodic checks" [_thread_blocked, id=46324, stack(0x0000000850700000,0x0000000850800000)]
  0x0000019bc81f0800 JavaThread "Daemon" [_thread_blocked, id=46280, stack(0x0000000850900000,0x0000000850a00000)]
  0x0000019bc914e800 JavaThread "Handler for socket connection from /127.0.0.1:51321 to /127.0.0.1:51322" [_thread_in_native, id=42104, stack(0x0000000850a00000,0x0000000850b00000)]
  0x0000019bc91c7800 JavaThread "Cancel handler" [_thread_blocked, id=22404, stack(0x0000000850b00000,0x0000000850c00000)]
  0x0000019bc9977000 JavaThread "Daemon worker" [_thread_in_Java, id=46164, stack(0x0000000850c00000,0x0000000850d00000)]
  0x0000019bc8a81800 JavaThread "Asynchronous log dispatcher for DefaultDaemonConnection: socket connection from /127.0.0.1:51321 to /127.0.0.1:51322" [_thread_blocked, id=45300, stack(0x0000000850d00000,0x0000000850e00000)]
  0x0000019bc9ea5000 JavaThread "Stdin handler" [_thread_blocked, id=23968, stack(0x0000000850e00000,0x0000000850f00000)]
  0x0000019bc9ea1000 JavaThread "Daemon client event forwarder" [_thread_blocked, id=46116, stack(0x0000000850f00000,0x0000000851000000)]
  0x0000019bc9ea2000 JavaThread "Cache worker for journal cache (E:\caches\journal-1)" [_thread_blocked, id=25728, stack(0x0000000851000000,0x0000000851100000)]
  0x0000019bc9ea3000 JavaThread "File lock request listener" [_thread_in_native, id=38820, stack(0x0000000851100000,0x0000000851200000)]
  0x0000019bc9ea3800 JavaThread "Cache worker for file hash cache (E:\caches\7.2\fileHashes)" [_thread_blocked, id=45948, stack(0x0000000851200000,0x0000000851300000)]
=>0x0000019bc9534800 JavaThread "C2 CompilerThread1" daemon [_thread_in_native, id=24744, stack(0x0000000851700000,0x0000000851800000)]
  0x0000019bc9ea4800 JavaThread "Cache worker for file hash cache (E:\RoyalEnfield3\.gradle\7.2\fileHashes)" [_thread_blocked, id=17236, stack(0x0000000851800000,0x0000000851900000)]
  0x0000019bc9ea6000 JavaThread "File watcher server" daemon [_thread_in_native, id=40220, stack(0x0000000851900000,0x0000000851a00000)]
  0x0000019bc9ea0800 JavaThread "File watcher consumer" daemon [_thread_blocked, id=33316, stack(0x0000000851a00000,0x0000000851b00000)]
  0x0000019bcc582000 JavaThread "C2 CompilerThread2" daemon [_thread_in_native, id=42604, stack(0x0000000851b00000,0x0000000851c00000)]
  0x0000019bc9ea7000 JavaThread "jar transforms" [_thread_blocked, id=43124, stack(0x0000000851c00000,0x0000000851d00000)]
  0x0000019bc96b1000 JavaThread "jar transforms Thread 2" [_thread_blocked, id=34532, stack(0x0000000851d00000,0x0000000851e00000)]
  0x0000019bc96b0000 JavaThread "jar transforms Thread 3" [_thread_blocked, id=46240, stack(0x0000000851e00000,0x0000000851f00000)]
  0x0000019bc96b1800 JavaThread "jar transforms Thread 4" [_thread_blocked, id=38996, stack(0x0000000851f00000,0x0000000852000000)]
  0x0000019bc96ac000 JavaThread "jar transforms Thread 5" [_thread_blocked, id=44444, stack(0x0000000852000000,0x0000000852100000)]
  0x0000019bc96b2800 JavaThread "jar transforms Thread 6" [_thread_blocked, id=37932, stack(0x0000000852100000,0x0000000852200000)]
  0x0000019bc96ac800 JavaThread "jar transforms Thread 7" [_thread_blocked, id=35440, stack(0x0000000852200000,0x0000000852300000)]
  0x0000019bc96b3000 JavaThread "jar transforms Thread 8" [_thread_blocked, id=45416, stack(0x0000000852300000,0x0000000852400000)]

Other Threads:
  0x0000019bc6e0e000 VMThread "VM Thread" [stack: 0x000000084f700000,0x000000084f800000] [id=40408]
  0x0000019bc6ffe000 WatcherThread [stack: 0x0000000850100000,0x0000000850200000] [id=21884]
  0x0000019bac12c800 GCTaskThread "GC Thread#0" [stack: 0x000000084f200000,0x000000084f300000] [id=41332]
  0x0000019bc75fb800 GCTaskThread "GC Thread#1" [stack: 0x0000000850300000,0x0000000850400000] [id=37508]
  0x0000019bc7dbd800 GCTaskThread "GC Thread#2" [stack: 0x0000000850400000,0x0000000850500000] [id=34980]
  0x0000019bc7dba800 GCTaskThread "GC Thread#3" [stack: 0x0000000850500000,0x0000000850600000] [id=34124]
  0x0000019bc7db9000 GCTaskThread "GC Thread#4" [stack: 0x0000000850600000,0x0000000850700000] [id=30592]
  0x0000019bc7dbc800 GCTaskThread "GC Thread#5" [stack: 0x0000000851300000,0x0000000851400000] [id=34192]
  0x0000019bc7dbe000 GCTaskThread "GC Thread#6" [stack: 0x0000000851400000,0x0000000851500000] [id=14320]
  0x0000019bc7dba000 GCTaskThread "GC Thread#7" [stack: 0x0000000851500000,0x0000000851600000] [id=25044]
  0x0000019bac160800 ConcurrentGCThread "G1 Main Marker" [stack: 0x000000084f300000,0x000000084f400000] [id=31412]
  0x0000019bac162800 ConcurrentGCThread "G1 Conc#0" [stack: 0x000000084f400000,0x000000084f500000] [id=7920]
  0x0000019bc7dbf000 ConcurrentGCThread "G1 Conc#1" [stack: 0x0000000851600000,0x0000000851700000] [id=24868]
  0x0000019bac1dd800 ConcurrentGCThread "G1 Refine#0" [stack: 0x000000084f500000,0x000000084f600000] [id=46476]
  0x0000019bac1de800 ConcurrentGCThread "G1 Young RemSet Sampling" [stack: 0x000000084f600000,0x000000084f700000] [id=46452]

Threads with active compile tasks:
C2 CompilerThread0     3048 2177   !   4       java.net.URLClassLoader$1::run (81 bytes)
C2 CompilerThread1     3048 2176       4       java.net.URLClassLoader$1::run (5 bytes)
C2 CompilerThread2     3048 2267       4       java.util.zip.ZipFile$Source::initCEN (697 bytes)

VM state:not at safepoint (normal execution)

VM Mutex/Monitor currently owned by a thread: None

Heap address: 0x0000000080000000, size: 2048 MB, Compressed Oops mode: 32-bit
Narrow klass base: 0x0000000000000000, Narrow klass shift: 3
Compressed class space size: 1073741824 Address: 0x0000000100000000

Heap:
 garbage-first heap   total 229376K, used 47134K [0x0000000080000000, 0x0000000100000000)
  region size 1024K, 23 young (23552K), 3 survivors (3072K)
 Metaspace       used 26794K, capacity 27484K, committed 27696K, reserved 1073152K
  class space    used 3476K, capacity 3708K, committed 3712K, reserved 1048576K
Heap Regions: E=young(eden), S=young(survivor), O=old, HS=humongous(starts), HC=humongous(continues), CS=collection set, F=free, A=archive, TAMS=top-at-mark-start (previous, next)
|   0|0x0000000080000000, 0x0000000080100000, 0x0000000080100000|100%| O|  |TAMS 0x0000000080000000, 0x0000000080000000| Untracked 
|   1|0x0000000080100000, 0x0000000080200000, 0x0000000080200000|100%| O|  |TAMS 0x0000000080100000, 0x0000000080100000| Untracked 
|   2|0x0000000080200000, 0x0000000080300000, 0x0000000080300000|100%| O|  |TAMS 0x0000000080200000, 0x0000000080200000| Untracked 
|   3|0x0000000080300000, 0x0000000080400000, 0x0000000080400000|100%|HS|  |TAMS 0x0000000080400000, 0x0000000080300000| Complete 
|   4|0x0000000080400000, 0x0000000080500000, 0x0000000080500000|100%|HC|  |TAMS 0x0000000080500000, 0x0000000080400000| Complete 
|   5|0x0000000080500000, 0x0000000080600000, 0x0000000080600000|100%|HC|  |TAMS 0x0000000080600000, 0x0000000080500000| Complete 
|   6|0x0000000080600000, 0x0000000080700000, 0x0000000080700000|100%| O|  |TAMS 0x0000000080700000, 0x0000000080600000| Untracked 
|   7|0x0000000080700000, 0x0000000080800000, 0x0000000080800000|100%| O|  |TAMS 0x0000000080800000, 0x0000000080700000| Untracked 
|   8|0x0000000080800000, 0x0000000080900000, 0x0000000080900000|100%| O|  |TAMS 0x0000000080900000, 0x0000000080800000| Untracked 
|   9|0x0000000080900000, 0x0000000080a00000, 0x0000000080a00000|100%| O|  |TAMS 0x0000000080913c00, 0x0000000080900000| Untracked 
|  10|0x0000000080a00000, 0x0000000080b00000, 0x0000000080b00000|100%| O|  |TAMS 0x0000000080a00000, 0x0000000080a00000| Untracked 
|  11|0x0000000080b00000, 0x0000000080c00000, 0x0000000080c00000|100%| O|  |TAMS 0x0000000080b00000, 0x0000000080b00000| Untracked 
|  12|0x0000000080c00000, 0x0000000080d00000, 0x0000000080d00000|100%| O|  |TAMS 0x0000000080c00000, 0x0000000080c00000| Untracked 
|  13|0x0000000080d00000, 0x0000000080e00000, 0x0000000080e00000|100%| O|  |TAMS 0x0000000080d00000, 0x0000000080d00000| Untracked 
|  14|0x0000000080e00000, 0x0000000080f00000, 0x0000000080f00000|100%| O|  |TAMS 0x0000000080e00000, 0x0000000080e00000| Untracked 
|  15|0x0000000080f00000, 0x0000000080fec600, 0x0000000081000000| 92%| O|  |TAMS 0x0000000080f00000, 0x0000000080f00000| Untracked 
|  16|0x0000000081000000, 0x0000000081100000, 0x0000000081100000|100%|HS|  |TAMS 0x0000000081000000, 0x0000000081000000| Complete 
|  17|0x0000000081100000, 0x0000000081200000, 0x0000000081200000|100%|HC|  |TAMS 0x0000000081100000, 0x0000000081100000| Complete 
|  18|0x0000000081200000, 0x0000000081300000, 0x0000000081300000|100%|HS|  |TAMS 0x0000000081200000, 0x0000000081200000| Complete 
|  19|0x0000000081300000, 0x0000000081400000, 0x0000000081400000|100%|HC|  |TAMS 0x0000000081300000, 0x0000000081300000| Complete 
|  20|0x0000000081400000, 0x0000000081500000, 0x0000000081500000|100%|HC|  |TAMS 0x0000000081400000, 0x0000000081400000| Complete 
|  21|0x0000000081500000, 0x0000000081600000, 0x0000000081600000|100%|HS|  |TAMS 0x0000000081500000, 0x0000000081500000| Complete 
|  22|0x0000000081600000, 0x0000000081700000, 0x0000000081700000|100%|HC|  |TAMS 0x0000000081600000, 0x0000000081600000| Complete 
|  23|0x0000000081700000, 0x0000000081800000, 0x0000000081800000|100%|HC|  |TAMS 0x0000000081700000, 0x0000000081700000| Complete 
|  24|0x0000000081800000, 0x0000000081900000, 0x0000000081900000|100%|HS|  |TAMS 0x0000000081800000, 0x0000000081800000| Complete 
|  25|0x0000000081900000, 0x0000000081a00000, 0x0000000081a00000|100%|HC|  |TAMS 0x0000000081900000, 0x0000000081900000| Complete 
|  26|0x0000000081a00000, 0x0000000081a00000, 0x0000000081b00000|  0%| F|  |TAMS 0x0000000081a00000, 0x0000000081a00000| Untracked 
|  27|0x0000000081b00000, 0x0000000081b00000, 0x0000000081c00000|  0%| F|  |TAMS 0x0000000081b00000, 0x0000000081b00000| Untracked 
|  28|0x0000000081c00000, 0x0000000081c00000, 0x0000000081d00000|  0%| F|  |TAMS 0x0000000081c00000, 0x0000000081c00000| Untracked 
|  29|0x0000000081d00000, 0x0000000081d00000, 0x0000000081e00000|  0%| F|  |TAMS 0x0000000081d00000, 0x0000000081d00000| Untracked 
|  30|0x0000000081e00000, 0x0000000081e00000, 0x0000000081f00000|  0%| F|  |TAMS 0x0000000081e00000, 0x0000000081e00000| Untracked 
|  31|0x0000000081f00000, 0x0000000081f00000, 0x0000000082000000|  0%| F|  |TAMS 0x0000000081f00000, 0x0000000081f00000| Untracked 
|  32|0x0000000082000000, 0x0000000082000000, 0x0000000082100000|  0%| F|  |TAMS 0x0000000082000000, 0x0000000082000000| Complete 
|  33|0x0000000082100000, 0x0000000082200000, 0x0000000082200000|100%|HC|  |TAMS 0x0000000082100000, 0x0000000082100000| Complete 
|  34|0x0000000082200000, 0x0000000082300000, 0x0000000082300000|100%|HC|  |TAMS 0x0000000082200000, 0x0000000082200000| Complete 
|  35|0x0000000082300000, 0x0000000082400000, 0x0000000082400000|100%|HC|  |TAMS 0x0000000082300000, 0x0000000082300000| Complete 
|  36|0x0000000082400000, 0x0000000082400000, 0x0000000082500000|  0%| F|  |TAMS 0x0000000082400000, 0x0000000082400000| Untracked 
|  37|0x0000000082500000, 0x0000000082500000, 0x0000000082600000|  0%| F|  |TAMS 0x0000000082500000, 0x0000000082500000| Untracked 
|  38|0x0000000082600000, 0x0000000082600000, 0x0000000082700000|  0%| F|  |TAMS 0x0000000082600000, 0x0000000082600000| Untracked 
|  39|0x0000000082700000, 0x0000000082700000, 0x0000000082800000|  0%| F|  |TAMS 0x0000000082700000, 0x0000000082700000| Untracked 
|  40|0x0000000082800000, 0x0000000082800000, 0x0000000082900000|  0%| F|  |TAMS 0x0000000082800000, 0x0000000082800000| Untracked 
|  41|0x0000000082900000, 0x0000000082900000, 0x0000000082a00000|  0%| F|  |TAMS 0x0000000082900000, 0x0000000082900000| Untracked 
|  42|0x0000000082a00000, 0x0000000082a00000, 0x0000000082b00000|  0%| F|  |TAMS 0x0000000082a00000, 0x0000000082a00000| Untracked 
|  43|0x0000000082b00000, 0x0000000082b00000, 0x0000000082c00000|  0%| F|  |TAMS 0x0000000082b00000, 0x0000000082b00000| Untracked 
|  44|0x0000000082c00000, 0x0000000082c00000, 0x0000000082d00000|  0%| F|  |TAMS 0x0000000082c00000, 0x0000000082c00000| Untracked 
|  45|0x0000000082d00000, 0x0000000082d00000, 0x0000000082e00000|  0%| F|  |TAMS 0x0000000082d00000, 0x0000000082d00000| Untracked 
|  46|0x0000000082e00000, 0x0000000082e00000, 0x0000000082f00000|  0%| F|  |TAMS 0x0000000082e00000, 0x0000000082e00000| Untracked 
|  47|0x0000000082f00000, 0x0000000082f00000, 0x0000000083000000|  0%| F|  |TAMS 0x0000000082f00000, 0x0000000082f00000| Untracked 
|  48|0x0000000083000000, 0x0000000083000000, 0x0000000083100000|  0%| F|  |TAMS 0x0000000083000000, 0x0000000083000000| Untracked 
|  49|0x0000000083100000, 0x0000000083100000, 0x0000000083200000|  0%| F|  |TAMS 0x0000000083100000, 0x0000000083100000| Untracked 
|  50|0x0000000083200000, 0x0000000083200000, 0x0000000083300000|  0%| F|  |TAMS 0x0000000083200000, 0x0000000083200000| Untracked 
|  51|0x0000000083300000, 0x0000000083300000, 0x0000000083400000|  0%| F|  |TAMS 0x0000000083300000, 0x0000000083300000| Untracked 
|  52|0x0000000083400000, 0x0000000083400000, 0x0000000083500000|  0%| F|  |TAMS 0x0000000083400000, 0x0000000083400000| Untracked 
|  53|0x0000000083500000, 0x0000000083500000, 0x0000000083600000|  0%| F|  |TAMS 0x0000000083500000, 0x0000000083500000| Untracked 
|  54|0x0000000083600000, 0x0000000083600000, 0x0000000083700000|  0%| F|  |TAMS 0x0000000083600000, 0x0000000083600000| Untracked 
|  55|0x0000000083700000, 0x0000000083700000, 0x0000000083800000|  0%| F|  |TAMS 0x0000000083700000, 0x0000000083700000| Untracked 
|  56|0x0000000083800000, 0x0000000083800000, 0x0000000083900000|  0%| F|  |TAMS 0x0000000083800000, 0x0000000083800000| Untracked 
|  57|0x0000000083900000, 0x0000000083900000, 0x0000000083a00000|  0%| F|  |TAMS 0x0000000083900000, 0x0000000083900000| Untracked 
|  58|0x0000000083a00000, 0x0000000083a00000, 0x0000000083b00000|  0%| F|  |TAMS 0x0000000083a00000, 0x0000000083a00000| Untracked 
|  59|0x0000000083b00000, 0x0000000083b00000, 0x0000000083c00000|  0%| F|  |TAMS 0x0000000083b00000, 0x0000000083b00000| Untracked 
|  60|0x0000000083c00000, 0x0000000083c00000, 0x0000000083d00000|  0%| F|  |TAMS 0x0000000083c00000, 0x0000000083c00000| Untracked 
|  61|0x0000000083d00000, 0x0000000083d00000, 0x0000000083e00000|  0%| F|  |TAMS 0x0000000083d00000, 0x0000000083d00000| Untracked 
|  62|0x0000000083e00000, 0x0000000083e00000, 0x0000000083f00000|  0%| F|  |TAMS 0x0000000083e00000, 0x0000000083e00000| Untracked 
|  63|0x0000000083f00000, 0x0000000083f00000, 0x0000000084000000|  0%| F|  |TAMS 0x0000000083f00000, 0x0000000083f00000| Untracked 
|  64|0x0000000084000000, 0x0000000084000000, 0x0000000084100000|  0%| F|  |TAMS 0x0000000084000000, 0x0000000084000000| Untracked 
|  65|0x0000000084100000, 0x0000000084100000, 0x0000000084200000|  0%| F|  |TAMS 0x0000000084100000, 0x0000000084100000| Untracked 
|  66|0x0000000084200000, 0x0000000084200000, 0x0000000084300000|  0%| F|  |TAMS 0x0000000084200000, 0x0000000084200000| Untracked 
|  67|0x0000000084300000, 0x0000000084300000, 0x0000000084400000|  0%| F|  |TAMS 0x0000000084300000, 0x0000000084300000| Untracked 
|  68|0x0000000084400000, 0x0000000084400000, 0x0000000084500000|  0%| F|  |TAMS 0x0000000084400000, 0x0000000084400000| Untracked 
|  69|0x0000000084500000, 0x0000000084500000, 0x0000000084600000|  0%| F|  |TAMS 0x0000000084500000, 0x0000000084500000| Untracked 
|  70|0x0000000084600000, 0x0000000084600000, 0x0000000084700000|  0%| F|  |TAMS 0x0000000084600000, 0x0000000084600000| Untracked 
|  71|0x0000000084700000, 0x0000000084700000, 0x0000000084800000|  0%| F|  |TAMS 0x0000000084700000, 0x0000000084700000| Untracked 
|  72|0x0000000084800000, 0x0000000084800000, 0x0000000084900000|  0%| F|  |TAMS 0x0000000084800000, 0x0000000084800000| Untracked 
|  73|0x0000000084900000, 0x0000000084900000, 0x0000000084a00000|  0%| F|  |TAMS 0x0000000084900000, 0x0000000084900000| Untracked 
|  74|0x0000000084a00000, 0x0000000084a00000, 0x0000000084b00000|  0%| F|  |TAMS 0x0000000084a00000, 0x0000000084a00000| Untracked 
|  75|0x0000000084b00000, 0x0000000084b00000, 0x0000000084c00000|  0%| F|  |TAMS 0x0000000084b00000, 0x0000000084b00000| Untracked 
|  76|0x0000000084c00000, 0x0000000084c00000, 0x0000000084d00000|  0%| F|  |TAMS 0x0000000084c00000, 0x0000000084c00000| Untracked 
|  77|0x0000000084d00000, 0x0000000084d00000, 0x0000000084e00000|  0%| F|  |TAMS 0x0000000084d00000, 0x0000000084d00000| Untracked 
|  78|0x0000000084e00000, 0x0000000084e00000, 0x0000000084f00000|  0%| F|  |TAMS 0x0000000084e00000, 0x0000000084e00000| Untracked 
|  79|0x0000000084f00000, 0x0000000084f00000, 0x0000000085000000|  0%| F|  |TAMS 0x0000000084f00000, 0x0000000084f00000| Untracked 
|  80|0x0000000085000000, 0x0000000085000000, 0x0000000085100000|  0%| F|  |TAMS 0x0000000085000000, 0x0000000085000000| Untracked 
|  81|0x0000000085100000, 0x0000000085100000, 0x0000000085200000|  0%| F|  |TAMS 0x0000000085100000, 0x0000000085100000| Untracked 
|  82|0x0000000085200000, 0x0000000085200000, 0x0000000085300000|  0%| F|  |TAMS 0x0000000085200000, 0x0000000085200000| Untracked 
|  83|0x0000000085300000, 0x0000000085300000, 0x0000000085400000|  0%| F|  |TAMS 0x0000000085300000, 0x0000000085300000| Untracked 
|  84|0x0000000085400000, 0x0000000085400000, 0x0000000085500000|  0%| F|  |TAMS 0x0000000085400000, 0x0000000085400000| Untracked 
|  85|0x0000000085500000, 0x0000000085500000, 0x0000000085600000|  0%| F|  |TAMS 0x0000000085500000, 0x0000000085500000| Untracked 
|  86|0x0000000085600000, 0x0000000085600000, 0x0000000085700000|  0%| F|  |TAMS 0x0000000085600000, 0x0000000085600000| Untracked 
|  87|0x0000000085700000, 0x0000000085700000, 0x0000000085800000|  0%| F|  |TAMS 0x0000000085700000, 0x0000000085700000| Untracked 
|  88|0x0000000085800000, 0x0000000085800000, 0x0000000085900000|  0%| F|  |TAMS 0x0000000085800000, 0x0000000085800000| Untracked 
|  89|0x0000000085900000, 0x0000000085900000, 0x0000000085a00000|  0%| F|  |TAMS 0x0000000085900000, 0x0000000085900000| Untracked 
|  90|0x0000000085a00000, 0x0000000085a00000, 0x0000000085b00000|  0%| F|  |TAMS 0x0000000085a00000, 0x0000000085a00000| Untracked 
|  91|0x0000000085b00000, 0x0000000085b00000, 0x0000000085c00000|  0%| F|  |TAMS 0x0000000085b00000, 0x0000000085b00000| Untracked 
|  92|0x0000000085c00000, 0x0000000085c00000, 0x0000000085d00000|  0%| F|  |TAMS 0x0000000085c00000, 0x0000000085c00000| Untracked 
|  93|0x0000000085d00000, 0x0000000085d00000, 0x0000000085e00000|  0%| F|  |TAMS 0x0000000085d00000, 0x0000000085d00000| Untracked 
|  94|0x0000000085e00000, 0x0000000085e00000, 0x0000000085f00000|  0%| F|  |TAMS 0x0000000085e00000, 0x0000000085e00000| Untracked 
|  95|0x0000000085f00000, 0x0000000085f00000, 0x0000000086000000|  0%| F|  |TAMS 0x0000000085f00000, 0x0000000085f00000| Untracked 
|  96|0x0000000086000000, 0x0000000086000000, 0x0000000086100000|  0%| F|  |TAMS 0x0000000086000000, 0x0000000086000000| Untracked 
|  97|0x0000000086100000, 0x0000000086100000, 0x0000000086200000|  0%| F|  |TAMS 0x0000000086100000, 0x0000000086100000| Untracked 
|  98|0x0000000086200000, 0x0000000086200000, 0x0000000086300000|  0%| F|  |TAMS 0x0000000086200000, 0x0000000086200000| Untracked 
|  99|0x0000000086300000, 0x0000000086300000, 0x0000000086400000|  0%| F|  |TAMS 0x0000000086300000, 0x0000000086300000| Untracked 
| 100|0x0000000086400000, 0x0000000086400000, 0x0000000086500000|  0%| F|  |TAMS 0x0000000086400000, 0x0000000086400000| Untracked 
| 101|0x0000000086500000, 0x0000000086500000, 0x0000000086600000|  0%| F|  |TAMS 0x0000000086500000, 0x0000000086500000| Untracked 
| 102|0x0000000086600000, 0x0000000086600000, 0x0000000086700000|  0%| F|  |TAMS 0x0000000086600000, 0x0000000086600000| Untracked 
| 103|0x0000000086700000, 0x0000000086700000, 0x0000000086800000|  0%| F|  |TAMS 0x0000000086700000, 0x0000000086700000| Untracked 
| 104|0x0000000086800000, 0x0000000086800000, 0x0000000086900000|  0%| F|  |TAMS 0x0000000086800000, 0x0000000086800000| Untracked 
| 105|0x0000000086900000, 0x0000000086900000, 0x0000000086a00000|  0%| F|  |TAMS 0x0000000086900000, 0x0000000086900000| Untracked 
| 106|0x0000000086a00000, 0x0000000086a00000, 0x0000000086b00000|  0%| F|  |TAMS 0x0000000086a00000, 0x0000000086a00000| Untracked 
| 107|0x0000000086b00000, 0x0000000086b00000, 0x0000000086c00000|  0%| F|  |TAMS 0x0000000086b00000, 0x0000000086b00000| Untracked 
| 108|0x0000000086c00000, 0x0000000086c00000, 0x0000000086d00000|  0%| F|  |TAMS 0x0000000086c00000, 0x0000000086c00000| Untracked 
| 109|0x0000000086d00000, 0x0000000086d00000, 0x0000000086e00000|  0%| F|  |TAMS 0x0000000086d00000, 0x0000000086d00000| Untracked 
| 110|0x0000000086e00000, 0x0000000086e00000, 0x0000000086f00000|  0%| F|  |TAMS 0x0000000086e00000, 0x0000000086e00000| Untracked 
| 111|0x0000000086f00000, 0x0000000086f00000, 0x0000000087000000|  0%| F|  |TAMS 0x0000000086f00000, 0x0000000086f00000| Untracked 
| 112|0x0000000087000000, 0x0000000087000000, 0x0000000087100000|  0%| F|  |TAMS 0x0000000087000000, 0x0000000087000000| Untracked 
| 113|0x0000000087100000, 0x0000000087100000, 0x0000000087200000|  0%| F|  |TAMS 0x0000000087100000, 0x0000000087100000| Untracked 
| 114|0x0000000087200000, 0x0000000087200000, 0x0000000087300000|  0%| F|  |TAMS 0x0000000087200000, 0x0000000087200000| Untracked 
| 115|0x0000000087300000, 0x0000000087300000, 0x0000000087400000|  0%| F|  |TAMS 0x0000000087300000, 0x0000000087300000| Untracked 
| 116|0x0000000087400000, 0x0000000087400000, 0x0000000087500000|  0%| F|  |TAMS 0x0000000087400000, 0x0000000087400000| Untracked 
| 117|0x0000000087500000, 0x0000000087500000, 0x0000000087600000|  0%| F|  |TAMS 0x0000000087500000, 0x0000000087500000| Untracked 
| 118|0x0000000087600000, 0x0000000087600000, 0x0000000087700000|  0%| F|  |TAMS 0x0000000087600000, 0x0000000087600000| Untracked 
| 119|0x0000000087700000, 0x0000000087700000, 0x0000000087800000|  0%| F|  |TAMS 0x0000000087700000, 0x0000000087700000| Untracked 
| 120|0x0000000087800000, 0x0000000087800000, 0x0000000087900000|  0%| F|  |TAMS 0x0000000087800000, 0x0000000087800000| Untracked 
| 121|0x0000000087900000, 0x0000000087900000, 0x0000000087a00000|  0%| F|  |TAMS 0x0000000087900000, 0x0000000087900000| Untracked 
| 122|0x0000000087a00000, 0x0000000087a00000, 0x0000000087b00000|  0%| F|  |TAMS 0x0000000087a00000, 0x0000000087a00000| Untracked 
| 123|0x0000000087b00000, 0x0000000087b00000, 0x0000000087c00000|  0%| F|  |TAMS 0x0000000087b00000, 0x0000000087b00000| Untracked 
| 124|0x0000000087c00000, 0x0000000087c00000, 0x0000000087d00000|  0%| F|  |TAMS 0x0000000087c00000, 0x0000000087c00000| Untracked 
| 125|0x0000000087d00000, 0x0000000087d00000, 0x0000000087e00000|  0%| F|  |TAMS 0x0000000087d00000, 0x0000000087d00000| Untracked 
| 126|0x0000000087e00000, 0x0000000087e00000, 0x0000000087f00000|  0%| F|  |TAMS 0x0000000087e00000, 0x0000000087e00000| Untracked 
| 127|0x0000000087f00000, 0x0000000087f00000, 0x0000000088000000|  0%| F|  |TAMS 0x0000000087f00000, 0x0000000087f00000| Untracked 
| 128|0x0000000088000000, 0x0000000088000000, 0x0000000088100000|  0%| F|  |TAMS 0x0000000088000000, 0x0000000088000000| Untracked 
| 129|0x0000000088100000, 0x0000000088100000, 0x0000000088200000|  0%| F|  |TAMS 0x0000000088100000, 0x0000000088100000| Untracked 
| 130|0x0000000088200000, 0x0000000088200000, 0x0000000088300000|  0%| F|  |TAMS 0x0000000088200000, 0x0000000088200000| Untracked 
| 131|0x0000000088300000, 0x0000000088300000, 0x0000000088400000|  0%| F|  |TAMS 0x0000000088300000, 0x0000000088300000| Untracked 
| 132|0x0000000088400000, 0x0000000088400000, 0x0000000088500000|  0%| F|  |TAMS 0x0000000088400000, 0x0000000088400000| Untracked 
| 133|0x0000000088500000, 0x0000000088500000, 0x0000000088600000|  0%| F|  |TAMS 0x0000000088500000, 0x0000000088500000| Untracked 
| 134|0x0000000088600000, 0x0000000088600000, 0x0000000088700000|  0%| F|  |TAMS 0x0000000088600000, 0x0000000088600000| Untracked 
| 135|0x0000000088700000, 0x0000000088700000, 0x0000000088800000|  0%| F|  |TAMS 0x0000000088700000, 0x0000000088700000| Untracked 
| 136|0x0000000088800000, 0x0000000088800000, 0x0000000088900000|  0%| F|  |TAMS 0x0000000088800000, 0x0000000088800000| Untracked 
| 137|0x0000000088900000, 0x0000000088900000, 0x0000000088a00000|  0%| F|  |TAMS 0x0000000088900000, 0x0000000088900000| Untracked 
| 138|0x0000000088a00000, 0x0000000088a00000, 0x0000000088b00000|  0%| F|  |TAMS 0x0000000088a00000, 0x0000000088a00000| Untracked 
| 139|0x0000000088b00000, 0x0000000088b00000, 0x0000000088c00000|  0%| F|  |TAMS 0x0000000088b00000, 0x0000000088b00000| Untracked 
| 140|0x0000000088c00000, 0x0000000088c00000, 0x0000000088d00000|  0%| F|  |TAMS 0x0000000088c00000, 0x0000000088c00000| Untracked 
| 141|0x0000000088d00000, 0x0000000088d00000, 0x0000000088e00000|  0%| F|  |TAMS 0x0000000088d00000, 0x0000000088d00000| Untracked 
| 142|0x0000000088e00000, 0x0000000088e00000, 0x0000000088f00000|  0%| F|  |TAMS 0x0000000088e00000, 0x0000000088e00000| Untracked 
| 143|0x0000000088f00000, 0x0000000088f00000, 0x0000000089000000|  0%| F|  |TAMS 0x0000000088f00000, 0x0000000088f00000| Untracked 
| 144|0x0000000089000000, 0x0000000089000000, 0x0000000089100000|  0%| F|  |TAMS 0x0000000089000000, 0x0000000089000000| Untracked 
| 145|0x0000000089100000, 0x0000000089100000, 0x0000000089200000|  0%| F|  |TAMS 0x0000000089100000, 0x0000000089100000| Untracked 
| 146|0x0000000089200000, 0x0000000089200000, 0x0000000089300000|  0%| F|  |TAMS 0x0000000089200000, 0x0000000089200000| Untracked 
| 147|0x0000000089300000, 0x0000000089300000, 0x0000000089400000|  0%| F|  |TAMS 0x0000000089300000, 0x0000000089300000| Untracked 
| 148|0x0000000089400000, 0x0000000089400000, 0x0000000089500000|  0%| F|  |TAMS 0x0000000089400000, 0x0000000089400000| Untracked 
| 149|0x0000000089500000, 0x0000000089500000, 0x0000000089600000|  0%| F|  |TAMS 0x0000000089500000, 0x0000000089500000| Untracked 
| 150|0x0000000089600000, 0x0000000089600000, 0x0000000089700000|  0%| F|  |TAMS 0x0000000089600000, 0x0000000089600000| Untracked 
| 151|0x0000000089700000, 0x0000000089700000, 0x0000000089800000|  0%| F|  |TAMS 0x0000000089700000, 0x0000000089700000| Untracked 
| 152|0x0000000089800000, 0x0000000089800000, 0x0000000089900000|  0%| F|  |TAMS 0x0000000089800000, 0x0000000089800000| Untracked 
| 153|0x0000000089900000, 0x0000000089900000, 0x0000000089a00000|  0%| F|  |TAMS 0x0000000089900000, 0x0000000089900000| Untracked 
| 154|0x0000000089a00000, 0x0000000089a00000, 0x0000000089b00000|  0%| F|  |TAMS 0x0000000089a00000, 0x0000000089a00000| Untracked 
| 155|0x0000000089b00000, 0x0000000089b00000, 0x0000000089c00000|  0%| F|  |TAMS 0x0000000089b00000, 0x0000000089b00000| Untracked 
| 156|0x0000000089c00000, 0x0000000089c00000, 0x0000000089d00000|  0%| F|  |TAMS 0x0000000089c00000, 0x0000000089c00000| Untracked 
| 157|0x0000000089d00000, 0x0000000089d00000, 0x0000000089e00000|  0%| F|  |TAMS 0x0000000089d00000, 0x0000000089d00000| Untracked 
| 158|0x0000000089e00000, 0x0000000089e00000, 0x0000000089f00000|  0%| F|  |TAMS 0x0000000089e00000, 0x0000000089e00000| Untracked 
| 159|0x0000000089f00000, 0x0000000089f00000, 0x000000008a000000|  0%| F|  |TAMS 0x0000000089f00000, 0x0000000089f00000| Untracked 
| 160|0x000000008a000000, 0x000000008a000000, 0x000000008a100000|  0%| F|  |TAMS 0x000000008a000000, 0x000000008a000000| Untracked 
| 161|0x000000008a100000, 0x000000008a100000, 0x000000008a200000|  0%| F|  |TAMS 0x000000008a100000, 0x000000008a100000| Untracked 
| 162|0x000000008a200000, 0x000000008a200000, 0x000000008a300000|  0%| F|  |TAMS 0x000000008a200000, 0x000000008a200000| Untracked 
| 163|0x000000008a300000, 0x000000008a300000, 0x000000008a400000|  0%| F|  |TAMS 0x000000008a300000, 0x000000008a300000| Untracked 
| 164|0x000000008a400000, 0x000000008a400000, 0x000000008a500000|  0%| F|  |TAMS 0x000000008a400000, 0x000000008a400000| Untracked 
| 165|0x000000008a500000, 0x000000008a500000, 0x000000008a600000|  0%| F|  |TAMS 0x000000008a500000, 0x000000008a500000| Untracked 
| 166|0x000000008a600000, 0x000000008a600000, 0x000000008a700000|  0%| F|  |TAMS 0x000000008a600000, 0x000000008a600000| Untracked 
| 167|0x000000008a700000, 0x000000008a700000, 0x000000008a800000|  0%| F|  |TAMS 0x000000008a700000, 0x000000008a700000| Untracked 
| 168|0x000000008a800000, 0x000000008a800000, 0x000000008a900000|  0%| F|  |TAMS 0x000000008a800000, 0x000000008a800000| Untracked 
| 169|0x000000008a900000, 0x000000008a900000, 0x000000008aa00000|  0%| F|  |TAMS 0x000000008a900000, 0x000000008a900000| Untracked 
| 170|0x000000008aa00000, 0x000000008aa00000, 0x000000008ab00000|  0%| F|  |TAMS 0x000000008aa00000, 0x000000008aa00000| Untracked 
| 171|0x000000008ab00000, 0x000000008ab00000, 0x000000008ac00000|  0%| F|  |TAMS 0x000000008ab00000, 0x000000008ab00000| Untracked 
| 172|0x000000008ac00000, 0x000000008ac00000, 0x000000008ad00000|  0%| F|  |TAMS 0x000000008ac00000, 0x000000008ac00000| Untracked 
| 173|0x000000008ad00000, 0x000000008ad00000, 0x000000008ae00000|  0%| F|  |TAMS 0x000000008ad00000, 0x000000008ad00000| Untracked 
| 174|0x000000008ae00000, 0x000000008ae00000, 0x000000008af00000|  0%| F|  |TAMS 0x000000008ae00000, 0x000000008ae00000| Untracked 
| 175|0x000000008af00000, 0x000000008af00000, 0x000000008b000000|  0%| F|  |TAMS 0x000000008af00000, 0x000000008af00000| Untracked 
| 176|0x000000008b000000, 0x000000008b000000, 0x000000008b100000|  0%| F|  |TAMS 0x000000008b000000, 0x000000008b000000| Untracked 
| 177|0x000000008b100000, 0x000000008b100000, 0x000000008b200000|  0%| F|  |TAMS 0x000000008b100000, 0x000000008b100000| Untracked 
| 178|0x000000008b200000, 0x000000008b200000, 0x000000008b300000|  0%| F|  |TAMS 0x000000008b200000, 0x000000008b200000| Untracked 
| 179|0x000000008b300000, 0x000000008b300000, 0x000000008b400000|  0%| F|  |TAMS 0x000000008b300000, 0x000000008b300000| Untracked 
| 180|0x000000008b400000, 0x000000008b41b4a0, 0x000000008b500000| 10%| S|CS|TAMS 0x000000008b400000, 0x000000008b400000| Complete 
| 181|0x000000008b500000, 0x000000008b600000, 0x000000008b600000|100%| S|CS|TAMS 0x000000008b500000, 0x000000008b500000| Complete 
| 182|0x000000008b600000, 0x000000008b700000, 0x000000008b700000|100%| S|CS|TAMS 0x000000008b600000, 0x000000008b600000| Complete 
| 183|0x000000008b700000, 0x000000008b700000, 0x000000008b800000|  0%| F|  |TAMS 0x000000008b700000, 0x000000008b700000| Untracked 
| 184|0x000000008b800000, 0x000000008b800000, 0x000000008b900000|  0%| F|  |TAMS 0x000000008b800000, 0x000000008b800000| Untracked 
| 185|0x000000008b900000, 0x000000008b900000, 0x000000008ba00000|  0%| F|  |TAMS 0x000000008b900000, 0x000000008b900000| Untracked 
| 186|0x000000008ba00000, 0x000000008ba00000, 0x000000008bb00000|  0%| F|  |TAMS 0x000000008ba00000, 0x000000008ba00000| Untracked 
| 187|0x000000008bb00000, 0x000000008bb00000, 0x000000008bc00000|  0%| F|  |TAMS 0x000000008bb00000, 0x000000008bb00000| Untracked 
| 188|0x000000008bc00000, 0x000000008bc00000, 0x000000008bd00000|  0%| F|  |TAMS 0x000000008bc00000, 0x000000008bc00000| Untracked 
| 189|0x000000008bd00000, 0x000000008bd00000, 0x000000008be00000|  0%| F|  |TAMS 0x000000008bd00000, 0x000000008bd00000| Untracked 
| 190|0x000000008be00000, 0x000000008be00000, 0x000000008bf00000|  0%| F|  |TAMS 0x000000008be00000, 0x000000008be00000| Untracked 
| 191|0x000000008bf00000, 0x000000008bf00000, 0x000000008c000000|  0%| F|  |TAMS 0x000000008bf00000, 0x000000008bf00000| Untracked 
| 192|0x000000008c000000, 0x000000008c000000, 0x000000008c100000|  0%| F|  |TAMS 0x000000008c000000, 0x000000008c000000| Untracked 
| 193|0x000000008c100000, 0x000000008c100000, 0x000000008c200000|  0%| F|  |TAMS 0x000000008c100000, 0x000000008c100000| Untracked 
| 194|0x000000008c200000, 0x000000008c200000, 0x000000008c300000|  0%| F|  |TAMS 0x000000008c200000, 0x000000008c200000| Untracked 
| 195|0x000000008c300000, 0x000000008c300000, 0x000000008c400000|  0%| F|  |TAMS 0x000000008c300000, 0x000000008c300000| Untracked 
| 196|0x000000008c400000, 0x000000008c400000, 0x000000008c500000|  0%| F|  |TAMS 0x000000008c400000, 0x000000008c400000| Untracked 
| 197|0x000000008c500000, 0x000000008c500000, 0x000000008c600000|  0%| F|  |TAMS 0x000000008c500000, 0x000000008c500000| Untracked 
| 198|0x000000008c600000, 0x000000008c600000, 0x000000008c700000|  0%| F|  |TAMS 0x000000008c600000, 0x000000008c600000| Untracked 
| 199|0x000000008c700000, 0x000000008c700000, 0x000000008c800000|  0%| F|  |TAMS 0x000000008c700000, 0x000000008c700000| Untracked 
| 200|0x000000008c800000, 0x000000008c800000, 0x000000008c900000|  0%| F|  |TAMS 0x000000008c800000, 0x000000008c800000| Untracked 
| 201|0x000000008c900000, 0x000000008c900000, 0x000000008ca00000|  0%| F|  |TAMS 0x000000008c900000, 0x000000008c900000| Untracked 
| 202|0x000000008ca00000, 0x000000008ca00000, 0x000000008cb00000|  0%| F|  |TAMS 0x000000008ca00000, 0x000000008ca00000| Untracked 
| 203|0x000000008cb00000, 0x000000008cb00000, 0x000000008cc00000|  0%| F|  |TAMS 0x000000008cb00000, 0x000000008cb00000| Untracked 
| 204|0x000000008cc00000, 0x000000008cc7a1a0, 0x000000008cd00000| 47%| E|  |TAMS 0x000000008cc00000, 0x000000008cc00000| Complete 
| 205|0x000000008cd00000, 0x000000008cde11e0, 0x000000008ce00000| 87%| E|  |TAMS 0x000000008cd00000, 0x000000008cd00000| Complete 
| 206|0x000000008ce00000, 0x000000008cf00000, 0x000000008cf00000|100%| E|CS|TAMS 0x000000008ce00000, 0x000000008ce00000| Complete 
| 207|0x000000008cf00000, 0x000000008d000000, 0x000000008d000000|100%| E|CS|TAMS 0x000000008cf00000, 0x000000008cf00000| Complete 
| 208|0x000000008d000000, 0x000000008d100000, 0x000000008d100000|100%| E|CS|TAMS 0x000000008d000000, 0x000000008d000000| Complete 
| 209|0x000000008d100000, 0x000000008d200000, 0x000000008d200000|100%| E|CS|TAMS 0x000000008d100000, 0x000000008d100000| Complete 
| 210|0x000000008d200000, 0x000000008d300000, 0x000000008d300000|100%| E|CS|TAMS 0x000000008d200000, 0x000000008d200000| Complete 
| 211|0x000000008d300000, 0x000000008d400000, 0x000000008d400000|100%| E|CS|TAMS 0x000000008d300000, 0x000000008d300000| Complete 
| 212|0x000000008d400000, 0x000000008d500000, 0x000000008d500000|100%| E|CS|TAMS 0x000000008d400000, 0x000000008d400000| Complete 
| 213|0x000000008d500000, 0x000000008d600000, 0x000000008d600000|100%| E|CS|TAMS 0x000000008d500000, 0x000000008d500000| Complete 
| 214|0x000000008d600000, 0x000000008d700000, 0x000000008d700000|100%| E|CS|TAMS 0x000000008d600000, 0x000000008d600000| Complete 
| 215|0x000000008d700000, 0x000000008d800000, 0x000000008d800000|100%| E|CS|TAMS 0x000000008d700000, 0x000000008d700000| Complete 
| 216|0x000000008d800000, 0x000000008d900000, 0x000000008d900000|100%| E|CS|TAMS 0x000000008d800000, 0x000000008d800000| Complete 
| 217|0x000000008d900000, 0x000000008da00000, 0x000000008da00000|100%| E|CS|TAMS 0x000000008d900000, 0x000000008d900000| Complete 
| 218|0x000000008da00000, 0x000000008db00000, 0x000000008db00000|100%| E|CS|TAMS 0x000000008da00000, 0x000000008da00000| Complete 
| 219|0x000000008db00000, 0x000000008dc00000, 0x000000008dc00000|100%| E|CS|TAMS 0x000000008db00000, 0x000000008db00000| Complete 
| 220|0x000000008dc00000, 0x000000008dd00000, 0x000000008dd00000|100%| E|CS|TAMS 0x000000008dc00000, 0x000000008dc00000| Complete 
| 221|0x000000008dd00000, 0x000000008de00000, 0x000000008de00000|100%| E|CS|TAMS 0x000000008dd00000, 0x000000008dd00000| Complete 
| 222|0x000000008de00000, 0x000000008df00000, 0x000000008df00000|100%| E|CS|TAMS 0x000000008de00000, 0x000000008de00000| Complete 
| 223|0x000000008df00000, 0x000000008e000000, 0x000000008e000000|100%| E|CS|TAMS 0x000000008df00000, 0x000000008df00000| Complete 

Card table byte_map: [0x0000019bbf360000,0x0000019bbf760000] _byte_map_base: 0x0000019bbef60000

Marking Bits (Prev, Next): (CMBitMap*) 0x0000019bac157760, (CMBitMap*) 0x0000019bac157728
 Prev Bits: [0x0000019bc1b60000, 0x0000019bc3b60000)
 Next Bits: [0x0000019bbfb60000, 0x0000019bc1b60000)

Polling page: 0x0000019baa110000

Metaspace:

Usage:
  Non-class:     23.22 MB capacity,    22.77 MB ( 98%) used,   398.71 KB (  2%) free+waste,    59.50 KB ( <1%) overhead. 
      Class:      3.62 MB capacity,     3.40 MB ( 94%) used,   201.38 KB (  5%) free+waste,    29.94 KB ( <1%) overhead. 
       Both:     26.84 MB capacity,    26.17 MB ( 97%) used,   600.09 KB (  2%) free+waste,    89.44 KB ( <1%) overhead. 

Virtual space:
  Non-class space:       24.00 MB reserved,      23.42 MB ( 98%) committed 
      Class space:        1.00 GB reserved,       3.62 MB ( <1%) committed 
             Both:        1.02 GB reserved,      27.05 MB (  3%) committed 

Chunk freelists:
   Non-Class:  16.00 KB
       Class:  4.00 KB
        Both:  20.00 KB

MaxMetaspaceSize: 17179869184.00 GB
CompressedClassSpaceSize: 1.00 GB
Initial GC threshold: 20.80 MB
Current GC threshold: 35.08 MB
CDS: off

CodeHeap 'non-profiled nmethods': size=120000Kb used=1198Kb max_used=1198Kb free=118801Kb
 bounds [0x0000019bb7700000, 0x0000019bb7970000, 0x0000019bbec30000]
CodeHeap 'profiled nmethods': size=120000Kb used=4915Kb max_used=4915Kb free=115085Kb
 bounds [0x0000019bb01d0000, 0x0000019bb06a0000, 0x0000019bb7700000]
CodeHeap 'non-nmethods': size=5760Kb used=1224Kb max_used=1247Kb free=4536Kb
 bounds [0x0000019bafc30000, 0x0000019bafea0000, 0x0000019bb01d0000]
 total_blobs=2845 nmethods=2344 adapters=413
 compilation: enabled
              stopped_count=0, restarted_count=0
 full_count=0

Compilation events (20 events):
Event: 3.015 Thread 0x0000019bc6e74000 nmethod 2330 0x0000019bb068fb10 code [0x0000019bb068fcc0, 0x0000019bb068fdb8]
Event: 3.018 Thread 0x0000019bc6e74000 2331       1       org.gradle.internal.io.StreamByteBuffer::access$100 (5 bytes)
Event: 3.018 Thread 0x0000019bc6e74000 nmethod 2331 0x0000019bb782b110 code [0x0000019bb782b2c0, 0x0000019bb782b358]
Event: 3.018 Thread 0x0000019bc6e74000 2332       3       java.util.HashSet::<init> (17 bytes)
Event: 3.019 Thread 0x0000019bc6e74000 nmethod 2332 0x0000019bb068fe90 code [0x0000019bb06900a0, 0x0000019bb0690428]
Event: 3.019 Thread 0x0000019bc6e74000 2333       3       java.net.URLStreamHandler::getHostAddress (5 bytes)
Event: 3.019 Thread 0x0000019bc6e74000 nmethod 2333 0x0000019bb0690590 code [0x0000019bb0690740, 0x0000019bb0690868]
Event: 3.019 Thread 0x0000019bc6e74000 2334  s!   3       java.net.URL::getHostAddress (53 bytes)
Event: 3.020 Thread 0x0000019bc6e74000 nmethod 2334 0x0000019bb0690910 code [0x0000019bb0690b20, 0x0000019bb06911c8]
Event: 3.020 Thread 0x0000019bc6e74000 2335       3       org.gradle.internal.io.StreamByteBuffer::prepareRead (102 bytes)
Event: 3.020 Thread 0x0000019bc6e74000 nmethod 2335 0x0000019bb0691410 code [0x0000019bb0691640, 0x0000019bb0691eb8]
Event: 3.021 Thread 0x0000019bc6e74000 2336       1       java.lang.reflect.Constructor::getSharedParameterTypes (5 bytes)
Event: 3.021 Thread 0x0000019bc6e74000 nmethod 2336 0x0000019bb782b410 code [0x0000019bb782b5c0, 0x0000019bb782b678]
Event: 3.022 Thread 0x0000019bc6e74000 2337       3       java.io.ObjectStreamField::appendClassSignature (69 bytes)
Event: 3.023 Thread 0x0000019bc6e74000 nmethod 2337 0x0000019bb0692110 code [0x0000019bb06923a0, 0x0000019bb0692b58]
Event: 3.026 Thread 0x0000019bc6e74000 2338       3       java.lang.Throwable::<init> (34 bytes)
Event: 3.027 Thread 0x0000019bc6e74000 nmethod 2338 0x0000019bb0692f10 code [0x0000019bb0693100, 0x0000019bb06937a8]
Event: 3.027 Thread 0x0000019bc6e74000 2339       3       sun.net.www.protocol.file.Handler::hostsEqual (65 bytes)
Event: 3.027 Thread 0x0000019bc6e74000 nmethod 2339 0x0000019bb0693910 code [0x0000019bb0693b20, 0x0000019bb0694068]
Event: 3.027 Thread 0x0000019bc6e74000 2340       3       java.net.URLStreamHandler::hostsEqual (75 bytes)

GC Heap History (6 events):
Event: 0.632 GC heap before
{Heap before GC invocations=0 (full 0):
 garbage-first heap   total 229376K, used 29696K [0x0000000080000000, 0x0000000100000000)
  region size 1024K, 24 young (24576K), 0 survivors (0K)
 Metaspace       used 9878K, capacity 10118K, committed 10368K, reserved 1058816K
  class space    used 1010K, capacity 1102K, committed 1152K, reserved 1048576K
}
Event: 0.637 GC heap after
{Heap after GC invocations=1 (full 0):
 garbage-first heap   total 229376K, used 9295K [0x0000000080000000, 0x0000000100000000)
  region size 1024K, 3 young (3072K), 3 survivors (3072K)
 Metaspace       used 9878K, capacity 10118K, committed 10368K, reserved 1058816K
  class space    used 1010K, capacity 1102K, committed 1152K, reserved 1048576K
}
Event: 2.286 GC heap before
{Heap before GC invocations=1 (full 0):
 garbage-first heap   total 229376K, used 98383K [0x0000000080000000, 0x0000000100000000)
  region size 1024K, 90 young (92160K), 3 survivors (3072K)
 Metaspace       used 20719K, capacity 21148K, committed 21296K, reserved 1069056K
  class space    used 2500K, capacity 2642K, committed 2688K, reserved 1048576K
}
Event: 2.296 GC heap after
{Heap after GC invocations=2 (full 0):
 garbage-first heap   total 229376K, used 16838K [0x0000000080000000, 0x0000000100000000)
  region size 1024K, 11 young (11264K), 11 survivors (11264K)
 Metaspace       used 20719K, capacity 21148K, committed 21296K, reserved 1069056K
  class space    used 2500K, capacity 2642K, committed 2688K, reserved 1048576K
}
Event: 2.738 GC heap before
{Heap before GC invocations=3 (full 0):
 garbage-first heap   total 229376K, used 58822K [0x0000000080000000, 0x0000000100000000)
  region size 1024K, 52 young (53248K), 11 survivors (11264K)
 Metaspace       used 24955K, capacity 25527K, committed 25648K, reserved 1071104K
  class space    used 3170K, capacity 3383K, committed 3456K, reserved 1048576K
}
Event: 2.746 GC heap after
{Heap after GC invocations=4 (full 0):
 garbage-first heap   total 229376K, used 18462K [0x0000000080000000, 0x0000000100000000)
  region size 1024K, 3 young (3072K), 3 survivors (3072K)
 Metaspace       used 24955K, capacity 25527K, committed 25648K, reserved 1071104K
  class space    used 3170K, capacity 3383K, committed 3456K, reserved 1048576K
}

Deoptimization events (20 events):
Event: 2.965 Thread 0x0000019bc9977000 DEOPT PACKING pc=0x0000019bb02947c6 sp=0x0000000850cf6520
Event: 2.965 Thread 0x0000019bc9977000 DEOPT UNPACKING pc=0x0000019bafc7a95e sp=0x0000000850cf5b10 mode 0
Event: 2.968 Thread 0x0000019bc9977000 Uncommon trap: trap_request=0xffffffc6 fr.pc=0x0000019bb7804d78 relative=0x0000000000003338
Event: 2.968 Thread 0x0000019bc9977000 Uncommon trap: reason=bimorphic_or_optimized_type_check action=maybe_recompile pc=0x0000019bb7804d78 method=java.lang.ClassLoader.loadClass(Ljava/lang/String;Z)Ljava/lang/Class; @ 38 c2
Event: 2.968 Thread 0x0000019bc9977000 DEOPT PACKING pc=0x0000019bb7804d78 sp=0x0000000850cf8890
Event: 2.968 Thread 0x0000019bc9977000 DEOPT UNPACKING pc=0x0000019bafc7a1af sp=0x0000000850cf88f0 mode 2
Event: 2.969 Thread 0x0000019bc9977000 Uncommon trap: trap_request=0xffffffc6 fr.pc=0x0000019bb7804d78 relative=0x0000000000003338
Event: 2.969 Thread 0x0000019bc9977000 Uncommon trap: reason=bimorphic_or_optimized_type_check action=maybe_recompile pc=0x0000019bb7804d78 method=java.lang.ClassLoader.loadClass(Ljava/lang/String;Z)Ljava/lang/Class; @ 38 c2
Event: 2.969 Thread 0x0000019bc9977000 DEOPT PACKING pc=0x0000019bb7804d78 sp=0x0000000850cf8b40
Event: 2.969 Thread 0x0000019bc9977000 DEOPT UNPACKING pc=0x0000019bafc7a1af sp=0x0000000850cf8ba0 mode 2
Event: 2.969 Thread 0x0000019bc9977000 Uncommon trap: trap_request=0xffffffc6 fr.pc=0x0000019bb7804d78 relative=0x0000000000003338
Event: 2.970 Thread 0x0000019bc9977000 Uncommon trap: reason=bimorphic_or_optimized_type_check action=maybe_recompile pc=0x0000019bb7804d78 method=java.lang.ClassLoader.loadClass(Ljava/lang/String;Z)Ljava/lang/Class; @ 38 c2
Event: 2.970 Thread 0x0000019bc9977000 DEOPT PACKING pc=0x0000019bb7804d78 sp=0x0000000850cfa0f0
Event: 2.970 Thread 0x0000019bc9977000 DEOPT UNPACKING pc=0x0000019bafc7a1af sp=0x0000000850cfa150 mode 2
Event: 2.983 Thread 0x0000019bc9977000 DEOPT PACKING pc=0x0000019bb02947c6 sp=0x0000000850cf5fa0
Event: 2.983 Thread 0x0000019bc9977000 DEOPT UNPACKING pc=0x0000019bafc7a95e sp=0x0000000850cf5590 mode 0
Event: 2.986 Thread 0x0000019bc9977000 Uncommon trap: trap_request=0xffffff4d fr.pc=0x0000019bb778160c relative=0x0000000000001fec
Event: 2.986 Thread 0x0000019bc9977000 Uncommon trap: reason=unstable_if action=reinterpret pc=0x0000019bb778160c method=java.util.zip.ZipFile$Source.initCEN(ILjava/util/zip/ZipCoder;)V @ 621 c2
Event: 2.986 Thread 0x0000019bc9977000 DEOPT PACKING pc=0x0000019bb778160c sp=0x0000000850cf60b0
Event: 2.986 Thread 0x0000019bc9977000 DEOPT UNPACKING pc=0x0000019bafc7a1af sp=0x0000000850cf6098 mode 2

Classes redefined (0 events):
No events

Internal exceptions (20 events):
Event: 2.593 Thread 0x0000019bc9977000 Exception <a 'java/lang/NoSuchMethodError'{0x000000008c485878}: 'void java.lang.invoke.DirectMethodHandle$Holder.invokeSpecial(java.lang.Object, java.lang.Object, java.lang.Object, java.lang.Object, java.lang.Object, java.lang.Object)'> (0x000000008c485878) thrown at [src/hotspot/share/interpreter/linkResolver.cpp, line 773]
Event: 2.604 Thread 0x0000019bc9977000 Exception <a 'java/lang/NoSuchMethodError'{0x000000008c4f4368}: 'void java.lang.invoke.DirectMethodHandle$Holder.invokeSpecial(java.lang.Object, java.lang.Object, java.lang.Object, java.lang.Object, java.lang.Object, java.lang.Object, java.lang.Object)'> (0x000000008c4f4368) thrown at [src/hotspot/share/interpreter/linkResolver.cpp, line 773]
Event: 2.605 Thread 0x0000019bc9977000 Exception <a 'java/lang/NoSuchMethodError'{0x000000008c4fc858}: 'java.lang.Object java.lang.invoke.Invokers$Holder.linkToTargetMethod(java.lang.Object, java.lang.Object, java.lang.Object, java.lang.Object, java.lang.Object, java.lang.Object)'> (0x000000008c4fc858) thrown at [src/hotspot/share/interpreter/linkResolver.cpp, line 773]
Event: 2.682 Thread 0x0000019bc9977000 Exception <a 'java/lang/NoSuchMethodError'{0x000000008ba3c310}: 'int java.lang.invoke.DirectMethodHandle$Holder.invokeStaticInit(java.lang.Object, java.lang.Object, java.lang.Object)'> (0x000000008ba3c310) thrown at [src/hotspot/share/interpreter/linkResolver.cpp, line 773]
Event: 2.768 Thread 0x0000019bc9977000 Exception <a 'java/lang/NoSuchMethodError'{0x000000008de83758}: 'void java.lang.invoke.DirectMethodHandle$Holder.invokeStaticInit(java.lang.Object, java.lang.Object)'> (0x000000008de83758) thrown at [src/hotspot/share/interpreter/linkResolver.cpp, line 773]
Event: 2.852 Thread 0x0000019bc9977000 Exception <a 'java/lang/NoSuchMethodError'{0x000000008d9fc2a0}: 'void java.lang.invoke.DirectMethodHandle$Holder.invokeStatic(java.lang.Object, java.lang.Object, java.lang.Object, java.lang.Object)'> (0x000000008d9fc2a0) thrown at [src/hotspot/share/interpreter/linkResolver.cpp, line 773]
Event: 2.855 Thread 0x0000019bc9977000 Exception <a 'java/lang/NoSuchMethodError'{0x000000008d810538}: 'int java.lang.invoke.DirectMethodHandle$Holder.invokeInterface(java.lang.Object, java.lang.Object)'> (0x000000008d810538) thrown at [src/hotspot/share/interpreter/linkResolver.cpp, line 773]
Event: 2.889 Thread 0x0000019bc9ea3800 Exception <a 'java/lang/NoSuchMethodError'{0x000000008d609f78}: 'void java.lang.invoke.DirectMethodHandle$Holder.invokeSpecial(java.lang.Object, java.lang.Object)'> (0x000000008d609f78) thrown at [src/hotspot/share/interpreter/linkResolver.cpp, line 773]
Event: 2.927 Thread 0x0000019bc9977000 Exception <a 'java/lang/NoSuchMethodError'{0x000000008d54e7b0}: 'java.lang.Object java.lang.invoke.DirectMethodHandle$Holder.invokeStatic(java.lang.Object, java.lang.Object, int, java.lang.Object)'> (0x000000008d54e7b0) thrown at [src/hotspot/share/interpreter/linkResolver.cpp, line 773]
Event: 2.928 Thread 0x0000019bc9977000 Exception <a 'java/lang/NoSuchMethodError'{0x000000008d5586a8}: 'java.lang.Object java.lang.invoke.Invokers$Holder.linkToTargetMethod(java.lang.Object, int, java.lang.Object, java.lang.Object)'> (0x000000008d5586a8) thrown at [src/hotspot/share/interpreter/linkResolver.cpp, line 773]
Event: 2.972 Thread 0x0000019bc9977000 Exception <a 'java/lang/NoSuchMethodError'{0x000000008d12db40}: <clinit>> (0x000000008d12db40) thrown at [src/hotspot/share/prims/jni.cpp, line 1367]
Event: 2.978 Thread 0x0000019bc9977000 Exception <a 'java/lang/NoSuchMethodError'{0x000000008d185290}: <clinit>> (0x000000008d185290) thrown at [src/hotspot/share/prims/jni.cpp, line 1367]
Event: 2.986 Thread 0x0000019bc9977000 Implicit null exception at 0x0000019bb777fffd to 0x0000019bb77815f4
Event: 2.998 Thread 0x0000019bc9977000 Exception <a 'java/lang/NoSuchMethodError'{0x000000008d083c30}: <clinit>> (0x000000008d083c30) thrown at [src/hotspot/share/prims/jni.cpp, line 1367]
Event: 3.002 Thread 0x0000019bc9977000 Exception <a 'java/lang/NoSuchMethodError'{0x000000008cf0d398}: <clinit>> (0x000000008cf0d398) thrown at [src/hotspot/share/prims/jni.cpp, line 1367]
Event: 3.014 Thread 0x0000019bc9977000 Exception <a 'java/lang/NoSuchMethodError'{0x000000008cf94bb8}: <clinit>> (0x000000008cf94bb8) thrown at [src/hotspot/share/prims/jni.cpp, line 1367]
Event: 3.016 Thread 0x0000019bc9977000 Exception <a 'java/lang/NoSuchMethodError'{0x000000008cfa3da0}: <clinit>> (0x000000008cfa3da0) thrown at [src/hotspot/share/prims/jni.cpp, line 1367]
Event: 3.018 Thread 0x0000019bc9977000 Exception <a 'java/lang/NoSuchMethodError'{0x000000008cfba008}: <clinit>> (0x000000008cfba008) thrown at [src/hotspot/share/prims/jni.cpp, line 1367]
Event: 3.024 Thread 0x0000019bc9977000 Exception <a 'java/lang/NoSuchMethodError'{0x000000008ce05568}: <clinit>> (0x000000008ce05568) thrown at [src/hotspot/share/prims/jni.cpp, line 1367]
Event: 3.026 Thread 0x0000019bc9977000 Exception <a 'java/lang/NoSuchMethodError'{0x000000008ce15f18}: <clinit>> (0x000000008ce15f18) thrown at [src/hotspot/share/prims/jni.cpp, line 1367]

Events (20 events):
Event: 3.020 loading class org/jetbrains/kotlin/idea/gradleTooling/AndroidAwareGradleModelProvider$Companion
Event: 3.020 loading class org/jetbrains/kotlin/idea/gradleTooling/AndroidAwareGradleModelProvider$Companion done
Event: 3.022 loading class org/jetbrains/kotlin/idea/gradleTooling/KotlinGradleModel
Event: 3.022 loading class org/jetbrains/kotlin/idea/gradleTooling/KotlinGradleModel done
Event: 3.023 loading class org/jetbrains/kotlin/idea/projectModel/CompilerArgumentsCacheAware
Event: 3.023 loading class org/jetbrains/kotlin/idea/projectModel/CompilerArgumentsCacheAware done
Event: 3.023 loading class org/jetbrains/kotlin/idea/projectModel/CacheOriginIdentifierAware
Event: 3.023 loading class org/jetbrains/kotlin/idea/projectModel/CacheOriginIdentifierAware done
Event: 3.025 loading class org/jetbrains/plugins/gradle/model/RepositoriesModel
Event: 3.025 loading class org/jetbrains/plugins/gradle/model/RepositoriesModel done
Event: 3.025 loading class org/jetbrains/plugins/gradle/model/MavenRepositoryModel
Event: 3.025 loading class org/jetbrains/plugins/gradle/model/MavenRepositoryModel done
Event: 3.025 Executing VM operation: BulkRevokeBias
Event: 3.026 Executing VM operation: BulkRevokeBias done
Event: 3.026 loading class org/jetbrains/kotlin/idea/gradleTooling/model/noarg/NoArgModel
Event: 3.026 loading class org/jetbrains/kotlin/idea/gradleTooling/model/noarg/NoArgModel done
Event: 3.027 loading class org/jetbrains/kotlin/idea/gradleTooling/model/annotation/AnnotationBasedPluginModel
Event: 3.027 loading class org/jetbrains/kotlin/idea/gradleTooling/model/annotation/AnnotationBasedPluginModel done
Event: 3.027 loading class org/jetbrains/kotlin/idea/gradleTooling/model/annotation/DumpedPluginModel
Event: 3.027 loading class org/jetbrains/kotlin/idea/gradleTooling/model/annotation/DumpedPluginModel done


Dynamic libraries:
0x00007ff6094c0000 - 0x00007ff6094ca000 	C:\Program Files\Android\Android Studio2\jbr\bin\java.exe
0x00007ff8ecf10000 - 0x00007ff8ed124000 	C:\WINDOWS\SYSTEM32\ntdll.dll
0x00007ff8ebf40000 - 0x00007ff8ec003000 	C:\WINDOWS\System32\KERNEL32.DLL
0x00007ff8ea740000 - 0x00007ff8eaadc000 	C:\WINDOWS\System32\KERNELBASE.dll
0x00007ff8ea560000 - 0x00007ff8ea671000 	C:\WINDOWS\System32\ucrtbase.dll
0x00007ff8daf40000 - 0x00007ff8daf57000 	C:\Program Files\Android\Android Studio2\jbr\bin\jli.dll
0x00007ff8dada0000 - 0x00007ff8dadbb000 	C:\Program Files\Android\Android Studio2\jbr\bin\VCRUNTIME140.dll
0x00007ff8eafb0000 - 0x00007ff8eb15d000 	C:\WINDOWS\System32\USER32.dll
0x00007ff8ea530000 - 0x00007ff8ea556000 	C:\WINDOWS\System32\win32u.dll
0x00007ff8ec5d0000 - 0x00007ff8ec5f9000 	C:\WINDOWS\System32\GDI32.dll
0x00007ff8eac00000 - 0x00007ff8ead13000 	C:\WINDOWS\System32\gdi32full.dll
0x00007ff8cbd60000 - 0x00007ff8cbfee000 	C:\WINDOWS\WinSxS\amd64_microsoft.windows.common-controls_6595b64144ccf1df_6.0.22621.608_none_a9444ca7c10bb01d\COMCTL32.dll
0x00007ff8eab60000 - 0x00007ff8eabfa000 	C:\WINDOWS\System32\msvcp_win.dll
0x00007ff8ec1a0000 - 0x00007ff8ec247000 	C:\WINDOWS\System32\msvcrt.dll
0x00007ff8ec7b0000 - 0x00007ff8ec7e1000 	C:\WINDOWS\System32\IMM32.DLL
0x00007ff8e0bc0000 - 0x00007ff8e0bcc000 	C:\Program Files\Android\Android Studio2\jbr\bin\vcruntime140_1.dll
0x00007ff8c70b0000 - 0x00007ff8c713d000 	C:\Program Files\Android\Android Studio2\jbr\bin\msvcp140.dll
0x00007ff89e250000 - 0x00007ff89ee0c000 	C:\Program Files\Android\Android Studio2\jbr\bin\server\jvm.dll
0x00007ff8eb1d0000 - 0x00007ff8eb27e000 	C:\WINDOWS\System32\ADVAPI32.dll
0x00007ff8ec420000 - 0x00007ff8ec4c4000 	C:\WINDOWS\System32\sechost.dll
0x00007ff8ebe20000 - 0x00007ff8ebf35000 	C:\WINDOWS\System32\RPCRT4.dll
0x00007ff8eca20000 - 0x00007ff8eca28000 	C:\WINDOWS\System32\PSAPI.DLL
0x00007ff8e4cd0000 - 0x00007ff8e4cd9000 	C:\WINDOWS\SYSTEM32\WSOCK32.dll
0x00007ff8e3ba0000 - 0x00007ff8e3bd4000 	C:\WINDOWS\SYSTEM32\WINMM.dll
0x00007ff8ec730000 - 0x00007ff8ec7a1000 	C:\WINDOWS\System32\WS2_32.dll
0x00007ff8e24f0000 - 0x00007ff8e24fa000 	C:\WINDOWS\SYSTEM32\VERSION.dll
0x00007ff8e93a0000 - 0x00007ff8e93b8000 	C:\WINDOWS\SYSTEM32\kernel.appcore.dll
0x00007ff8e3d70000 - 0x00007ff8e3d80000 	C:\Program Files\Android\Android Studio2\jbr\bin\verify.dll
0x00007ff8e2910000 - 0x00007ff8e2b3e000 	C:\WINDOWS\SYSTEM32\DBGHELP.DLL
0x00007ff8eba90000 - 0x00007ff8ebe19000 	C:\WINDOWS\System32\combase.dll
0x00007ff8ec650000 - 0x00007ff8ec727000 	C:\WINDOWS\System32\OLEAUT32.dll
0x00007ff8e28d0000 - 0x00007ff8e2902000 	C:\WINDOWS\SYSTEM32\dbgcore.DLL
0x00007ff8eaae0000 - 0x00007ff8eab5b000 	C:\WINDOWS\System32\bcryptPrimitives.dll
0x00007ff8e2330000 - 0x00007ff8e2358000 	C:\Program Files\Android\Android Studio2\jbr\bin\java.dll
0x00007ff8e3010000 - 0x00007ff8e301a000 	C:\Program Files\Android\Android Studio2\jbr\bin\jimage.dll
0x00007ff8e22f0000 - 0x00007ff8e2308000 	C:\Program Files\Android\Android Studio2\jbr\bin\zip.dll
0x00007ff8eb2a0000 - 0x00007ff8eba90000 	C:\WINDOWS\System32\SHELL32.dll
0x00007ff8e8360000 - 0x00007ff8e8c2e000 	C:\WINDOWS\SYSTEM32\windows.storage.dll
0x00007ff8e8220000 - 0x00007ff8e835e000 	C:\WINDOWS\SYSTEM32\wintypes.dll
0x00007ff8ec4d0000 - 0x00007ff8ec5c1000 	C:\WINDOWS\System32\SHCORE.dll
0x00007ff8eb160000 - 0x00007ff8eb1be000 	C:\WINDOWS\System32\shlwapi.dll
0x00007ff8ea280000 - 0x00007ff8ea2a1000 	C:\WINDOWS\SYSTEM32\profapi.dll
0x00007ff8e1fe0000 - 0x00007ff8e1ff9000 	C:\Program Files\Android\Android Studio2\jbr\bin\net.dll
0x00007ff8e3e20000 - 0x00007ff8e3f4f000 	C:\WINDOWS\SYSTEM32\WINHTTP.dll
0x00007ff8e9810000 - 0x00007ff8e9879000 	C:\WINDOWS\system32\mswsock.dll
0x00007ff8e1fc0000 - 0x00007ff8e1fd3000 	C:\Program Files\Android\Android Studio2\jbr\bin\nio.dll
0x00007ff8df0d0000 - 0x00007ff8df0f7000 	E:\native\e1d6ef7f7dcc3fd88c89a11ec53ec762bb8ba0a96d01ffa2cd45eb1d1d8dd5c5\windows-amd64\native-platform.dll
0x00007ff8b7160000 - 0x00007ff8b72a4000 	E:\native\5664cfc778a61ccfe75a443a1ab52a65af34e5dc3c78e0209fed803814484fcb\windows-amd64\native-platform-file-events.dll
0x00007ff8e25a0000 - 0x00007ff8e25aa000 	C:\Program Files\Android\Android Studio2\jbr\bin\management.dll
0x00007ff8e1790000 - 0x00007ff8e179b000 	C:\Program Files\Android\Android Studio2\jbr\bin\management_ext.dll
0x00007ff8e9a70000 - 0x00007ff8e9a8b000 	C:\WINDOWS\SYSTEM32\CRYPTSP.dll
0x00007ff8e9310000 - 0x00007ff8e9345000 	C:\WINDOWS\system32\rsaenh.dll
0x00007ff8e9910000 - 0x00007ff8e9938000 	C:\WINDOWS\SYSTEM32\USERENV.dll
0x00007ff8e9c10000 - 0x00007ff8e9c38000 	C:\WINDOWS\SYSTEM32\bcrypt.dll
0x00007ff8e9a90000 - 0x00007ff8e9a9c000 	C:\WINDOWS\SYSTEM32\CRYPTBASE.dll
0x00007ff8e8e80000 - 0x00007ff8e8ead000 	C:\WINDOWS\SYSTEM32\IPHLPAPI.DLL
0x00007ff8eb1c0000 - 0x00007ff8eb1c9000 	C:\WINDOWS\System32\NSI.dll
0x00007ff8e45d0000 - 0x00007ff8e45e9000 	C:\WINDOWS\SYSTEM32\dhcpcsvc6.DLL
0x00007ff8e4170000 - 0x00007ff8e418f000 	C:\WINDOWS\SYSTEM32\dhcpcsvc.DLL
0x00007ff8e8ef0000 - 0x00007ff8e8fe3000 	C:\WINDOWS\SYSTEM32\DNSAPI.dll

dbghelp: loaded successfully - version: 4.0.5 - missing functions: none
symbol engine: initialized successfully - sym options: 0x614 - pdb path: .;C:\Program Files\Android\Android Studio2\jbr\bin;C:\WINDOWS\SYSTEM32;C:\WINDOWS\WinSxS\amd64_microsoft.windows.common-controls_6595b64144ccf1df_6.0.22621.608_none_a9444ca7c10bb01d;C:\Program Files\Android\Android Studio2\jbr\bin\server;E:\native\e1d6ef7f7dcc3fd88c89a11ec53ec762bb8ba0a96d01ffa2cd45eb1d1d8dd5c5\windows-amd64;E:\native\5664cfc778a61ccfe75a443a1ab52a65af34e5dc3c78e0209fed803814484fcb\windows-amd64

VM Arguments:
jvm_args: --add-opens=java.base/java.util=ALL-UNNAMED --add-opens=java.base/java.lang=ALL-UNNAMED --add-opens=java.base/java.lang.invoke=ALL-UNNAMED --add-opens=java.base/java.util=ALL-UNNAMED --add-opens=java.prefs/java.util.prefs=ALL-UNNAMED --add-opens=java.prefs/java.util.prefs=ALL-UNNAMED --add-opens=java.base/java.nio.charset=ALL-UNNAMED --add-opens=java.base/java.net=ALL-UNNAMED --add-opens=java.base/java.util.concurrent.atomic=ALL-UNNAMED -Xmx2048m -Dfile.encoding=UTF-8 -Duser.country=US -Duser.language=en -Duser.variant 
java_command: org.gradle.launcher.daemon.bootstrap.GradleDaemon 7.2
java_class_path (initial): E:\wrapper\dists\gradle-7.2-bin\2dnblmf4td7x66yl1d74lt32g\gradle-7.2\lib\gradle-launcher-7.2.jar
Launcher Type: SUN_STANDARD

[Global flags]
     intx CICompilerCount                          = 4                                         {product} {ergonomic}
     uint ConcGCThreads                            = 2                                         {product} {ergonomic}
     uint G1ConcRefinementThreads                  = 8                                         {product} {ergonomic}
   size_t G1HeapRegionSize                         = 1048576                                   {product} {ergonomic}
    uintx GCDrainStackTargetSize                   = 64                                        {product} {ergonomic}
   size_t InitialHeapSize                          = 234881024                                 {product} {ergonomic}
   size_t MarkStackSize                            = 4194304                                   {product} {ergonomic}
   size_t MaxHeapSize                              = 2147483648                                {product} {command line}
   size_t MaxNewSize                               = 1287651328                                {product} {ergonomic}
   size_t MinHeapDeltaBytes                        = 1048576                                   {product} {ergonomic}
    uintx NonNMethodCodeHeapSize                   = 5836300                                {pd product} {ergonomic}
    uintx NonProfiledCodeHeapSize                  = 122910970                              {pd product} {ergonomic}
    uintx ProfiledCodeHeapSize                     = 122910970                              {pd product} {ergonomic}
    uintx ReservedCodeCacheSize                    = 251658240                              {pd product} {ergonomic}
     bool SegmentedCodeCache                       = true                                      {product} {ergonomic}
     bool UseCompressedClassPointers               = true                                 {lp64_product} {ergonomic}
     bool UseCompressedOops                        = true                                 {lp64_product} {ergonomic}
     bool UseG1GC                                  = true                                      {product} {ergonomic}
     bool UseLargePagesIndividualAllocation        = false                                  {pd product} {ergonomic}

Logging:
Log output configuration:
 #0: stdout all=warning uptime,level,tags
 #1: stderr all=off uptime,level,tags

Environment Variables:
CLASSPATH=C:\mysql-connector-java-5.1.38.jar;.
PATH=C:\Program Files\Google\Chrome\Application;C:\Program Files\Java\jdk1.7.0_80\bin;C:\Program Files (x86)\Common Files\Oracle\Java\javapath;C:\Program Files (x86)\Brackets\command;C:\Program Files (x86)\dotnet\;C:\WINDOWS\system32;C:\WINDOWS;C:\WINDOWS\System32\Wbem;C:\WINDOWS\System32\WindowsPowerShell\v1.0\;C:\WINDOWS\System32\OpenSSH\;C:\Program Files\php-8.1.3;C:\Program Files\dotnet\;C:\MinGW\bin;C:\Program Files\nodejs\;C:\Program Files\Git\cmd;C:\Program Files\Java\jdk1.7.0_80\bin;C:\Program Files (x86)\Common Files\Oracle\Java\javapath;C:\Program Files (x86)\Brackets\command;C:\Program Files (x86)\dotnet\;C:\WINDOWS\system32;C:\WINDOWS;C:\WINDOWS\System32\Wbem;C:\WINDOWS\System32\WindowsPowerShell\v1.0\;C:\WINDOWS\System32\OpenSSH\;C:\Program Files\php-8.1.3;C:\Program Files\dotnet\;C:\MinGW\bin;C:\Program Files\nodejs\;C:\Users\maned\AppData\Local\Programs\Python\Python310\Scripts\;C:\Users\maned\AppData\Local\Programs\Python\Python310\;C:\Program Files\Java\jdk1.7.0_80\bin;C:\WINDOWS\system32;C:\Users\maned\AppData\Local\Microsoft\WindowsApps;C:\msys64\mingw64\bin;;C:\Users\maned\AppData\Local\JetBrains\PyCharm Community Edition 2021.3.2\bin;;C:\Users\maned\AppData\Local\JetBrains\PyCharm 2021.3.2\bin;;C:\TURBOC3\Projects\Microsoft VS Code Insiders\bin;C:\Users\maned\.dotnet\tools;C:\Users\maned\AppData\Roaming\npm;C:\Program Files (x86)\Microsoft VS Code\bin
USERNAME=maned
OS=Windows_NT
PROCESSOR_IDENTIFIER=AMD64 Family 23 Model 24 Stepping 1, AuthenticAMD



---------------  S Y S T E M  ---------------

OS: Windows 11 , 64 bit Build 22621 (10.0.22621.1344)
OS uptime: 29 days 21:09 hours

CPU:total 8 (initial active 8) (8 cores per cpu, 2 threads per core) family 23 model 24 stepping 1 microcode 0x0, cmov, cx8, fxsr, mmx, sse, sse2, sse3, ssse3, sse4.1, sse4.2, popcnt, avx, avx2, aes, clmul, mmxext, 3dnowpref, lzcnt, sse4a, ht, tsc, tscinvbit, tscinv, bmi1, bmi2, adx, sha, fma

Memory: 4k page, system-wide physical 14252M (2808M free)
TotalPageFile size 15752M (AvailPageFile size 5M)
current process WorkingSet (physical memory assigned to process): 269M, peak: 269M
current process commit charge ("private bytes"): 400M, peak: 401M

vm_info: OpenJDK 64-Bit Server VM (11.0.15+0-b2043.56-9505619) for windows-amd64 JRE (11.0.15+0-b2043.56-9505619), built on Jan 19 2023 02:48:00 by "builduser" with unknown MS VC++:1929

END.
