#
# There is insufficient memory for the Java Runtime Environment to continue.
# Native memory allocation (malloc) failed to allocate 1202256 bytes for Chunk::new
# Possible reasons:
#   The system is out of physical RAM or swap space
#   The process is running with CompressedOops enabled, and the Java Heap may be blocking the growth of the native heap
# Possible solutions:
#   Reduce memory load on the system
#   Increase physical memory or swap space
#   Check if swap backing store is full
#   Decrease Java heap size (-Xmx/-Xms)
#   Decrease number of Java threads
#   Decrease Java thread stack sizes (-Xss)
#   Set larger code cache with -XX:ReservedCodeCacheSize=
#   JVM is running with Unscaled Compressed Oops mode in which the Java heap is
#     placed in the first 4GB address space. The Java Heap base address is the
#     maximum limit for the native heap growth. Please use -XX:HeapBaseMinAddress
#     to set the Java Heap base and to place the Java Heap above 4GB virtual address.
# This output file may be truncated or incomplete.
#
#  Out of Memory Error (src/hotspot/share/memory/arena.cpp:197), pid=45376, tid=46024
#
# JRE version: OpenJDK Runtime Environment (11.0.15) (build 11.0.15+0-b2043.56-9505619)
# Java VM: OpenJDK 64-Bit Server VM (11.0.15+0-b2043.56-9505619, mixed mode, tiered, compressed oops, g1 gc, windows-amd64)
# No core dump will be written. Minidumps are not enabled by default on client versions of Windows
#

---------------  S U M M A R Y ------------

Command Line: --add-opens=java.base/java.util=ALL-UNNAMED --add-opens=java.base/java.lang=ALL-UNNAMED --add-opens=java.base/java.lang.invoke=ALL-UNNAMED --add-opens=java.base/java.util=ALL-UNNAMED --add-opens=java.prefs/java.util.prefs=ALL-UNNAMED --add-opens=java.prefs/java.util.prefs=ALL-UNNAMED --add-opens=java.base/java.nio.charset=ALL-UNNAMED --add-opens=java.base/java.net=ALL-UNNAMED --add-opens=java.base/java.util.concurrent.atomic=ALL-UNNAMED -Xmx2048m -Dfile.encoding=UTF-8 -Duser.country=US -Duser.language=en -Duser.variant org.gradle.launcher.daemon.bootstrap.GradleDaemon 7.2

Host: AMD Ryzen 7 3750H with Radeon Vega Mobile Gfx  , 8 cores, 13G,  Windows 11 , 64 bit Build 22621 (10.0.22621.1344)
Time: Fri Apr 14 19:36:27 2023 India Standard Time elapsed time: 2.667999 seconds (0d 0h 0m 2s)

---------------  T H R E A D  ---------------

Current thread (0x000002373a25e800):  JavaThread "C2 CompilerThread0" daemon [_thread_in_native, id=46024, stack(0x0000008130c00000,0x0000008130d00000)]


Current CompileTask:
C2:   2668 1972   !   4       java.lang.ClassLoader::loadClass (122 bytes)

Stack: [0x0000008130c00000,0x0000008130d00000]
Native frames: (J=compiled Java code, j=interpreted, Vv=VM code, C=native code)
V  [jvm.dll+0x64135a]
V  [jvm.dll+0x7d39f9]
V  [jvm.dll+0x7d51b9]
V  [jvm.dll+0x7d58a3]
V  [jvm.dll+0x2691c5]
V  [jvm.dll+0xc1a5c]
V  [jvm.dll+0xc200c]
V  [jvm.dll+0x3774a7]
V  [jvm.dll+0x1b3732]
V  [jvm.dll+0x22163e]
V  [jvm.dll+0x220498]
V  [jvm.dll+0x19e851]
V  [jvm.dll+0x230479]
V  [jvm.dll+0x22e5ef]
V  [jvm.dll+0x794de1]
V  [jvm.dll+0x78dc24]
V  [jvm.dll+0x6400f6]
C  [ucrtbase.dll+0x29363]
C  [KERNEL32.DLL+0x126bd]
C  [ntdll.dll+0x5a9f8]


---------------  P R O C E S S  ---------------

Threads class SMR info:
_java_thread_list=0x000002373c2137c0, length=23, elements={
0x000002371d565000, 0x000002373a1fe800, 0x000002373a209800, 0x000002373a258800,
0x000002373a259800, 0x000002373a25c800, 0x000002373a25e800, 0x000002373a26a000,
0x000002373a26e800, 0x000002373a3de000, 0x000002373d078800, 0x000002373a4ce800,
0x000002373c2cd800, 0x000002373c480000, 0x000002373c5aa800, 0x000002373c7f8000,
0x000002373b9ce000, 0x000002373c6e1000, 0x000002373b729000, 0x000002373d77a000,
0x000002373d8d9000, 0x000002373d8d6800, 0x000002373d8d3800
}

Java Threads: ( => current thread )
  0x000002371d565000 JavaThread "main" [_thread_blocked, id=47076, stack(0x0000008130000000,0x0000008130100000)]
  0x000002373a1fe800 JavaThread "Reference Handler" daemon [_thread_blocked, id=31752, stack(0x0000008130700000,0x0000008130800000)]
  0x000002373a209800 JavaThread "Finalizer" daemon [_thread_blocked, id=26584, stack(0x0000008130800000,0x0000008130900000)]
  0x000002373a258800 JavaThread "Signal Dispatcher" daemon [_thread_blocked, id=43796, stack(0x0000008130900000,0x0000008130a00000)]
  0x000002373a259800 JavaThread "Attach Listener" daemon [_thread_blocked, id=10144, stack(0x0000008130a00000,0x0000008130b00000)]
  0x000002373a25c800 JavaThread "Service Thread" daemon [_thread_blocked, id=38240, stack(0x0000008130b00000,0x0000008130c00000)]
=>0x000002373a25e800 JavaThread "C2 CompilerThread0" daemon [_thread_in_native, id=46024, stack(0x0000008130c00000,0x0000008130d00000)]
  0x000002373a26a000 JavaThread "C1 CompilerThread0" daemon [_thread_blocked, id=3384, stack(0x0000008130d00000,0x0000008130e00000)]
  0x000002373a26e800 JavaThread "Sweeper thread" daemon [_thread_blocked, id=24616, stack(0x0000008130e00000,0x0000008130f00000)]
  0x000002373a3de000 JavaThread "Common-Cleaner" daemon [_thread_blocked, id=2680, stack(0x0000008130f00000,0x0000008131000000)]
  0x000002373d078800 JavaThread "Daemon health stats" [_thread_blocked, id=46944, stack(0x0000008131700000,0x0000008131800000)]
  0x000002373a4ce800 JavaThread "Incoming local TCP Connector on port 51301" [_thread_in_native, id=34556, stack(0x0000008131100000,0x0000008131200000)]
  0x000002373c2cd800 JavaThread "Daemon periodic checks" [_thread_blocked, id=46892, stack(0x0000008131600000,0x0000008131700000)]
  0x000002373c480000 JavaThread "Daemon" [_thread_blocked, id=44140, stack(0x0000008131800000,0x0000008131900000)]
  0x000002373c5aa800 JavaThread "Handler for socket connection from /127.0.0.1:51301 to /127.0.0.1:51302" [_thread_in_native, id=46148, stack(0x0000008131900000,0x0000008131a00000)]
  0x000002373c7f8000 JavaThread "Cancel handler" [_thread_blocked, id=37540, stack(0x0000008131a00000,0x0000008131b00000)]
  0x000002373b9ce000 JavaThread "Daemon worker" [_thread_in_native, id=40476, stack(0x0000008131b00000,0x0000008131c00000)]
  0x000002373c6e1000 JavaThread "Asynchronous log dispatcher for DefaultDaemonConnection: socket connection from /127.0.0.1:51301 to /127.0.0.1:51302" [_thread_blocked, id=43616, stack(0x0000008131c00000,0x0000008131d00000)]
  0x000002373b729000 JavaThread "Stdin handler" [_thread_blocked, id=38212, stack(0x0000008131d00000,0x0000008131e00000)]
  0x000002373d77a000 JavaThread "Daemon client event forwarder" [_thread_blocked, id=39260, stack(0x0000008131e00000,0x0000008131f00000)]
  0x000002373d8d9000 JavaThread "Cache worker for journal cache (E:\caches\journal-1)" [_thread_blocked, id=43652, stack(0x0000008131f00000,0x0000008132000000)]
  0x000002373d8d6800 JavaThread "File lock request listener" [_thread_in_native, id=15404, stack(0x0000008132000000,0x0000008132100000)]
  0x000002373d8d3800 JavaThread "Cache worker for file hash cache (E:\caches\7.2\fileHashes)" [_thread_blocked, id=18140, stack(0x0000008132100000,0x0000008132200000)]

Other Threads:
  0x000002373a1fb000 VMThread "VM Thread" [stack: 0x0000008130600000,0x0000008130700000] [id=20460]
  0x000002373a3f7800 WatcherThread [stack: 0x0000008131000000,0x0000008131100000] [id=25772]
  0x000002371d57e800 GCTaskThread "GC Thread#0" [stack: 0x0000008130100000,0x0000008130200000] [id=30552]
  0x000002373b186800 GCTaskThread "GC Thread#1" [stack: 0x0000008131200000,0x0000008131300000] [id=46424]
  0x000002373b406800 GCTaskThread "GC Thread#2" [stack: 0x0000008131300000,0x0000008131400000] [id=9016]
  0x000002373b0b8800 GCTaskThread "GC Thread#3" [stack: 0x0000008131400000,0x0000008131500000] [id=13624]
  0x000002373b0b9000 GCTaskThread "GC Thread#4" [stack: 0x0000008131500000,0x0000008131600000] [id=43944]
  0x000002373cb28800 GCTaskThread "GC Thread#5" [stack: 0x0000008132200000,0x0000008132300000] [id=10852]
  0x000002373cb29000 GCTaskThread "GC Thread#6" [stack: 0x0000008132300000,0x0000008132400000] [id=40676]
  0x000002373cb7e000 GCTaskThread "GC Thread#7" [stack: 0x0000008132400000,0x0000008132500000] [id=5768]
  0x000002371d5b0800 ConcurrentGCThread "G1 Main Marker" [stack: 0x0000008130200000,0x0000008130300000] [id=14020]
  0x000002371d5b2800 ConcurrentGCThread "G1 Conc#0" [stack: 0x0000008130300000,0x0000008130400000] [id=40420]
  0x000002373b3d9000 ConcurrentGCThread "G1 Conc#1" [stack: 0x0000008132500000,0x0000008132600000] [id=33548]
  0x000002371d62d800 ConcurrentGCThread "G1 Refine#0" [stack: 0x0000008130400000,0x0000008130500000] [id=46332]
  0x000002373984a800 ConcurrentGCThread "G1 Young RemSet Sampling" [stack: 0x0000008130500000,0x0000008130600000] [id=47084]

Threads with active compile tasks:
C2 CompilerThread0     2685 1972   !   4       java.lang.ClassLoader::loadClass (122 bytes)

VM state:not at safepoint (normal execution)

VM Mutex/Monitor currently owned by a thread: None

Heap address: 0x0000000080000000, size: 2048 MB, Compressed Oops mode: 32-bit
Narrow klass base: 0x0000000000000000, Narrow klass shift: 3
Compressed class space size: 1073741824 Address: 0x0000000100000000

Heap:
 garbage-first heap   total 229376K, used 45761K [0x0000000080000000, 0x0000000100000000)
  region size 1024K, 40 young (40960K), 11 survivors (11264K)
 Metaspace       used 23745K, capacity 24375K, committed 24496K, reserved 1071104K
  class space    used 2978K, capacity 3211K, committed 3328K, reserved 1048576K
Heap Regions: E=young(eden), S=young(survivor), O=old, HS=humongous(starts), HC=humongous(continues), CS=collection set, F=free, A=archive, TAMS=top-at-mark-start (previous, next)
|   0|0x0000000080000000, 0x0000000080000000, 0x0000000080100000|  0%| F|  |TAMS 0x0000000080000000, 0x0000000080000000| Untracked 
|   1|0x0000000080100000, 0x0000000080100000, 0x0000000080200000|  0%| F|  |TAMS 0x0000000080100000, 0x0000000080100000| Untracked 
|   2|0x0000000080200000, 0x0000000080200000, 0x0000000080300000|  0%| F|  |TAMS 0x0000000080200000, 0x0000000080200000| Untracked 
|   3|0x0000000080300000, 0x0000000080400000, 0x0000000080400000|100%|HS|  |TAMS 0x0000000080400000, 0x0000000080300000| Complete 
|   4|0x0000000080400000, 0x0000000080500000, 0x0000000080500000|100%|HC|  |TAMS 0x0000000080500000, 0x0000000080400000| Complete 
|   5|0x0000000080500000, 0x0000000080600000, 0x0000000080600000|100%|HC|  |TAMS 0x0000000080600000, 0x0000000080500000| Complete 
|   6|0x0000000080600000, 0x0000000080700000, 0x0000000080700000|100%| O|  |TAMS 0x0000000080700000, 0x0000000080600000| Untracked 
|   7|0x0000000080700000, 0x0000000080800000, 0x0000000080800000|100%| O|  |TAMS 0x0000000080800000, 0x0000000080700000| Untracked 
|   8|0x0000000080800000, 0x00000000808d9800, 0x0000000080900000| 84%| O|  |TAMS 0x00000000808d9800, 0x0000000080800000| Untracked 
|   9|0x0000000080900000, 0x0000000080900000, 0x0000000080a00000|  0%| F|  |TAMS 0x0000000080900000, 0x0000000080900000| Untracked 
|  10|0x0000000080a00000, 0x0000000080a00000, 0x0000000080b00000|  0%| F|  |TAMS 0x0000000080a00000, 0x0000000080a00000| Untracked 
|  11|0x0000000080b00000, 0x0000000080b00000, 0x0000000080c00000|  0%| F|  |TAMS 0x0000000080b00000, 0x0000000080b00000| Untracked 
|  12|0x0000000080c00000, 0x0000000080c00000, 0x0000000080d00000|  0%| F|  |TAMS 0x0000000080c00000, 0x0000000080c00000| Untracked 
|  13|0x0000000080d00000, 0x0000000080d00000, 0x0000000080e00000|  0%| F|  |TAMS 0x0000000080d00000, 0x0000000080d00000| Untracked 
|  14|0x0000000080e00000, 0x0000000080e00000, 0x0000000080f00000|  0%| F|  |TAMS 0x0000000080e00000, 0x0000000080e00000| Untracked 
|  15|0x0000000080f00000, 0x0000000080f00000, 0x0000000081000000|  0%| F|  |TAMS 0x0000000080f00000, 0x0000000080f00000| Untracked 
|  16|0x0000000081000000, 0x0000000081000000, 0x0000000081100000|  0%| F|  |TAMS 0x0000000081000000, 0x0000000081000000| Untracked 
|  17|0x0000000081100000, 0x0000000081100000, 0x0000000081200000|  0%| F|  |TAMS 0x0000000081100000, 0x0000000081100000| Untracked 
|  18|0x0000000081200000, 0x0000000081200000, 0x0000000081300000|  0%| F|  |TAMS 0x0000000081200000, 0x0000000081200000| Untracked 
|  19|0x0000000081300000, 0x0000000081300000, 0x0000000081400000|  0%| F|  |TAMS 0x0000000081300000, 0x0000000081300000| Untracked 
|  20|0x0000000081400000, 0x0000000081400000, 0x0000000081500000|  0%| F|  |TAMS 0x0000000081400000, 0x0000000081400000| Untracked 
|  21|0x0000000081500000, 0x0000000081500000, 0x0000000081600000|  0%| F|  |TAMS 0x0000000081500000, 0x0000000081500000| Untracked 
|  22|0x0000000081600000, 0x0000000081600000, 0x0000000081700000|  0%| F|  |TAMS 0x0000000081600000, 0x0000000081600000| Untracked 
|  23|0x0000000081700000, 0x0000000081700000, 0x0000000081800000|  0%| F|  |TAMS 0x0000000081700000, 0x0000000081700000| Untracked 
|  24|0x0000000081800000, 0x0000000081800000, 0x0000000081900000|  0%| F|  |TAMS 0x0000000081800000, 0x0000000081800000| Untracked 
|  25|0x0000000081900000, 0x0000000081900000, 0x0000000081a00000|  0%| F|  |TAMS 0x0000000081900000, 0x0000000081900000| Untracked 
|  26|0x0000000081a00000, 0x0000000081a00000, 0x0000000081b00000|  0%| F|  |TAMS 0x0000000081a00000, 0x0000000081a00000| Untracked 
|  27|0x0000000081b00000, 0x0000000081b00000, 0x0000000081c00000|  0%| F|  |TAMS 0x0000000081b00000, 0x0000000081b00000| Untracked 
|  28|0x0000000081c00000, 0x0000000081c00000, 0x0000000081d00000|  0%| F|  |TAMS 0x0000000081c00000, 0x0000000081c00000| Untracked 
|  29|0x0000000081d00000, 0x0000000081d00000, 0x0000000081e00000|  0%| F|  |TAMS 0x0000000081d00000, 0x0000000081d00000| Untracked 
|  30|0x0000000081e00000, 0x0000000081e00000, 0x0000000081f00000|  0%| F|  |TAMS 0x0000000081e00000, 0x0000000081e00000| Untracked 
|  31|0x0000000081f00000, 0x0000000081f00000, 0x0000000082000000|  0%| F|  |TAMS 0x0000000081f00000, 0x0000000081f00000| Untracked 
|  32|0x0000000082000000, 0x0000000082000000, 0x0000000082100000|  0%| F|  |TAMS 0x0000000082000000, 0x0000000082000000| Untracked 
|  33|0x0000000082100000, 0x0000000082100000, 0x0000000082200000|  0%| F|  |TAMS 0x0000000082100000, 0x0000000082100000| Untracked 
|  34|0x0000000082200000, 0x0000000082200000, 0x0000000082300000|  0%| F|  |TAMS 0x0000000082200000, 0x0000000082200000| Untracked 
|  35|0x0000000082300000, 0x0000000082300000, 0x0000000082400000|  0%| F|  |TAMS 0x0000000082300000, 0x0000000082300000| Untracked 
|  36|0x0000000082400000, 0x0000000082400000, 0x0000000082500000|  0%| F|  |TAMS 0x0000000082400000, 0x0000000082400000| Untracked 
|  37|0x0000000082500000, 0x0000000082500000, 0x0000000082600000|  0%| F|  |TAMS 0x0000000082500000, 0x0000000082500000| Untracked 
|  38|0x0000000082600000, 0x0000000082600000, 0x0000000082700000|  0%| F|  |TAMS 0x0000000082600000, 0x0000000082600000| Untracked 
|  39|0x0000000082700000, 0x0000000082700000, 0x0000000082800000|  0%| F|  |TAMS 0x0000000082700000, 0x0000000082700000| Untracked 
|  40|0x0000000082800000, 0x0000000082800000, 0x0000000082900000|  0%| F|  |TAMS 0x0000000082800000, 0x0000000082800000| Untracked 
|  41|0x0000000082900000, 0x0000000082900000, 0x0000000082a00000|  0%| F|  |TAMS 0x0000000082900000, 0x0000000082900000| Untracked 
|  42|0x0000000082a00000, 0x0000000082a00000, 0x0000000082b00000|  0%| F|  |TAMS 0x0000000082a00000, 0x0000000082a00000| Untracked 
|  43|0x0000000082b00000, 0x0000000082b00000, 0x0000000082c00000|  0%| F|  |TAMS 0x0000000082b00000, 0x0000000082b00000| Untracked 
|  44|0x0000000082c00000, 0x0000000082c00000, 0x0000000082d00000|  0%| F|  |TAMS 0x0000000082c00000, 0x0000000082c00000| Untracked 
|  45|0x0000000082d00000, 0x0000000082d00000, 0x0000000082e00000|  0%| F|  |TAMS 0x0000000082d00000, 0x0000000082d00000| Untracked 
|  46|0x0000000082e00000, 0x0000000082e00000, 0x0000000082f00000|  0%| F|  |TAMS 0x0000000082e00000, 0x0000000082e00000| Untracked 
|  47|0x0000000082f00000, 0x0000000082f00000, 0x0000000083000000|  0%| F|  |TAMS 0x0000000082f00000, 0x0000000082f00000| Untracked 
|  48|0x0000000083000000, 0x0000000083000000, 0x0000000083100000|  0%| F|  |TAMS 0x0000000083000000, 0x0000000083000000| Untracked 
|  49|0x0000000083100000, 0x0000000083100000, 0x0000000083200000|  0%| F|  |TAMS 0x0000000083100000, 0x0000000083100000| Untracked 
|  50|0x0000000083200000, 0x0000000083200000, 0x0000000083300000|  0%| F|  |TAMS 0x0000000083200000, 0x0000000083200000| Untracked 
|  51|0x0000000083300000, 0x0000000083300000, 0x0000000083400000|  0%| F|  |TAMS 0x0000000083300000, 0x0000000083300000| Untracked 
|  52|0x0000000083400000, 0x0000000083400000, 0x0000000083500000|  0%| F|  |TAMS 0x0000000083400000, 0x0000000083400000| Untracked 
|  53|0x0000000083500000, 0x0000000083500000, 0x0000000083600000|  0%| F|  |TAMS 0x0000000083500000, 0x0000000083500000| Untracked 
|  54|0x0000000083600000, 0x0000000083600000, 0x0000000083700000|  0%| F|  |TAMS 0x0000000083600000, 0x0000000083600000| Untracked 
|  55|0x0000000083700000, 0x0000000083700000, 0x0000000083800000|  0%| F|  |TAMS 0x0000000083700000, 0x0000000083700000| Untracked 
|  56|0x0000000083800000, 0x0000000083800000, 0x0000000083900000|  0%| F|  |TAMS 0x0000000083800000, 0x0000000083800000| Untracked 
|  57|0x0000000083900000, 0x0000000083900000, 0x0000000083a00000|  0%| F|  |TAMS 0x0000000083900000, 0x0000000083900000| Untracked 
|  58|0x0000000083a00000, 0x0000000083a00000, 0x0000000083b00000|  0%| F|  |TAMS 0x0000000083a00000, 0x0000000083a00000| Untracked 
|  59|0x0000000083b00000, 0x0000000083b00000, 0x0000000083c00000|  0%| F|  |TAMS 0x0000000083b00000, 0x0000000083b00000| Untracked 
|  60|0x0000000083c00000, 0x0000000083c00000, 0x0000000083d00000|  0%| F|  |TAMS 0x0000000083c00000, 0x0000000083c00000| Untracked 
|  61|0x0000000083d00000, 0x0000000083d00000, 0x0000000083e00000|  0%| F|  |TAMS 0x0000000083d00000, 0x0000000083d00000| Untracked 
|  62|0x0000000083e00000, 0x0000000083e00000, 0x0000000083f00000|  0%| F|  |TAMS 0x0000000083e00000, 0x0000000083e00000| Untracked 
|  63|0x0000000083f00000, 0x0000000083f00000, 0x0000000084000000|  0%| F|  |TAMS 0x0000000083f00000, 0x0000000083f00000| Untracked 
|  64|0x0000000084000000, 0x0000000084000000, 0x0000000084100000|  0%| F|  |TAMS 0x0000000084000000, 0x0000000084000000| Untracked 
|  65|0x0000000084100000, 0x0000000084100000, 0x0000000084200000|  0%| F|  |TAMS 0x0000000084100000, 0x0000000084100000| Untracked 
|  66|0x0000000084200000, 0x0000000084200000, 0x0000000084300000|  0%| F|  |TAMS 0x0000000084200000, 0x0000000084200000| Untracked 
|  67|0x0000000084300000, 0x0000000084300000, 0x0000000084400000|  0%| F|  |TAMS 0x0000000084300000, 0x0000000084300000| Untracked 
|  68|0x0000000084400000, 0x0000000084400000, 0x0000000084500000|  0%| F|  |TAMS 0x0000000084400000, 0x0000000084400000| Untracked 
|  69|0x0000000084500000, 0x0000000084500000, 0x0000000084600000|  0%| F|  |TAMS 0x0000000084500000, 0x0000000084500000| Untracked 
|  70|0x0000000084600000, 0x0000000084600000, 0x0000000084700000|  0%| F|  |TAMS 0x0000000084600000, 0x0000000084600000| Untracked 
|  71|0x0000000084700000, 0x0000000084700000, 0x0000000084800000|  0%| F|  |TAMS 0x0000000084700000, 0x0000000084700000| Untracked 
|  72|0x0000000084800000, 0x0000000084800000, 0x0000000084900000|  0%| F|  |TAMS 0x0000000084800000, 0x0000000084800000| Untracked 
|  73|0x0000000084900000, 0x0000000084900000, 0x0000000084a00000|  0%| F|  |TAMS 0x0000000084900000, 0x0000000084900000| Untracked 
|  74|0x0000000084a00000, 0x0000000084a00000, 0x0000000084b00000|  0%| F|  |TAMS 0x0000000084a00000, 0x0000000084a00000| Untracked 
|  75|0x0000000084b00000, 0x0000000084b00000, 0x0000000084c00000|  0%| F|  |TAMS 0x0000000084b00000, 0x0000000084b00000| Untracked 
|  76|0x0000000084c00000, 0x0000000084c00000, 0x0000000084d00000|  0%| F|  |TAMS 0x0000000084c00000, 0x0000000084c00000| Untracked 
|  77|0x0000000084d00000, 0x0000000084d00000, 0x0000000084e00000|  0%| F|  |TAMS 0x0000000084d00000, 0x0000000084d00000| Untracked 
|  78|0x0000000084e00000, 0x0000000084e00000, 0x0000000084f00000|  0%| F|  |TAMS 0x0000000084e00000, 0x0000000084e00000| Untracked 
|  79|0x0000000084f00000, 0x0000000084f00000, 0x0000000085000000|  0%| F|  |TAMS 0x0000000084f00000, 0x0000000084f00000| Untracked 
|  80|0x0000000085000000, 0x0000000085000000, 0x0000000085100000|  0%| F|  |TAMS 0x0000000085000000, 0x0000000085000000| Untracked 
|  81|0x0000000085100000, 0x0000000085100000, 0x0000000085200000|  0%| F|  |TAMS 0x0000000085100000, 0x0000000085100000| Untracked 
|  82|0x0000000085200000, 0x0000000085200000, 0x0000000085300000|  0%| F|  |TAMS 0x0000000085200000, 0x0000000085200000| Untracked 
|  83|0x0000000085300000, 0x0000000085300000, 0x0000000085400000|  0%| F|  |TAMS 0x0000000085300000, 0x0000000085300000| Untracked 
|  84|0x0000000085400000, 0x0000000085400000, 0x0000000085500000|  0%| F|  |TAMS 0x0000000085400000, 0x0000000085400000| Untracked 
|  85|0x0000000085500000, 0x0000000085500000, 0x0000000085600000|  0%| F|  |TAMS 0x0000000085500000, 0x0000000085500000| Untracked 
|  86|0x0000000085600000, 0x0000000085600000, 0x0000000085700000|  0%| F|  |TAMS 0x0000000085600000, 0x0000000085600000| Untracked 
|  87|0x0000000085700000, 0x0000000085700000, 0x0000000085800000|  0%| F|  |TAMS 0x0000000085700000, 0x0000000085700000| Untracked 
|  88|0x0000000085800000, 0x0000000085800000, 0x0000000085900000|  0%| F|  |TAMS 0x0000000085800000, 0x0000000085800000| Untracked 
|  89|0x0000000085900000, 0x0000000085900000, 0x0000000085a00000|  0%| F|  |TAMS 0x0000000085900000, 0x0000000085900000| Untracked 
|  90|0x0000000085a00000, 0x0000000085a00000, 0x0000000085b00000|  0%| F|  |TAMS 0x0000000085a00000, 0x0000000085a00000| Untracked 
|  91|0x0000000085b00000, 0x0000000085b00000, 0x0000000085c00000|  0%| F|  |TAMS 0x0000000085b00000, 0x0000000085b00000| Untracked 
|  92|0x0000000085c00000, 0x0000000085c00000, 0x0000000085d00000|  0%| F|  |TAMS 0x0000000085c00000, 0x0000000085c00000| Untracked 
|  93|0x0000000085d00000, 0x0000000085d00000, 0x0000000085e00000|  0%| F|  |TAMS 0x0000000085d00000, 0x0000000085d00000| Untracked 
|  94|0x0000000085e00000, 0x0000000085e00000, 0x0000000085f00000|  0%| F|  |TAMS 0x0000000085e00000, 0x0000000085e00000| Untracked 
|  95|0x0000000085f00000, 0x0000000085f00000, 0x0000000086000000|  0%| F|  |TAMS 0x0000000085f00000, 0x0000000085f00000| Untracked 
|  96|0x0000000086000000, 0x0000000086000000, 0x0000000086100000|  0%| F|  |TAMS 0x0000000086000000, 0x0000000086000000| Untracked 
|  97|0x0000000086100000, 0x0000000086100000, 0x0000000086200000|  0%| F|  |TAMS 0x0000000086100000, 0x0000000086100000| Untracked 
|  98|0x0000000086200000, 0x0000000086200000, 0x0000000086300000|  0%| F|  |TAMS 0x0000000086200000, 0x0000000086200000| Untracked 
|  99|0x0000000086300000, 0x0000000086300000, 0x0000000086400000|  0%| F|  |TAMS 0x0000000086300000, 0x0000000086300000| Untracked 
| 100|0x0000000086400000, 0x0000000086400000, 0x0000000086500000|  0%| F|  |TAMS 0x0000000086400000, 0x0000000086400000| Untracked 
| 101|0x0000000086500000, 0x0000000086500000, 0x0000000086600000|  0%| F|  |TAMS 0x0000000086500000, 0x0000000086500000| Untracked 
| 102|0x0000000086600000, 0x0000000086600000, 0x0000000086700000|  0%| F|  |TAMS 0x0000000086600000, 0x0000000086600000| Untracked 
| 103|0x0000000086700000, 0x0000000086700000, 0x0000000086800000|  0%| F|  |TAMS 0x0000000086700000, 0x0000000086700000| Untracked 
| 104|0x0000000086800000, 0x0000000086800000, 0x0000000086900000|  0%| F|  |TAMS 0x0000000086800000, 0x0000000086800000| Untracked 
| 105|0x0000000086900000, 0x0000000086900000, 0x0000000086a00000|  0%| F|  |TAMS 0x0000000086900000, 0x0000000086900000| Untracked 
| 106|0x0000000086a00000, 0x0000000086a00000, 0x0000000086b00000|  0%| F|  |TAMS 0x0000000086a00000, 0x0000000086a00000| Untracked 
| 107|0x0000000086b00000, 0x0000000086b00000, 0x0000000086c00000|  0%| F|  |TAMS 0x0000000086b00000, 0x0000000086b00000| Untracked 
| 108|0x0000000086c00000, 0x0000000086c00000, 0x0000000086d00000|  0%| F|  |TAMS 0x0000000086c00000, 0x0000000086c00000| Untracked 
| 109|0x0000000086d00000, 0x0000000086d00000, 0x0000000086e00000|  0%| F|  |TAMS 0x0000000086d00000, 0x0000000086d00000| Untracked 
| 110|0x0000000086e00000, 0x0000000086e00000, 0x0000000086f00000|  0%| F|  |TAMS 0x0000000086e00000, 0x0000000086e00000| Untracked 
| 111|0x0000000086f00000, 0x0000000086f00000, 0x0000000087000000|  0%| F|  |TAMS 0x0000000086f00000, 0x0000000086f00000| Untracked 
| 112|0x0000000087000000, 0x0000000087000000, 0x0000000087100000|  0%| F|  |TAMS 0x0000000087000000, 0x0000000087000000| Untracked 
| 113|0x0000000087100000, 0x0000000087100000, 0x0000000087200000|  0%| F|  |TAMS 0x0000000087100000, 0x0000000087100000| Untracked 
| 114|0x0000000087200000, 0x0000000087200000, 0x0000000087300000|  0%| F|  |TAMS 0x0000000087200000, 0x0000000087200000| Untracked 
| 115|0x0000000087300000, 0x0000000087300000, 0x0000000087400000|  0%| F|  |TAMS 0x0000000087300000, 0x0000000087300000| Untracked 
| 116|0x0000000087400000, 0x0000000087400000, 0x0000000087500000|  0%| F|  |TAMS 0x0000000087400000, 0x0000000087400000| Untracked 
| 117|0x0000000087500000, 0x0000000087500000, 0x0000000087600000|  0%| F|  |TAMS 0x0000000087500000, 0x0000000087500000| Untracked 
| 118|0x0000000087600000, 0x0000000087600000, 0x0000000087700000|  0%| F|  |TAMS 0x0000000087600000, 0x0000000087600000| Untracked 
| 119|0x0000000087700000, 0x0000000087700000, 0x0000000087800000|  0%| F|  |TAMS 0x0000000087700000, 0x0000000087700000| Untracked 
| 120|0x0000000087800000, 0x0000000087800000, 0x0000000087900000|  0%| F|  |TAMS 0x0000000087800000, 0x0000000087800000| Untracked 
| 121|0x0000000087900000, 0x0000000087900000, 0x0000000087a00000|  0%| F|  |TAMS 0x0000000087900000, 0x0000000087900000| Untracked 
| 122|0x0000000087a00000, 0x0000000087a00000, 0x0000000087b00000|  0%| F|  |TAMS 0x0000000087a00000, 0x0000000087a00000| Untracked 
| 123|0x0000000087b00000, 0x0000000087bd6ee8, 0x0000000087c00000| 83%| S|CS|TAMS 0x0000000087b00000, 0x0000000087b00000| Complete 
| 124|0x0000000087c00000, 0x0000000087d00000, 0x0000000087d00000|100%| S|CS|TAMS 0x0000000087c00000, 0x0000000087c00000| Complete 
| 125|0x0000000087d00000, 0x0000000087e00000, 0x0000000087e00000|100%| S|CS|TAMS 0x0000000087d00000, 0x0000000087d00000| Complete 
| 126|0x0000000087e00000, 0x0000000087f00000, 0x0000000087f00000|100%| S|CS|TAMS 0x0000000087e00000, 0x0000000087e00000| Complete 
| 127|0x0000000087f00000, 0x0000000088000000, 0x0000000088000000|100%| S|CS|TAMS 0x0000000087f00000, 0x0000000087f00000| Complete 
| 128|0x0000000088000000, 0x0000000088100000, 0x0000000088100000|100%| S|CS|TAMS 0x0000000088000000, 0x0000000088000000| Complete 
| 129|0x0000000088100000, 0x0000000088200000, 0x0000000088200000|100%| S|CS|TAMS 0x0000000088100000, 0x0000000088100000| Complete 
| 130|0x0000000088200000, 0x0000000088300000, 0x0000000088300000|100%| S|CS|TAMS 0x0000000088200000, 0x0000000088200000| Complete 
| 131|0x0000000088300000, 0x0000000088400000, 0x0000000088400000|100%| S|CS|TAMS 0x0000000088300000, 0x0000000088300000| Complete 
| 132|0x0000000088400000, 0x0000000088500000, 0x0000000088500000|100%| S|CS|TAMS 0x0000000088400000, 0x0000000088400000| Complete 
| 133|0x0000000088500000, 0x0000000088600000, 0x0000000088600000|100%| S|CS|TAMS 0x0000000088500000, 0x0000000088500000| Complete 
| 134|0x0000000088600000, 0x0000000088600000, 0x0000000088700000|  0%| F|  |TAMS 0x0000000088600000, 0x0000000088600000| Untracked 
| 135|0x0000000088700000, 0x0000000088700000, 0x0000000088800000|  0%| F|  |TAMS 0x0000000088700000, 0x0000000088700000| Untracked 
| 136|0x0000000088800000, 0x0000000088800000, 0x0000000088900000|  0%| F|  |TAMS 0x0000000088800000, 0x0000000088800000| Untracked 
| 137|0x0000000088900000, 0x0000000088900000, 0x0000000088a00000|  0%| F|  |TAMS 0x0000000088900000, 0x0000000088900000| Untracked 
| 138|0x0000000088a00000, 0x0000000088a00000, 0x0000000088b00000|  0%| F|  |TAMS 0x0000000088a00000, 0x0000000088a00000| Untracked 
| 139|0x0000000088b00000, 0x0000000088b00000, 0x0000000088c00000|  0%| F|  |TAMS 0x0000000088b00000, 0x0000000088b00000| Untracked 
| 140|0x0000000088c00000, 0x0000000088c00000, 0x0000000088d00000|  0%| F|  |TAMS 0x0000000088c00000, 0x0000000088c00000| Untracked 
| 141|0x0000000088d00000, 0x0000000088d00000, 0x0000000088e00000|  0%| F|  |TAMS 0x0000000088d00000, 0x0000000088d00000| Untracked 
| 142|0x0000000088e00000, 0x0000000088e00000, 0x0000000088f00000|  0%| F|  |TAMS 0x0000000088e00000, 0x0000000088e00000| Untracked 
| 143|0x0000000088f00000, 0x0000000088f00000, 0x0000000089000000|  0%| F|  |TAMS 0x0000000088f00000, 0x0000000088f00000| Untracked 
| 144|0x0000000089000000, 0x0000000089000000, 0x0000000089100000|  0%| F|  |TAMS 0x0000000089000000, 0x0000000089000000| Untracked 
| 145|0x0000000089100000, 0x0000000089100000, 0x0000000089200000|  0%| F|  |TAMS 0x0000000089100000, 0x0000000089100000| Untracked 
| 146|0x0000000089200000, 0x0000000089200000, 0x0000000089300000|  0%| F|  |TAMS 0x0000000089200000, 0x0000000089200000| Untracked 
| 147|0x0000000089300000, 0x0000000089300000, 0x0000000089400000|  0%| F|  |TAMS 0x0000000089300000, 0x0000000089300000| Untracked 
| 148|0x0000000089400000, 0x0000000089400000, 0x0000000089500000|  0%| F|  |TAMS 0x0000000089400000, 0x0000000089400000| Untracked 
| 149|0x0000000089500000, 0x0000000089500000, 0x0000000089600000|  0%| F|  |TAMS 0x0000000089500000, 0x0000000089500000| Untracked 
| 150|0x0000000089600000, 0x0000000089600000, 0x0000000089700000|  0%| F|  |TAMS 0x0000000089600000, 0x0000000089600000| Untracked 
| 151|0x0000000089700000, 0x0000000089700000, 0x0000000089800000|  0%| F|  |TAMS 0x0000000089700000, 0x0000000089700000| Untracked 
| 152|0x0000000089800000, 0x0000000089800000, 0x0000000089900000|  0%| F|  |TAMS 0x0000000089800000, 0x0000000089800000| Untracked 
| 153|0x0000000089900000, 0x0000000089900000, 0x0000000089a00000|  0%| F|  |TAMS 0x0000000089900000, 0x0000000089900000| Untracked 
| 154|0x0000000089a00000, 0x0000000089a00000, 0x0000000089b00000|  0%| F|  |TAMS 0x0000000089a00000, 0x0000000089a00000| Untracked 
| 155|0x0000000089b00000, 0x0000000089b00000, 0x0000000089c00000|  0%| F|  |TAMS 0x0000000089b00000, 0x0000000089b00000| Untracked 
| 156|0x0000000089c00000, 0x0000000089c00000, 0x0000000089d00000|  0%| F|  |TAMS 0x0000000089c00000, 0x0000000089c00000| Untracked 
| 157|0x0000000089d00000, 0x0000000089d00000, 0x0000000089e00000|  0%| F|  |TAMS 0x0000000089d00000, 0x0000000089d00000| Untracked 
| 158|0x0000000089e00000, 0x0000000089e00000, 0x0000000089f00000|  0%| F|  |TAMS 0x0000000089e00000, 0x0000000089e00000| Untracked 
| 159|0x0000000089f00000, 0x0000000089f00000, 0x000000008a000000|  0%| F|  |TAMS 0x0000000089f00000, 0x0000000089f00000| Untracked 
| 160|0x000000008a000000, 0x000000008a000000, 0x000000008a100000|  0%| F|  |TAMS 0x000000008a000000, 0x000000008a000000| Untracked 
| 161|0x000000008a100000, 0x000000008a100000, 0x000000008a200000|  0%| F|  |TAMS 0x000000008a100000, 0x000000008a100000| Untracked 
| 162|0x000000008a200000, 0x000000008a200000, 0x000000008a300000|  0%| F|  |TAMS 0x000000008a200000, 0x000000008a200000| Untracked 
| 163|0x000000008a300000, 0x000000008a300000, 0x000000008a400000|  0%| F|  |TAMS 0x000000008a300000, 0x000000008a300000| Untracked 
| 164|0x000000008a400000, 0x000000008a400000, 0x000000008a500000|  0%| F|  |TAMS 0x000000008a400000, 0x000000008a400000| Untracked 
| 165|0x000000008a500000, 0x000000008a500000, 0x000000008a600000|  0%| F|  |TAMS 0x000000008a500000, 0x000000008a500000| Untracked 
| 166|0x000000008a600000, 0x000000008a600000, 0x000000008a700000|  0%| F|  |TAMS 0x000000008a600000, 0x000000008a600000| Untracked 
| 167|0x000000008a700000, 0x000000008a700000, 0x000000008a800000|  0%| F|  |TAMS 0x000000008a700000, 0x000000008a700000| Untracked 
| 168|0x000000008a800000, 0x000000008a800000, 0x000000008a900000|  0%| F|  |TAMS 0x000000008a800000, 0x000000008a800000| Untracked 
| 169|0x000000008a900000, 0x000000008a900000, 0x000000008aa00000|  0%| F|  |TAMS 0x000000008a900000, 0x000000008a900000| Untracked 
| 170|0x000000008aa00000, 0x000000008aa00000, 0x000000008ab00000|  0%| F|  |TAMS 0x000000008aa00000, 0x000000008aa00000| Untracked 
| 171|0x000000008ab00000, 0x000000008ab00000, 0x000000008ac00000|  0%| F|  |TAMS 0x000000008ab00000, 0x000000008ab00000| Untracked 
| 172|0x000000008ac00000, 0x000000008ac00000, 0x000000008ad00000|  0%| F|  |TAMS 0x000000008ac00000, 0x000000008ac00000| Untracked 
| 173|0x000000008ad00000, 0x000000008ad00000, 0x000000008ae00000|  0%| F|  |TAMS 0x000000008ad00000, 0x000000008ad00000| Untracked 
| 174|0x000000008ae00000, 0x000000008ae00000, 0x000000008af00000|  0%| F|  |TAMS 0x000000008ae00000, 0x000000008ae00000| Untracked 
| 175|0x000000008af00000, 0x000000008af00000, 0x000000008b000000|  0%| F|  |TAMS 0x000000008af00000, 0x000000008af00000| Untracked 
| 176|0x000000008b000000, 0x000000008b000000, 0x000000008b100000|  0%| F|  |TAMS 0x000000008b000000, 0x000000008b000000| Untracked 
| 177|0x000000008b100000, 0x000000008b100000, 0x000000008b200000|  0%| F|  |TAMS 0x000000008b100000, 0x000000008b100000| Untracked 
| 178|0x000000008b200000, 0x000000008b200000, 0x000000008b300000|  0%| F|  |TAMS 0x000000008b200000, 0x000000008b200000| Untracked 
| 179|0x000000008b300000, 0x000000008b300000, 0x000000008b400000|  0%| F|  |TAMS 0x000000008b300000, 0x000000008b300000| Untracked 
| 180|0x000000008b400000, 0x000000008b400000, 0x000000008b500000|  0%| F|  |TAMS 0x000000008b400000, 0x000000008b400000| Untracked 
| 181|0x000000008b500000, 0x000000008b500000, 0x000000008b600000|  0%| F|  |TAMS 0x000000008b500000, 0x000000008b500000| Untracked 
| 182|0x000000008b600000, 0x000000008b600000, 0x000000008b700000|  0%| F|  |TAMS 0x000000008b600000, 0x000000008b600000| Untracked 
| 183|0x000000008b700000, 0x000000008b700000, 0x000000008b800000|  0%| F|  |TAMS 0x000000008b700000, 0x000000008b700000| Untracked 
| 184|0x000000008b800000, 0x000000008b800000, 0x000000008b900000|  0%| F|  |TAMS 0x000000008b800000, 0x000000008b800000| Untracked 
| 185|0x000000008b900000, 0x000000008b900000, 0x000000008ba00000|  0%| F|  |TAMS 0x000000008b900000, 0x000000008b900000| Untracked 
| 186|0x000000008ba00000, 0x000000008ba00000, 0x000000008bb00000|  0%| F|  |TAMS 0x000000008ba00000, 0x000000008ba00000| Untracked 
| 187|0x000000008bb00000, 0x000000008bb00000, 0x000000008bc00000|  0%| F|  |TAMS 0x000000008bb00000, 0x000000008bb00000| Untracked 
| 188|0x000000008bc00000, 0x000000008bc00000, 0x000000008bd00000|  0%| F|  |TAMS 0x000000008bc00000, 0x000000008bc00000| Untracked 
| 189|0x000000008bd00000, 0x000000008bd00000, 0x000000008be00000|  0%| F|  |TAMS 0x000000008bd00000, 0x000000008bd00000| Untracked 
| 190|0x000000008be00000, 0x000000008be00000, 0x000000008bf00000|  0%| F|  |TAMS 0x000000008be00000, 0x000000008be00000| Untracked 
| 191|0x000000008bf00000, 0x000000008bf00000, 0x000000008c000000|  0%| F|  |TAMS 0x000000008bf00000, 0x000000008bf00000| Untracked 
| 192|0x000000008c000000, 0x000000008c000000, 0x000000008c100000|  0%| F|  |TAMS 0x000000008c000000, 0x000000008c000000| Untracked 
| 193|0x000000008c100000, 0x000000008c100000, 0x000000008c200000|  0%| F|  |TAMS 0x000000008c100000, 0x000000008c100000| Untracked 
| 194|0x000000008c200000, 0x000000008c200000, 0x000000008c300000|  0%| F|  |TAMS 0x000000008c200000, 0x000000008c200000| Untracked 
| 195|0x000000008c300000, 0x000000008c3ec2c0, 0x000000008c400000| 92%| E|  |TAMS 0x000000008c300000, 0x000000008c300000| Complete 
| 196|0x000000008c400000, 0x000000008c500000, 0x000000008c500000|100%| E|CS|TAMS 0x000000008c400000, 0x000000008c400000| Complete 
| 197|0x000000008c500000, 0x000000008c600000, 0x000000008c600000|100%| E|CS|TAMS 0x000000008c500000, 0x000000008c500000| Complete 
| 198|0x000000008c600000, 0x000000008c700000, 0x000000008c700000|100%| E|CS|TAMS 0x000000008c600000, 0x000000008c600000| Complete 
| 199|0x000000008c700000, 0x000000008c800000, 0x000000008c800000|100%| E|CS|TAMS 0x000000008c700000, 0x000000008c700000| Complete 
| 200|0x000000008c800000, 0x000000008c900000, 0x000000008c900000|100%| E|CS|TAMS 0x000000008c800000, 0x000000008c800000| Complete 
| 201|0x000000008c900000, 0x000000008ca00000, 0x000000008ca00000|100%| E|CS|TAMS 0x000000008c900000, 0x000000008c900000| Complete 
| 202|0x000000008ca00000, 0x000000008cb00000, 0x000000008cb00000|100%| E|CS|TAMS 0x000000008ca00000, 0x000000008ca00000| Complete 
| 203|0x000000008cb00000, 0x000000008cc00000, 0x000000008cc00000|100%| E|CS|TAMS 0x000000008cb00000, 0x000000008cb00000| Complete 
| 204|0x000000008cc00000, 0x000000008cd00000, 0x000000008cd00000|100%| E|CS|TAMS 0x000000008cc00000, 0x000000008cc00000| Complete 
| 205|0x000000008cd00000, 0x000000008ce00000, 0x000000008ce00000|100%| E|CS|TAMS 0x000000008cd00000, 0x000000008cd00000| Complete 
| 206|0x000000008ce00000, 0x000000008cf00000, 0x000000008cf00000|100%| E|CS|TAMS 0x000000008ce00000, 0x000000008ce00000| Complete 
| 207|0x000000008cf00000, 0x000000008d000000, 0x000000008d000000|100%| E|CS|TAMS 0x000000008cf00000, 0x000000008cf00000| Complete 
| 208|0x000000008d000000, 0x000000008d100000, 0x000000008d100000|100%| E|CS|TAMS 0x000000008d000000, 0x000000008d000000| Complete 
| 209|0x000000008d100000, 0x000000008d200000, 0x000000008d200000|100%| E|CS|TAMS 0x000000008d100000, 0x000000008d100000| Complete 
| 210|0x000000008d200000, 0x000000008d300000, 0x000000008d300000|100%| E|CS|TAMS 0x000000008d200000, 0x000000008d200000| Complete 
| 211|0x000000008d300000, 0x000000008d400000, 0x000000008d400000|100%| E|CS|TAMS 0x000000008d300000, 0x000000008d300000| Complete 
| 212|0x000000008d400000, 0x000000008d500000, 0x000000008d500000|100%| E|CS|TAMS 0x000000008d400000, 0x000000008d400000| Complete 
| 213|0x000000008d500000, 0x000000008d600000, 0x000000008d600000|100%| E|CS|TAMS 0x000000008d500000, 0x000000008d500000| Complete 
| 214|0x000000008d600000, 0x000000008d700000, 0x000000008d700000|100%| E|CS|TAMS 0x000000008d600000, 0x000000008d600000| Complete 
| 215|0x000000008d700000, 0x000000008d800000, 0x000000008d800000|100%| E|CS|TAMS 0x000000008d700000, 0x000000008d700000| Complete 
| 216|0x000000008d800000, 0x000000008d900000, 0x000000008d900000|100%| E|CS|TAMS 0x000000008d800000, 0x000000008d800000| Complete 
| 217|0x000000008d900000, 0x000000008da00000, 0x000000008da00000|100%| E|CS|TAMS 0x000000008d900000, 0x000000008d900000| Complete 
| 218|0x000000008da00000, 0x000000008db00000, 0x000000008db00000|100%| E|CS|TAMS 0x000000008da00000, 0x000000008da00000| Complete 
| 219|0x000000008db00000, 0x000000008dc00000, 0x000000008dc00000|100%| E|CS|TAMS 0x000000008db00000, 0x000000008db00000| Complete 
| 220|0x000000008dc00000, 0x000000008dd00000, 0x000000008dd00000|100%| E|CS|TAMS 0x000000008dc00000, 0x000000008dc00000| Complete 
| 221|0x000000008dd00000, 0x000000008de00000, 0x000000008de00000|100%| E|CS|TAMS 0x000000008dd00000, 0x000000008dd00000| Complete 
| 222|0x000000008de00000, 0x000000008df00000, 0x000000008df00000|100%| E|CS|TAMS 0x000000008de00000, 0x000000008de00000| Complete 
| 223|0x000000008df00000, 0x000000008e000000, 0x000000008e000000|100%| E|CS|TAMS 0x000000008df00000, 0x000000008df00000| Complete 

Card table byte_map: [0x00000237326c0000,0x0000023732ac0000] _byte_map_base: 0x00000237322c0000

Marking Bits (Prev, Next): (CMBitMap*) 0x000002371d5a7c30, (CMBitMap*) 0x000002371d5a7bf8
 Prev Bits: [0x0000023734ec0000, 0x0000023736ec0000)
 Next Bits: [0x0000023732ec0000, 0x0000023734ec0000)

Polling page: 0x000002371d630000

Metaspace:

Usage:
  Non-class:     20.73 MB capacity,    20.39 MB ( 98%) used,   301.79 KB (  1%) free+waste,    44.94 KB ( <1%) overhead. 
      Class:      3.14 MB capacity,     2.92 MB ( 93%) used,   198.05 KB (  6%) free+waste,    22.44 KB ( <1%) overhead. 
       Both:     23.87 MB capacity,    23.32 MB ( 98%) used,   499.84 KB (  2%) free+waste,    67.38 KB ( <1%) overhead. 

Virtual space:
  Non-class space:       22.00 MB reserved,      20.92 MB ( 95%) committed 
      Class space:        1.00 GB reserved,       3.25 MB ( <1%) committed 
             Both:        1.02 GB reserved,      24.17 MB (  2%) committed 

Chunk freelists:
   Non-Class:  2.00 KB
       Class:  20.00 KB
        Both:  22.00 KB

MaxMetaspaceSize: 17179869184.00 GB
CompressedClassSpaceSize: 1.00 GB
Initial GC threshold: 20.80 MB
Current GC threshold: 35.08 MB
CDS: off

CodeHeap 'non-profiled nmethods': size=120000Kb used=1040Kb max_used=1040Kb free=118959Kb
 bounds [0x000002372a320000, 0x000002372a590000, 0x0000023731850000]
CodeHeap 'profiled nmethods': size=120000Kb used=4327Kb max_used=4327Kb free=115672Kb
 bounds [0x0000023722df0000, 0x0000023723230000, 0x000002372a320000]
CodeHeap 'non-nmethods': size=5760Kb used=1217Kb max_used=1224Kb free=4542Kb
 bounds [0x0000023722850000, 0x0000023722ac0000, 0x0000023722df0000]
 total_blobs=2545 nmethods=2052 adapters=405
 compilation: enabled
              stopped_count=0, restarted_count=0
 full_count=0

Compilation events (20 events):
Event: 2.639 Thread 0x000002373a26a000 2025       3       org.gradle.internal.reflect.PropertyAccessorType::hasVoidReturnType (11 bytes)
Event: 2.639 Thread 0x000002373a26a000 nmethod 2025 0x0000023723210790 code [0x0000023723210940, 0x0000023723210b78]
Event: 2.639 Thread 0x000002373a26a000 2026   !   3       java.lang.reflect.Executable::declaredAnnotations (85 bytes)
Event: 2.639 Thread 0x000002373a26a000 nmethod 2026 0x0000023723210c90 code [0x0000023723210ee0, 0x0000023723211848]
Event: 2.640 Thread 0x000002373a26a000 2027       3       java.lang.WeakPairMap$Pair$Lookup::equals (31 bytes)
Event: 2.640 Thread 0x000002373a26a000 nmethod 2027 0x0000023723211c10 code [0x0000023723211e00, 0x0000023723212498]
Event: 2.643 Thread 0x000002373a26a000 2028       1       java.lang.reflect.Method::getAnnotationBytes (5 bytes)
Event: 2.643 Thread 0x000002373a26a000 nmethod 2028 0x000002372a423390 code [0x000002372a423540, 0x000002372a4235f8]
Event: 2.643 Thread 0x000002373a26a000 2029       3       java.lang.reflect.Executable::getAnnotation (23 bytes)
Event: 2.643 Thread 0x000002373a26a000 nmethod 2029 0x0000023723212610 code [0x0000023723212840, 0x0000023723212ea8]
Event: 2.643 Thread 0x000002373a26a000 2030       3       java.lang.reflect.Method::getAnnotation (6 bytes)
Event: 2.644 Thread 0x000002373a26a000 nmethod 2030 0x0000023723213110 code [0x0000023723213340, 0x0000023723213a08]
Event: 2.644 Thread 0x000002373a26a000 2032       3       java.lang.reflect.Modifier::isFinal (13 bytes)
Event: 2.644 Thread 0x000002373a26a000 nmethod 2032 0x0000023723213c90 code [0x0000023723213e40, 0x0000023723213f78]
Event: 2.644 Thread 0x000002373a26a000 2031       1       org.gradle.internal.instantiation.generator.AbstractClassGenerator$PropertyMetadata::getName (5 bytes)
Event: 2.644 Thread 0x000002373a26a000 nmethod 2031 0x000002372a423690 code [0x000002372a423840, 0x000002372a4238f8]
Event: 2.645 Thread 0x000002373a26a000 2033       3       org.gradle.internal.reflect.MethodSet$MethodKey::hashCode (29 bytes)
Event: 2.645 Thread 0x000002373a26a000 nmethod 2033 0x0000023723214010 code [0x0000023723214220, 0x00000237232149e8]
Event: 2.649 Thread 0x000002373a26a000 2034       3       java.util.concurrent.ConcurrentHashMap::get (162 bytes)
Event: 2.650 Thread 0x000002373a26a000 nmethod 2034 0x0000023723214c90 code [0x0000023723214f00, 0x0000023723215bb8]

GC Heap History (4 events):
Event: 0.684 GC heap before
{Heap before GC invocations=0 (full 0):
 garbage-first heap   total 229376K, used 29696K [0x0000000080000000, 0x0000000100000000)
  region size 1024K, 24 young (24576K), 0 survivors (0K)
 Metaspace       used 9871K, capacity 10118K, committed 10368K, reserved 1058816K
  class space    used 1010K, capacity 1102K, committed 1152K, reserved 1048576K
}
Event: 0.689 GC heap after
{Heap after GC invocations=1 (full 0):
 garbage-first heap   total 229376K, used 9062K [0x0000000080000000, 0x0000000100000000)
  region size 1024K, 3 young (3072K), 3 survivors (3072K)
 Metaspace       used 9871K, capacity 10118K, committed 10368K, reserved 1058816K
  class space    used 1010K, capacity 1102K, committed 1152K, reserved 1048576K
}
Event: 2.376 GC heap before
{Heap before GC invocations=1 (full 0):
 garbage-first heap   total 229376K, used 98150K [0x0000000080000000, 0x0000000100000000)
  region size 1024K, 90 young (92160K), 3 survivors (3072K)
 Metaspace       used 20769K, capacity 21180K, committed 21296K, reserved 1069056K
  class space    used 2512K, capacity 2674K, committed 2688K, reserved 1048576K
}
Event: 2.388 GC heap after
{Heap after GC invocations=2 (full 0):
 garbage-first heap   total 229376K, used 17089K [0x0000000080000000, 0x0000000100000000)
  region size 1024K, 11 young (11264K), 11 survivors (11264K)
 Metaspace       used 20769K, capacity 21180K, committed 21296K, reserved 1069056K
  class space    used 2512K, capacity 2674K, committed 2688K, reserved 1048576K
}

Deoptimization events (20 events):
Event: 2.361 Thread 0x000002373b9ce000 Uncommon trap: trap_request=0xffffffc6 fr.pc=0x000002372a398024 relative=0x0000000000000084
Event: 2.361 Thread 0x000002373b9ce000 Uncommon trap: reason=bimorphic_or_optimized_type_check action=maybe_recompile pc=0x000002372a398024 method=java.util.AbstractList$Itr.hasNext()Z @ 8 c2
Event: 2.361 Thread 0x000002373b9ce000 DEOPT PACKING pc=0x000002372a398024 sp=0x0000008131bfa230
Event: 2.361 Thread 0x000002373b9ce000 DEOPT UNPACKING pc=0x000002372289a1af sp=0x0000008131bfa1c8 mode 2
Event: 2.361 Thread 0x000002373b9ce000 Uncommon trap: trap_request=0xffffffc6 fr.pc=0x000002372a3983f4 relative=0x0000000000000134
Event: 2.361 Thread 0x000002373b9ce000 Uncommon trap: reason=bimorphic_or_optimized_type_check action=maybe_recompile pc=0x000002372a3983f4 method=java.util.AbstractList$Itr.next()Ljava/lang/Object; @ 14 c2
Event: 2.361 Thread 0x000002373b9ce000 DEOPT PACKING pc=0x000002372a3983f4 sp=0x0000008131bfa220
Event: 2.361 Thread 0x000002373b9ce000 DEOPT UNPACKING pc=0x000002372289a1af sp=0x0000008131bfa1b8 mode 2
Event: 2.361 Thread 0x000002373b9ce000 Uncommon trap: trap_request=0xffffff4d fr.pc=0x000002372a396c2c relative=0x00000000000004ec
Event: 2.361 Thread 0x000002373b9ce000 Uncommon trap: reason=unstable_if action=reinterpret pc=0x000002372a396c2c method=java.lang.String.substring(I)Ljava/lang/String; @ 34 c2
Event: 2.361 Thread 0x000002373b9ce000 DEOPT PACKING pc=0x000002372a396c2c sp=0x0000008131bfacc0
Event: 2.361 Thread 0x000002373b9ce000 DEOPT UNPACKING pc=0x000002372289a1af sp=0x0000008131bfac98 mode 2
Event: 2.472 Thread 0x000002373b9ce000 Uncommon trap: trap_request=0xffffff4d fr.pc=0x000002372a41f7b0 relative=0x00000000000003b0
Event: 2.472 Thread 0x000002373b9ce000 Uncommon trap: reason=unstable_if action=reinterpret pc=0x000002372a41f7b0 method=jdk.internal.org.objectweb.asm.Type.getArgumentsAndReturnSizes(Ljava/lang/String;)I @ 88 c2
Event: 2.472 Thread 0x000002373b9ce000 DEOPT PACKING pc=0x000002372a41f7b0 sp=0x0000008131bf9050
Event: 2.473 Thread 0x000002373b9ce000 DEOPT UNPACKING pc=0x000002372289a1af sp=0x0000008131bf8fd8 mode 2
Event: 2.640 Thread 0x000002373b9ce000 Uncommon trap: trap_request=0xffffff4d fr.pc=0x000002372a37417c relative=0x000000000000023c
Event: 2.640 Thread 0x000002373b9ce000 Uncommon trap: reason=unstable_if action=reinterpret pc=0x000002372a37417c method=java.util.concurrent.ConcurrentHashMap.get(Ljava/lang/Object;)Ljava/lang/Object; @ 76 c2
Event: 2.640 Thread 0x000002373b9ce000 DEOPT PACKING pc=0x000002372a37417c sp=0x0000008131bf9290
Event: 2.640 Thread 0x000002373b9ce000 DEOPT UNPACKING pc=0x000002372289a1af sp=0x0000008131bf91f8 mode 2

Classes redefined (0 events):
No events

Internal exceptions (20 events):
Event: 1.567 Thread 0x000002371d565000 Exception <a 'java/lang/NoSuchMethodError'{0x000000008ac34638}: 'java.lang.Object java.lang.invoke.DirectMethodHandle$Holder.invokeStaticInit(java.lang.Object, java.lang.Object, int, int, int, int)'> (0x000000008ac34638) thrown at [src/hotspot/share/interpreter/linkResolver.cpp, line 773]
Event: 1.901 Thread 0x000002371d565000 Exception <a 'java/io/IOException'{0x000000008abf3e60}> (0x000000008abf3e60) thrown at [src/hotspot/share/prims/jni.cpp, line 617]
Event: 1.975 Thread 0x000002373c5aa800 Exception <a 'java/lang/NoSuchMethodError'{0x000000008a756738}: <clinit>> (0x000000008a756738) thrown at [src/hotspot/share/prims/jni.cpp, line 1367]
Event: 1.978 Thread 0x000002373c5aa800 Exception <a 'java/lang/NoSuchMethodError'{0x000000008a76e3e8}: <clinit>> (0x000000008a76e3e8) thrown at [src/hotspot/share/prims/jni.cpp, line 1367]
Event: 1.978 Thread 0x000002373c5aa800 Exception <a 'java/lang/NoSuchMethodError'{0x000000008a777db0}: <clinit>> (0x000000008a777db0) thrown at [src/hotspot/share/prims/jni.cpp, line 1367]
Event: 1.981 Thread 0x000002373c5aa800 Exception <a 'java/lang/NoSuchMethodError'{0x000000008a78d230}: <clinit>> (0x000000008a78d230) thrown at [src/hotspot/share/prims/jni.cpp, line 1367]
Event: 2.039 Thread 0x000002373b9ce000 Exception <a 'java/lang/NoSuchMethodError'{0x000000008a38a918}: 'void java.lang.invoke.DirectMethodHandle$Holder.invokeVirtual(java.lang.Object, java.lang.Object, java.lang.Object, java.lang.Object)'> (0x000000008a38a918) thrown at [src/hotspot/share/interpreter/linkResolver.cpp, line 773]
Event: 2.040 Thread 0x000002373b9ce000 Exception <a 'java/lang/NoSuchMethodError'{0x000000008a399a40}: 'void java.lang.invoke.DelegatingMethodHandle$Holder.reinvoke_L(java.lang.Object, java.lang.Object, java.lang.Object, java.lang.Object)'> (0x000000008a399a40) thrown at [src/hotspot/share/interpreter/linkResolver.cpp, line 773]
Event: 2.045 Thread 0x000002373b9ce000 Exception <a 'java/lang/NoSuchMethodError'{0x000000008a3ca528}: 'long java.lang.invoke.DirectMethodHandle$Holder.invokeInterface(java.lang.Object, java.lang.Object)'> (0x000000008a3ca528) thrown at [src/hotspot/share/interpreter/linkResolver.cpp, line 773]
Event: 2.049 Thread 0x000002373b9ce000 Exception <a 'java/lang/NoSuchMethodError'{0x000000008a3ed678}: 'void java.lang.invoke.DelegatingMethodHandle$Holder.reinvoke_L(java.lang.Object, java.lang.Object, java.lang.Object, java.lang.Object, java.lang.Object, java.lang.Object, java.lang.Object)'> (0x000000008a3ed678) thrown at [src/hotspot/share/interpreter/linkResolver.cpp, line 773]
Event: 2.281 Thread 0x000002373b9ce000 Exception <a 'java/lang/NoSuchMethodError'{0x0000000088bd0c10}: 'void java.lang.invoke.DirectMethodHandle$Holder.invokeStaticInit(java.lang.Object)'> (0x0000000088bd0c10) thrown at [src/hotspot/share/interpreter/linkResolver.cpp, line 773]
Event: 2.320 Thread 0x000002373b9ce000 Exception <a 'java/lang/NoSuchMethodError'{0x00000000889ee558}: 'java.lang.Object java.lang.invoke.DirectMethodHandle$Holder.invokeStatic(java.lang.Object, java.lang.Object, java.lang.Object, int)'> (0x00000000889ee558) thrown at [src/hotspot/share/interpreter/linkResolver.cpp, line 773]
Event: 2.320 Thread 0x000002373b9ce000 Exception <a 'java/lang/NoSuchMethodError'{0x00000000889f29c8}: 'java.lang.Object java.lang.invoke.DirectMethodHandle$Holder.invokeSpecial(java.lang.Object, java.lang.Object, java.lang.Object, java.lang.Object, int)'> (0x00000000889f29c8) thrown at [src/hotspot/share/interpreter/linkResolver.cpp, line 773]
Event: 2.320 Thread 0x000002373b9ce000 Exception <a 'java/lang/NoSuchMethodError'{0x00000000889f6658}: 'java.lang.Object java.lang.invoke.Invokers$Holder.linkToTargetMethod(java.lang.Object, java.lang.Object, int, java.lang.Object)'> (0x00000000889f6658) thrown at [src/hotspot/share/interpreter/linkResolver.cpp, line 773]
Event: 2.424 Thread 0x000002373b9ce000 Exception <a 'java/lang/NoSuchMethodError'{0x000000008dd08b08}: 'int java.lang.invoke.DirectMethodHandle$Holder.invokeSpecialIFC(java.lang.Object, java.lang.Object, java.lang.Object, java.lang.Object)'> (0x000000008dd08b08) thrown at [src/hotspot/share/interpreter/linkResolver.cpp, line 773]
Event: 2.426 Thread 0x000002373b9ce000 Exception <a 'java/lang/NoSuchMethodError'{0x000000008dd16ac0}: 'java.lang.Object java.lang.invoke.DirectMethodHandle$Holder.invokeInterface(java.lang.Object, java.lang.Object, java.lang.Object)'> (0x000000008dd16ac0) thrown at [src/hotspot/share/interpreter/linkResolver.cpp, line 773]
Event: 2.427 Thread 0x000002373b9ce000 Exception <a 'java/lang/IncompatibleClassChangeError'{0x000000008dd19f98}: Found class java.lang.Object, but interface was expected> (0x000000008dd19f98) thrown at [src/hotspot/share/interpreter/linkResolver.cpp, line 839]
Event: 2.448 Thread 0x000002373b9ce000 Exception <a 'java/lang/NoSuchMethodError'{0x000000008db87cf8}: 'void java.lang.invoke.DirectMethodHandle$Holder.invokeStatic(java.lang.Object, java.lang.Object, java.lang.Object, java.lang.Object, java.lang.Object)'> (0x000000008db87cf8) thrown at [src/hotspot/share/interpreter/linkResolver.cpp, line 773]
Event: 2.515 Thread 0x000002373b9ce000 Exception <a 'java/lang/NoSuchMethodError'{0x000000008d452ec8}: 'java.lang.Object java.lang.invoke.DirectMethodHandle$Holder.invokeSpecial(java.lang.Object, java.lang.Object, java.lang.Object, java.lang.Object, java.lang.Object, java.lang.Object, java.lang.Object, java.lang.Object, java.lang.Object)'> (0x000000008d452ec8) thrown at [src/hotspot/share/interpreter/linkResolver.cpp, line 773]
Event: 2.580 Thread 0x000002373b9ce000 Exception <a 'java/lang/NoSuchMethodError'{0x000000008cbda490}: 'java.lang.Object java.lang.invoke.DirectMethodHandle$Holder.invokeVirtual(java.lang.Object, java.lang.Object, java.lang.Object, java.lang.Object)'> (0x000000008cbda490) thrown at [src/hotspot/share/interpreter/linkResolver.cpp, line 773]

Events (20 events):
Event: 2.657 loading class org/objectweb/asm/FieldWriter
Event: 2.657 loading class org/objectweb/asm/FieldWriter done
Event: 2.657 loading class org/objectweb/asm/MethodVisitor
Event: 2.657 loading class org/objectweb/asm/MethodVisitor done
Event: 2.657 loading class org/objectweb/asm/MethodWriter
Event: 2.657 loading class org/objectweb/asm/MethodWriter done
Event: 2.658 loading class org/objectweb/asm/ClassTooLargeException
Event: 2.658 loading class org/objectweb/asm/ClassTooLargeException done
Event: 2.659 loading class org/objectweb/asm/SymbolTable
Event: 2.659 loading class org/objectweb/asm/SymbolTable done
Event: 2.660 loading class org/objectweb/asm/Symbol
Event: 2.660 loading class org/objectweb/asm/Symbol done
Event: 2.660 loading class org/objectweb/asm/SymbolTable$Entry
Event: 2.660 loading class org/objectweb/asm/SymbolTable$Entry done
Event: 2.661 loading class org/objectweb/asm/ByteVector
Event: 2.661 loading class org/objectweb/asm/ByteVector done
Event: 2.663 loading class org/objectweb/asm/MethodTooLargeException
Event: 2.663 loading class org/objectweb/asm/MethodTooLargeException done
Event: 2.665 loading class org/objectweb/asm/Frame
Event: 2.665 loading class org/objectweb/asm/Frame done


Dynamic libraries:
0x00007ff6094c0000 - 0x00007ff6094ca000 	C:\Program Files\Android\Android Studio2\jbr\bin\java.exe
0x00007ff8ecf10000 - 0x00007ff8ed124000 	C:\WINDOWS\SYSTEM32\ntdll.dll
0x00007ff8ebf40000 - 0x00007ff8ec003000 	C:\WINDOWS\System32\KERNEL32.DLL
0x00007ff8ea740000 - 0x00007ff8eaadc000 	C:\WINDOWS\System32\KERNELBASE.dll
0x00007ff8ea560000 - 0x00007ff8ea671000 	C:\WINDOWS\System32\ucrtbase.dll
0x00007ff8daf40000 - 0x00007ff8daf57000 	C:\Program Files\Android\Android Studio2\jbr\bin\jli.dll
0x00007ff8dada0000 - 0x00007ff8dadbb000 	C:\Program Files\Android\Android Studio2\jbr\bin\VCRUNTIME140.dll
0x00007ff8eafb0000 - 0x00007ff8eb15d000 	C:\WINDOWS\System32\USER32.dll
0x00007ff8cbd60000 - 0x00007ff8cbfee000 	C:\WINDOWS\WinSxS\amd64_microsoft.windows.common-controls_6595b64144ccf1df_6.0.22621.608_none_a9444ca7c10bb01d\COMCTL32.dll
0x00007ff8ea530000 - 0x00007ff8ea556000 	C:\WINDOWS\System32\win32u.dll
0x00007ff8ec1a0000 - 0x00007ff8ec247000 	C:\WINDOWS\System32\msvcrt.dll
0x00007ff8ec5d0000 - 0x00007ff8ec5f9000 	C:\WINDOWS\System32\GDI32.dll
0x00007ff8eac00000 - 0x00007ff8ead13000 	C:\WINDOWS\System32\gdi32full.dll
0x00007ff8eab60000 - 0x00007ff8eabfa000 	C:\WINDOWS\System32\msvcp_win.dll
0x00007ff8ec7b0000 - 0x00007ff8ec7e1000 	C:\WINDOWS\System32\IMM32.DLL
0x00007ff8e0bc0000 - 0x00007ff8e0bcc000 	C:\Program Files\Android\Android Studio2\jbr\bin\vcruntime140_1.dll
0x00007ff8c70b0000 - 0x00007ff8c713d000 	C:\Program Files\Android\Android Studio2\jbr\bin\msvcp140.dll
0x00007ff89e250000 - 0x00007ff89ee0c000 	C:\Program Files\Android\Android Studio2\jbr\bin\server\jvm.dll
0x00007ff8eb1d0000 - 0x00007ff8eb27e000 	C:\WINDOWS\System32\ADVAPI32.dll
0x00007ff8ec420000 - 0x00007ff8ec4c4000 	C:\WINDOWS\System32\sechost.dll
0x00007ff8ebe20000 - 0x00007ff8ebf35000 	C:\WINDOWS\System32\RPCRT4.dll
0x00007ff8eca20000 - 0x00007ff8eca28000 	C:\WINDOWS\System32\PSAPI.DLL
0x00007ff8e4cd0000 - 0x00007ff8e4cd9000 	C:\WINDOWS\SYSTEM32\WSOCK32.dll
0x00007ff8e3ba0000 - 0x00007ff8e3bd4000 	C:\WINDOWS\SYSTEM32\WINMM.dll
0x00007ff8ec730000 - 0x00007ff8ec7a1000 	C:\WINDOWS\System32\WS2_32.dll
0x00007ff8e24f0000 - 0x00007ff8e24fa000 	C:\WINDOWS\SYSTEM32\VERSION.dll
0x00007ff8e93a0000 - 0x00007ff8e93b8000 	C:\WINDOWS\SYSTEM32\kernel.appcore.dll
0x00007ff8e3d70000 - 0x00007ff8e3d80000 	C:\Program Files\Android\Android Studio2\jbr\bin\verify.dll
0x00007ff8e2910000 - 0x00007ff8e2b3e000 	C:\WINDOWS\SYSTEM32\DBGHELP.DLL
0x00007ff8eba90000 - 0x00007ff8ebe19000 	C:\WINDOWS\System32\combase.dll
0x00007ff8ec650000 - 0x00007ff8ec727000 	C:\WINDOWS\System32\OLEAUT32.dll
0x00007ff8e28d0000 - 0x00007ff8e2902000 	C:\WINDOWS\SYSTEM32\dbgcore.DLL
0x00007ff8eaae0000 - 0x00007ff8eab5b000 	C:\WINDOWS\System32\bcryptPrimitives.dll
0x00007ff8e2330000 - 0x00007ff8e2358000 	C:\Program Files\Android\Android Studio2\jbr\bin\java.dll
0x00007ff8e3010000 - 0x00007ff8e301a000 	C:\Program Files\Android\Android Studio2\jbr\bin\jimage.dll
0x00007ff8e22f0000 - 0x00007ff8e2308000 	C:\Program Files\Android\Android Studio2\jbr\bin\zip.dll
0x00007ff8eb2a0000 - 0x00007ff8eba90000 	C:\WINDOWS\System32\SHELL32.dll
0x00007ff8e8360000 - 0x00007ff8e8c2e000 	C:\WINDOWS\SYSTEM32\windows.storage.dll
0x00007ff8e8220000 - 0x00007ff8e835e000 	C:\WINDOWS\SYSTEM32\wintypes.dll
0x00007ff8ec4d0000 - 0x00007ff8ec5c1000 	C:\WINDOWS\System32\SHCORE.dll
0x00007ff8eb160000 - 0x00007ff8eb1be000 	C:\WINDOWS\System32\shlwapi.dll
0x00007ff8ea280000 - 0x00007ff8ea2a1000 	C:\WINDOWS\SYSTEM32\profapi.dll
0x00007ff8e1fe0000 - 0x00007ff8e1ff9000 	C:\Program Files\Android\Android Studio2\jbr\bin\net.dll
0x00007ff8e3e20000 - 0x00007ff8e3f4f000 	C:\WINDOWS\SYSTEM32\WINHTTP.dll
0x00007ff8e9810000 - 0x00007ff8e9879000 	C:\WINDOWS\system32\mswsock.dll
0x00007ff8e1fc0000 - 0x00007ff8e1fd3000 	C:\Program Files\Android\Android Studio2\jbr\bin\nio.dll
0x00007ff8df0d0000 - 0x00007ff8df0f7000 	E:\native\e1d6ef7f7dcc3fd88c89a11ec53ec762bb8ba0a96d01ffa2cd45eb1d1d8dd5c5\windows-amd64\native-platform.dll
0x00007ff8b7160000 - 0x00007ff8b72a4000 	E:\native\5664cfc778a61ccfe75a443a1ab52a65af34e5dc3c78e0209fed803814484fcb\windows-amd64\native-platform-file-events.dll
0x00007ff8e25a0000 - 0x00007ff8e25aa000 	C:\Program Files\Android\Android Studio2\jbr\bin\management.dll
0x00007ff8e1790000 - 0x00007ff8e179b000 	C:\Program Files\Android\Android Studio2\jbr\bin\management_ext.dll
0x00007ff8e9a70000 - 0x00007ff8e9a8b000 	C:\WINDOWS\SYSTEM32\CRYPTSP.dll
0x00007ff8e9310000 - 0x00007ff8e9345000 	C:\WINDOWS\system32\rsaenh.dll
0x00007ff8e9910000 - 0x00007ff8e9938000 	C:\WINDOWS\SYSTEM32\USERENV.dll
0x00007ff8e9c10000 - 0x00007ff8e9c38000 	C:\WINDOWS\SYSTEM32\bcrypt.dll
0x00007ff8e9a90000 - 0x00007ff8e9a9c000 	C:\WINDOWS\SYSTEM32\CRYPTBASE.dll
0x00007ff8e8e80000 - 0x00007ff8e8ead000 	C:\WINDOWS\SYSTEM32\IPHLPAPI.DLL
0x00007ff8eb1c0000 - 0x00007ff8eb1c9000 	C:\WINDOWS\System32\NSI.dll
0x00007ff8e45d0000 - 0x00007ff8e45e9000 	C:\WINDOWS\SYSTEM32\dhcpcsvc6.DLL
0x00007ff8e4170000 - 0x00007ff8e418f000 	C:\WINDOWS\SYSTEM32\dhcpcsvc.DLL
0x00007ff8e8ef0000 - 0x00007ff8e8fe3000 	C:\WINDOWS\SYSTEM32\DNSAPI.dll

dbghelp: loaded successfully - version: 4.0.5 - missing functions: none
symbol engine: initialized successfully - sym options: 0x614 - pdb path: .;C:\Program Files\Android\Android Studio2\jbr\bin;C:\WINDOWS\SYSTEM32;C:\WINDOWS\WinSxS\amd64_microsoft.windows.common-controls_6595b64144ccf1df_6.0.22621.608_none_a9444ca7c10bb01d;C:\Program Files\Android\Android Studio2\jbr\bin\server;E:\native\e1d6ef7f7dcc3fd88c89a11ec53ec762bb8ba0a96d01ffa2cd45eb1d1d8dd5c5\windows-amd64;E:\native\5664cfc778a61ccfe75a443a1ab52a65af34e5dc3c78e0209fed803814484fcb\windows-amd64

VM Arguments:
jvm_args: --add-opens=java.base/java.util=ALL-UNNAMED --add-opens=java.base/java.lang=ALL-UNNAMED --add-opens=java.base/java.lang.invoke=ALL-UNNAMED --add-opens=java.base/java.util=ALL-UNNAMED --add-opens=java.prefs/java.util.prefs=ALL-UNNAMED --add-opens=java.prefs/java.util.prefs=ALL-UNNAMED --add-opens=java.base/java.nio.charset=ALL-UNNAMED --add-opens=java.base/java.net=ALL-UNNAMED --add-opens=java.base/java.util.concurrent.atomic=ALL-UNNAMED -Xmx2048m -Dfile.encoding=UTF-8 -Duser.country=US -Duser.language=en -Duser.variant 
java_command: org.gradle.launcher.daemon.bootstrap.GradleDaemon 7.2
java_class_path (initial): E:\wrapper\dists\gradle-7.2-bin\2dnblmf4td7x66yl1d74lt32g\gradle-7.2\lib\gradle-launcher-7.2.jar
Launcher Type: SUN_STANDARD

[Global flags]
     intx CICompilerCount                          = 4                                         {product} {ergonomic}
     uint ConcGCThreads                            = 2                                         {product} {ergonomic}
     uint G1ConcRefinementThreads                  = 8                                         {product} {ergonomic}
   size_t G1HeapRegionSize                         = 1048576                                   {product} {ergonomic}
    uintx GCDrainStackTargetSize                   = 64                                        {product} {ergonomic}
   size_t InitialHeapSize                          = 234881024                                 {product} {ergonomic}
   size_t MarkStackSize                            = 4194304                                   {product} {ergonomic}
   size_t MaxHeapSize                              = 2147483648                                {product} {command line}
   size_t MaxNewSize                               = 1287651328                                {product} {ergonomic}
   size_t MinHeapDeltaBytes                        = 1048576                                   {product} {ergonomic}
    uintx NonNMethodCodeHeapSize                   = 5836300                                {pd product} {ergonomic}
    uintx NonProfiledCodeHeapSize                  = 122910970                              {pd product} {ergonomic}
    uintx ProfiledCodeHeapSize                     = 122910970                              {pd product} {ergonomic}
    uintx ReservedCodeCacheSize                    = 251658240                              {pd product} {ergonomic}
     bool SegmentedCodeCache                       = true                                      {product} {ergonomic}
     bool UseCompressedClassPointers               = true                                 {lp64_product} {ergonomic}
     bool UseCompressedOops                        = true                                 {lp64_product} {ergonomic}
     bool UseG1GC                                  = true                                      {product} {ergonomic}
     bool UseLargePagesIndividualAllocation        = false                                  {pd product} {ergonomic}

Logging:
Log output configuration:
 #0: stdout all=warning uptime,level,tags
 #1: stderr all=off uptime,level,tags

Environment Variables:
CLASSPATH=C:\mysql-connector-java-5.1.38.jar;.
PATH=C:\Program Files\Google\Chrome\Application;C:\Program Files\Java\jdk1.7.0_80\bin;C:\Program Files (x86)\Common Files\Oracle\Java\javapath;C:\Program Files (x86)\Brackets\command;C:\Program Files (x86)\dotnet\;C:\WINDOWS\system32;C:\WINDOWS;C:\WINDOWS\System32\Wbem;C:\WINDOWS\System32\WindowsPowerShell\v1.0\;C:\WINDOWS\System32\OpenSSH\;C:\Program Files\php-8.1.3;C:\Program Files\dotnet\;C:\MinGW\bin;C:\Program Files\nodejs\;C:\Program Files\Git\cmd;C:\Program Files\Java\jdk1.7.0_80\bin;C:\Program Files (x86)\Common Files\Oracle\Java\javapath;C:\Program Files (x86)\Brackets\command;C:\Program Files (x86)\dotnet\;C:\WINDOWS\system32;C:\WINDOWS;C:\WINDOWS\System32\Wbem;C:\WINDOWS\System32\WindowsPowerShell\v1.0\;C:\WINDOWS\System32\OpenSSH\;C:\Program Files\php-8.1.3;C:\Program Files\dotnet\;C:\MinGW\bin;C:\Program Files\nodejs\;C:\Users\maned\AppData\Local\Programs\Python\Python310\Scripts\;C:\Users\maned\AppData\Local\Programs\Python\Python310\;C:\Program Files\Java\jdk1.7.0_80\bin;C:\WINDOWS\system32;C:\Users\maned\AppData\Local\Microsoft\WindowsApps;C:\msys64\mingw64\bin;;C:\Users\maned\AppData\Local\JetBrains\PyCharm Community Edition 2021.3.2\bin;;C:\Users\maned\AppData\Local\JetBrains\PyCharm 2021.3.2\bin;;C:\TURBOC3\Projects\Microsoft VS Code Insiders\bin;C:\Users\maned\.dotnet\tools;C:\Users\maned\AppData\Roaming\npm;C:\Program Files (x86)\Microsoft VS Code\bin
USERNAME=maned
OS=Windows_NT
PROCESSOR_IDENTIFIER=AMD64 Family 23 Model 24 Stepping 1, AuthenticAMD



---------------  S Y S T E M  ---------------

OS: Windows 11 , 64 bit Build 22621 (10.0.22621.1344)
OS uptime: 29 days 21:09 hours

CPU:total 8 (initial active 8) (8 cores per cpu, 2 threads per core) family 23 model 24 stepping 1 microcode 0x0, cmov, cx8, fxsr, mmx, sse, sse2, sse3, ssse3, sse4.1, sse4.2, popcnt, avx, avx2, aes, clmul, mmxext, 3dnowpref, lzcnt, sse4a, ht, tsc, tscinvbit, tscinv, bmi1, bmi2, adx, sha, fma

Memory: 4k page, system-wide physical 14252M (2862M free)
TotalPageFile size 15752M (AvailPageFile size 5M)
current process WorkingSet (physical memory assigned to process): 224M, peak: 224M
current process commit charge ("private bytes"): 381M, peak: 382M

vm_info: OpenJDK 64-Bit Server VM (11.0.15+0-b2043.56-9505619) for windows-amd64 JRE (11.0.15+0-b2043.56-9505619), built on Jan 19 2023 02:48:00 by "builduser" with unknown MS VC++:1929

END.
